Initialized native services in: /home/user/.gradle/native
Initialized jansi services in: /home/user/.gradle/native
Received JVM installation metadata from '/usr/lib/jvm/java-17-openjdk-arm64': {JAVA_HOME=/usr/lib/jvm/java-17-openjdk-arm64, JAVA_VERSION=17.0.17, JAVA_VENDOR=Ubuntu, RUNTIME_NAME=OpenJDK Runtime Environment, RUNTIME_VERSION=17.0.17+10-Ubuntu-125.10, VM_NAME=OpenJDK 64-Bit Server VM, VM_VERSION=17.0.17+10-Ubuntu-125.10, VM_VENDOR=Ubuntu, OS_ARCH=aarch64}
The client will now receive all logging from the daemon (pid: 11327). The daemon log file: /home/user/.gradle/daemon/8.4/daemon-11327.out.log
Starting 4th build in daemon [uptime: 16 mins 19.041 secs, performance: 99%, GC rate: 0.00/s, heap usage: 0% of 2 GiB]
Using 8 worker leases.
Not watching /home/user/LatLongShareAndroid2Ubuntu since the file system is not supported
Watching the file system is configured to be enabled if available
File system watching is active
Invalidating in-memory cache of /home/user/LatLongShareAndroid2Ubuntu/.gradle/8.4/checksums/md5-checksums.bin
Invalidating in-memory cache of /home/user/LatLongShareAndroid2Ubuntu/.gradle/8.4/checksums/sha1-checksums.bin
Invalidating in-memory cache of /home/user/LatLongShareAndroid2Ubuntu/.gradle/8.4/checksums/sha256-checksums.bin
Invalidating in-memory cache of /home/user/LatLongShareAndroid2Ubuntu/.gradle/8.4/checksums/sha512-checksums.bin
Invalidating in-memory cache of /home/user/LatLongShareAndroid2Ubuntu/.gradle/8.4/fileHashes/fileHashes.bin
Invalidating in-memory cache of /home/user/.gradle/caches/8.4/md-supplier/md-supplier.bin
Invalidating in-memory cache of /home/user/.gradle/caches/8.4/md-rule/md-rule.bin
Invalidating in-memory cache of /home/user/LatLongShareAndroid2Ubuntu/.gradle/8.4/fileHashes/resourceHashesCache.bin
Starting Build
Settings evaluated using settings file '/home/user/LatLongShareAndroid2Ubuntu/settings.gradle'.
Invalidating in-memory cache of /home/user/LatLongShareAndroid2Ubuntu/.gradle/8.4/dependencies-accessors/executionHistory.bin
Projects loaded. Root project using build file '/home/user/LatLongShareAndroid2Ubuntu/build.gradle'.
Included projects: [root project 'LatLongShareAndroid2Ubuntu', project ':app']

> Configure project :
Evaluating root project 'LatLongShareAndroid2Ubuntu' using build file '/home/user/LatLongShareAndroid2Ubuntu/build.gradle'.
Invalidating in-memory cache of /home/user/LatLongShareAndroid2Ubuntu/.gradle/buildOutputCleanup/outputFiles.bin
Downloading https://repo.maven.apache.org/maven2/org/jetbrains/kotlin/kotlin-gradle-plugin/1.9.0/kotlin-gradle-plugin-1.9.0.pom to /home/user/.gradle/.tmp/gradle_download10784498673140957129bin
Downloading https://dl.google.com/dl/android/maven2/com/android/tools/build/gradle/4.2.2/gradle-4.2.2.pom to /home/user/.gradle/.tmp/gradle_download848419315993459924bin
Downloading https://repo.maven.apache.org/maven2/org/jetbrains/kotlin/kotlin-gradle-plugins-bom/1.9.0/kotlin-gradle-plugins-bom-1.9.0.pom to /home/user/.gradle/.tmp/gradle_download14935499652769552985bin
Downloading https://dl.google.com/dl/android/maven2/com/android/tools/build/gradle/4.2.2/gradle-4.2.2.module to /home/user/.gradle/.tmp/gradle_download3299901048031994979bin
Downloading https://repo.maven.apache.org/maven2/org/jetbrains/kotlin/kotlin-gradle-plugins-bom/1.9.0/kotlin-gradle-plugins-bom-1.9.0.module to /home/user/.gradle/.tmp/gradle_download16313781665067718272bin
Downloading https://repo.maven.apache.org/maven2/org/jetbrains/kotlin/kotlin-gradle-plugin/1.9.0/kotlin-gradle-plugin-1.9.0.module to /home/user/.gradle/.tmp/gradle_download129499987143984516bin
Downloading https://dl.google.com/dl/android/maven2/com/android/tools/build/aapt2-proto/4.2.2-7147631/aapt2-proto-4.2.2-7147631.pom to /home/user/.gradle/.tmp/gradle_download16302877843578359204bin
Downloading https://repo.maven.apache.org/maven2/com/google/flatbuffers/flatbuffers-java/1.12.0/flatbuffers-java-1.12.0.pom to /home/user/.gradle/.tmp/gradle_download5997305790088072630bin
Downloading https://repo.maven.apache.org/maven2/org/tensorflow/tensorflow-lite-metadata/0.1.0-rc2/tensorflow-lite-metadata-0.1.0-rc2.pom to /home/user/.gradle/.tmp/gradle_download1313407558006056446bin
Downloading https://dl.google.com/dl/android/maven2/com/android/tools/lint/lint-gradle-api/27.2.2/lint-gradle-api-27.2.2.pom to /home/user/.gradle/.tmp/gradle_download3537592866037799117bin
Downloading https://dl.google.com/dl/android/maven2/com/android/tools/build/aaptcompiler/4.2.2/aaptcompiler-4.2.2.pom to /home/user/.gradle/.tmp/gradle_download6981248195073598859bin
Downloading https://dl.google.com/dl/android/maven2/com/android/tools/analytics-library/crash/27.2.2/crash-27.2.2.pom to /home/user/.gradle/.tmp/gradle_download1471764999985520006bin
Downloading https://repo.maven.apache.org/maven2/org/sonatype/oss/oss-parent/7/oss-parent-7.pom to /home/user/.gradle/.tmp/gradle_download12571114677629224468bin
Downloading https://dl.google.com/dl/android/maven2/com/android/tools/build/aapt2-proto/4.2.2-7147631/aapt2-proto-4.2.2-7147631.module to /home/user/.gradle/.tmp/gradle_download4233474718464367052bin
Downloading https://dl.google.com/dl/android/maven2/com/android/tools/lint/lint-gradle-api/27.2.2/lint-gradle-api-27.2.2.module to /home/user/.gradle/.tmp/gradle_download3203708660248920513bin
Downloading https://dl.google.com/dl/android/maven2/com/android/tools/build/builder/4.2.2/builder-4.2.2.pom to /home/user/.gradle/.tmp/gradle_download9072187396846637401bin
Downloading https://dl.google.com/dl/android/maven2/com/android/tools/build/gradle-api/4.2.2/gradle-api-4.2.2.pom to /home/user/.gradle/.tmp/gradle_download3431989384335123531bin
Downloading https://dl.google.com/dl/android/maven2/com/android/tools/build/aaptcompiler/4.2.2/aaptcompiler-4.2.2.module to /home/user/.gradle/.tmp/gradle_download2228571492055249584bin
Downloading https://dl.google.com/dl/android/maven2/androidx/databinding/databinding-compiler-common/4.2.2/databinding-compiler-common-4.2.2.pom to /home/user/.gradle/.tmp/gradle_download5200331733077486775bin
Downloading https://dl.google.com/dl/android/maven2/com/android/tools/analytics-library/crash/27.2.2/crash-27.2.2.module to /home/user/.gradle/.tmp/gradle_download2835968597596780757bin
Downloading https://repo.maven.apache.org/maven2/org/jetbrains/kotlin/kotlin-stdlib-jdk8/1.4.31/kotlin-stdlib-jdk8-1.4.31.pom to /home/user/.gradle/.tmp/gradle_download3319484274650848562bin
Downloading https://dl.google.com/dl/android/maven2/com/android/tools/build/transform-api/2.0.0-deprecated-use-gradle-api/transform-api-2.0.0-deprecated-use-gradle-api.pom to /home/user/.gradle/.tmp/gradle_download13467441432154932645bin
Downloading https://repo.maven.apache.org/maven2/org/ow2/asm/asm/7.0/asm-7.0.pom to /home/user/.gradle/.tmp/gradle_download5055132289453891717bin
Downloading https://dl.google.com/dl/android/maven2/com/android/tools/build/builder/4.2.2/builder-4.2.2.module to /home/user/.gradle/.tmp/gradle_download7263348158388662173bin
Downloading https://dl.google.com/dl/android/maven2/com/android/tools/build/gradle-api/4.2.2/gradle-api-4.2.2.module to /home/user/.gradle/.tmp/gradle_download5566082778559824578bin
Downloading https://repo.maven.apache.org/maven2/org/ow2/asm/asm-analysis/7.0/asm-analysis-7.0.pom to /home/user/.gradle/.tmp/gradle_download7128531923983478300bin
Downloading https://repo.maven.apache.org/maven2/org/ow2/asm/asm-commons/7.0/asm-commons-7.0.pom to /home/user/.gradle/.tmp/gradle_download5453576943021590994bin
Downloading https://repo.maven.apache.org/maven2/org/ow2/ow2/1.5/ow2-1.5.pom to /home/user/.gradle/.tmp/gradle_download9782631378577680045bin
Downloading https://dl.google.com/dl/android/maven2/androidx/databinding/databinding-compiler-common/4.2.2/databinding-compiler-common-4.2.2.module to /home/user/.gradle/.tmp/gradle_download17933582191227188478bin
Downloading https://repo.maven.apache.org/maven2/net/sf/proguard/proguard-gradle/6.0.3/proguard-gradle-6.0.3.pom to /home/user/.gradle/.tmp/gradle_download18277049823865118670bin
Downloading https://dl.google.com/dl/android/maven2/com/android/tools/build/bundletool/1.1.0/bundletool-1.1.0.pom to /home/user/.gradle/.tmp/gradle_download8832948557036144746bin
Downloading https://repo.maven.apache.org/maven2/net/sf/jopt-simple/jopt-simple/4.9/jopt-simple-4.9.pom to /home/user/.gradle/.tmp/gradle_download6641839242201148284bin
Downloading https://repo.maven.apache.org/maven2/org/ow2/asm/asm-util/7.0/asm-util-7.0.pom to /home/user/.gradle/.tmp/gradle_download3026473951810629242bin
Downloading https://repo.maven.apache.org/maven2/net/sf/proguard/proguard-parent/6.0.3/proguard-parent-6.0.3.pom to /home/user/.gradle/.tmp/gradle_download14992667710879637454bin
Downloading https://dl.google.com/dl/android/maven2/com/android/tools/build/jetifier/jetifier-core/1.0.0-beta09/jetifier-core-1.0.0-beta09.pom to /home/user/.gradle/.tmp/gradle_download2679673224277630590bin
Downloading https://dl.google.com/dl/android/maven2/com/android/tools/build/jetifier/jetifier-processor/1.0.0-beta09/jetifier-processor-1.0.0-beta09.pom to /home/user/.gradle/.tmp/gradle_download10724449330092844739bin
Downloading https://repo.maven.apache.org/maven2/com/squareup/javapoet/1.10.0/javapoet-1.10.0.pom to /home/user/.gradle/.tmp/gradle_download7964863243859366320bin
Downloading https://repo.maven.apache.org/maven2/com/google/protobuf/protobuf-java/3.10.0/protobuf-java-3.10.0.pom to /home/user/.gradle/.tmp/gradle_download16806495599858089978bin
Downloading https://repo.maven.apache.org/maven2/com/google/crypto/tink/tink/1.3.0-rc2/tink-1.3.0-rc2.pom to /home/user/.gradle/.tmp/gradle_download11296389212289652599bin
Downloading https://dl.google.com/dl/android/maven2/com/google/testing/platform/core-proto/0.0.8-alpha01/core-proto-0.0.8-alpha01.pom to /home/user/.gradle/.tmp/gradle_download13724088565225859321bin
Downloading https://repo.maven.apache.org/maven2/com/google/protobuf/protobuf-java-util/3.10.0/protobuf-java-util-3.10.0.pom to /home/user/.gradle/.tmp/gradle_download10107220440724141659bin
Downloading https://repo.maven.apache.org/maven2/com/google/protobuf/protobuf-parent/3.10.0/protobuf-parent-3.10.0.pom to /home/user/.gradle/.tmp/gradle_download10122949517829046564bin
Downloading https://repo.maven.apache.org/maven2/com/google/protobuf/protobuf-bom/3.10.0/protobuf-bom-3.10.0.pom to /home/user/.gradle/.tmp/gradle_download13542056710739362309bin
Downloading https://repo.maven.apache.org/maven2/org/jetbrains/kotlin/kotlin-gradle-plugin-model/1.9.0/kotlin-gradle-plugin-model-1.9.0.pom to /home/user/.gradle/.tmp/gradle_download12359019304093850890bin
Downloading https://repo.maven.apache.org/maven2/org/jetbrains/kotlin/kotlin-tooling-core/1.9.0/kotlin-tooling-core-1.9.0.pom to /home/user/.gradle/.tmp/gradle_download14773731988877052958bin
Downloading https://repo.maven.apache.org/maven2/org/jetbrains/kotlin/kotlin-gradle-plugin-idea/1.9.0/kotlin-gradle-plugin-idea-1.9.0.pom to /home/user/.gradle/.tmp/gradle_download14574828459539296417bin
Downloading https://repo.maven.apache.org/maven2/org/jetbrains/kotlin/kotlin-gradle-plugin-api/1.9.0/kotlin-gradle-plugin-api-1.9.0.pom to /home/user/.gradle/.tmp/gradle_download14026226695255776233bin
Downloading https://repo.maven.apache.org/maven2/org/jetbrains/kotlin/kotlin-util-klib/1.9.0/kotlin-util-klib-1.9.0.pom to /home/user/.gradle/.tmp/gradle_download15103724023552435019bin
Downloading https://repo.maven.apache.org/maven2/org/jetbrains/kotlin/kotlin-klib-commonizer-api/1.9.0/kotlin-klib-commonizer-api-1.9.0.pom to /home/user/.gradle/.tmp/gradle_download8853318835855018626bin
Downloading https://repo.maven.apache.org/maven2/org/jetbrains/kotlin/kotlin-gradle-plugin-idea-proto/1.9.0/kotlin-gradle-plugin-idea-proto-1.9.0.pom to /home/user/.gradle/.tmp/gradle_download3999159940184369026bin
Downloading https://repo.maven.apache.org/maven2/org/jetbrains/kotlin/kotlin-gradle-plugin-model/1.9.0/kotlin-gradle-plugin-model-1.9.0.module to /home/user/.gradle/.tmp/gradle_download5126653389574059165bin
Downloading https://repo.maven.apache.org/maven2/org/jetbrains/kotlin/kotlin-gradle-plugin-idea/1.9.0/kotlin-gradle-plugin-idea-1.9.0.module to /home/user/.gradle/.tmp/gradle_download9304215581849996743bin
Downloading https://repo.maven.apache.org/maven2/org/jetbrains/kotlin/kotlin-project-model/1.9.0/kotlin-project-model-1.9.0.pom to /home/user/.gradle/.tmp/gradle_download8658118133278857922bin
Downloading https://repo.maven.apache.org/maven2/org/jetbrains/kotlin/kotlin-gradle-plugin-api/1.9.0/kotlin-gradle-plugin-api-1.9.0.module to /home/user/.gradle/.tmp/gradle_download9346857559188787500bin
Downloading https://repo.maven.apache.org/maven2/org/jetbrains/kotlin/kotlin-build-tools-api/1.9.0/kotlin-build-tools-api-1.9.0.pom to /home/user/.gradle/.tmp/gradle_download751723277546831937bin
Downloading https://repo.maven.apache.org/maven2/org/jetbrains/kotlin/kotlin-compiler-embeddable/1.9.0/kotlin-compiler-embeddable-1.9.0.pom to /home/user/.gradle/.tmp/gradle_download8069206605982678928bin
Downloading https://repo.maven.apache.org/maven2/org/jetbrains/kotlin/kotlin-scripting-compiler-embeddable/1.9.0/kotlin-scripting-compiler-embeddable-1.9.0.pom to /home/user/.gradle/.tmp/gradle_download8370022989046787311bin
Downloading https://repo.maven.apache.org/maven2/org/jetbrains/kotlin/kotlin-android-extensions/1.9.0/kotlin-android-extensions-1.9.0.pom to /home/user/.gradle/.tmp/gradle_download441817244730688392bin
Downloading https://repo.maven.apache.org/maven2/org/jetbrains/kotlin/kotlin-compiler-runner/1.9.0/kotlin-compiler-runner-1.9.0.pom to /home/user/.gradle/.tmp/gradle_download14600135028137342417bin
Downloading https://repo.maven.apache.org/maven2/org/jetbrains/kotlin/kotlin-scripting-compiler-impl-embeddable/1.9.0/kotlin-scripting-compiler-impl-embeddable-1.9.0.pom to /home/user/.gradle/.tmp/gradle_download11680794353034342046bin
Downloading https://repo.maven.apache.org/maven2/org/checkerframework/checker-qual/2.5.8/checker-qual-2.5.8.pom to /home/user/.gradle/.tmp/gradle_download2285814371465182203bin
Downloading https://dl.google.com/dl/android/maven2/com/android/tools/build/builder-test-api/4.2.2/builder-test-api-4.2.2.pom to /home/user/.gradle/.tmp/gradle_download9267657158385714965bin
Downloading https://dl.google.com/dl/android/maven2/com/android/tools/ddms/ddmlib/27.2.2/ddmlib-27.2.2.pom to /home/user/.gradle/.tmp/gradle_download9094834161309477085bin
Downloading https://dl.google.com/dl/android/maven2/com/android/zipflinger/4.2.2/zipflinger-4.2.2.pom to /home/user/.gradle/.tmp/gradle_download7007867333428431808bin
Downloading https://dl.google.com/dl/android/maven2/com/android/tools/sdk-common/27.2.2/sdk-common-27.2.2.pom to /home/user/.gradle/.tmp/gradle_download13846487031738914175bin
Downloading https://dl.google.com/dl/android/maven2/com/android/tools/build/builder-model/4.2.2/builder-model-4.2.2.pom to /home/user/.gradle/.tmp/gradle_download10061799720568794673bin
Downloading https://dl.google.com/dl/android/maven2/com/android/tools/build/manifest-merger/27.2.2/manifest-merger-27.2.2.pom to /home/user/.gradle/.tmp/gradle_download13369959165432287076bin
Downloading https://dl.google.com/dl/android/maven2/com/android/tools/common/27.2.2/common-27.2.2.pom to /home/user/.gradle/.tmp/gradle_download7518747337804628222bin
Downloading https://dl.google.com/dl/android/maven2/com/android/tools/sdklib/27.2.2/sdklib-27.2.2.pom to /home/user/.gradle/.tmp/gradle_download1547659020693465722bin
Downloading https://dl.google.com/dl/android/maven2/com/android/tools/build/builder-test-api/4.2.2/builder-test-api-4.2.2.module to /home/user/.gradle/.tmp/gradle_download11620102172238122737bin
Downloading https://dl.google.com/dl/android/maven2/com/android/tools/ddms/ddmlib/27.2.2/ddmlib-27.2.2.module to /home/user/.gradle/.tmp/gradle_download4842098321585908979bin
Downloading https://dl.google.com/dl/android/maven2/com/android/tools/sdk-common/27.2.2/sdk-common-27.2.2.module to /home/user/.gradle/.tmp/gradle_download3359323447076015372bin
Downloading https://dl.google.com/dl/android/maven2/com/android/tools/build/builder-model/4.2.2/builder-model-4.2.2.module to /home/user/.gradle/.tmp/gradle_download661401128760884318bin
Downloading https://dl.google.com/dl/android/maven2/com/android/zipflinger/4.2.2/zipflinger-4.2.2.module to /home/user/.gradle/.tmp/gradle_download6498833676465426291bin
Downloading https://dl.google.com/dl/android/maven2/com/android/tools/build/manifest-merger/27.2.2/manifest-merger-27.2.2.module to /home/user/.gradle/.tmp/gradle_download10087071283327084694bin
Downloading https://dl.google.com/dl/android/maven2/com/android/tools/common/27.2.2/common-27.2.2.module to /home/user/.gradle/.tmp/gradle_download11675651524887393391bin
Downloading https://dl.google.com/dl/android/maven2/com/android/tools/sdklib/27.2.2/sdklib-27.2.2.module to /home/user/.gradle/.tmp/gradle_download4832514391272436174bin
Downloading https://dl.google.com/dl/android/maven2/com/android/signflinger/4.2.2/signflinger-4.2.2.pom to /home/user/.gradle/.tmp/gradle_download8339914245058860038bin
Downloading https://dl.google.com/dl/android/maven2/com/android/tools/analytics-library/protos/27.2.2/protos-27.2.2.pom to /home/user/.gradle/.tmp/gradle_download8270014238182408145bin
Downloading https://repo.maven.apache.org/maven2/com/squareup/javawriter/2.5.0/javawriter-2.5.0.pom to /home/user/.gradle/.tmp/gradle_download8334855508355175986bin
Downloading https://dl.google.com/dl/android/maven2/com/android/tools/build/apkzlib/4.2.2/apkzlib-4.2.2.pom to /home/user/.gradle/.tmp/gradle_download400487528522288746bin
Downloading https://dl.google.com/dl/android/maven2/com/android/tools/analytics-library/tracker/27.2.2/tracker-27.2.2.pom to /home/user/.gradle/.tmp/gradle_download14875232162008882445bin
Downloading https://repo.maven.apache.org/maven2/org/bouncycastle/bcprov-jdk15on/1.56/bcprov-jdk15on-1.56.pom to /home/user/.gradle/.tmp/gradle_download7682968002072858018bin
Downloading https://dl.google.com/dl/android/maven2/com/android/tools/build/apksig/4.2.2/apksig-4.2.2.pom to /home/user/.gradle/.tmp/gradle_download4751627056591063705bin
Downloading https://repo.maven.apache.org/maven2/org/bouncycastle/bcpkix-jdk15on/1.56/bcpkix-jdk15on-1.56.pom to /home/user/.gradle/.tmp/gradle_download18072322479578100966bin
Downloading https://dl.google.com/dl/android/maven2/com/android/tools/analytics-library/protos/27.2.2/protos-27.2.2.module to /home/user/.gradle/.tmp/gradle_download12910600140833495593bin
Downloading https://dl.google.com/dl/android/maven2/com/android/signflinger/4.2.2/signflinger-4.2.2.module to /home/user/.gradle/.tmp/gradle_download5373072894607983042bin
Downloading https://repo.maven.apache.org/maven2/org/ow2/asm/asm-tree/7.0/asm-tree-7.0.pom to /home/user/.gradle/.tmp/gradle_download10947689568023211963bin
Downloading https://dl.google.com/dl/android/maven2/com/android/tools/build/apkzlib/4.2.2/apkzlib-4.2.2.module to /home/user/.gradle/.tmp/gradle_download94283896104093287bin
Downloading https://dl.google.com/dl/android/maven2/com/android/tools/analytics-library/tracker/27.2.2/tracker-27.2.2.module to /home/user/.gradle/.tmp/gradle_download1184507777785174413bin
Downloading https://repo.maven.apache.org/maven2/javax/inject/javax.inject/1/javax.inject-1.pom to /home/user/.gradle/.tmp/gradle_download2103154339961099141bin
Downloading https://repo.maven.apache.org/maven2/it/unimi/dsi/fastutil/8.4.0/fastutil-8.4.0.pom to /home/user/.gradle/.tmp/gradle_download5263889392896857415bin
Downloading https://dl.google.com/dl/android/maven2/com/android/tools/build/apksig/4.2.2/apksig-4.2.2.module to /home/user/.gradle/.tmp/gradle_download12939643147528251782bin
Downloading https://repo.maven.apache.org/maven2/com/googlecode/json-simple/json-simple/1.1/json-simple-1.1.pom to /home/user/.gradle/.tmp/gradle_download6723159934402036395bin
Downloading https://repo.maven.apache.org/maven2/com/google/guava/guava/28.1-jre/guava-28.1-jre.pom to /home/user/.gradle/.tmp/gradle_download10081850075229451567bin
Downloading https://dl.google.com/dl/android/maven2/com/android/tools/layoutlib/layoutlib-api/27.2.2/layoutlib-api-27.2.2.pom to /home/user/.gradle/.tmp/gradle_download2919660128030275534bin
Downloading https://repo.maven.apache.org/maven2/com/google/guava/guava-parent/28.1-jre/guava-parent-28.1-jre.pom to /home/user/.gradle/.tmp/gradle_download11615122991901650903bin
Downloading https://dl.google.com/dl/android/maven2/com/android/tools/layoutlib/layoutlib-api/27.2.2/layoutlib-api-27.2.2.module to /home/user/.gradle/.tmp/gradle_download16024741694187738016bin
Downloading https://repo.maven.apache.org/maven2/org/apache/httpcomponents/httpmime/4.5.6/httpmime-4.5.6.pom to /home/user/.gradle/.tmp/gradle_download13946808770138345926bin
Downloading https://repo.maven.apache.org/maven2/org/apache/httpcomponents/httpcore/4.4.10/httpcore-4.4.10.pom to /home/user/.gradle/.tmp/gradle_download2303971845037209696bin
Downloading https://repo.maven.apache.org/maven2/org/apache/httpcomponents/httpclient/4.5.6/httpclient-4.5.6.pom to /home/user/.gradle/.tmp/gradle_download10711910593729405383bin
Downloading https://dl.google.com/dl/android/maven2/com/android/tools/annotations/27.2.2/annotations-27.2.2.pom to /home/user/.gradle/.tmp/gradle_download5170706002382511067bin
Downloading https://repo.maven.apache.org/maven2/org/apache/httpcomponents/httpcomponents-core/4.4.10/httpcomponents-core-4.4.10.pom to /home/user/.gradle/.tmp/gradle_download1764453473426033971bin
Downloading https://repo.maven.apache.org/maven2/org/apache/httpcomponents/httpcomponents-client/4.5.6/httpcomponents-client-4.5.6.pom to /home/user/.gradle/.tmp/gradle_download9595222164070416349bin
Downloading https://repo.maven.apache.org/maven2/org/apache/httpcomponents/httpcomponents-parent/10/httpcomponents-parent-10.pom to /home/user/.gradle/.tmp/gradle_download15192562500025360386bin
Downloading https://dl.google.com/dl/android/maven2/com/android/tools/annotations/27.2.2/annotations-27.2.2.module to /home/user/.gradle/.tmp/gradle_download5317165534135143486bin
Downloading https://repo.maven.apache.org/maven2/org/apache/apache/18/apache-18.pom to /home/user/.gradle/.tmp/gradle_download5875943808016752286bin
Downloading https://repo.maven.apache.org/maven2/org/jetbrains/kotlin/kotlin-reflect/1.4.31/kotlin-reflect-1.4.31.pom to /home/user/.gradle/.tmp/gradle_download3232900385763848697bin
Downloading https://dl.google.com/dl/android/maven2/com/android/tools/lint/lint-model/27.2.2/lint-model-27.2.2.pom to /home/user/.gradle/.tmp/gradle_download16965657993571748599bin
Downloading https://dl.google.com/dl/android/maven2/com/android/tools/lint/lint-model/27.2.2/lint-model-27.2.2.module to /home/user/.gradle/.tmp/gradle_download4835884687753948808bin
Downloading https://repo.maven.apache.org/maven2/org/glassfish/jaxb/jaxb-runtime/2.3.2/jaxb-runtime-2.3.2.pom to /home/user/.gradle/.tmp/gradle_download17689121383578088385bin
Downloading https://repo.maven.apache.org/maven2/com/google/code/gson/gson/2.8.6/gson-2.8.6.pom to /home/user/.gradle/.tmp/gradle_download17663836213392339339bin
Downloading https://repo.maven.apache.org/maven2/commons-io/commons-io/2.4/commons-io-2.4.pom to /home/user/.gradle/.tmp/gradle_download14459995764994768681bin
Downloading https://repo.maven.apache.org/maven2/com/googlecode/juniversalchardet/juniversalchardet/1.0.3/juniversalchardet-1.0.3.pom to /home/user/.gradle/.tmp/gradle_download12897589370809737235bin
Downloading https://repo.maven.apache.org/maven2/org/antlr/antlr4/4.5.3/antlr4-4.5.3.pom to /home/user/.gradle/.tmp/gradle_download8366742159217262451bin
Downloading https://dl.google.com/dl/android/maven2/androidx/databinding/databinding-common/4.2.2/databinding-common-4.2.2.pom to /home/user/.gradle/.tmp/gradle_download3663946609264768588bin
Downloading https://dl.google.com/dl/android/maven2/com/android/databinding/baseLibrary/4.2.2/baseLibrary-4.2.2.pom to /home/user/.gradle/.tmp/gradle_download14925529998192036144bin
Downloading https://repo.maven.apache.org/maven2/com/sun/xml/bind/mvn/jaxb-runtime-parent/2.3.2/jaxb-runtime-parent-2.3.2.pom to /home/user/.gradle/.tmp/gradle_download10734465659728216909bin
Downloading https://repo.maven.apache.org/maven2/com/google/code/gson/gson-parent/2.8.6/gson-parent-2.8.6.pom to /home/user/.gradle/.tmp/gradle_download273750777157918974bin
Downloading https://repo.maven.apache.org/maven2/org/apache/commons/commons-parent/25/commons-parent-25.pom to /home/user/.gradle/.tmp/gradle_download16859375701073983211bin
Downloading https://repo.maven.apache.org/maven2/org/antlr/antlr4-master/4.5.3/antlr4-master-4.5.3.pom to /home/user/.gradle/.tmp/gradle_download10537460814644792824bin
Downloading https://dl.google.com/dl/android/maven2/com/android/databinding/baseLibrary/4.2.2/baseLibrary-4.2.2.module to /home/user/.gradle/.tmp/gradle_download4754498305730778421bin
Downloading https://dl.google.com/dl/android/maven2/androidx/databinding/databinding-common/4.2.2/databinding-common-4.2.2.module to /home/user/.gradle/.tmp/gradle_download15942793836759146237bin
Downloading https://repo.maven.apache.org/maven2/com/sun/xml/bind/mvn/jaxb-parent/2.3.2/jaxb-parent-2.3.2.pom to /home/user/.gradle/.tmp/gradle_download15238395416557838482bin
Downloading https://repo.maven.apache.org/maven2/org/apache/apache/9/apache-9.pom to /home/user/.gradle/.tmp/gradle_download5700444857411295776bin
Downloading https://repo.maven.apache.org/maven2/org/sonatype/oss/oss-parent/9/oss-parent-9.pom to /home/user/.gradle/.tmp/gradle_download14584667777945848494bin
Downloading https://repo.maven.apache.org/maven2/com/sun/xml/bind/jaxb-bom-ext/2.3.2/jaxb-bom-ext-2.3.2.pom to /home/user/.gradle/.tmp/gradle_download3254519715129907272bin
Downloading https://repo.maven.apache.org/maven2/org/glassfish/jaxb/jaxb-bom/2.3.2/jaxb-bom-2.3.2.pom to /home/user/.gradle/.tmp/gradle_download4644269440273349167bin
Downloading https://repo.maven.apache.org/maven2/org/eclipse/ee4j/project/1.0.5/project-1.0.5.pom to /home/user/.gradle/.tmp/gradle_download6475132829905968337bin
Downloading https://repo.maven.apache.org/maven2/org/jetbrains/kotlin/kotlin-stdlib-jdk7/1.4.31/kotlin-stdlib-jdk7-1.4.31.pom to /home/user/.gradle/.tmp/gradle_download9968020963089804931bin
Downloading https://repo.maven.apache.org/maven2/org/jetbrains/kotlin/kotlin-stdlib/1.4.31/kotlin-stdlib-1.4.31.pom to /home/user/.gradle/.tmp/gradle_download13019224983904668758bin
Downloading https://repo.maven.apache.org/maven2/net/sf/proguard/proguard-base/6.0.3/proguard-base-6.0.3.pom to /home/user/.gradle/.tmp/gradle_download11097526610489955874bin
Downloading https://repo.maven.apache.org/maven2/com/google/errorprone/error_prone_annotations/2.3.1/error_prone_annotations-2.3.1.pom to /home/user/.gradle/.tmp/gradle_download9365886386142537622bin
Downloading https://repo.maven.apache.org/maven2/com/google/dagger/dagger/2.28.3/dagger-2.28.3.pom to /home/user/.gradle/.tmp/gradle_download12598865727171188553bin
Downloading https://repo.maven.apache.org/maven2/com/google/auto/value/auto-value-annotations/1.6.2/auto-value-annotations-1.6.2.pom to /home/user/.gradle/.tmp/gradle_download4323215381123534612bin
Downloading https://repo.maven.apache.org/maven2/com/google/errorprone/error_prone_parent/2.3.1/error_prone_parent-2.3.1.pom to /home/user/.gradle/.tmp/gradle_download5632899376511232138bin
Downloading https://repo.maven.apache.org/maven2/com/google/auto/value/auto-value-parent/1.6.2/auto-value-parent-1.6.2.pom to /home/user/.gradle/.tmp/gradle_download1714700879863152262bin
Downloading https://repo.maven.apache.org/maven2/com/google/auto/auto-parent/6/auto-parent-6.pom to /home/user/.gradle/.tmp/gradle_download16532396454337903559bin
Downloading https://repo.maven.apache.org/maven2/org/jdom/jdom2/2.0.6/jdom2-2.0.6.pom to /home/user/.gradle/.tmp/gradle_download14411278533061953873bin
Downloading https://repo.maven.apache.org/maven2/com/google/errorprone/error_prone_annotations/2.3.2/error_prone_annotations-2.3.2.pom to /home/user/.gradle/.tmp/gradle_download4307478575098160751bin
Downloading https://repo.maven.apache.org/maven2/com/google/errorprone/error_prone_parent/2.3.2/error_prone_parent-2.3.2.pom to /home/user/.gradle/.tmp/gradle_download5501592665507516627bin
Downloading https://repo.maven.apache.org/maven2/org/json/json/20180813/json-20180813.pom to /home/user/.gradle/.tmp/gradle_download13812583150293412113bin
Downloading https://repo.maven.apache.org/maven2/org/jetbrains/kotlin/kotlin-gradle-plugin-annotations/1.9.0/kotlin-gradle-plugin-annotations-1.9.0.pom to /home/user/.gradle/.tmp/gradle_download10298426640927259959bin
Downloading https://repo.maven.apache.org/maven2/org/jetbrains/kotlin/kotlin-native-utils/1.9.0/kotlin-native-utils-1.9.0.pom to /home/user/.gradle/.tmp/gradle_download10163854067575739024bin
Downloading https://repo.maven.apache.org/maven2/org/jetbrains/kotlin/kotlin-util-io/1.9.0/kotlin-util-io-1.9.0.pom to /home/user/.gradle/.tmp/gradle_download4086047892212862259bin
Downloading https://repo.maven.apache.org/maven2/org/jetbrains/intellij/deps/trove4j/1.0.20200330/trove4j-1.0.20200330.pom to /home/user/.gradle/.tmp/gradle_download14867152860570724454bin
Downloading https://repo.maven.apache.org/maven2/org/jetbrains/kotlin/kotlin-daemon-embeddable/1.9.0/kotlin-daemon-embeddable-1.9.0.pom to /home/user/.gradle/.tmp/gradle_download11788654467507932276bin
Downloading https://repo.maven.apache.org/maven2/org/jetbrains/kotlinx/kotlinx-coroutines-core-jvm/1.5.0/kotlinx-coroutines-core-jvm-1.5.0.pom to /home/user/.gradle/.tmp/gradle_download4106272583416364364bin
Downloading https://repo.maven.apache.org/maven2/org/jetbrains/kotlin/kotlin-daemon-client/1.9.0/kotlin-daemon-client-1.9.0.pom to /home/user/.gradle/.tmp/gradle_download4121716686102290410bin
Downloading https://repo.maven.apache.org/maven2/org/jetbrains/kotlinx/kotlinx-coroutines-core-jvm/1.5.0/kotlinx-coroutines-core-jvm-1.5.0.module to /home/user/.gradle/.tmp/gradle_download6850439083844690472bin
Downloading https://repo.maven.apache.org/maven2/org/jetbrains/kotlin/kotlin-scripting-common/1.9.0/kotlin-scripting-common-1.9.0.pom to /home/user/.gradle/.tmp/gradle_download11342743874051228146bin
Downloading https://repo.maven.apache.org/maven2/org/jetbrains/kotlin/kotlin-scripting-jvm/1.9.0/kotlin-scripting-jvm-1.9.0.pom to /home/user/.gradle/.tmp/gradle_download1148391881350918368bin
Downloading https://repo.maven.apache.org/maven2/org/apache/commons/commons-compress/1.12/commons-compress-1.12.pom to /home/user/.gradle/.tmp/gradle_download7783092119984300802bin
Downloading https://dl.google.com/dl/android/maven2/com/android/tools/repository/27.2.2/repository-27.2.2.pom to /home/user/.gradle/.tmp/gradle_download14887636818217051168bin
Downloading https://dl.google.com/dl/android/maven2/com/android/tools/dvlib/27.2.2/dvlib-27.2.2.pom to /home/user/.gradle/.tmp/gradle_download11103268761150039518bin
Downloading https://repo.maven.apache.org/maven2/org/apache/commons/commons-parent/39/commons-parent-39.pom to /home/user/.gradle/.tmp/gradle_download803051275818407470bin
Downloading https://dl.google.com/dl/android/maven2/com/android/tools/dvlib/27.2.2/dvlib-27.2.2.module to /home/user/.gradle/.tmp/gradle_download14084215915808228701bin
Downloading https://repo.maven.apache.org/maven2/org/apache/apache/16/apache-16.pom to /home/user/.gradle/.tmp/gradle_download4361026733505861711bin
Downloading https://dl.google.com/dl/android/maven2/com/android/tools/repository/27.2.2/repository-27.2.2.module to /home/user/.gradle/.tmp/gradle_download3088105373691912387bin
Downloading https://repo.maven.apache.org/maven2/xerces/xercesImpl/2.12.0/xercesImpl-2.12.0.pom to /home/user/.gradle/.tmp/gradle_download10264055763863362973bin
Downloading https://dl.google.com/dl/android/maven2/com/android/tools/analytics-library/shared/27.2.2/shared-27.2.2.pom to /home/user/.gradle/.tmp/gradle_download18441903510511332147bin
Downloading https://dl.google.com/dl/android/maven2/com/android/tools/analytics-library/shared/27.2.2/shared-27.2.2.module to /home/user/.gradle/.tmp/gradle_download9524972358763574056bin
Downloading https://repo.maven.apache.org/maven2/net/sf/kxml/kxml2/2.3.0/kxml2-2.3.0.pom to /home/user/.gradle/.tmp/gradle_download14877658001587057376bin
Downloading https://repo.maven.apache.org/maven2/com/google/code/findbugs/jsr305/1.3.9/jsr305-1.3.9.pom to /home/user/.gradle/.tmp/gradle_download12311735744969515015bin
Downloading https://repo.maven.apache.org/maven2/org/jetbrains/annotations/13.0/annotations-13.0.pom to /home/user/.gradle/.tmp/gradle_download4549025800521542423bin
Downloading https://repo.maven.apache.org/maven2/com/google/code/findbugs/jsr305/3.0.2/jsr305-3.0.2.pom to /home/user/.gradle/.tmp/gradle_download4027961099712549212bin
Downloading https://repo.maven.apache.org/maven2/org/checkerframework/checker-qual/2.8.1/checker-qual-2.8.1.pom to /home/user/.gradle/.tmp/gradle_download14448352756459061631bin
Downloading https://repo.maven.apache.org/maven2/com/google/guava/listenablefuture/9999.0-empty-to-avoid-conflict-with-guava/listenablefuture-9999.0-empty-to-avoid-conflict-with-guava.pom to /home/user/.gradle/.tmp/gradle_download10369232155978835576bin
Downloading https://repo.maven.apache.org/maven2/org/codehaus/mojo/animal-sniffer-annotations/1.18/animal-sniffer-annotations-1.18.pom to /home/user/.gradle/.tmp/gradle_download1167963954114169892bin
Downloading https://repo.maven.apache.org/maven2/com/google/guava/failureaccess/1.0.1/failureaccess-1.0.1.pom to /home/user/.gradle/.tmp/gradle_download5726564997518921695bin
Downloading https://repo.maven.apache.org/maven2/com/google/j2objc/j2objc-annotations/1.3/j2objc-annotations-1.3.pom to /home/user/.gradle/.tmp/gradle_download12822338523644218199bin
Downloading https://repo.maven.apache.org/maven2/org/codehaus/mojo/animal-sniffer-parent/1.18/animal-sniffer-parent-1.18.pom to /home/user/.gradle/.tmp/gradle_download1058097654292800969bin
Downloading https://repo.maven.apache.org/maven2/com/google/guava/guava-parent/26.0-android/guava-parent-26.0-android.pom to /home/user/.gradle/.tmp/gradle_download7161041175833453853bin
Downloading https://repo.maven.apache.org/maven2/org/codehaus/mojo/mojo-parent/50/mojo-parent-50.pom to /home/user/.gradle/.tmp/gradle_download599523168857409460bin
Downloading https://repo.maven.apache.org/maven2/commons-codec/commons-codec/1.10/commons-codec-1.10.pom to /home/user/.gradle/.tmp/gradle_download1683240917087472284bin
Downloading https://repo.maven.apache.org/maven2/commons-logging/commons-logging/1.2/commons-logging-1.2.pom to /home/user/.gradle/.tmp/gradle_download3337120077841678604bin
Downloading https://repo.maven.apache.org/maven2/org/apache/commons/commons-parent/35/commons-parent-35.pom to /home/user/.gradle/.tmp/gradle_download15831199477007328509bin
Downloading https://repo.maven.apache.org/maven2/org/apache/commons/commons-parent/34/commons-parent-34.pom to /home/user/.gradle/.tmp/gradle_download15121164108902685255bin
Downloading https://repo.maven.apache.org/maven2/org/apache/apache/15/apache-15.pom to /home/user/.gradle/.tmp/gradle_download18304243501535382922bin
Downloading https://repo.maven.apache.org/maven2/org/apache/apache/13/apache-13.pom to /home/user/.gradle/.tmp/gradle_download12755005734818190044bin
Downloading https://repo.maven.apache.org/maven2/org/jvnet/staxex/stax-ex/1.8.1/stax-ex-1.8.1.pom to /home/user/.gradle/.tmp/gradle_download8626887950507250596bin
Downloading https://repo.maven.apache.org/maven2/com/sun/istack/istack-commons-runtime/3.0.8/istack-commons-runtime-3.0.8.pom to /home/user/.gradle/.tmp/gradle_download11742082690173665495bin
Downloading https://repo.maven.apache.org/maven2/jakarta/activation/jakarta.activation-api/1.2.1/jakarta.activation-api-1.2.1.pom to /home/user/.gradle/.tmp/gradle_download9075961427471934473bin
Downloading https://repo.maven.apache.org/maven2/jakarta/xml/bind/jakarta.xml.bind-api/2.3.2/jakarta.xml.bind-api-2.3.2.pom to /home/user/.gradle/.tmp/gradle_download1568562632076783658bin
Downloading https://repo.maven.apache.org/maven2/com/sun/xml/fastinfoset/FastInfoset/1.2.16/FastInfoset-1.2.16.pom to /home/user/.gradle/.tmp/gradle_download965749796361835944bin
Downloading https://repo.maven.apache.org/maven2/org/glassfish/jaxb/txw2/2.3.2/txw2-2.3.2.pom to /home/user/.gradle/.tmp/gradle_download17551130068290520144bin
Downloading https://repo.maven.apache.org/maven2/com/sun/xml/bind/mvn/jaxb-txw-parent/2.3.2/jaxb-txw-parent-2.3.2.pom to /home/user/.gradle/.tmp/gradle_download7534612164667610298bin
Downloading https://repo.maven.apache.org/maven2/jakarta/xml/bind/jakarta.xml.bind-api-parent/2.3.2/jakarta.xml.bind-api-parent-2.3.2.pom to /home/user/.gradle/.tmp/gradle_download16126677358755328946bin
Downloading https://repo.maven.apache.org/maven2/com/sun/istack/istack-commons/3.0.8/istack-commons-3.0.8.pom to /home/user/.gradle/.tmp/gradle_download12154291854108992401bin
Downloading https://repo.maven.apache.org/maven2/com/sun/xml/fastinfoset/fastinfoset-project/1.2.16/fastinfoset-project-1.2.16.pom to /home/user/.gradle/.tmp/gradle_download11582242510124008088bin
Downloading https://repo.maven.apache.org/maven2/com/sun/activation/all/1.2.1/all-1.2.1.pom to /home/user/.gradle/.tmp/gradle_download4402632056272194720bin
Downloading https://repo.maven.apache.org/maven2/org/eclipse/ee4j/project/1.0.2/project-1.0.2.pom to /home/user/.gradle/.tmp/gradle_download7280207331724714762bin
Downloading https://repo.maven.apache.org/maven2/org/jetbrains/kotlin/kotlin-stdlib-common/1.4.31/kotlin-stdlib-common-1.4.31.pom to /home/user/.gradle/.tmp/gradle_download4309149064555570815bin
Downloading https://repo.maven.apache.org/maven2/com/google/jimfs/jimfs/1.1/jimfs-1.1.pom to /home/user/.gradle/.tmp/gradle_download8945026902038231212bin
Downloading https://repo.maven.apache.org/maven2/com/sun/activation/javax.activation/1.2.0/javax.activation-1.2.0.pom to /home/user/.gradle/.tmp/gradle_download7859971758889480262bin
Downloading https://repo.maven.apache.org/maven2/com/google/jimfs/jimfs-parent/1.1/jimfs-parent-1.1.pom to /home/user/.gradle/.tmp/gradle_download17539664311604076740bin
Downloading https://repo.maven.apache.org/maven2/com/sun/activation/all/1.2.0/all-1.2.0.pom to /home/user/.gradle/.tmp/gradle_download5155090875621029337bin
Downloading https://repo.maven.apache.org/maven2/net/java/jvnet-parent/1/jvnet-parent-1.pom to /home/user/.gradle/.tmp/gradle_download15953086842885167901bin
Downloading https://repo.maven.apache.org/maven2/net/java/dev/jna/jna-platform/5.6.0/jna-platform-5.6.0.pom to /home/user/.gradle/.tmp/gradle_download15588293879654052506bin
Downloading https://repo.maven.apache.org/maven2/xml-apis/xml-apis/1.4.01/xml-apis-1.4.01.pom to /home/user/.gradle/.tmp/gradle_download8283496833388320581bin
Downloading https://repo.maven.apache.org/maven2/net/java/dev/jna/jna/5.6.0/jna-5.6.0.pom to /home/user/.gradle/.tmp/gradle_download5872902069937045950bin
Downloading https://repo.maven.apache.org/maven2/org/tensorflow/tensorflow-lite-metadata/0.1.0-rc2/tensorflow-lite-metadata-0.1.0-rc2.jar to /home/user/.gradle/.tmp/gradle_download12664615198930480830bin
Downloading https://repo.maven.apache.org/maven2/org/jetbrains/kotlin/kotlin-gradle-plugin-api/1.9.0/kotlin-gradle-plugin-api-1.9.0.jar to /home/user/.gradle/.tmp/gradle_download7157298517022433284bin
Downloading https://repo.maven.apache.org/maven2/com/google/flatbuffers/flatbuffers-java/1.12.0/flatbuffers-java-1.12.0.jar to /home/user/.gradle/.tmp/gradle_download2708573970417275006bin
Downloading https://repo.maven.apache.org/maven2/org/jetbrains/kotlin/kotlin-gradle-plugin-model/1.9.0/kotlin-gradle-plugin-model-1.9.0.jar to /home/user/.gradle/.tmp/gradle_download3786192219739079651bin
Downloading https://repo.maven.apache.org/maven2/org/jetbrains/kotlin/kotlin-gradle-plugin-api/1.9.0/kotlin-gradle-plugin-api-1.9.0-gradle81.jar to /home/user/.gradle/.tmp/gradle_download1374058578811984293bin
Downloading https://repo.maven.apache.org/maven2/org/jetbrains/kotlin/kotlin-gradle-plugin/1.9.0/kotlin-gradle-plugin-1.9.0-gradle81.jar to /home/user/.gradle/.tmp/gradle_download14278845988040440061bin
Downloading https://dl.google.com/dl/android/maven2/com/android/tools/build/gradle/4.2.2/gradle-4.2.2.jar to /home/user/.gradle/.tmp/gradle_download3678919922328881478bin
Downloading https://dl.google.com/dl/android/maven2/com/android/tools/build/builder/4.2.2/builder-4.2.2.jar to /home/user/.gradle/.tmp/gradle_download392145613597133305bin
Downloading https://dl.google.com/dl/android/maven2/com/android/tools/build/bundletool/1.1.0/bundletool-1.1.0.jar to /home/user/.gradle/.tmp/gradle_download17816900529866789609bin
Downloading https://dl.google.com/dl/android/maven2/com/android/tools/build/aaptcompiler/4.2.2/aaptcompiler-4.2.2.jar to /home/user/.gradle/.tmp/gradle_download7241835133567769936bin
Downloading https://dl.google.com/dl/android/maven2/com/android/tools/build/manifest-merger/27.2.2/manifest-merger-27.2.2.jar to /home/user/.gradle/.tmp/gradle_download13783805336269045114bin
Downloading https://dl.google.com/dl/android/maven2/com/android/tools/lint/lint-gradle-api/27.2.2/lint-gradle-api-27.2.2.jar to /home/user/.gradle/.tmp/gradle_download3148161003007031315bin
Downloading https://dl.google.com/dl/android/maven2/com/android/tools/lint/lint-model/27.2.2/lint-model-27.2.2.jar to /home/user/.gradle/.tmp/gradle_download1356120186550905928bin
Downloading https://dl.google.com/dl/android/maven2/com/android/tools/sdk-common/27.2.2/sdk-common-27.2.2.jar to /home/user/.gradle/.tmp/gradle_download3728459646117702671bin
Downloading https://dl.google.com/dl/android/maven2/com/android/tools/build/aapt2-proto/4.2.2-7147631/aapt2-proto-4.2.2-7147631.jar to /home/user/.gradle/.tmp/gradle_download9685864984114953492bin
Downloading https://dl.google.com/dl/android/maven2/com/android/tools/analytics-library/crash/27.2.2/crash-27.2.2.jar to /home/user/.gradle/.tmp/gradle_download2421716452510489798bin
Downloading https://dl.google.com/dl/android/maven2/com/android/tools/build/gradle-api/4.2.2/gradle-api-4.2.2.jar to /home/user/.gradle/.tmp/gradle_download5141171427943954135bin
Downloading https://dl.google.com/dl/android/maven2/androidx/databinding/databinding-compiler-common/4.2.2/databinding-compiler-common-4.2.2.jar to /home/user/.gradle/.tmp/gradle_download9624155894767821721bin
Downloading https://dl.google.com/dl/android/maven2/com/android/tools/build/builder-model/4.2.2/builder-model-4.2.2.jar to /home/user/.gradle/.tmp/gradle_download3880982279800871371bin
Downloading https://dl.google.com/dl/android/maven2/com/android/tools/build/builder-test-api/4.2.2/builder-test-api-4.2.2.jar to /home/user/.gradle/.tmp/gradle_download9401494356636371345bin
Downloading https://dl.google.com/dl/android/maven2/com/android/tools/analytics-library/tracker/27.2.2/tracker-27.2.2.jar to /home/user/.gradle/.tmp/gradle_download15356309010247453460bin
Downloading https://dl.google.com/dl/android/maven2/com/android/tools/ddms/ddmlib/27.2.2/ddmlib-27.2.2.jar to /home/user/.gradle/.tmp/gradle_download3335230469808406973bin
Downloading https://dl.google.com/dl/android/maven2/com/android/tools/sdklib/27.2.2/sdklib-27.2.2.jar to /home/user/.gradle/.tmp/gradle_download15348120456100206434bin
Downloading https://dl.google.com/dl/android/maven2/com/android/tools/layoutlib/layoutlib-api/27.2.2/layoutlib-api-27.2.2.jar to /home/user/.gradle/.tmp/gradle_download6174704971362163144bin
Downloading https://dl.google.com/dl/android/maven2/com/android/tools/dvlib/27.2.2/dvlib-27.2.2.jar to /home/user/.gradle/.tmp/gradle_download8654453469568498557bin
Downloading https://dl.google.com/dl/android/maven2/com/android/tools/analytics-library/shared/27.2.2/shared-27.2.2.jar to /home/user/.gradle/.tmp/gradle_download15568715019614481288bin
Downloading https://dl.google.com/dl/android/maven2/com/android/tools/repository/27.2.2/repository-27.2.2.jar to /home/user/.gradle/.tmp/gradle_download5387548580170025311bin
Downloading https://dl.google.com/dl/android/maven2/com/android/tools/common/27.2.2/common-27.2.2.jar to /home/user/.gradle/.tmp/gradle_download6087904010040989889bin
Downloading https://repo.maven.apache.org/maven2/org/jetbrains/kotlin/kotlin-stdlib-jdk8/1.4.31/kotlin-stdlib-jdk8-1.4.31.jar to /home/user/.gradle/.tmp/gradle_download7742227164344601255bin
Downloading https://dl.google.com/dl/android/maven2/com/android/tools/build/transform-api/2.0.0-deprecated-use-gradle-api/transform-api-2.0.0-deprecated-use-gradle-api.jar to /home/user/.gradle/.tmp/gradle_download8685186420352795855bin
Downloading https://dl.google.com/dl/android/maven2/com/android/tools/build/jetifier/jetifier-processor/1.0.0-beta09/jetifier-processor-1.0.0-beta09.jar to /home/user/.gradle/.tmp/gradle_download7650229640159930968bin
Downloading https://repo.maven.apache.org/maven2/org/ow2/asm/asm-commons/7.0/asm-commons-7.0.jar to /home/user/.gradle/.tmp/gradle_download8021921292553577393bin
Downloading https://repo.maven.apache.org/maven2/org/ow2/asm/asm-util/7.0/asm-util-7.0.jar to /home/user/.gradle/.tmp/gradle_download742399588362919713bin
Downloading https://repo.maven.apache.org/maven2/org/ow2/asm/asm-analysis/7.0/asm-analysis-7.0.jar to /home/user/.gradle/.tmp/gradle_download3561622526163075719bin
Downloading https://repo.maven.apache.org/maven2/org/ow2/asm/asm-tree/7.0/asm-tree-7.0.jar to /home/user/.gradle/.tmp/gradle_download2320943473158531184bin
Downloading https://repo.maven.apache.org/maven2/net/sf/jopt-simple/jopt-simple/4.9/jopt-simple-4.9.jar to /home/user/.gradle/.tmp/gradle_download10975736173108618019bin
Downloading https://repo.maven.apache.org/maven2/org/ow2/asm/asm/7.0/asm-7.0.jar to /home/user/.gradle/.tmp/gradle_download18108059549814279425bin
Downloading https://repo.maven.apache.org/maven2/net/sf/proguard/proguard-gradle/6.0.3/proguard-gradle-6.0.3.jar to /home/user/.gradle/.tmp/gradle_download4281610116090218115bin
Downloading https://repo.maven.apache.org/maven2/com/squareup/javapoet/1.10.0/javapoet-1.10.0.jar to /home/user/.gradle/.tmp/gradle_download16442577040594910791bin
Downloading https://repo.maven.apache.org/maven2/com/google/protobuf/protobuf-java-util/3.10.0/protobuf-java-util-3.10.0.jar to /home/user/.gradle/.tmp/gradle_download11602783269081976437bin
Downloading https://repo.maven.apache.org/maven2/com/google/crypto/tink/tink/1.3.0-rc2/tink-1.3.0-rc2.jar to /home/user/.gradle/.tmp/gradle_download11634382692266286926bin
Downloading https://dl.google.com/dl/android/maven2/com/android/tools/build/jetifier/jetifier-core/1.0.0-beta09/jetifier-core-1.0.0-beta09.jar to /home/user/.gradle/.tmp/gradle_download16234940470204445999bin
Downloading https://repo.maven.apache.org/maven2/com/google/protobuf/protobuf-java/3.10.0/protobuf-java-3.10.0.jar to /home/user/.gradle/.tmp/gradle_download8688540999090423552bin
Downloading https://dl.google.com/dl/android/maven2/com/android/tools/analytics-library/protos/27.2.2/protos-27.2.2.jar to /home/user/.gradle/.tmp/gradle_download17275749173114601284bin
Downloading https://repo.maven.apache.org/maven2/org/jetbrains/kotlin/kotlin-gradle-plugin-idea-proto/1.9.0/kotlin-gradle-plugin-idea-proto-1.9.0.jar to /home/user/.gradle/.tmp/gradle_download9218232408094506064bin
Downloading https://dl.google.com/dl/android/maven2/com/google/testing/platform/core-proto/0.0.8-alpha01/core-proto-0.0.8-alpha01.jar to /home/user/.gradle/.tmp/gradle_download427971025372182202bin
Downloading https://repo.maven.apache.org/maven2/org/jetbrains/kotlin/kotlin-gradle-plugin-idea/1.9.0/kotlin-gradle-plugin-idea-1.9.0.jar to /home/user/.gradle/.tmp/gradle_download235965837116222696bin
Downloading https://repo.maven.apache.org/maven2/org/jetbrains/kotlin/kotlin-project-model/1.9.0/kotlin-project-model-1.9.0.jar to /home/user/.gradle/.tmp/gradle_download6857794683960143100bin
Downloading https://repo.maven.apache.org/maven2/org/jetbrains/kotlin/kotlin-tooling-core/1.9.0/kotlin-tooling-core-1.9.0.jar to /home/user/.gradle/.tmp/gradle_download15604734223922099445bin
Downloading https://repo.maven.apache.org/maven2/org/jetbrains/kotlin/kotlin-klib-commonizer-api/1.9.0/kotlin-klib-commonizer-api-1.9.0.jar to /home/user/.gradle/.tmp/gradle_download13934870181603131718bin
Downloading https://repo.maven.apache.org/maven2/org/jetbrains/kotlin/kotlin-native-utils/1.9.0/kotlin-native-utils-1.9.0.jar to /home/user/.gradle/.tmp/gradle_download9956896498634355969bin
Downloading https://repo.maven.apache.org/maven2/org/jetbrains/kotlin/kotlin-util-klib/1.9.0/kotlin-util-klib-1.9.0.jar to /home/user/.gradle/.tmp/gradle_download18108582753063890227bin
Downloading https://repo.maven.apache.org/maven2/org/jetbrains/kotlin/kotlin-build-tools-api/1.9.0/kotlin-build-tools-api-1.9.0.jar to /home/user/.gradle/.tmp/gradle_download2111923698953238524bin
Downloading https://repo.maven.apache.org/maven2/org/jetbrains/kotlin/kotlin-android-extensions/1.9.0/kotlin-android-extensions-1.9.0.jar to /home/user/.gradle/.tmp/gradle_download6774124774425255563bin
Downloading https://repo.maven.apache.org/maven2/org/jetbrains/kotlin/kotlin-compiler-runner/1.9.0/kotlin-compiler-runner-1.9.0.jar to /home/user/.gradle/.tmp/gradle_download2132199278460026805bin
Downloading https://repo.maven.apache.org/maven2/org/jetbrains/kotlin/kotlin-compiler-embeddable/1.9.0/kotlin-compiler-embeddable-1.9.0.jar to /home/user/.gradle/.tmp/gradle_download6519096618906727516bin
Downloading https://repo.maven.apache.org/maven2/org/jetbrains/kotlin/kotlin-scripting-compiler-embeddable/1.9.0/kotlin-scripting-compiler-embeddable-1.9.0.jar to /home/user/.gradle/.tmp/gradle_download15369492585923150430bin
Downloading https://repo.maven.apache.org/maven2/org/jetbrains/kotlin/kotlin-scripting-compiler-impl-embeddable/1.9.0/kotlin-scripting-compiler-impl-embeddable-1.9.0.jar to /home/user/.gradle/.tmp/gradle_download12690205786124907182bin
Downloading https://dl.google.com/dl/android/maven2/com/android/tools/build/apkzlib/4.2.2/apkzlib-4.2.2.jar to /home/user/.gradle/.tmp/gradle_download1239238820830988280bin
Downloading https://repo.maven.apache.org/maven2/com/google/jimfs/jimfs/1.1/jimfs-1.1.jar to /home/user/.gradle/.tmp/gradle_download7771656970603450807bin
Downloading https://repo.maven.apache.org/maven2/com/google/guava/guava/28.1-jre/guava-28.1-jre.jar to /home/user/.gradle/.tmp/gradle_download10299152012328816449bin
Downloading https://repo.maven.apache.org/maven2/org/checkerframework/checker-qual/2.8.1/checker-qual-2.8.1.jar to /home/user/.gradle/.tmp/gradle_download12904788101876288486bin
Downloading https://dl.google.com/dl/android/maven2/com/android/signflinger/4.2.2/signflinger-4.2.2.jar to /home/user/.gradle/.tmp/gradle_download17238399472673133460bin
Downloading https://dl.google.com/dl/android/maven2/com/android/zipflinger/4.2.2/zipflinger-4.2.2.jar to /home/user/.gradle/.tmp/gradle_download17854739133655099501bin
Downloading https://dl.google.com/dl/android/maven2/com/android/tools/build/apksig/4.2.2/apksig-4.2.2.jar to /home/user/.gradle/.tmp/gradle_download4687476857012377258bin
Downloading https://repo.maven.apache.org/maven2/com/squareup/javawriter/2.5.0/javawriter-2.5.0.jar to /home/user/.gradle/.tmp/gradle_download15843380909167358489bin
Downloading https://repo.maven.apache.org/maven2/org/bouncycastle/bcpkix-jdk15on/1.56/bcpkix-jdk15on-1.56.jar to /home/user/.gradle/.tmp/gradle_download2545700698058928906bin
Downloading https://repo.maven.apache.org/maven2/org/bouncycastle/bcprov-jdk15on/1.56/bcprov-jdk15on-1.56.jar to /home/user/.gradle/.tmp/gradle_download5766097601216614916bin
Downloading https://repo.maven.apache.org/maven2/com/google/dagger/dagger/2.28.3/dagger-2.28.3.jar to /home/user/.gradle/.tmp/gradle_download12794284103155380889bin
Downloading https://repo.maven.apache.org/maven2/javax/inject/javax.inject/1/javax.inject-1.jar to /home/user/.gradle/.tmp/gradle_download3656067392032546969bin
Downloading https://repo.maven.apache.org/maven2/it/unimi/dsi/fastutil/8.4.0/fastutil-8.4.0.jar to /home/user/.gradle/.tmp/gradle_download17729312380472200387bin
Downloading https://repo.maven.apache.org/maven2/com/googlecode/json-simple/json-simple/1.1/json-simple-1.1.jar to /home/user/.gradle/.tmp/gradle_download11156962043028064969bin
Downloading https://dl.google.com/dl/android/maven2/com/android/tools/annotations/27.2.2/annotations-27.2.2.jar to /home/user/.gradle/.tmp/gradle_download14322263398422017506bin
Downloading https://repo.maven.apache.org/maven2/org/apache/httpcomponents/httpmime/4.5.6/httpmime-4.5.6.jar to /home/user/.gradle/.tmp/gradle_download17971068217511278937bin
Downloading https://repo.maven.apache.org/maven2/org/apache/httpcomponents/httpclient/4.5.6/httpclient-4.5.6.jar to /home/user/.gradle/.tmp/gradle_download7582796418037382030bin
Downloading https://repo.maven.apache.org/maven2/org/jetbrains/kotlin/kotlin-reflect/1.4.31/kotlin-reflect-1.4.31.jar to /home/user/.gradle/.tmp/gradle_download7447489932869763880bin
Downloading https://repo.maven.apache.org/maven2/org/apache/httpcomponents/httpcore/4.4.10/httpcore-4.4.10.jar to /home/user/.gradle/.tmp/gradle_download1608877416904918677bin
Downloading https://dl.google.com/dl/android/maven2/androidx/databinding/databinding-common/4.2.2/databinding-common-4.2.2.jar to /home/user/.gradle/.tmp/gradle_download18110660455880589802bin
Downloading https://dl.google.com/dl/android/maven2/com/android/databinding/baseLibrary/4.2.2/baseLibrary-4.2.2.jar to /home/user/.gradle/.tmp/gradle_download1615705236021582485bin
Downloading https://repo.maven.apache.org/maven2/org/antlr/antlr4/4.5.3/antlr4-4.5.3.jar to /home/user/.gradle/.tmp/gradle_download16437877741907836538bin
Downloading https://repo.maven.apache.org/maven2/commons-io/commons-io/2.4/commons-io-2.4.jar to /home/user/.gradle/.tmp/gradle_download18209843715124596070bin
Downloading https://repo.maven.apache.org/maven2/com/googlecode/juniversalchardet/juniversalchardet/1.0.3/juniversalchardet-1.0.3.jar to /home/user/.gradle/.tmp/gradle_download9965883233200754264bin
Downloading https://repo.maven.apache.org/maven2/com/google/code/gson/gson/2.8.6/gson-2.8.6.jar to /home/user/.gradle/.tmp/gradle_download11118196833559097392bin
Downloading https://repo.maven.apache.org/maven2/org/glassfish/jaxb/jaxb-runtime/2.3.2/jaxb-runtime-2.3.2.jar to /home/user/.gradle/.tmp/gradle_download2592087453470352238bin
Downloading https://repo.maven.apache.org/maven2/org/jetbrains/kotlin/kotlin-stdlib-jdk7/1.4.31/kotlin-stdlib-jdk7-1.4.31.jar to /home/user/.gradle/.tmp/gradle_download11335476073708139727bin
Downloading https://repo.maven.apache.org/maven2/org/jetbrains/kotlin/kotlin-stdlib/1.4.31/kotlin-stdlib-1.4.31.jar to /home/user/.gradle/.tmp/gradle_download9870077768834858074bin
Downloading https://repo.maven.apache.org/maven2/net/sf/proguard/proguard-base/6.0.3/proguard-base-6.0.3.jar to /home/user/.gradle/.tmp/gradle_download11512704041012540923bin
Downloading https://repo.maven.apache.org/maven2/com/google/auto/value/auto-value-annotations/1.6.2/auto-value-annotations-1.6.2.jar to /home/user/.gradle/.tmp/gradle_download12455673657270095969bin
Downloading https://repo.maven.apache.org/maven2/com/google/errorprone/error_prone_annotations/2.3.2/error_prone_annotations-2.3.2.jar to /home/user/.gradle/.tmp/gradle_download2797664703728609676bin
Downloading https://repo.maven.apache.org/maven2/org/jdom/jdom2/2.0.6/jdom2-2.0.6.jar to /home/user/.gradle/.tmp/gradle_download15949423305949994917bin
Downloading https://repo.maven.apache.org/maven2/org/jetbrains/kotlin/kotlin-gradle-plugin-annotations/1.9.0/kotlin-gradle-plugin-annotations-1.9.0.jar to /home/user/.gradle/.tmp/gradle_download3897270065706551069bin
Downloading https://repo.maven.apache.org/maven2/org/json/json/20180813/json-20180813.jar to /home/user/.gradle/.tmp/gradle_download18035020086961682570bin
Downloading https://repo.maven.apache.org/maven2/org/jetbrains/kotlin/kotlin-util-io/1.9.0/kotlin-util-io-1.9.0.jar to /home/user/.gradle/.tmp/gradle_download3342289568273391050bin
Downloading https://repo.maven.apache.org/maven2/org/jetbrains/kotlin/kotlin-daemon-embeddable/1.9.0/kotlin-daemon-embeddable-1.9.0.jar to /home/user/.gradle/.tmp/gradle_download9493845314918320486bin
Downloading https://repo.maven.apache.org/maven2/org/jetbrains/intellij/deps/trove4j/1.0.20200330/trove4j-1.0.20200330.jar to /home/user/.gradle/.tmp/gradle_download7455362730481521686bin
Downloading https://repo.maven.apache.org/maven2/org/jetbrains/kotlin/kotlin-daemon-client/1.9.0/kotlin-daemon-client-1.9.0.jar to /home/user/.gradle/.tmp/gradle_download8520523087617265879bin
Downloading https://repo.maven.apache.org/maven2/org/jetbrains/kotlinx/kotlinx-coroutines-core-jvm/1.5.0/kotlinx-coroutines-core-jvm-1.5.0.jar to /home/user/.gradle/.tmp/gradle_download2914598858565354640bin
Downloading https://repo.maven.apache.org/maven2/org/jetbrains/kotlin/kotlin-scripting-jvm/1.9.0/kotlin-scripting-jvm-1.9.0.jar to /home/user/.gradle/.tmp/gradle_download10028261542662495380bin
Downloading https://repo.maven.apache.org/maven2/org/jetbrains/kotlin/kotlin-scripting-common/1.9.0/kotlin-scripting-common-1.9.0.jar to /home/user/.gradle/.tmp/gradle_download9213250394823672852bin
Downloading https://repo.maven.apache.org/maven2/org/apache/commons/commons-compress/1.12/commons-compress-1.12.jar to /home/user/.gradle/.tmp/gradle_download10260316508904765828bin
Downloading https://repo.maven.apache.org/maven2/net/sf/kxml/kxml2/2.3.0/kxml2-2.3.0.jar to /home/user/.gradle/.tmp/gradle_download16415520723379432639bin
Downloading https://repo.maven.apache.org/maven2/xerces/xercesImpl/2.12.0/xercesImpl-2.12.0.jar to /home/user/.gradle/.tmp/gradle_download2928361124257815796bin
Downloading https://repo.maven.apache.org/maven2/org/jetbrains/annotations/13.0/annotations-13.0.jar to /home/user/.gradle/.tmp/gradle_download9824663354111872055bin
Downloading https://repo.maven.apache.org/maven2/com/google/code/findbugs/jsr305/3.0.2/jsr305-3.0.2.jar to /home/user/.gradle/.tmp/gradle_download415556097012945471bin
Downloading https://repo.maven.apache.org/maven2/com/google/guava/failureaccess/1.0.1/failureaccess-1.0.1.jar to /home/user/.gradle/.tmp/gradle_download17618640166105878059bin
Downloading https://repo.maven.apache.org/maven2/org/codehaus/mojo/animal-sniffer-annotations/1.18/animal-sniffer-annotations-1.18.jar to /home/user/.gradle/.tmp/gradle_download7982421327936042215bin
Downloading https://repo.maven.apache.org/maven2/com/google/guava/listenablefuture/9999.0-empty-to-avoid-conflict-with-guava/listenablefuture-9999.0-empty-to-avoid-conflict-with-guava.jar to /home/user/.gradle/.tmp/gradle_download551379190781210794bin
Downloading https://repo.maven.apache.org/maven2/com/google/j2objc/j2objc-annotations/1.3/j2objc-annotations-1.3.jar to /home/user/.gradle/.tmp/gradle_download14910346097043293362bin
Downloading https://repo.maven.apache.org/maven2/commons-codec/commons-codec/1.10/commons-codec-1.10.jar to /home/user/.gradle/.tmp/gradle_download1175294352796896453bin
Downloading https://repo.maven.apache.org/maven2/commons-logging/commons-logging/1.2/commons-logging-1.2.jar to /home/user/.gradle/.tmp/gradle_download17061747216006209501bin
Downloading https://repo.maven.apache.org/maven2/org/jvnet/staxex/stax-ex/1.8.1/stax-ex-1.8.1.jar to /home/user/.gradle/.tmp/gradle_download524292888388903647bin
Downloading https://repo.maven.apache.org/maven2/org/glassfish/jaxb/txw2/2.3.2/txw2-2.3.2.jar to /home/user/.gradle/.tmp/gradle_download8919831188631042709bin
Downloading https://repo.maven.apache.org/maven2/com/sun/istack/istack-commons-runtime/3.0.8/istack-commons-runtime-3.0.8.jar to /home/user/.gradle/.tmp/gradle_download10172641207416444640bin
Downloading https://repo.maven.apache.org/maven2/com/sun/xml/fastinfoset/FastInfoset/1.2.16/FastInfoset-1.2.16.jar to /home/user/.gradle/.tmp/gradle_download16765169483801468654bin
Downloading https://repo.maven.apache.org/maven2/jakarta/xml/bind/jakarta.xml.bind-api/2.3.2/jakarta.xml.bind-api-2.3.2.jar to /home/user/.gradle/.tmp/gradle_download9553045016153163027bin
Downloading https://repo.maven.apache.org/maven2/jakarta/activation/jakarta.activation-api/1.2.1/jakarta.activation-api-1.2.1.jar to /home/user/.gradle/.tmp/gradle_download10805241979323187589bin
Downloading https://repo.maven.apache.org/maven2/org/jetbrains/kotlin/kotlin-stdlib-common/1.4.31/kotlin-stdlib-common-1.4.31.jar to /home/user/.gradle/.tmp/gradle_download16674641932643976514bin
Downloading https://repo.maven.apache.org/maven2/com/sun/activation/javax.activation/1.2.0/javax.activation-1.2.0.jar to /home/user/.gradle/.tmp/gradle_download1309232657064568689bin
Downloading https://repo.maven.apache.org/maven2/net/java/dev/jna/jna-platform/5.6.0/jna-platform-5.6.0.jar to /home/user/.gradle/.tmp/gradle_download17723873914828541170bin
Downloading https://repo.maven.apache.org/maven2/xml-apis/xml-apis/1.4.01/xml-apis-1.4.01.jar to /home/user/.gradle/.tmp/gradle_download14297463508182171042bin
Downloading https://repo.maven.apache.org/maven2/net/java/dev/jna/jna/5.6.0/jna-5.6.0.jar to /home/user/.gradle/.tmp/gradle_download15290877533552770239bin

> Configure project :app
Evaluating project ':app' using build file '/home/user/LatLongShareAndroid2Ubuntu/app/build.gradle'.
WARNING:: The option setting 'android.aapt2FromMavenOverride=$ANDROID_HOME/build-tools/33.0.3/aapt2' is experimental.
Using Kotlin Gradle Plugin gradle81 variant
All projects evaluated.
Task name matched 'assembleDebug'
Selected primary task 'assembleDebug' from project :
Warning: Mapping new ns http://schemas.android.com/repository/android/common/02 to old ns http://schemas.android.com/repository/android/common/01
Warning: Mapping new ns http://schemas.android.com/repository/android/generic/02 to old ns http://schemas.android.com/repository/android/generic/01
Warning: Mapping new ns http://schemas.android.com/sdk/android/repo/addon2/02 to old ns http://schemas.android.com/sdk/android/repo/addon2/01
Warning: Mapping new ns http://schemas.android.com/sdk/android/repo/addon2/03 to old ns http://schemas.android.com/sdk/android/repo/addon2/01
Warning: Mapping new ns http://schemas.android.com/sdk/android/repo/repository2/02 to old ns http://schemas.android.com/sdk/android/repo/repository2/01
Warning: Mapping new ns http://schemas.android.com/sdk/android/repo/repository2/03 to old ns http://schemas.android.com/sdk/android/repo/repository2/01
Warning: Mapping new ns http://schemas.android.com/sdk/android/repo/sys-img2/03 to old ns http://schemas.android.com/sdk/android/repo/sys-img2/01
Warning: Mapping new ns http://schemas.android.com/sdk/android/repo/sys-img2/02 to old ns http://schemas.android.com/sdk/android/repo/sys-img2/01
Warning: Mapping new ns http://schemas.android.com/repository/android/common/02 to old ns http://schemas.android.com/repository/android/common/01
Warning: Mapping new ns http://schemas.android.com/repository/android/generic/02 to old ns http://schemas.android.com/repository/android/generic/01
Warning: Mapping new ns http://schemas.android.com/sdk/android/repo/addon2/02 to old ns http://schemas.android.com/sdk/android/repo/addon2/01
Warning: Mapping new ns http://schemas.android.com/sdk/android/repo/addon2/03 to old ns http://schemas.android.com/sdk/android/repo/addon2/01
Warning: Mapping new ns http://schemas.android.com/sdk/android/repo/repository2/02 to old ns http://schemas.android.com/sdk/android/repo/repository2/01
Warning: Mapping new ns http://schemas.android.com/sdk/android/repo/repository2/03 to old ns http://schemas.android.com/sdk/android/repo/repository2/01
Warning: Mapping new ns http://schemas.android.com/sdk/android/repo/sys-img2/03 to old ns http://schemas.android.com/sdk/android/repo/sys-img2/01
Warning: Mapping new ns http://schemas.android.com/sdk/android/repo/sys-img2/02 to old ns http://schemas.android.com/sdk/android/repo/sys-img2/01
Warning: unexpected element (uri:"", local:"extension-level"). Expected elements are <{}codename>,<{}layoutlib>,<{}api-level>
Warning: Errors limit exceeded. To receive all errors set com.sun.xml.bind logger to FINEST level.
Warning: unexpected element (uri:"", local:"base-extension"). Expected elements are <{}codename>,<{}layoutlib>,<{}api-level>
Build-tool 33.0.3 is missing DX at /home/user/Android/Sdk/build-tools/33.0.3/dx

FAILURE: Build failed with an exception.

* What went wrong:
Could not determine the dependencies of task ':app:compileDebugJavaWithJavac'.
> Installed Build Tools revision 33.0.3 is corrupted. Remove and install again using the SDK Manager.

* Try:
> Run with --debug option to get more log output.
> Run with --scan to get full insights.
> Get more help at https://help.gradle.org.

* Exception is:
org.gradle.api.internal.tasks.TaskDependencyResolveException: Could not determine the dependencies of task ':app:compileDebugJavaWithJavac'.
	at org.gradle.api.internal.tasks.CachingTaskDependencyResolveContext.getDependencies(CachingTaskDependencyResolveContext.java:68)
	at org.gradle.execution.plan.TaskDependencyResolver.resolveDependenciesFor(TaskDependencyResolver.java:49)
	at org.gradle.execution.plan.LocalTaskNode.getDependencies(LocalTaskNode.java:148)
	at org.gradle.execution.plan.LocalTaskNode.resolveDependencies(LocalTaskNode.java:122)
	at org.gradle.execution.plan.DefaultExecutionPlan.discoverNodeRelationships(DefaultExecutionPlan.java:184)
	at org.gradle.execution.plan.DefaultExecutionPlan.doAddEntryNodes(DefaultExecutionPlan.java:156)
	at org.gradle.execution.plan.DefaultExecutionPlan.addEntryTasks(DefaultExecutionPlan.java:131)
	at org.gradle.execution.plan.DefaultExecutionPlan.addEntryTasks(DefaultExecutionPlan.java:123)
	at org.gradle.execution.TaskNameResolvingBuildTaskScheduler.scheduleRequestedTasks(TaskNameResolvingBuildTaskScheduler.java:54)
	at org.gradle.execution.DefaultTasksBuildTaskScheduler.scheduleRequestedTasks(DefaultTasksBuildTaskScheduler.java:72)
	at org.gradle.initialization.DefaultTaskExecutionPreparer.lambda$scheduleRequestedTasks$0(DefaultTaskExecutionPreparer.java:46)
	at org.gradle.internal.Factories$1.create(Factories.java:31)
	at org.gradle.internal.work.DefaultWorkerLeaseService.withReplacedLocks(DefaultWorkerLeaseService.java:360)
	at org.gradle.api.internal.project.DefaultProjectStateRegistry$DefaultBuildProjectRegistry.withMutableStateOfAllProjects(DefaultProjectStateRegistry.java:239)
	at org.gradle.api.internal.project.DefaultProjectStateRegistry$DefaultBuildProjectRegistry.withMutableStateOfAllProjects(DefaultProjectStateRegistry.java:232)
	at org.gradle.initialization.DefaultTaskExecutionPreparer.scheduleRequestedTasks(DefaultTaskExecutionPreparer.java:45)
	at org.gradle.initialization.VintageBuildModelController.lambda$scheduleRequestedTasks$0(VintageBuildModelController.java:76)
	at org.gradle.internal.model.StateTransitionController.lambda$inState$1(StateTransitionController.java:99)
	at org.gradle.internal.model.StateTransitionController.lambda$inState$2(StateTransitionController.java:114)
	at org.gradle.internal.work.DefaultSynchronizer.withLock(DefaultSynchronizer.java:44)
	at org.gradle.internal.model.StateTransitionController.inState(StateTransitionController.java:110)
	at org.gradle.internal.model.StateTransitionController.inState(StateTransitionController.java:98)
	at org.gradle.initialization.VintageBuildModelController.scheduleRequestedTasks(VintageBuildModelController.java:76)
	at org.gradle.internal.build.DefaultBuildLifecycleController$DefaultWorkGraphBuilder.addRequestedTasks(DefaultBuildLifecycleController.java:404)
	at org.gradle.internal.buildtree.DefaultBuildTreeWorkPreparer.lambda$scheduleRequestedTasks$0(DefaultBuildTreeWorkPreparer.java:41)
	at org.gradle.internal.build.DefaultBuildLifecycleController.lambda$populateWorkGraph$7(DefaultBuildLifecycleController.java:189)
	at org.gradle.internal.build.DefaultBuildWorkPreparer.populateWorkGraph(DefaultBuildWorkPreparer.java:42)
	at org.gradle.internal.build.BuildOperationFiringBuildWorkPreparer$PopulateWorkGraph.populateTaskGraph(BuildOperationFiringBuildWorkPreparer.java:106)
	at org.gradle.internal.build.BuildOperationFiringBuildWorkPreparer$PopulateWorkGraph.run(BuildOperationFiringBuildWorkPreparer.java:92)
	at org.gradle.internal.operations.DefaultBuildOperationRunner$1.execute(DefaultBuildOperationRunner.java:29)
	at org.gradle.internal.operations.DefaultBuildOperationRunner$1.execute(DefaultBuildOperationRunner.java:26)
	at org.gradle.internal.operations.DefaultBuildOperationRunner$2.execute(DefaultBuildOperationRunner.java:66)
	at org.gradle.internal.operations.DefaultBuildOperationRunner$2.execute(DefaultBuildOperationRunner.java:59)
	at org.gradle.internal.operations.DefaultBuildOperationRunner.execute(DefaultBuildOperationRunner.java:157)
	at org.gradle.internal.operations.DefaultBuildOperationRunner.execute(DefaultBuildOperationRunner.java:59)
	at org.gradle.internal.operations.DefaultBuildOperationRunner.run(DefaultBuildOperationRunner.java:47)
	at org.gradle.internal.operations.DefaultBuildOperationExecutor.run(DefaultBuildOperationExecutor.java:73)
	at org.gradle.internal.build.BuildOperationFiringBuildWorkPreparer.populateWorkGraph(BuildOperationFiringBuildWorkPreparer.java:67)
	at org.gradle.internal.build.DefaultBuildLifecycleController.lambda$populateWorkGraph$8(DefaultBuildLifecycleController.java:189)
	at org.gradle.internal.model.StateTransitionController.lambda$inState$1(StateTransitionController.java:99)
	at org.gradle.internal.model.StateTransitionController.lambda$inState$2(StateTransitionController.java:114)
	at org.gradle.internal.work.DefaultSynchronizer.withLock(DefaultSynchronizer.java:44)
	at org.gradle.internal.model.StateTransitionController.inState(StateTransitionController.java:110)
	at org.gradle.internal.model.StateTransitionController.inState(StateTransitionController.java:98)
	at org.gradle.internal.build.DefaultBuildLifecycleController.populateWorkGraph(DefaultBuildLifecycleController.java:189)
	at org.gradle.internal.build.DefaultBuildWorkGraphController$DefaultBuildWorkGraph.populateWorkGraph(DefaultBuildWorkGraphController.java:169)
	at org.gradle.composite.internal.DefaultBuildController.populateWorkGraph(DefaultBuildController.java:76)
	at org.gradle.composite.internal.DefaultIncludedBuildTaskGraph$DefaultBuildTreeWorkGraphBuilder.withWorkGraph(DefaultIncludedBuildTaskGraph.java:153)
	at org.gradle.internal.buildtree.DefaultBuildTreeWorkPreparer.lambda$scheduleRequestedTasks$1(DefaultBuildTreeWorkPreparer.java:41)
	at org.gradle.composite.internal.DefaultIncludedBuildTaskGraph$DefaultBuildTreeWorkGraph$1.run(DefaultIncludedBuildTaskGraph.java:209)
	at org.gradle.internal.operations.DefaultBuildOperationRunner$1.execute(DefaultBuildOperationRunner.java:29)
	at org.gradle.internal.operations.DefaultBuildOperationRunner$1.execute(DefaultBuildOperationRunner.java:26)
	at org.gradle.internal.operations.DefaultBuildOperationRunner$2.execute(DefaultBuildOperationRunner.java:66)
	at org.gradle.internal.operations.DefaultBuildOperationRunner$2.execute(DefaultBuildOperationRunner.java:59)
	at org.gradle.internal.operations.DefaultBuildOperationRunner.execute(DefaultBuildOperationRunner.java:157)
	at org.gradle.internal.operations.DefaultBuildOperationRunner.execute(DefaultBuildOperationRunner.java:59)
	at org.gradle.internal.operations.DefaultBuildOperationRunner.run(DefaultBuildOperationRunner.java:47)
	at org.gradle.internal.operations.DefaultBuildOperationExecutor.run(DefaultBuildOperationExecutor.java:73)
	at org.gradle.composite.internal.DefaultIncludedBuildTaskGraph$DefaultBuildTreeWorkGraph.scheduleWork(DefaultIncludedBuildTaskGraph.java:204)
	at org.gradle.internal.buildtree.DefaultBuildTreeWorkPreparer.scheduleRequestedTasks(DefaultBuildTreeWorkPreparer.java:37)
	at org.gradle.configurationcache.VintageBuildTreeWorkController$scheduleAndRunRequestedTasks$1.apply(VintageBuildTreeWorkController.kt:36)
	at org.gradle.configurationcache.VintageBuildTreeWorkController$scheduleAndRunRequestedTasks$1.apply(VintageBuildTreeWorkController.kt:35)
	at org.gradle.composite.internal.DefaultIncludedBuildTaskGraph.withNewWorkGraph(DefaultIncludedBuildTaskGraph.java:112)
	at org.gradle.configurationcache.VintageBuildTreeWorkController.scheduleAndRunRequestedTasks(VintageBuildTreeWorkController.kt:35)
	at org.gradle.internal.buildtree.DefaultBuildTreeLifecycleController.lambda$scheduleAndRunTasks$1(DefaultBuildTreeLifecycleController.java:68)
	at org.gradle.internal.buildtree.DefaultBuildTreeLifecycleController.lambda$runBuild$4(DefaultBuildTreeLifecycleController.java:98)
	at org.gradle.internal.model.StateTransitionController.lambda$transition$6(StateTransitionController.java:169)
	at org.gradle.internal.model.StateTransitionController.doTransition(StateTransitionController.java:266)
	at org.gradle.internal.model.StateTransitionController.lambda$transition$7(StateTransitionController.java:169)
	at org.gradle.internal.work.DefaultSynchronizer.withLock(DefaultSynchronizer.java:44)
	at org.gradle.internal.model.StateTransitionController.transition(StateTransitionController.java:169)
	at org.gradle.internal.buildtree.DefaultBuildTreeLifecycleController.runBuild(DefaultBuildTreeLifecycleController.java:95)
	at org.gradle.internal.buildtree.DefaultBuildTreeLifecycleController.scheduleAndRunTasks(DefaultBuildTreeLifecycleController.java:68)
	at org.gradle.internal.buildtree.DefaultBuildTreeLifecycleController.scheduleAndRunTasks(DefaultBuildTreeLifecycleController.java:63)
	at org.gradle.tooling.internal.provider.ExecuteBuildActionRunner.run(ExecuteBuildActionRunner.java:31)
	at org.gradle.launcher.exec.ChainingBuildActionRunner.run(ChainingBuildActionRunner.java:35)
	at org.gradle.internal.buildtree.ProblemReportingBuildActionRunner.run(ProblemReportingBuildActionRunner.java:49)
	at org.gradle.launcher.exec.BuildOutcomeReportingBuildActionRunner.run(BuildOutcomeReportingBuildActionRunner.java:65)
	at org.gradle.tooling.internal.provider.FileSystemWatchingBuildActionRunner.run(FileSystemWatchingBuildActionRunner.java:140)
	at org.gradle.launcher.exec.BuildCompletionNotifyingBuildActionRunner.run(BuildCompletionNotifyingBuildActionRunner.java:41)
	at org.gradle.launcher.exec.RootBuildLifecycleBuildActionExecutor.lambda$execute$0(RootBuildLifecycleBuildActionExecutor.java:40)
	at org.gradle.composite.internal.DefaultRootBuildState.run(DefaultRootBuildState.java:123)
	at org.gradle.launcher.exec.RootBuildLifecycleBuildActionExecutor.execute(RootBuildLifecycleBuildActionExecutor.java:40)
	at org.gradle.internal.buildtree.InitDeprecationLoggingActionExecutor.execute(InitDeprecationLoggingActionExecutor.java:62)
	at org.gradle.internal.buildtree.InitProblems.execute(InitProblems.java:38)
	at org.gradle.internal.buildtree.DefaultBuildTreeContext.execute(DefaultBuildTreeContext.java:40)
	at org.gradle.launcher.exec.BuildTreeLifecycleBuildActionExecutor.lambda$execute$0(BuildTreeLifecycleBuildActionExecutor.java:65)
	at org.gradle.internal.buildtree.BuildTreeState.run(BuildTreeState.java:58)
	at org.gradle.launcher.exec.BuildTreeLifecycleBuildActionExecutor.execute(BuildTreeLifecycleBuildActionExecutor.java:65)
	at org.gradle.launcher.exec.RunAsBuildOperationBuildActionExecutor$3.call(RunAsBuildOperationBuildActionExecutor.java:61)
	at org.gradle.launcher.exec.RunAsBuildOperationBuildActionExecutor$3.call(RunAsBuildOperationBuildActionExecutor.java:57)
	at org.gradle.internal.operations.DefaultBuildOperationRunner$CallableBuildOperationWorker.execute(DefaultBuildOperationRunner.java:204)
	at org.gradle.internal.operations.DefaultBuildOperationRunner$CallableBuildOperationWorker.execute(DefaultBuildOperationRunner.java:199)
	at org.gradle.internal.operations.DefaultBuildOperationRunner$2.execute(DefaultBuildOperationRunner.java:66)
	at org.gradle.internal.operations.DefaultBuildOperationRunner$2.execute(DefaultBuildOperationRunner.java:59)
	at org.gradle.internal.operations.DefaultBuildOperationRunner.execute(DefaultBuildOperationRunner.java:157)
	at org.gradle.internal.operations.DefaultBuildOperationRunner.execute(DefaultBuildOperationRunner.java:59)
	at org.gradle.internal.operations.DefaultBuildOperationRunner.call(DefaultBuildOperationRunner.java:53)
	at org.gradle.internal.operations.DefaultBuildOperationExecutor.call(DefaultBuildOperationExecutor.java:78)
	at org.gradle.launcher.exec.RunAsBuildOperationBuildActionExecutor.execute(RunAsBuildOperationBuildActionExecutor.java:57)
	at org.gradle.launcher.exec.RunAsWorkerThreadBuildActionExecutor.lambda$execute$0(RunAsWorkerThreadBuildActionExecutor.java:36)
	at org.gradle.internal.work.DefaultWorkerLeaseService.withLocks(DefaultWorkerLeaseService.java:264)
	at org.gradle.internal.work.DefaultWorkerLeaseService.runAsWorkerThread(DefaultWorkerLeaseService.java:128)
	at org.gradle.launcher.exec.RunAsWorkerThreadBuildActionExecutor.execute(RunAsWorkerThreadBuildActionExecutor.java:36)
	at org.gradle.tooling.internal.provider.continuous.ContinuousBuildActionExecutor.execute(ContinuousBuildActionExecutor.java:110)
	at org.gradle.tooling.internal.provider.SubscribableBuildActionExecutor.execute(SubscribableBuildActionExecutor.java:64)
	at org.gradle.internal.session.DefaultBuildSessionContext.execute(DefaultBuildSessionContext.java:46)
	at org.gradle.tooling.internal.provider.BuildSessionLifecycleBuildActionExecuter$ActionImpl.apply(BuildSessionLifecycleBuildActionExecuter.java:92)
	at org.gradle.tooling.internal.provider.BuildSessionLifecycleBuildActionExecuter$ActionImpl.apply(BuildSessionLifecycleBuildActionExecuter.java:80)
	at org.gradle.internal.session.BuildSessionState.run(BuildSessionState.java:69)
	at org.gradle.tooling.internal.provider.BuildSessionLifecycleBuildActionExecuter.execute(BuildSessionLifecycleBuildActionExecuter.java:62)
	at org.gradle.tooling.internal.provider.BuildSessionLifecycleBuildActionExecuter.execute(BuildSessionLifecycleBuildActionExecuter.java:41)
	at org.gradle.tooling.internal.provider.StartParamsValidatingActionExecuter.execute(StartParamsValidatingActionExecuter.java:64)
	at org.gradle.tooling.internal.provider.StartParamsValidatingActionExecuter.execute(StartParamsValidatingActionExecuter.java:32)
	at org.gradle.tooling.internal.provider.SessionFailureReportingActionExecuter.execute(SessionFailureReportingActionExecuter.java:51)
	at org.gradle.tooling.internal.provider.SessionFailureReportingActionExecuter.execute(SessionFailureReportingActionExecuter.java:39)
	at org.gradle.tooling.internal.provider.SetupLoggingActionExecuter.execute(SetupLoggingActionExecuter.java:47)
	at org.gradle.tooling.internal.provider.SetupLoggingActionExecuter.execute(SetupLoggingActionExecuter.java:31)
	at org.gradle.launcher.daemon.server.exec.ExecuteBuild.doBuild(ExecuteBuild.java:65)
	at org.gradle.launcher.daemon.server.exec.BuildCommandOnly.execute(BuildCommandOnly.java:37)
	at org.gradle.launcher.daemon.server.api.DaemonCommandExecution.proceed(DaemonCommandExecution.java:104)
	at org.gradle.launcher.daemon.server.exec.WatchForDisconnection.execute(WatchForDisconnection.java:39)
	at org.gradle.launcher.daemon.server.api.DaemonCommandExecution.proceed(DaemonCommandExecution.java:104)
	at org.gradle.launcher.daemon.server.exec.ResetDeprecationLogger.execute(ResetDeprecationLogger.java:29)
	at org.gradle.launcher.daemon.server.api.DaemonCommandExecution.proceed(DaemonCommandExecution.java:104)
	at org.gradle.launcher.daemon.server.exec.RequestStopIfSingleUsedDaemon.execute(RequestStopIfSingleUsedDaemon.java:35)
	at org.gradle.launcher.daemon.server.api.DaemonCommandExecution.proceed(DaemonCommandExecution.java:104)
	at org.gradle.launcher.daemon.server.exec.ForwardClientInput$2.create(ForwardClientInput.java:78)
	at org.gradle.launcher.daemon.server.exec.ForwardClientInput$2.create(ForwardClientInput.java:75)
	at org.gradle.util.internal.Swapper.swap(Swapper.java:38)
	at org.gradle.launcher.daemon.server.exec.ForwardClientInput.execute(ForwardClientInput.java:75)
	at org.gradle.launcher.daemon.server.api.DaemonCommandExecution.proceed(DaemonCommandExecution.java:104)
	at org.gradle.launcher.daemon.server.exec.LogAndCheckHealth.execute(LogAndCheckHealth.java:64)
	at org.gradle.launcher.daemon.server.api.DaemonCommandExecution.proceed(DaemonCommandExecution.java:104)
	at org.gradle.launcher.daemon.server.exec.LogToClient.doBuild(LogToClient.java:63)
	at org.gradle.launcher.daemon.server.exec.BuildCommandOnly.execute(BuildCommandOnly.java:37)
	at org.gradle.launcher.daemon.server.api.DaemonCommandExecution.proceed(DaemonCommandExecution.java:104)
	at org.gradle.launcher.daemon.server.exec.EstablishBuildEnvironment.doBuild(EstablishBuildEnvironment.java:84)
	at org.gradle.launcher.daemon.server.exec.BuildCommandOnly.execute(BuildCommandOnly.java:37)
	at org.gradle.launcher.daemon.server.api.DaemonCommandExecution.proceed(DaemonCommandExecution.java:104)
	at org.gradle.launcher.daemon.server.exec.StartBuildOrRespondWithBusy$1.run(StartBuildOrRespondWithBusy.java:52)
	at org.gradle.launcher.daemon.server.DaemonStateCoordinator$1.run(DaemonStateCoordinator.java:297)
	at org.gradle.internal.concurrent.ExecutorPolicy$CatchAndRecordFailures.onExecute(ExecutorPolicy.java:64)
	at org.gradle.internal.concurrent.AbstractManagedExecutor$1.run(AbstractManagedExecutor.java:47)
Caused by: com.android.builder.errors.EvalIssueException: Installed Build Tools revision 33.0.3 is corrupted. Remove and install again using the SDK Manager.
	at com.android.builder.errors.IssueReporter.reportError(IssueReporter.kt:122)
	at com.android.build.gradle.internal.SdkHandler.initTarget(SdkHandler.java:133)
	at com.android.build.gradle.internal.SdkFullLoadingStrategy.init(SdkFullLoadingStrategy.kt:50)
	at com.android.build.gradle.internal.SdkFullLoadingStrategy.getTargetBootClasspath(SdkFullLoadingStrategy.kt:71)
	at com.android.build.gradle.internal.SdkLoadingStrategy.getTargetBootClasspath(SdkLoadingStrategy.kt:35)
	at com.android.build.gradle.internal.SdkComponentsBuildService$VersionedSdkLoader$targetBootClasspathProvider$1.call(SdkComponents.kt:156)
	at com.android.build.gradle.internal.SdkComponentsBuildService$VersionedSdkLoader$targetBootClasspathProvider$1.call(SdkComponents.kt:116)
	at org.gradle.api.internal.provider.DefaultProvider.calculateOwnValue(DefaultProvider.java:72)
	at org.gradle.api.internal.provider.AbstractMinimalProvider.calculateValue(AbstractMinimalProvider.java:115)
	at org.gradle.api.internal.provider.FlatMapProvider.calculateOwnValue(FlatMapProvider.java:50)
	at org.gradle.api.internal.provider.AbstractMinimalProvider.calculateValue(AbstractMinimalProvider.java:115)
	at org.gradle.api.internal.provider.TransformBackedProvider.calculateOwnValue(TransformBackedProvider.java:82)
	at org.gradle.api.internal.provider.AbstractMinimalProvider.calculateOwnPresentValue(AbstractMinimalProvider.java:80)
	at org.gradle.api.internal.provider.AbstractMinimalProvider.get(AbstractMinimalProvider.java:100)
	at com.android.build.gradle.internal.scope.GlobalScope.lambda$getBootClasspath$6(GlobalScope.java:337)
	at org.gradle.api.internal.provider.DefaultProvider.calculateOwnValue(DefaultProvider.java:72)
	at org.gradle.api.internal.provider.AbstractMinimalProvider.calculateOwnPresentValue(AbstractMinimalProvider.java:80)
	at org.gradle.api.internal.provider.AbstractMinimalProvider.get(AbstractMinimalProvider.java:100)
	at org.gradle.api.internal.provider.ProviderResolutionStrategy$2.resolve(ProviderResolutionStrategy.java:33)
	at org.gradle.api.internal.file.collections.ProviderBackedFileCollection.visitDependencies(ProviderBackedFileCollection.java:57)
	at org.gradle.api.internal.tasks.CachingTaskDependencyResolveContext$TaskGraphImpl.getNodeValues(CachingTaskDependencyResolveContext.java:103)
	at org.gradle.internal.graph.CachingDirectedGraphWalker$GraphWithEmptyEdges.getNodeValues(CachingDirectedGraphWalker.java:213)
	at org.gradle.internal.graph.CachingDirectedGraphWalker.doSearch(CachingDirectedGraphWalker.java:121)
	at org.gradle.internal.graph.CachingDirectedGraphWalker.findValues(CachingDirectedGraphWalker.java:73)
	at org.gradle.api.internal.tasks.CachingTaskDependencyResolveContext.getDependencies(CachingTaskDependencyResolveContext.java:66)
	... 143 more
Caused by: java.lang.IllegalStateException: Installed Build Tools revision 33.0.3 is corrupted. Remove and install again using the SDK Manager.
	at com.android.builder.sdk.DefaultSdkLoader.getTargetInfo(DefaultSdkLoader.java:183)
	at com.android.build.gradle.internal.SdkHandler.initTarget(SdkHandler.java:113)
	... 166 more


Deprecated Gradle features were used in this build, making it incompatible with Gradle 9.0.

You can use '--warning-mode all' to show the individual deprecation warnings and determine if they come from your own scripts or plugins.

For more on this, please refer to https://docs.gradle.org/8.4/userguide/command_line_interface.html#sec:command_line_warnings in the Gradle documentation.

BUILD FAILED in 45s
Some of the file system contents retained in the virtual file system are on file systems that Gradle doesn't support watching. The relevant state was discarded to ensure changes to these locations are properly detected. You can override this by explicitly enabling file system watching.
