Initialized native services in: /home/user/.gradle/native
Initialized jansi services in: /home/user/.gradle/native

Welcome to Gradle 8.4!

Here are the highlights of this release:
 - Compiling and testing with Java 21
 - Faster Java compilation on Windows
 - Role focused dependency configurations creation

For more details see https://docs.gradle.org/8.4/release-notes.html

Received JVM installation metadata from '/usr/lib/jvm/java-17-openjdk-arm64': {JAVA_HOME=/usr/lib/jvm/java-17-openjdk-arm64, JAVA_VERSION=17.0.17, JAVA_VENDOR=Ubuntu, RUNTIME_NAME=OpenJDK Runtime Environment, RUNTIME_VERSION=17.0.17+10-Ubuntu-125.10, VM_NAME=OpenJDK 64-Bit Server VM, VM_VERSION=17.0.17+10-Ubuntu-125.10, VM_VENDOR=Ubuntu, OS_ARCH=aarch64}
Removing 0 daemon stop events from registry
Starting a Gradle Daemon (subsequent builds will be faster)
Starting process 'Gradle build daemon'. Working directory: /home/user/.gradle/daemon/8.4 Command: /usr/lib/jvm/java-17-openjdk-arm64/bin/java --add-opens=java.base/java.util=ALL-UNNAMED --add-opens=java.base/java.lang=ALL-UNNAMED --add-opens=java.base/java.lang.invoke=ALL-UNNAMED --add-opens=java.prefs/java.util.prefs=ALL-UNNAMED --add-opens=java.base/java.nio.charset=ALL-UNNAMED --add-opens=java.base/java.net=ALL-UNNAMED --add-opens=java.base/java.util.concurrent.atomic=ALL-UNNAMED -Xmx2048m -Dfile.encoding=UTF-8 -Duser.country -Duser.language=en -Duser.variant -cp /home/user/.gradle/wrapper/dists/gradle-8.4-bin/1w5dpkrfk8irigvoxmyhowfim/gradle-8.4/lib/gradle-launcher-8.4.jar -javaagent:/home/user/.gradle/wrapper/dists/gradle-8.4-bin/1w5dpkrfk8irigvoxmyhowfim/gradle-8.4/lib/agents/gradle-instrumentation-agent-8.4.jar org.gradle.launcher.daemon.bootstrap.GradleDaemon 8.4
Successfully started process 'Gradle build daemon'
An attempt to start the daemon took 7.899 secs.
The client will now receive all logging from the daemon (pid: 6044). The daemon log file: /home/user/.gradle/daemon/8.4/daemon-6044.out.log
Starting build in new daemon [memory: 2 GiB]
Using 8 worker leases.
Received JVM installation metadata from '/usr/lib/jvm/java-17-openjdk-arm64': {JAVA_HOME=/usr/lib/jvm/java-17-openjdk-arm64, JAVA_VERSION=17.0.17, JAVA_VENDOR=Ubuntu, RUNTIME_NAME=OpenJDK Runtime Environment, RUNTIME_VERSION=17.0.17+10-Ubuntu-125.10, VM_NAME=OpenJDK 64-Bit Server VM, VM_VERSION=17.0.17+10-Ubuntu-125.10, VM_VENDOR=Ubuntu, OS_ARCH=aarch64}
Watching the file system is configured to be enabled if available
Not watching /home/user/LatLongShareAndroid2Ubuntu since the file system is not supported
File system watching is active
Starting Build
Compiling settings file '/home/user/LatLongShareAndroid2Ubuntu/settings.gradle' using SubsetScriptTransformer.
Compiling settings file '/home/user/LatLongShareAndroid2Ubuntu/settings.gradle' using BuildScriptTransformer.
Settings evaluated using settings file '/home/user/LatLongShareAndroid2Ubuntu/settings.gradle'.
Projects loaded. Root project using build file '/home/user/LatLongShareAndroid2Ubuntu/build.gradle'.
Included projects: [root project 'LatLongShareAndroid2Ubuntu', project ':app']

> Configure project :
Evaluating root project 'LatLongShareAndroid2Ubuntu' using build file '/home/user/LatLongShareAndroid2Ubuntu/build.gradle'.
Compiling build file '/home/user/LatLongShareAndroid2Ubuntu/build.gradle' using SubsetScriptTransformer.
Resource missing. [HTTP GET: https://dl.google.com/dl/android/maven2/org/jetbrains/kotlin/kotlin-gradle-plugin/1.9.0/kotlin-gradle-plugin-1.9.0.pom]
Downloading https://dl.google.com/dl/android/maven2/com/android/tools/build/gradle/4.2.2/gradle-4.2.2.pom to /home/user/.gradle/.tmp/gradle_download7890466007017148123bin
Downloading https://repo.maven.apache.org/maven2/org/jetbrains/kotlin/kotlin-gradle-plugin/1.9.0/kotlin-gradle-plugin-1.9.0.pom to /home/user/.gradle/.tmp/gradle_download8950534848793261914bin
Resource missing. [HTTP GET: https://dl.google.com/dl/android/maven2/org/jetbrains/kotlin/kotlin-gradle-plugins-bom/1.9.0/kotlin-gradle-plugins-bom-1.9.0.pom]
Downloading https://repo.maven.apache.org/maven2/org/jetbrains/kotlin/kotlin-gradle-plugins-bom/1.9.0/kotlin-gradle-plugins-bom-1.9.0.pom to /home/user/.gradle/.tmp/gradle_download14243535814342652092bin
Downloading https://dl.google.com/dl/android/maven2/com/android/tools/build/gradle/4.2.2/gradle-4.2.2.module to /home/user/.gradle/.tmp/gradle_download17249298262694847500bin
Downloading https://repo.maven.apache.org/maven2/org/jetbrains/kotlin/kotlin-gradle-plugins-bom/1.9.0/kotlin-gradle-plugins-bom-1.9.0.module to /home/user/.gradle/.tmp/gradle_download10389421548600118513bin
Downloading https://repo.maven.apache.org/maven2/org/jetbrains/kotlin/kotlin-gradle-plugin/1.9.0/kotlin-gradle-plugin-1.9.0.module to /home/user/.gradle/.tmp/gradle_download2415714496387971131bin
Resource missing. [HTTP GET: https://dl.google.com/dl/android/maven2/org/tensorflow/tensorflow-lite-metadata/0.1.0-rc2/tensorflow-lite-metadata-0.1.0-rc2.pom]
Downloading https://dl.google.com/dl/android/maven2/com/android/tools/build/aaptcompiler/4.2.2/aaptcompiler-4.2.2.pom to /home/user/.gradle/.tmp/gradle_download8268267854755181392bin
Downloading https://repo.maven.apache.org/maven2/org/tensorflow/tensorflow-lite-metadata/0.1.0-rc2/tensorflow-lite-metadata-0.1.0-rc2.pom to /home/user/.gradle/.tmp/gradle_download11631065156336722463bin
Resource missing. [HTTP GET: https://dl.google.com/dl/android/maven2/org/sonatype/oss/oss-parent/7/oss-parent-7.pom]
Downloading https://dl.google.com/dl/android/maven2/com/android/tools/lint/lint-gradle-api/27.2.2/lint-gradle-api-27.2.2.pom to /home/user/.gradle/.tmp/gradle_download10293367150812195998bin
Downloading https://dl.google.com/dl/android/maven2/com/android/tools/build/aaptcompiler/4.2.2/aaptcompiler-4.2.2.module to /home/user/.gradle/.tmp/gradle_download9474613226694884681bin
Resource missing. [HTTP GET: https://dl.google.com/dl/android/maven2/com/google/flatbuffers/flatbuffers-java/1.12.0/flatbuffers-java-1.12.0.pom]
Downloading https://repo.maven.apache.org/maven2/org/sonatype/oss/oss-parent/7/oss-parent-7.pom to /home/user/.gradle/.tmp/gradle_download1057299824202056366bin
Downloading https://dl.google.com/dl/android/maven2/com/android/tools/build/gradle-api/4.2.2/gradle-api-4.2.2.pom to /home/user/.gradle/.tmp/gradle_download7184585860875055706bin
Downloading https://dl.google.com/dl/android/maven2/com/android/tools/build/aapt2-proto/4.2.2-7147631/aapt2-proto-4.2.2-7147631.pom to /home/user/.gradle/.tmp/gradle_download17552008586989024029bin
Downloading https://dl.google.com/dl/android/maven2/com/android/tools/build/builder/4.2.2/builder-4.2.2.pom to /home/user/.gradle/.tmp/gradle_download1732157574297330722bin
Downloading https://dl.google.com/dl/android/maven2/com/android/tools/analytics-library/crash/27.2.2/crash-27.2.2.pom to /home/user/.gradle/.tmp/gradle_download11082974712656627025bin
Downloading https://repo.maven.apache.org/maven2/com/google/flatbuffers/flatbuffers-java/1.12.0/flatbuffers-java-1.12.0.pom to /home/user/.gradle/.tmp/gradle_download6108627117487099658bin
Downloading https://dl.google.com/dl/android/maven2/com/android/tools/lint/lint-gradle-api/27.2.2/lint-gradle-api-27.2.2.module to /home/user/.gradle/.tmp/gradle_download11447899934140692428bin
Downloading https://dl.google.com/dl/android/maven2/androidx/databinding/databinding-compiler-common/4.2.2/databinding-compiler-common-4.2.2.pom to /home/user/.gradle/.tmp/gradle_download8233384721111086041bin
Downloading https://dl.google.com/dl/android/maven2/com/android/tools/build/gradle-api/4.2.2/gradle-api-4.2.2.module to /home/user/.gradle/.tmp/gradle_download8784107184449541811bin
Downloading https://dl.google.com/dl/android/maven2/com/android/tools/build/aapt2-proto/4.2.2-7147631/aapt2-proto-4.2.2-7147631.module to /home/user/.gradle/.tmp/gradle_download9167681433189613351bin
Downloading https://dl.google.com/dl/android/maven2/com/android/tools/analytics-library/crash/27.2.2/crash-27.2.2.module to /home/user/.gradle/.tmp/gradle_download6494871583315080417bin
Resource missing. [HTTP GET: https://dl.google.com/dl/android/maven2/org/jetbrains/kotlin/kotlin-stdlib-jdk8/1.4.31/kotlin-stdlib-jdk8-1.4.31.pom]
Downloading https://dl.google.com/dl/android/maven2/com/android/tools/build/transform-api/2.0.0-deprecated-use-gradle-api/transform-api-2.0.0-deprecated-use-gradle-api.pom to /home/user/.gradle/.tmp/gradle_download7873306554246723038bin
Downloading https://dl.google.com/dl/android/maven2/com/android/tools/build/builder/4.2.2/builder-4.2.2.module to /home/user/.gradle/.tmp/gradle_download8936562840587647153bin
Resource missing. [HTTP GET: https://dl.google.com/dl/android/maven2/org/ow2/asm/asm/7.0/asm-7.0.pom]
Downloading https://repo.maven.apache.org/maven2/org/jetbrains/kotlin/kotlin-stdlib-jdk8/1.4.31/kotlin-stdlib-jdk8-1.4.31.pom to /home/user/.gradle/.tmp/gradle_download11975893500926538015bin
Downloading https://dl.google.com/dl/android/maven2/androidx/databinding/databinding-compiler-common/4.2.2/databinding-compiler-common-4.2.2.module to /home/user/.gradle/.tmp/gradle_download2884187981748939689bin
Resource missing. [HTTP GET: https://dl.google.com/dl/android/maven2/org/ow2/asm/asm-util/7.0/asm-util-7.0.pom]
Resource missing. [HTTP GET: https://dl.google.com/dl/android/maven2/org/ow2/asm/asm-commons/7.0/asm-commons-7.0.pom]
Resource missing. [HTTP GET: https://dl.google.com/dl/android/maven2/org/ow2/asm/asm-analysis/7.0/asm-analysis-7.0.pom]
Resource missing. [HTTP GET: https://dl.google.com/dl/android/maven2/net/sf/proguard/proguard-gradle/6.0.3/proguard-gradle-6.0.3.pom]
Resource missing. [HTTP GET: https://dl.google.com/dl/android/maven2/net/sf/jopt-simple/jopt-simple/4.9/jopt-simple-4.9.pom]
Downloading https://repo.maven.apache.org/maven2/org/ow2/asm/asm/7.0/asm-7.0.pom to /home/user/.gradle/.tmp/gradle_download9191458589958465011bin
Downloading https://repo.maven.apache.org/maven2/org/ow2/asm/asm-util/7.0/asm-util-7.0.pom to /home/user/.gradle/.tmp/gradle_download5832017622039799069bin
Downloading https://dl.google.com/dl/android/maven2/com/android/tools/build/bundletool/1.1.0/bundletool-1.1.0.pom to /home/user/.gradle/.tmp/gradle_download3526747724291020503bin
Downloading https://dl.google.com/dl/android/maven2/com/android/tools/build/jetifier/jetifier-core/1.0.0-beta09/jetifier-core-1.0.0-beta09.pom to /home/user/.gradle/.tmp/gradle_download4921426554069297208bin
Downloading https://repo.maven.apache.org/maven2/net/sf/jopt-simple/jopt-simple/4.9/jopt-simple-4.9.pom to /home/user/.gradle/.tmp/gradle_download15905934660575636333bin
Downloading https://repo.maven.apache.org/maven2/net/sf/proguard/proguard-gradle/6.0.3/proguard-gradle-6.0.3.pom to /home/user/.gradle/.tmp/gradle_download5608594216817827814bin
Downloading https://repo.maven.apache.org/maven2/org/ow2/asm/asm-commons/7.0/asm-commons-7.0.pom to /home/user/.gradle/.tmp/gradle_download1667244794616134615bin
Downloading https://repo.maven.apache.org/maven2/org/ow2/asm/asm-analysis/7.0/asm-analysis-7.0.pom to /home/user/.gradle/.tmp/gradle_download2062740796034694041bin
Resource missing. [HTTP GET: https://dl.google.com/dl/android/maven2/org/ow2/ow2/1.5/ow2-1.5.pom]
Downloading https://repo.maven.apache.org/maven2/org/ow2/ow2/1.5/ow2-1.5.pom to /home/user/.gradle/.tmp/gradle_download18016175587117660142bin
Resource missing. [HTTP GET: https://dl.google.com/dl/android/maven2/com/squareup/javapoet/1.10.0/javapoet-1.10.0.pom]
Downloading https://dl.google.com/dl/android/maven2/com/android/tools/build/jetifier/jetifier-processor/1.0.0-beta09/jetifier-processor-1.0.0-beta09.pom to /home/user/.gradle/.tmp/gradle_download3192150218899179818bin
Resource missing. [HTTP GET: https://dl.google.com/dl/android/maven2/net/sf/proguard/proguard-parent/6.0.3/proguard-parent-6.0.3.pom]
Resource missing. [HTTP GET: https://dl.google.com/dl/android/maven2/com/google/protobuf/protobuf-java/3.10.0/protobuf-java-3.10.0.pom]
Downloading https://repo.maven.apache.org/maven2/com/google/protobuf/protobuf-java/3.10.0/protobuf-java-3.10.0.pom to /home/user/.gradle/.tmp/gradle_download17159140642399228191bin
Downloading https://repo.maven.apache.org/maven2/net/sf/proguard/proguard-parent/6.0.3/proguard-parent-6.0.3.pom to /home/user/.gradle/.tmp/gradle_download3143410129870952848bin
Downloading https://repo.maven.apache.org/maven2/com/squareup/javapoet/1.10.0/javapoet-1.10.0.pom to /home/user/.gradle/.tmp/gradle_download3267117405435465981bin
Resource missing. [HTTP GET: https://dl.google.com/dl/android/maven2/com/google/protobuf/protobuf-java-util/3.10.0/protobuf-java-util-3.10.0.pom]
Downloading https://repo.maven.apache.org/maven2/com/google/protobuf/protobuf-java-util/3.10.0/protobuf-java-util-3.10.0.pom to /home/user/.gradle/.tmp/gradle_download280726516957532766bin
Downloading https://dl.google.com/dl/android/maven2/com/google/testing/platform/core-proto/0.0.8-alpha01/core-proto-0.0.8-alpha01.pom to /home/user/.gradle/.tmp/gradle_download17686494309290530946bin
Resource missing. [HTTP GET: https://dl.google.com/dl/android/maven2/com/google/crypto/tink/tink/1.3.0-rc2/tink-1.3.0-rc2.pom]
Resource missing. [HTTP GET: https://dl.google.com/dl/android/maven2/com/google/protobuf/protobuf-parent/3.10.0/protobuf-parent-3.10.0.pom]
Downloading https://repo.maven.apache.org/maven2/com/google/crypto/tink/tink/1.3.0-rc2/tink-1.3.0-rc2.pom to /home/user/.gradle/.tmp/gradle_download15218428499790711357bin
Downloading https://repo.maven.apache.org/maven2/com/google/protobuf/protobuf-parent/3.10.0/protobuf-parent-3.10.0.pom to /home/user/.gradle/.tmp/gradle_download15850831609811370082bin
Resource missing. [HTTP GET: https://dl.google.com/dl/android/maven2/com/google/protobuf/protobuf-bom/3.10.0/protobuf-bom-3.10.0.pom]
Downloading https://repo.maven.apache.org/maven2/com/google/protobuf/protobuf-bom/3.10.0/protobuf-bom-3.10.0.pom to /home/user/.gradle/.tmp/gradle_download15250979745573876937bin
Resource missing. [HTTP GET: https://dl.google.com/dl/android/maven2/org/jetbrains/kotlin/kotlin-gradle-plugin-idea/1.9.0/kotlin-gradle-plugin-idea-1.9.0.pom]
Resource missing. [HTTP GET: https://dl.google.com/dl/android/maven2/org/jetbrains/kotlin/kotlin-gradle-plugin-model/1.9.0/kotlin-gradle-plugin-model-1.9.0.pom]
Resource missing. [HTTP GET: https://dl.google.com/dl/android/maven2/org/jetbrains/kotlin/kotlin-gradle-plugin-idea-proto/1.9.0/kotlin-gradle-plugin-idea-proto-1.9.0.pom]
Resource missing. [HTTP GET: https://dl.google.com/dl/android/maven2/org/jetbrains/kotlin/kotlin-util-klib/1.9.0/kotlin-util-klib-1.9.0.pom]
Resource missing. [HTTP GET: https://dl.google.com/dl/android/maven2/org/jetbrains/kotlin/kotlin-klib-commonizer-api/1.9.0/kotlin-klib-commonizer-api-1.9.0.pom]
Resource missing. [HTTP GET: https://dl.google.com/dl/android/maven2/org/jetbrains/kotlin/kotlin-gradle-plugin-api/1.9.0/kotlin-gradle-plugin-api-1.9.0.pom]
Downloading https://repo.maven.apache.org/maven2/org/jetbrains/kotlin/kotlin-gradle-plugin-idea/1.9.0/kotlin-gradle-plugin-idea-1.9.0.pom to /home/user/.gradle/.tmp/gradle_download2295857793642087278bin
Resource missing. [HTTP GET: https://dl.google.com/dl/android/maven2/org/jetbrains/kotlin/kotlin-tooling-core/1.9.0/kotlin-tooling-core-1.9.0.pom]
Downloading https://repo.maven.apache.org/maven2/org/jetbrains/kotlin/kotlin-util-klib/1.9.0/kotlin-util-klib-1.9.0.pom to /home/user/.gradle/.tmp/gradle_download3226024473245029553bin
Downloading https://repo.maven.apache.org/maven2/org/jetbrains/kotlin/kotlin-gradle-plugin-model/1.9.0/kotlin-gradle-plugin-model-1.9.0.pom to /home/user/.gradle/.tmp/gradle_download6788061950192237121bin
Downloading https://repo.maven.apache.org/maven2/org/jetbrains/kotlin/kotlin-gradle-plugin-idea-proto/1.9.0/kotlin-gradle-plugin-idea-proto-1.9.0.pom to /home/user/.gradle/.tmp/gradle_download14287323290689282114bin
Downloading https://repo.maven.apache.org/maven2/org/jetbrains/kotlin/kotlin-klib-commonizer-api/1.9.0/kotlin-klib-commonizer-api-1.9.0.pom to /home/user/.gradle/.tmp/gradle_download4025921101450573645bin
Downloading https://repo.maven.apache.org/maven2/org/jetbrains/kotlin/kotlin-gradle-plugin-api/1.9.0/kotlin-gradle-plugin-api-1.9.0.pom to /home/user/.gradle/.tmp/gradle_download14463420783911129114bin
Downloading https://repo.maven.apache.org/maven2/org/jetbrains/kotlin/kotlin-tooling-core/1.9.0/kotlin-tooling-core-1.9.0.pom to /home/user/.gradle/.tmp/gradle_download15422870569680705064bin
Downloading https://repo.maven.apache.org/maven2/org/jetbrains/kotlin/kotlin-gradle-plugin-idea/1.9.0/kotlin-gradle-plugin-idea-1.9.0.module to /home/user/.gradle/.tmp/gradle_download9555898464691667879bin
Downloading https://repo.maven.apache.org/maven2/org/jetbrains/kotlin/kotlin-gradle-plugin-model/1.9.0/kotlin-gradle-plugin-model-1.9.0.module to /home/user/.gradle/.tmp/gradle_download9047461492316497864bin
Downloading https://repo.maven.apache.org/maven2/org/jetbrains/kotlin/kotlin-gradle-plugin-api/1.9.0/kotlin-gradle-plugin-api-1.9.0.module to /home/user/.gradle/.tmp/gradle_download8045857391615931328bin
Resource missing. [HTTP GET: https://dl.google.com/dl/android/maven2/org/jetbrains/kotlin/kotlin-project-model/1.9.0/kotlin-project-model-1.9.0.pom]
Resource missing. [HTTP GET: https://dl.google.com/dl/android/maven2/org/jetbrains/kotlin/kotlin-compiler-embeddable/1.9.0/kotlin-compiler-embeddable-1.9.0.pom]
Resource missing. [HTTP GET: https://dl.google.com/dl/android/maven2/org/jetbrains/kotlin/kotlin-compiler-runner/1.9.0/kotlin-compiler-runner-1.9.0.pom]
Resource missing. [HTTP GET: https://dl.google.com/dl/android/maven2/org/jetbrains/kotlin/kotlin-build-tools-api/1.9.0/kotlin-build-tools-api-1.9.0.pom]
Resource missing. [HTTP GET: https://dl.google.com/dl/android/maven2/org/jetbrains/kotlin/kotlin-android-extensions/1.9.0/kotlin-android-extensions-1.9.0.pom]
Downloading https://repo.maven.apache.org/maven2/org/jetbrains/kotlin/kotlin-project-model/1.9.0/kotlin-project-model-1.9.0.pom to /home/user/.gradle/.tmp/gradle_download16582037843158419935bin
Downloading https://repo.maven.apache.org/maven2/org/jetbrains/kotlin/kotlin-compiler-embeddable/1.9.0/kotlin-compiler-embeddable-1.9.0.pom to /home/user/.gradle/.tmp/gradle_download17058851384850254414bin
Downloading https://repo.maven.apache.org/maven2/org/jetbrains/kotlin/kotlin-compiler-runner/1.9.0/kotlin-compiler-runner-1.9.0.pom to /home/user/.gradle/.tmp/gradle_download1002490145310025379bin
Downloading https://repo.maven.apache.org/maven2/org/jetbrains/kotlin/kotlin-build-tools-api/1.9.0/kotlin-build-tools-api-1.9.0.pom to /home/user/.gradle/.tmp/gradle_download7963527696131486050bin
Resource missing. [HTTP GET: https://dl.google.com/dl/android/maven2/org/jetbrains/kotlin/kotlin-scripting-compiler-embeddable/1.9.0/kotlin-scripting-compiler-embeddable-1.9.0.pom]
Downloading https://repo.maven.apache.org/maven2/org/jetbrains/kotlin/kotlin-android-extensions/1.9.0/kotlin-android-extensions-1.9.0.pom to /home/user/.gradle/.tmp/gradle_download13384190985476480598bin
Resource missing. [HTTP GET: https://dl.google.com/dl/android/maven2/org/jetbrains/kotlin/kotlin-scripting-compiler-impl-embeddable/1.9.0/kotlin-scripting-compiler-impl-embeddable-1.9.0.pom]
Downloading https://repo.maven.apache.org/maven2/org/jetbrains/kotlin/kotlin-scripting-compiler-impl-embeddable/1.9.0/kotlin-scripting-compiler-impl-embeddable-1.9.0.pom to /home/user/.gradle/.tmp/gradle_download6729920541729561887bin
Downloading https://repo.maven.apache.org/maven2/org/jetbrains/kotlin/kotlin-scripting-compiler-embeddable/1.9.0/kotlin-scripting-compiler-embeddable-1.9.0.pom to /home/user/.gradle/.tmp/gradle_download15450076420253510001bin
Resource missing. [HTTP GET: https://dl.google.com/dl/android/maven2/org/checkerframework/checker-qual/2.5.8/checker-qual-2.5.8.pom]
Downloading https://repo.maven.apache.org/maven2/org/checkerframework/checker-qual/2.5.8/checker-qual-2.5.8.pom to /home/user/.gradle/.tmp/gradle_download16927935575735863988bin
Downloading https://dl.google.com/dl/android/maven2/com/android/zipflinger/4.2.2/zipflinger-4.2.2.pom to /home/user/.gradle/.tmp/gradle_download15521133920588581079bin
Downloading https://dl.google.com/dl/android/maven2/com/android/tools/common/27.2.2/common-27.2.2.pom to /home/user/.gradle/.tmp/gradle_download10827078928015354968bin
Downloading https://dl.google.com/dl/android/maven2/com/android/tools/build/builder-model/4.2.2/builder-model-4.2.2.pom to /home/user/.gradle/.tmp/gradle_download443618288170502783bin
Downloading https://dl.google.com/dl/android/maven2/com/android/tools/ddms/ddmlib/27.2.2/ddmlib-27.2.2.pom to /home/user/.gradle/.tmp/gradle_download12979103681279733677bin
Downloading https://dl.google.com/dl/android/maven2/com/android/tools/sdklib/27.2.2/sdklib-27.2.2.pom to /home/user/.gradle/.tmp/gradle_download10137738551718036377bin
Downloading https://dl.google.com/dl/android/maven2/com/android/tools/build/manifest-merger/27.2.2/manifest-merger-27.2.2.pom to /home/user/.gradle/.tmp/gradle_download7664254191618206620bin
Downloading https://dl.google.com/dl/android/maven2/com/android/tools/sdk-common/27.2.2/sdk-common-27.2.2.pom to /home/user/.gradle/.tmp/gradle_download16749874322220402839bin
Downloading https://dl.google.com/dl/android/maven2/com/android/tools/build/builder-test-api/4.2.2/builder-test-api-4.2.2.pom to /home/user/.gradle/.tmp/gradle_download13207739549586874802bin
Downloading https://dl.google.com/dl/android/maven2/com/android/tools/build/manifest-merger/27.2.2/manifest-merger-27.2.2.module to /home/user/.gradle/.tmp/gradle_download16119834052327821bin
Downloading https://dl.google.com/dl/android/maven2/com/android/tools/sdklib/27.2.2/sdklib-27.2.2.module to /home/user/.gradle/.tmp/gradle_download13187026354772285464bin
Downloading https://dl.google.com/dl/android/maven2/com/android/tools/ddms/ddmlib/27.2.2/ddmlib-27.2.2.module to /home/user/.gradle/.tmp/gradle_download1675666884065794956bin
Downloading https://dl.google.com/dl/android/maven2/com/android/tools/common/27.2.2/common-27.2.2.module to /home/user/.gradle/.tmp/gradle_download4241074291837389750bin
Downloading https://dl.google.com/dl/android/maven2/com/android/zipflinger/4.2.2/zipflinger-4.2.2.module to /home/user/.gradle/.tmp/gradle_download11979377143157594618bin
Downloading https://dl.google.com/dl/android/maven2/com/android/tools/build/builder-test-api/4.2.2/builder-test-api-4.2.2.module to /home/user/.gradle/.tmp/gradle_download1470177211634052409bin
Downloading https://dl.google.com/dl/android/maven2/com/android/tools/build/builder-model/4.2.2/builder-model-4.2.2.module to /home/user/.gradle/.tmp/gradle_download1932537106148573274bin
Downloading https://dl.google.com/dl/android/maven2/com/android/tools/sdk-common/27.2.2/sdk-common-27.2.2.module to /home/user/.gradle/.tmp/gradle_download4758121960731844726bin
Downloading https://dl.google.com/dl/android/maven2/com/android/signflinger/4.2.2/signflinger-4.2.2.pom to /home/user/.gradle/.tmp/gradle_download8560220169223312635bin
Downloading https://dl.google.com/dl/android/maven2/com/android/tools/analytics-library/protos/27.2.2/protos-27.2.2.pom to /home/user/.gradle/.tmp/gradle_download13332916480200631358bin
Downloading https://dl.google.com/dl/android/maven2/com/android/tools/build/apksig/4.2.2/apksig-4.2.2.pom to /home/user/.gradle/.tmp/gradle_download11001135674428889255bin
Downloading https://dl.google.com/dl/android/maven2/com/android/tools/analytics-library/tracker/27.2.2/tracker-27.2.2.pom to /home/user/.gradle/.tmp/gradle_download17025009982133064173bin
Resource missing. [HTTP GET: https://dl.google.com/dl/android/maven2/com/squareup/javawriter/2.5.0/javawriter-2.5.0.pom]
Resource missing. [HTTP GET: https://dl.google.com/dl/android/maven2/org/bouncycastle/bcpkix-jdk15on/1.56/bcpkix-jdk15on-1.56.pom]
Resource missing. [HTTP GET: https://dl.google.com/dl/android/maven2/org/bouncycastle/bcprov-jdk15on/1.56/bcprov-jdk15on-1.56.pom]
Downloading https://dl.google.com/dl/android/maven2/com/android/tools/build/apkzlib/4.2.2/apkzlib-4.2.2.pom to /home/user/.gradle/.tmp/gradle_download3142031069654945047bin
Downloading https://dl.google.com/dl/android/maven2/com/android/signflinger/4.2.2/signflinger-4.2.2.module to /home/user/.gradle/.tmp/gradle_download11059326934489542191bin
Downloading https://repo.maven.apache.org/maven2/org/bouncycastle/bcpkix-jdk15on/1.56/bcpkix-jdk15on-1.56.pom to /home/user/.gradle/.tmp/gradle_download14434392305689291626bin
Downloading https://repo.maven.apache.org/maven2/com/squareup/javawriter/2.5.0/javawriter-2.5.0.pom to /home/user/.gradle/.tmp/gradle_download9392571442317730425bin
Downloading https://repo.maven.apache.org/maven2/org/bouncycastle/bcprov-jdk15on/1.56/bcprov-jdk15on-1.56.pom to /home/user/.gradle/.tmp/gradle_download12578454540058760331bin
Downloading https://dl.google.com/dl/android/maven2/com/android/tools/analytics-library/protos/27.2.2/protos-27.2.2.module to /home/user/.gradle/.tmp/gradle_download6390628596258406588bin
Downloading https://dl.google.com/dl/android/maven2/com/android/tools/build/apksig/4.2.2/apksig-4.2.2.module to /home/user/.gradle/.tmp/gradle_download15731471845527234954bin
Downloading https://dl.google.com/dl/android/maven2/com/android/tools/analytics-library/tracker/27.2.2/tracker-27.2.2.module to /home/user/.gradle/.tmp/gradle_download17631192553530408246bin
Downloading https://dl.google.com/dl/android/maven2/com/android/tools/build/apkzlib/4.2.2/apkzlib-4.2.2.module to /home/user/.gradle/.tmp/gradle_download15702493068355151118bin
Resource missing. [HTTP GET: https://dl.google.com/dl/android/maven2/org/ow2/asm/asm-tree/7.0/asm-tree-7.0.pom]
Resource missing. [HTTP GET: https://dl.google.com/dl/android/maven2/com/googlecode/json-simple/json-simple/1.1/json-simple-1.1.pom]
Resource missing. [HTTP GET: https://dl.google.com/dl/android/maven2/javax/inject/javax.inject/1/javax.inject-1.pom]
Resource missing. [HTTP GET: https://dl.google.com/dl/android/maven2/it/unimi/dsi/fastutil/8.4.0/fastutil-8.4.0.pom]
Downloading https://repo.maven.apache.org/maven2/org/ow2/asm/asm-tree/7.0/asm-tree-7.0.pom to /home/user/.gradle/.tmp/gradle_download12437598551892689203bin
Downloading https://repo.maven.apache.org/maven2/com/googlecode/json-simple/json-simple/1.1/json-simple-1.1.pom to /home/user/.gradle/.tmp/gradle_download6643950761111505748bin
Downloading https://repo.maven.apache.org/maven2/javax/inject/javax.inject/1/javax.inject-1.pom to /home/user/.gradle/.tmp/gradle_download18281190829509906763bin
Downloading https://repo.maven.apache.org/maven2/it/unimi/dsi/fastutil/8.4.0/fastutil-8.4.0.pom to /home/user/.gradle/.tmp/gradle_download3819273822965588158bin
Resource missing. [HTTP GET: https://dl.google.com/dl/android/maven2/com/google/guava/guava/28.1-jre/guava-28.1-jre.pom]
Downloading https://dl.google.com/dl/android/maven2/com/android/tools/layoutlib/layoutlib-api/27.2.2/layoutlib-api-27.2.2.pom to /home/user/.gradle/.tmp/gradle_download18015739686495406013bin
Downloading https://repo.maven.apache.org/maven2/com/google/guava/guava/28.1-jre/guava-28.1-jre.pom to /home/user/.gradle/.tmp/gradle_download7689234833103625761bin
Resource missing. [HTTP GET: https://dl.google.com/dl/android/maven2/com/google/guava/guava-parent/28.1-jre/guava-parent-28.1-jre.pom]
Downloading https://dl.google.com/dl/android/maven2/com/android/tools/layoutlib/layoutlib-api/27.2.2/layoutlib-api-27.2.2.module to /home/user/.gradle/.tmp/gradle_download8972746690788842263bin
Downloading https://repo.maven.apache.org/maven2/com/google/guava/guava-parent/28.1-jre/guava-parent-28.1-jre.pom to /home/user/.gradle/.tmp/gradle_download14197437956612893190bin
Resource missing. [HTTP GET: https://dl.google.com/dl/android/maven2/org/apache/httpcomponents/httpclient/4.5.6/httpclient-4.5.6.pom]
Resource missing. [HTTP GET: https://dl.google.com/dl/android/maven2/org/apache/httpcomponents/httpmime/4.5.6/httpmime-4.5.6.pom]
Resource missing. [HTTP GET: https://dl.google.com/dl/android/maven2/org/apache/httpcomponents/httpcore/4.4.10/httpcore-4.4.10.pom]
Downloading https://repo.maven.apache.org/maven2/org/apache/httpcomponents/httpclient/4.5.6/httpclient-4.5.6.pom to /home/user/.gradle/.tmp/gradle_download12179547884592852672bin
Downloading https://dl.google.com/dl/android/maven2/com/android/tools/annotations/27.2.2/annotations-27.2.2.pom to /home/user/.gradle/.tmp/gradle_download1100255688292524434bin
Downloading https://repo.maven.apache.org/maven2/org/apache/httpcomponents/httpmime/4.5.6/httpmime-4.5.6.pom to /home/user/.gradle/.tmp/gradle_download18110544284860818582bin
Downloading https://repo.maven.apache.org/maven2/org/apache/httpcomponents/httpcore/4.4.10/httpcore-4.4.10.pom to /home/user/.gradle/.tmp/gradle_download16650592460054056043bin
Resource missing. [HTTP GET: https://dl.google.com/dl/android/maven2/org/apache/httpcomponents/httpcomponents-core/4.4.10/httpcomponents-core-4.4.10.pom]
Resource missing. [HTTP GET: https://dl.google.com/dl/android/maven2/org/apache/httpcomponents/httpcomponents-client/4.5.6/httpcomponents-client-4.5.6.pom]
Downloading https://dl.google.com/dl/android/maven2/com/android/tools/annotations/27.2.2/annotations-27.2.2.module to /home/user/.gradle/.tmp/gradle_download15787750372016350333bin
Downloading https://repo.maven.apache.org/maven2/org/apache/httpcomponents/httpcomponents-core/4.4.10/httpcomponents-core-4.4.10.pom to /home/user/.gradle/.tmp/gradle_download9938992406111637513bin
Downloading https://repo.maven.apache.org/maven2/org/apache/httpcomponents/httpcomponents-client/4.5.6/httpcomponents-client-4.5.6.pom to /home/user/.gradle/.tmp/gradle_download13419262035882679317bin
Resource missing. [HTTP GET: https://dl.google.com/dl/android/maven2/org/apache/httpcomponents/httpcomponents-parent/10/httpcomponents-parent-10.pom]
Downloading https://repo.maven.apache.org/maven2/org/apache/httpcomponents/httpcomponents-parent/10/httpcomponents-parent-10.pom to /home/user/.gradle/.tmp/gradle_download17595779929918022172bin
Resource missing. [HTTP GET: https://dl.google.com/dl/android/maven2/org/apache/apache/18/apache-18.pom]
Downloading https://repo.maven.apache.org/maven2/org/apache/apache/18/apache-18.pom to /home/user/.gradle/.tmp/gradle_download3026512006193415873bin
Downloading https://dl.google.com/dl/android/maven2/com/android/tools/lint/lint-model/27.2.2/lint-model-27.2.2.pom to /home/user/.gradle/.tmp/gradle_download11898076008447389831bin
Resource missing. [HTTP GET: https://dl.google.com/dl/android/maven2/org/jetbrains/kotlin/kotlin-reflect/1.4.31/kotlin-reflect-1.4.31.pom]
Downloading https://repo.maven.apache.org/maven2/org/jetbrains/kotlin/kotlin-reflect/1.4.31/kotlin-reflect-1.4.31.pom to /home/user/.gradle/.tmp/gradle_download3276917563886114241bin
Downloading https://dl.google.com/dl/android/maven2/com/android/tools/lint/lint-model/27.2.2/lint-model-27.2.2.module to /home/user/.gradle/.tmp/gradle_download8721186026121338795bin
Resource missing. [HTTP GET: https://dl.google.com/dl/android/maven2/com/google/code/gson/gson/2.8.6/gson-2.8.6.pom]
Resource missing. [HTTP GET: https://dl.google.com/dl/android/maven2/commons-io/commons-io/2.4/commons-io-2.4.pom]
Resource missing. [HTTP GET: https://dl.google.com/dl/android/maven2/org/glassfish/jaxb/jaxb-runtime/2.3.2/jaxb-runtime-2.3.2.pom]
Resource missing. [HTTP GET: https://dl.google.com/dl/android/maven2/org/antlr/antlr4/4.5.3/antlr4-4.5.3.pom]
Resource missing. [HTTP GET: https://dl.google.com/dl/android/maven2/com/googlecode/juniversalchardet/juniversalchardet/1.0.3/juniversalchardet-1.0.3.pom]
Downloading https://dl.google.com/dl/android/maven2/androidx/databinding/databinding-common/4.2.2/databinding-common-4.2.2.pom to /home/user/.gradle/.tmp/gradle_download10711519291543220957bin
Downloading https://repo.maven.apache.org/maven2/com/google/code/gson/gson/2.8.6/gson-2.8.6.pom to /home/user/.gradle/.tmp/gradle_download13146985286216296bin
Downloading https://repo.maven.apache.org/maven2/commons-io/commons-io/2.4/commons-io-2.4.pom to /home/user/.gradle/.tmp/gradle_download16608864984660588222bin
Downloading https://repo.maven.apache.org/maven2/org/glassfish/jaxb/jaxb-runtime/2.3.2/jaxb-runtime-2.3.2.pom to /home/user/.gradle/.tmp/gradle_download2195203500797599065bin
Downloading https://repo.maven.apache.org/maven2/com/googlecode/juniversalchardet/juniversalchardet/1.0.3/juniversalchardet-1.0.3.pom to /home/user/.gradle/.tmp/gradle_download13656751748126028262bin
Downloading https://repo.maven.apache.org/maven2/org/antlr/antlr4/4.5.3/antlr4-4.5.3.pom to /home/user/.gradle/.tmp/gradle_download18403814219346209639bin
Downloading https://dl.google.com/dl/android/maven2/androidx/databinding/databinding-common/4.2.2/databinding-common-4.2.2.module to /home/user/.gradle/.tmp/gradle_download5660133615442911258bin
Downloading https://dl.google.com/dl/android/maven2/com/android/databinding/baseLibrary/4.2.2/baseLibrary-4.2.2.pom to /home/user/.gradle/.tmp/gradle_download3198858945515393000bin
Resource missing. [HTTP GET: https://dl.google.com/dl/android/maven2/com/google/code/gson/gson-parent/2.8.6/gson-parent-2.8.6.pom]
Resource missing. [HTTP GET: https://dl.google.com/dl/android/maven2/com/sun/xml/bind/mvn/jaxb-runtime-parent/2.3.2/jaxb-runtime-parent-2.3.2.pom]
Resource missing. [HTTP GET: https://dl.google.com/dl/android/maven2/org/antlr/antlr4-master/4.5.3/antlr4-master-4.5.3.pom]
Resource missing. [HTTP GET: https://dl.google.com/dl/android/maven2/org/apache/commons/commons-parent/25/commons-parent-25.pom]
Downloading https://repo.maven.apache.org/maven2/com/google/code/gson/gson-parent/2.8.6/gson-parent-2.8.6.pom to /home/user/.gradle/.tmp/gradle_download8944947951217926377bin
Downloading https://repo.maven.apache.org/maven2/com/sun/xml/bind/mvn/jaxb-runtime-parent/2.3.2/jaxb-runtime-parent-2.3.2.pom to /home/user/.gradle/.tmp/gradle_download5332637101043943854bin
Downloading https://repo.maven.apache.org/maven2/org/antlr/antlr4-master/4.5.3/antlr4-master-4.5.3.pom to /home/user/.gradle/.tmp/gradle_download11145525082391845601bin
Downloading https://repo.maven.apache.org/maven2/org/apache/commons/commons-parent/25/commons-parent-25.pom to /home/user/.gradle/.tmp/gradle_download5231043805954178206bin
Downloading https://dl.google.com/dl/android/maven2/com/android/databinding/baseLibrary/4.2.2/baseLibrary-4.2.2.module to /home/user/.gradle/.tmp/gradle_download12670463446799230511bin
Resource missing. [HTTP GET: https://dl.google.com/dl/android/maven2/com/sun/xml/bind/mvn/jaxb-parent/2.3.2/jaxb-parent-2.3.2.pom]
Resource missing. [HTTP GET: https://dl.google.com/dl/android/maven2/org/sonatype/oss/oss-parent/9/oss-parent-9.pom]
Resource missing. [HTTP GET: https://dl.google.com/dl/android/maven2/org/apache/apache/9/apache-9.pom]
Downloading https://repo.maven.apache.org/maven2/com/sun/xml/bind/mvn/jaxb-parent/2.3.2/jaxb-parent-2.3.2.pom to /home/user/.gradle/.tmp/gradle_download16799444929319271462bin
Downloading https://repo.maven.apache.org/maven2/org/sonatype/oss/oss-parent/9/oss-parent-9.pom to /home/user/.gradle/.tmp/gradle_download9857692303431802716bin
Downloading https://repo.maven.apache.org/maven2/org/apache/apache/9/apache-9.pom to /home/user/.gradle/.tmp/gradle_download11847858826853144376bin
Resource missing. [HTTP GET: https://dl.google.com/dl/android/maven2/com/sun/xml/bind/jaxb-bom-ext/2.3.2/jaxb-bom-ext-2.3.2.pom]
Downloading https://repo.maven.apache.org/maven2/com/sun/xml/bind/jaxb-bom-ext/2.3.2/jaxb-bom-ext-2.3.2.pom to /home/user/.gradle/.tmp/gradle_download245432198582841998bin
Resource missing. [HTTP GET: https://dl.google.com/dl/android/maven2/org/glassfish/jaxb/jaxb-bom/2.3.2/jaxb-bom-2.3.2.pom]
Downloading https://repo.maven.apache.org/maven2/org/glassfish/jaxb/jaxb-bom/2.3.2/jaxb-bom-2.3.2.pom to /home/user/.gradle/.tmp/gradle_download17662028648715147243bin
Resource missing. [HTTP GET: https://dl.google.com/dl/android/maven2/org/eclipse/ee4j/project/1.0.5/project-1.0.5.pom]
Downloading https://repo.maven.apache.org/maven2/org/eclipse/ee4j/project/1.0.5/project-1.0.5.pom to /home/user/.gradle/.tmp/gradle_download16815903033586340751bin
Resource missing. [HTTP GET: https://dl.google.com/dl/android/maven2/org/jetbrains/kotlin/kotlin-stdlib/1.4.31/kotlin-stdlib-1.4.31.pom]
Resource missing. [HTTP GET: https://dl.google.com/dl/android/maven2/org/jetbrains/kotlin/kotlin-stdlib-jdk7/1.4.31/kotlin-stdlib-jdk7-1.4.31.pom]
Downloading https://repo.maven.apache.org/maven2/org/jetbrains/kotlin/kotlin-stdlib/1.4.31/kotlin-stdlib-1.4.31.pom to /home/user/.gradle/.tmp/gradle_download17999532206719518702bin
Downloading https://repo.maven.apache.org/maven2/org/jetbrains/kotlin/kotlin-stdlib-jdk7/1.4.31/kotlin-stdlib-jdk7-1.4.31.pom to /home/user/.gradle/.tmp/gradle_download3299689408430691769bin
Resource missing. [HTTP GET: https://dl.google.com/dl/android/maven2/net/sf/proguard/proguard-base/6.0.3/proguard-base-6.0.3.pom]
Downloading https://repo.maven.apache.org/maven2/net/sf/proguard/proguard-base/6.0.3/proguard-base-6.0.3.pom to /home/user/.gradle/.tmp/gradle_download6446512616545761738bin
Resource missing. [HTTP GET: https://dl.google.com/dl/android/maven2/com/google/auto/value/auto-value-annotations/1.6.2/auto-value-annotations-1.6.2.pom]
Resource missing. [HTTP GET: https://dl.google.com/dl/android/maven2/com/google/dagger/dagger/2.28.3/dagger-2.28.3.pom]
Resource missing. [HTTP GET: https://dl.google.com/dl/android/maven2/com/google/errorprone/error_prone_annotations/2.3.1/error_prone_annotations-2.3.1.pom]
Downloading https://repo.maven.apache.org/maven2/com/google/auto/value/auto-value-annotations/1.6.2/auto-value-annotations-1.6.2.pom to /home/user/.gradle/.tmp/gradle_download7690169718136660250bin
Downloading https://repo.maven.apache.org/maven2/com/google/errorprone/error_prone_annotations/2.3.1/error_prone_annotations-2.3.1.pom to /home/user/.gradle/.tmp/gradle_download15003242089353237968bin
Downloading https://repo.maven.apache.org/maven2/com/google/dagger/dagger/2.28.3/dagger-2.28.3.pom to /home/user/.gradle/.tmp/gradle_download9301880665688552452bin
Resource missing. [HTTP GET: https://dl.google.com/dl/android/maven2/com/google/auto/value/auto-value-parent/1.6.2/auto-value-parent-1.6.2.pom]
Resource missing. [HTTP GET: https://dl.google.com/dl/android/maven2/com/google/errorprone/error_prone_parent/2.3.1/error_prone_parent-2.3.1.pom]
Downloading https://repo.maven.apache.org/maven2/com/google/auto/value/auto-value-parent/1.6.2/auto-value-parent-1.6.2.pom to /home/user/.gradle/.tmp/gradle_download10932438243791346475bin
Downloading https://repo.maven.apache.org/maven2/com/google/errorprone/error_prone_parent/2.3.1/error_prone_parent-2.3.1.pom to /home/user/.gradle/.tmp/gradle_download1606883574133819293bin
Resource missing. [HTTP GET: https://dl.google.com/dl/android/maven2/com/google/auto/auto-parent/6/auto-parent-6.pom]
Downloading https://repo.maven.apache.org/maven2/com/google/auto/auto-parent/6/auto-parent-6.pom to /home/user/.gradle/.tmp/gradle_download13045476938164888081bin
Resource missing. [HTTP GET: https://dl.google.com/dl/android/maven2/org/jdom/jdom2/2.0.6/jdom2-2.0.6.pom]
Downloading https://repo.maven.apache.org/maven2/org/jdom/jdom2/2.0.6/jdom2-2.0.6.pom to /home/user/.gradle/.tmp/gradle_download1408980678807948305bin
Resource missing. [HTTP GET: https://dl.google.com/dl/android/maven2/com/google/errorprone/error_prone_annotations/2.3.2/error_prone_annotations-2.3.2.pom]
Downloading https://repo.maven.apache.org/maven2/com/google/errorprone/error_prone_annotations/2.3.2/error_prone_annotations-2.3.2.pom to /home/user/.gradle/.tmp/gradle_download15665339064742293193bin
Resource missing. [HTTP GET: https://dl.google.com/dl/android/maven2/com/google/errorprone/error_prone_parent/2.3.2/error_prone_parent-2.3.2.pom]
Downloading https://repo.maven.apache.org/maven2/com/google/errorprone/error_prone_parent/2.3.2/error_prone_parent-2.3.2.pom to /home/user/.gradle/.tmp/gradle_download17200212990036176422bin
Resource missing. [HTTP GET: https://dl.google.com/dl/android/maven2/org/json/json/20180813/json-20180813.pom]
Downloading https://repo.maven.apache.org/maven2/org/json/json/20180813/json-20180813.pom to /home/user/.gradle/.tmp/gradle_download2868138874941586602bin
Resource missing. [HTTP GET: https://dl.google.com/dl/android/maven2/org/jetbrains/kotlin/kotlin-native-utils/1.9.0/kotlin-native-utils-1.9.0.pom]
Resource missing. [HTTP GET: https://dl.google.com/dl/android/maven2/org/jetbrains/kotlin/kotlin-gradle-plugin-annotations/1.9.0/kotlin-gradle-plugin-annotations-1.9.0.pom]
Downloading https://repo.maven.apache.org/maven2/org/jetbrains/kotlin/kotlin-native-utils/1.9.0/kotlin-native-utils-1.9.0.pom to /home/user/.gradle/.tmp/gradle_download17558422088519326888bin
Downloading https://repo.maven.apache.org/maven2/org/jetbrains/kotlin/kotlin-gradle-plugin-annotations/1.9.0/kotlin-gradle-plugin-annotations-1.9.0.pom to /home/user/.gradle/.tmp/gradle_download14788753317585235390bin
Resource missing. [HTTP GET: https://dl.google.com/dl/android/maven2/org/jetbrains/kotlin/kotlin-util-io/1.9.0/kotlin-util-io-1.9.0.pom]
Downloading https://repo.maven.apache.org/maven2/org/jetbrains/kotlin/kotlin-util-io/1.9.0/kotlin-util-io-1.9.0.pom to /home/user/.gradle/.tmp/gradle_download480677267015255060bin
Resource missing. [HTTP GET: https://dl.google.com/dl/android/maven2/org/jetbrains/intellij/deps/trove4j/1.0.20200330/trove4j-1.0.20200330.pom]
Resource missing. [HTTP GET: https://dl.google.com/dl/android/maven2/org/jetbrains/kotlin/kotlin-daemon-embeddable/1.9.0/kotlin-daemon-embeddable-1.9.0.pom]
Downloading https://repo.maven.apache.org/maven2/org/jetbrains/intellij/deps/trove4j/1.0.20200330/trove4j-1.0.20200330.pom to /home/user/.gradle/.tmp/gradle_download14911805128583697410bin
Downloading https://repo.maven.apache.org/maven2/org/jetbrains/kotlin/kotlin-daemon-embeddable/1.9.0/kotlin-daemon-embeddable-1.9.0.pom to /home/user/.gradle/.tmp/gradle_download9985578225430014588bin
Resource missing. [HTTP GET: https://dl.google.com/dl/android/maven2/org/jetbrains/kotlinx/kotlinx-coroutines-core-jvm/1.5.0/kotlinx-coroutines-core-jvm-1.5.0.pom]
Resource missing. [HTTP GET: https://dl.google.com/dl/android/maven2/org/jetbrains/kotlin/kotlin-daemon-client/1.9.0/kotlin-daemon-client-1.9.0.pom]
Downloading https://repo.maven.apache.org/maven2/org/jetbrains/kotlin/kotlin-daemon-client/1.9.0/kotlin-daemon-client-1.9.0.pom to /home/user/.gradle/.tmp/gradle_download12570164482003221488bin
Downloading https://repo.maven.apache.org/maven2/org/jetbrains/kotlinx/kotlinx-coroutines-core-jvm/1.5.0/kotlinx-coroutines-core-jvm-1.5.0.pom to /home/user/.gradle/.tmp/gradle_download11904825746159330538bin
Downloading https://repo.maven.apache.org/maven2/org/jetbrains/kotlinx/kotlinx-coroutines-core-jvm/1.5.0/kotlinx-coroutines-core-jvm-1.5.0.module to /home/user/.gradle/.tmp/gradle_download18075256463068723901bin
Resource missing. [HTTP GET: https://dl.google.com/dl/android/maven2/org/jetbrains/kotlin/kotlin-scripting-common/1.9.0/kotlin-scripting-common-1.9.0.pom]
Downloading https://repo.maven.apache.org/maven2/org/jetbrains/kotlin/kotlin-scripting-common/1.9.0/kotlin-scripting-common-1.9.0.pom to /home/user/.gradle/.tmp/gradle_download11044616811862240607bin
Resource missing. [HTTP GET: https://dl.google.com/dl/android/maven2/org/jetbrains/kotlin/kotlin-scripting-jvm/1.9.0/kotlin-scripting-jvm-1.9.0.pom]
Downloading https://repo.maven.apache.org/maven2/org/jetbrains/kotlin/kotlin-scripting-jvm/1.9.0/kotlin-scripting-jvm-1.9.0.pom to /home/user/.gradle/.tmp/gradle_download7728576275548500303bin
Resource missing. [HTTP GET: https://dl.google.com/dl/android/maven2/org/apache/commons/commons-compress/1.12/commons-compress-1.12.pom]
Downloading https://dl.google.com/dl/android/maven2/com/android/tools/dvlib/27.2.2/dvlib-27.2.2.pom to /home/user/.gradle/.tmp/gradle_download14228469652659322234bin
Downloading https://dl.google.com/dl/android/maven2/com/android/tools/repository/27.2.2/repository-27.2.2.pom to /home/user/.gradle/.tmp/gradle_download16913315313683841150bin
Downloading https://repo.maven.apache.org/maven2/org/apache/commons/commons-compress/1.12/commons-compress-1.12.pom to /home/user/.gradle/.tmp/gradle_download11528793150308662383bin
Downloading https://dl.google.com/dl/android/maven2/com/android/tools/dvlib/27.2.2/dvlib-27.2.2.module to /home/user/.gradle/.tmp/gradle_download5310844226890658841bin
Downloading https://dl.google.com/dl/android/maven2/com/android/tools/repository/27.2.2/repository-27.2.2.module to /home/user/.gradle/.tmp/gradle_download8711570718607752597bin
Resource missing. [HTTP GET: https://dl.google.com/dl/android/maven2/org/apache/commons/commons-parent/39/commons-parent-39.pom]
Downloading https://repo.maven.apache.org/maven2/org/apache/commons/commons-parent/39/commons-parent-39.pom to /home/user/.gradle/.tmp/gradle_download14124440122002059203bin
Resource missing. [HTTP GET: https://dl.google.com/dl/android/maven2/org/apache/apache/16/apache-16.pom]
Downloading https://repo.maven.apache.org/maven2/org/apache/apache/16/apache-16.pom to /home/user/.gradle/.tmp/gradle_download1982753955411273085bin
Resource missing. [HTTP GET: https://dl.google.com/dl/android/maven2/xerces/xercesImpl/2.12.0/xercesImpl-2.12.0.pom]
Downloading https://dl.google.com/dl/android/maven2/com/android/tools/analytics-library/shared/27.2.2/shared-27.2.2.pom to /home/user/.gradle/.tmp/gradle_download18240545461157954110bin
Downloading https://repo.maven.apache.org/maven2/xerces/xercesImpl/2.12.0/xercesImpl-2.12.0.pom to /home/user/.gradle/.tmp/gradle_download15224308710300530582bin
Downloading https://dl.google.com/dl/android/maven2/com/android/tools/analytics-library/shared/27.2.2/shared-27.2.2.module to /home/user/.gradle/.tmp/gradle_download11345504553542445879bin
Resource missing. [HTTP GET: https://dl.google.com/dl/android/maven2/net/sf/kxml/kxml2/2.3.0/kxml2-2.3.0.pom]
Downloading https://repo.maven.apache.org/maven2/net/sf/kxml/kxml2/2.3.0/kxml2-2.3.0.pom to /home/user/.gradle/.tmp/gradle_download8426508676819752189bin
Resource missing. [HTTP GET: https://dl.google.com/dl/android/maven2/com/google/code/findbugs/jsr305/1.3.9/jsr305-1.3.9.pom]
Downloading https://repo.maven.apache.org/maven2/com/google/code/findbugs/jsr305/1.3.9/jsr305-1.3.9.pom to /home/user/.gradle/.tmp/gradle_download18103242497484220015bin
Resource missing. [HTTP GET: https://dl.google.com/dl/android/maven2/org/jetbrains/annotations/13.0/annotations-13.0.pom]
Downloading https://repo.maven.apache.org/maven2/org/jetbrains/annotations/13.0/annotations-13.0.pom to /home/user/.gradle/.tmp/gradle_download17942229823468470443bin
Resource missing. [HTTP GET: https://dl.google.com/dl/android/maven2/com/google/code/findbugs/jsr305/3.0.2/jsr305-3.0.2.pom]
Downloading https://repo.maven.apache.org/maven2/com/google/code/findbugs/jsr305/3.0.2/jsr305-3.0.2.pom to /home/user/.gradle/.tmp/gradle_download3711159630461131445bin
Resource missing. [HTTP GET: https://dl.google.com/dl/android/maven2/org/checkerframework/checker-qual/2.8.1/checker-qual-2.8.1.pom]
Downloading https://repo.maven.apache.org/maven2/org/checkerframework/checker-qual/2.8.1/checker-qual-2.8.1.pom to /home/user/.gradle/.tmp/gradle_download6841226775303628374bin
Resource missing. [HTTP GET: https://dl.google.com/dl/android/maven2/com/google/j2objc/j2objc-annotations/1.3/j2objc-annotations-1.3.pom]
Resource missing. [HTTP GET: https://dl.google.com/dl/android/maven2/com/google/guava/listenablefuture/9999.0-empty-to-avoid-conflict-with-guava/listenablefuture-9999.0-empty-to-avoid-conflict-with-guava.pom]
Resource missing. [HTTP GET: https://dl.google.com/dl/android/maven2/com/google/guava/failureaccess/1.0.1/failureaccess-1.0.1.pom]
Resource missing. [HTTP GET: https://dl.google.com/dl/android/maven2/org/codehaus/mojo/animal-sniffer-annotations/1.18/animal-sniffer-annotations-1.18.pom]
Downloading https://repo.maven.apache.org/maven2/com/google/j2objc/j2objc-annotations/1.3/j2objc-annotations-1.3.pom to /home/user/.gradle/.tmp/gradle_download478137863663989719bin
Downloading https://repo.maven.apache.org/maven2/com/google/guava/listenablefuture/9999.0-empty-to-avoid-conflict-with-guava/listenablefuture-9999.0-empty-to-avoid-conflict-with-guava.pom to /home/user/.gradle/.tmp/gradle_download2653158998031323140bin
Downloading https://repo.maven.apache.org/maven2/com/google/guava/failureaccess/1.0.1/failureaccess-1.0.1.pom to /home/user/.gradle/.tmp/gradle_download10925205604436681161bin
Downloading https://repo.maven.apache.org/maven2/org/codehaus/mojo/animal-sniffer-annotations/1.18/animal-sniffer-annotations-1.18.pom to /home/user/.gradle/.tmp/gradle_download324014569074646296bin
Resource missing. [HTTP GET: https://dl.google.com/dl/android/maven2/com/google/guava/guava-parent/26.0-android/guava-parent-26.0-android.pom]
Resource missing. [HTTP GET: https://dl.google.com/dl/android/maven2/org/codehaus/mojo/animal-sniffer-parent/1.18/animal-sniffer-parent-1.18.pom]
Downloading https://repo.maven.apache.org/maven2/com/google/guava/guava-parent/26.0-android/guava-parent-26.0-android.pom to /home/user/.gradle/.tmp/gradle_download15004769739028500648bin
Downloading https://repo.maven.apache.org/maven2/org/codehaus/mojo/animal-sniffer-parent/1.18/animal-sniffer-parent-1.18.pom to /home/user/.gradle/.tmp/gradle_download3023585219128273911bin
Resource missing. [HTTP GET: https://dl.google.com/dl/android/maven2/org/codehaus/mojo/mojo-parent/50/mojo-parent-50.pom]
Downloading https://repo.maven.apache.org/maven2/org/codehaus/mojo/mojo-parent/50/mojo-parent-50.pom to /home/user/.gradle/.tmp/gradle_download1167322143121160484bin
Resource missing. [HTTP GET: https://dl.google.com/dl/android/maven2/commons-codec/commons-codec/1.10/commons-codec-1.10.pom]
Resource missing. [HTTP GET: https://dl.google.com/dl/android/maven2/commons-logging/commons-logging/1.2/commons-logging-1.2.pom]
Downloading https://repo.maven.apache.org/maven2/commons-codec/commons-codec/1.10/commons-codec-1.10.pom to /home/user/.gradle/.tmp/gradle_download5366460505895252575bin
Downloading https://repo.maven.apache.org/maven2/commons-logging/commons-logging/1.2/commons-logging-1.2.pom to /home/user/.gradle/.tmp/gradle_download9354420482740406827bin
Resource missing. [HTTP GET: https://dl.google.com/dl/android/maven2/org/apache/commons/commons-parent/35/commons-parent-35.pom]
Resource missing. [HTTP GET: https://dl.google.com/dl/android/maven2/org/apache/commons/commons-parent/34/commons-parent-34.pom]
Downloading https://repo.maven.apache.org/maven2/org/apache/commons/commons-parent/35/commons-parent-35.pom to /home/user/.gradle/.tmp/gradle_download2127958020800642634bin
Downloading https://repo.maven.apache.org/maven2/org/apache/commons/commons-parent/34/commons-parent-34.pom to /home/user/.gradle/.tmp/gradle_download11572952132895075069bin
Resource missing. [HTTP GET: https://dl.google.com/dl/android/maven2/org/apache/apache/15/apache-15.pom]
Resource missing. [HTTP GET: https://dl.google.com/dl/android/maven2/org/apache/apache/13/apache-13.pom]
Downloading https://repo.maven.apache.org/maven2/org/apache/apache/15/apache-15.pom to /home/user/.gradle/.tmp/gradle_download13175064247774867306bin
Downloading https://repo.maven.apache.org/maven2/org/apache/apache/13/apache-13.pom to /home/user/.gradle/.tmp/gradle_download14851335034979228973bin
Resource missing. [HTTP GET: https://dl.google.com/dl/android/maven2/org/jvnet/staxex/stax-ex/1.8.1/stax-ex-1.8.1.pom]
Resource missing. [HTTP GET: https://dl.google.com/dl/android/maven2/com/sun/xml/fastinfoset/FastInfoset/1.2.16/FastInfoset-1.2.16.pom]
Resource missing. [HTTP GET: https://dl.google.com/dl/android/maven2/com/sun/istack/istack-commons-runtime/3.0.8/istack-commons-runtime-3.0.8.pom]
Resource missing. [HTTP GET: https://dl.google.com/dl/android/maven2/jakarta/activation/jakarta.activation-api/1.2.1/jakarta.activation-api-1.2.1.pom]
Resource missing. [HTTP GET: https://dl.google.com/dl/android/maven2/jakarta/xml/bind/jakarta.xml.bind-api/2.3.2/jakarta.xml.bind-api-2.3.2.pom]
Resource missing. [HTTP GET: https://dl.google.com/dl/android/maven2/org/glassfish/jaxb/txw2/2.3.2/txw2-2.3.2.pom]
Downloading https://repo.maven.apache.org/maven2/com/sun/istack/istack-commons-runtime/3.0.8/istack-commons-runtime-3.0.8.pom to /home/user/.gradle/.tmp/gradle_download16227378505445890052bin
Downloading https://repo.maven.apache.org/maven2/org/jvnet/staxex/stax-ex/1.8.1/stax-ex-1.8.1.pom to /home/user/.gradle/.tmp/gradle_download717700165017952864bin
Downloading https://repo.maven.apache.org/maven2/jakarta/activation/jakarta.activation-api/1.2.1/jakarta.activation-api-1.2.1.pom to /home/user/.gradle/.tmp/gradle_download9355853777130628760bin
Downloading https://repo.maven.apache.org/maven2/com/sun/xml/fastinfoset/FastInfoset/1.2.16/FastInfoset-1.2.16.pom to /home/user/.gradle/.tmp/gradle_download8322128025508936324bin
Downloading https://repo.maven.apache.org/maven2/jakarta/xml/bind/jakarta.xml.bind-api/2.3.2/jakarta.xml.bind-api-2.3.2.pom to /home/user/.gradle/.tmp/gradle_download11150394324546927274bin
Downloading https://repo.maven.apache.org/maven2/org/glassfish/jaxb/txw2/2.3.2/txw2-2.3.2.pom to /home/user/.gradle/.tmp/gradle_download3403576194693452139bin
Resource missing. [HTTP GET: https://dl.google.com/dl/android/maven2/com/sun/activation/all/1.2.1/all-1.2.1.pom]
Resource missing. [HTTP GET: https://dl.google.com/dl/android/maven2/com/sun/istack/istack-commons/3.0.8/istack-commons-3.0.8.pom]
Resource missing. [HTTP GET: https://dl.google.com/dl/android/maven2/jakarta/xml/bind/jakarta.xml.bind-api-parent/2.3.2/jakarta.xml.bind-api-parent-2.3.2.pom]
Resource missing. [HTTP GET: https://dl.google.com/dl/android/maven2/com/sun/xml/bind/mvn/jaxb-txw-parent/2.3.2/jaxb-txw-parent-2.3.2.pom]
Resource missing. [HTTP GET: https://dl.google.com/dl/android/maven2/com/sun/xml/fastinfoset/fastinfoset-project/1.2.16/fastinfoset-project-1.2.16.pom]
Downloading https://repo.maven.apache.org/maven2/com/sun/activation/all/1.2.1/all-1.2.1.pom to /home/user/.gradle/.tmp/gradle_download9316935261984000940bin
Downloading https://repo.maven.apache.org/maven2/com/sun/istack/istack-commons/3.0.8/istack-commons-3.0.8.pom to /home/user/.gradle/.tmp/gradle_download10170355841567514179bin
Downloading https://repo.maven.apache.org/maven2/jakarta/xml/bind/jakarta.xml.bind-api-parent/2.3.2/jakarta.xml.bind-api-parent-2.3.2.pom to /home/user/.gradle/.tmp/gradle_download410622429475030324bin
Downloading https://repo.maven.apache.org/maven2/com/sun/xml/fastinfoset/fastinfoset-project/1.2.16/fastinfoset-project-1.2.16.pom to /home/user/.gradle/.tmp/gradle_download15569691431762293142bin
Downloading https://repo.maven.apache.org/maven2/com/sun/xml/bind/mvn/jaxb-txw-parent/2.3.2/jaxb-txw-parent-2.3.2.pom to /home/user/.gradle/.tmp/gradle_download5869683486433626796bin
Resource missing. [HTTP GET: https://dl.google.com/dl/android/maven2/org/eclipse/ee4j/project/1.0.2/project-1.0.2.pom]
Downloading https://repo.maven.apache.org/maven2/org/eclipse/ee4j/project/1.0.2/project-1.0.2.pom to /home/user/.gradle/.tmp/gradle_download8988642948355069642bin
Resource missing. [HTTP GET: https://dl.google.com/dl/android/maven2/org/jetbrains/kotlin/kotlin-stdlib-common/1.4.31/kotlin-stdlib-common-1.4.31.pom]
Downloading https://repo.maven.apache.org/maven2/org/jetbrains/kotlin/kotlin-stdlib-common/1.4.31/kotlin-stdlib-common-1.4.31.pom to /home/user/.gradle/.tmp/gradle_download3402954406308080008bin
Resource missing. [HTTP GET: https://dl.google.com/dl/android/maven2/com/sun/activation/javax.activation/1.2.0/javax.activation-1.2.0.pom]
Resource missing. [HTTP GET: https://dl.google.com/dl/android/maven2/com/google/jimfs/jimfs/1.1/jimfs-1.1.pom]
Downloading https://repo.maven.apache.org/maven2/com/sun/activation/javax.activation/1.2.0/javax.activation-1.2.0.pom to /home/user/.gradle/.tmp/gradle_download12016197577779100540bin
Downloading https://repo.maven.apache.org/maven2/com/google/jimfs/jimfs/1.1/jimfs-1.1.pom to /home/user/.gradle/.tmp/gradle_download18273567377949272881bin
Resource missing. [HTTP GET: https://dl.google.com/dl/android/maven2/com/sun/activation/all/1.2.0/all-1.2.0.pom]
Resource missing. [HTTP GET: https://dl.google.com/dl/android/maven2/com/google/jimfs/jimfs-parent/1.1/jimfs-parent-1.1.pom]
Downloading https://repo.maven.apache.org/maven2/com/sun/activation/all/1.2.0/all-1.2.0.pom to /home/user/.gradle/.tmp/gradle_download7196021652197045086bin
Downloading https://repo.maven.apache.org/maven2/com/google/jimfs/jimfs-parent/1.1/jimfs-parent-1.1.pom to /home/user/.gradle/.tmp/gradle_download15923631588119431555bin
Resource missing. [HTTP GET: https://dl.google.com/dl/android/maven2/net/java/jvnet-parent/1/jvnet-parent-1.pom]
Downloading https://repo.maven.apache.org/maven2/net/java/jvnet-parent/1/jvnet-parent-1.pom to /home/user/.gradle/.tmp/gradle_download14516764413140679566bin
Resource missing. [HTTP GET: https://dl.google.com/dl/android/maven2/net/java/dev/jna/jna-platform/5.6.0/jna-platform-5.6.0.pom]
Downloading https://repo.maven.apache.org/maven2/net/java/dev/jna/jna-platform/5.6.0/jna-platform-5.6.0.pom to /home/user/.gradle/.tmp/gradle_download4953831271866860473bin
Resource missing. [HTTP GET: https://dl.google.com/dl/android/maven2/xml-apis/xml-apis/1.4.01/xml-apis-1.4.01.pom]
Downloading https://repo.maven.apache.org/maven2/xml-apis/xml-apis/1.4.01/xml-apis-1.4.01.pom to /home/user/.gradle/.tmp/gradle_download9377434658731843706bin
Resource missing. [HTTP GET: https://dl.google.com/dl/android/maven2/net/java/dev/jna/jna/5.6.0/jna-5.6.0.pom]
Downloading https://repo.maven.apache.org/maven2/net/java/dev/jna/jna/5.6.0/jna-5.6.0.pom to /home/user/.gradle/.tmp/gradle_download4268618713790898960bin
Downloading https://repo.maven.apache.org/maven2/org/jetbrains/kotlin/kotlin-gradle-plugin/1.9.0/kotlin-gradle-plugin-1.9.0-gradle81.jar to /home/user/.gradle/.tmp/gradle_download4867917836089794126bin
Downloading https://repo.maven.apache.org/maven2/org/tensorflow/tensorflow-lite-metadata/0.1.0-rc2/tensorflow-lite-metadata-0.1.0-rc2.jar to /home/user/.gradle/.tmp/gradle_download8879860691810300393bin
Downloading https://repo.maven.apache.org/maven2/com/google/flatbuffers/flatbuffers-java/1.12.0/flatbuffers-java-1.12.0.jar to /home/user/.gradle/.tmp/gradle_download6244997567684199228bin
Downloading https://repo.maven.apache.org/maven2/org/jetbrains/kotlin/kotlin-gradle-plugin-api/1.9.0/kotlin-gradle-plugin-api-1.9.0.jar to /home/user/.gradle/.tmp/gradle_download8329935935170300479bin
Downloading https://repo.maven.apache.org/maven2/org/jetbrains/kotlin/kotlin-gradle-plugin-api/1.9.0/kotlin-gradle-plugin-api-1.9.0-gradle81.jar to /home/user/.gradle/.tmp/gradle_download11083250724013567023bin
Downloading https://repo.maven.apache.org/maven2/org/jetbrains/kotlin/kotlin-gradle-plugin-model/1.9.0/kotlin-gradle-plugin-model-1.9.0.jar to /home/user/.gradle/.tmp/gradle_download1173794458466197205bin
Downloading https://dl.google.com/dl/android/maven2/com/android/tools/build/gradle/4.2.2/gradle-4.2.2.jar to /home/user/.gradle/.tmp/gradle_download13768763483565498968bin
Downloading https://dl.google.com/dl/android/maven2/com/android/tools/build/builder/4.2.2/builder-4.2.2.jar to /home/user/.gradle/.tmp/gradle_download6900672784247883844bin
Downloading https://dl.google.com/dl/android/maven2/com/android/tools/build/aaptcompiler/4.2.2/aaptcompiler-4.2.2.jar to /home/user/.gradle/.tmp/gradle_download452592196113714207bin
Downloading https://dl.google.com/dl/android/maven2/com/android/tools/lint/lint-gradle-api/27.2.2/lint-gradle-api-27.2.2.jar to /home/user/.gradle/.tmp/gradle_download5680006135823727759bin
Downloading https://dl.google.com/dl/android/maven2/com/android/tools/build/bundletool/1.1.0/bundletool-1.1.0.jar to /home/user/.gradle/.tmp/gradle_download14177266001167104088bin
Downloading https://dl.google.com/dl/android/maven2/com/android/tools/build/manifest-merger/27.2.2/manifest-merger-27.2.2.jar to /home/user/.gradle/.tmp/gradle_download5363384525393015624bin
Downloading https://dl.google.com/dl/android/maven2/com/android/tools/lint/lint-model/27.2.2/lint-model-27.2.2.jar to /home/user/.gradle/.tmp/gradle_download12477602281203327005bin
Downloading https://dl.google.com/dl/android/maven2/com/android/tools/sdk-common/27.2.2/sdk-common-27.2.2.jar to /home/user/.gradle/.tmp/gradle_download4347634298433589372bin
Downloading https://dl.google.com/dl/android/maven2/com/android/tools/build/aapt2-proto/4.2.2-7147631/aapt2-proto-4.2.2-7147631.jar to /home/user/.gradle/.tmp/gradle_download3811090359438041704bin
Downloading https://dl.google.com/dl/android/maven2/com/android/tools/analytics-library/crash/27.2.2/crash-27.2.2.jar to /home/user/.gradle/.tmp/gradle_download10826813920182079072bin
Downloading https://dl.google.com/dl/android/maven2/androidx/databinding/databinding-compiler-common/4.2.2/databinding-compiler-common-4.2.2.jar to /home/user/.gradle/.tmp/gradle_download12317788464807540315bin
Downloading https://dl.google.com/dl/android/maven2/com/android/tools/build/gradle-api/4.2.2/gradle-api-4.2.2.jar to /home/user/.gradle/.tmp/gradle_download16786451586512280022bin
Downloading https://dl.google.com/dl/android/maven2/com/android/tools/build/builder-model/4.2.2/builder-model-4.2.2.jar to /home/user/.gradle/.tmp/gradle_download10359166060970965550bin
Downloading https://dl.google.com/dl/android/maven2/com/android/tools/build/builder-test-api/4.2.2/builder-test-api-4.2.2.jar to /home/user/.gradle/.tmp/gradle_download15205873647127220956bin
Downloading https://dl.google.com/dl/android/maven2/com/android/tools/ddms/ddmlib/27.2.2/ddmlib-27.2.2.jar to /home/user/.gradle/.tmp/gradle_download14914715528483250319bin
Downloading https://dl.google.com/dl/android/maven2/com/android/tools/analytics-library/tracker/27.2.2/tracker-27.2.2.jar to /home/user/.gradle/.tmp/gradle_download13575350843765007597bin
Downloading https://dl.google.com/dl/android/maven2/com/android/tools/sdklib/27.2.2/sdklib-27.2.2.jar to /home/user/.gradle/.tmp/gradle_download304938684386670925bin
Downloading https://dl.google.com/dl/android/maven2/com/android/tools/layoutlib/layoutlib-api/27.2.2/layoutlib-api-27.2.2.jar to /home/user/.gradle/.tmp/gradle_download11083587721388484319bin
Downloading https://dl.google.com/dl/android/maven2/com/android/tools/dvlib/27.2.2/dvlib-27.2.2.jar to /home/user/.gradle/.tmp/gradle_download1014379415571796193bin
Downloading https://dl.google.com/dl/android/maven2/com/android/tools/analytics-library/shared/27.2.2/shared-27.2.2.jar to /home/user/.gradle/.tmp/gradle_download2784585036447773413bin
Downloading https://dl.google.com/dl/android/maven2/com/android/tools/common/27.2.2/common-27.2.2.jar to /home/user/.gradle/.tmp/gradle_download7666660585540883407bin
Downloading https://dl.google.com/dl/android/maven2/com/android/tools/repository/27.2.2/repository-27.2.2.jar to /home/user/.gradle/.tmp/gradle_download1736088755620371061bin
Downloading https://repo.maven.apache.org/maven2/org/jetbrains/kotlin/kotlin-stdlib-jdk8/1.4.31/kotlin-stdlib-jdk8-1.4.31.jar to /home/user/.gradle/.tmp/gradle_download7392131921996940944bin
Downloading https://dl.google.com/dl/android/maven2/com/android/tools/build/jetifier/jetifier-processor/1.0.0-beta09/jetifier-processor-1.0.0-beta09.jar to /home/user/.gradle/.tmp/gradle_download9644208877916712502bin
Downloading https://dl.google.com/dl/android/maven2/com/android/tools/build/transform-api/2.0.0-deprecated-use-gradle-api/transform-api-2.0.0-deprecated-use-gradle-api.jar to /home/user/.gradle/.tmp/gradle_download1321716887071154495bin
Downloading https://repo.maven.apache.org/maven2/org/ow2/asm/asm-commons/7.0/asm-commons-7.0.jar to /home/user/.gradle/.tmp/gradle_download17630983147150020841bin
Downloading https://repo.maven.apache.org/maven2/org/ow2/asm/asm-util/7.0/asm-util-7.0.jar to /home/user/.gradle/.tmp/gradle_download8911270999225489579bin
Downloading https://repo.maven.apache.org/maven2/org/ow2/asm/asm-tree/7.0/asm-tree-7.0.jar to /home/user/.gradle/.tmp/gradle_download15652291788216836571bin
Downloading https://repo.maven.apache.org/maven2/org/ow2/asm/asm/7.0/asm-7.0.jar to /home/user/.gradle/.tmp/gradle_download8939489795830835097bin
Downloading https://repo.maven.apache.org/maven2/org/ow2/asm/asm-analysis/7.0/asm-analysis-7.0.jar to /home/user/.gradle/.tmp/gradle_download1967786393011662314bin
Downloading https://repo.maven.apache.org/maven2/net/sf/jopt-simple/jopt-simple/4.9/jopt-simple-4.9.jar to /home/user/.gradle/.tmp/gradle_download15487219154087782512bin
Downloading https://repo.maven.apache.org/maven2/net/sf/proguard/proguard-gradle/6.0.3/proguard-gradle-6.0.3.jar to /home/user/.gradle/.tmp/gradle_download6718970450529573447bin
Downloading https://dl.google.com/dl/android/maven2/com/android/tools/build/jetifier/jetifier-core/1.0.0-beta09/jetifier-core-1.0.0-beta09.jar to /home/user/.gradle/.tmp/gradle_download1164027627630056366bin
Downloading https://repo.maven.apache.org/maven2/com/squareup/javapoet/1.10.0/javapoet-1.10.0.jar to /home/user/.gradle/.tmp/gradle_download262280106839643601bin
Downloading https://repo.maven.apache.org/maven2/com/google/crypto/tink/tink/1.3.0-rc2/tink-1.3.0-rc2.jar to /home/user/.gradle/.tmp/gradle_download177887983286878601bin
Downloading https://repo.maven.apache.org/maven2/com/google/protobuf/protobuf-java-util/3.10.0/protobuf-java-util-3.10.0.jar to /home/user/.gradle/.tmp/gradle_download3814073728888444784bin
Downloading https://repo.maven.apache.org/maven2/com/google/protobuf/protobuf-java/3.10.0/protobuf-java-3.10.0.jar to /home/user/.gradle/.tmp/gradle_download2795022021603776532bin
Downloading https://dl.google.com/dl/android/maven2/com/android/tools/analytics-library/protos/27.2.2/protos-27.2.2.jar to /home/user/.gradle/.tmp/gradle_download3649351548564359870bin
Downloading https://dl.google.com/dl/android/maven2/com/google/testing/platform/core-proto/0.0.8-alpha01/core-proto-0.0.8-alpha01.jar to /home/user/.gradle/.tmp/gradle_download18005393246628193989bin
Downloading https://repo.maven.apache.org/maven2/org/jetbrains/kotlin/kotlin-gradle-plugin-idea-proto/1.9.0/kotlin-gradle-plugin-idea-proto-1.9.0.jar to /home/user/.gradle/.tmp/gradle_download3691748179518010831bin
Downloading https://repo.maven.apache.org/maven2/org/jetbrains/kotlin/kotlin-gradle-plugin-idea/1.9.0/kotlin-gradle-plugin-idea-1.9.0.jar to /home/user/.gradle/.tmp/gradle_download8792032549007633709bin
Downloading https://repo.maven.apache.org/maven2/org/jetbrains/kotlin/kotlin-project-model/1.9.0/kotlin-project-model-1.9.0.jar to /home/user/.gradle/.tmp/gradle_download15502586226285433905bin
Downloading https://repo.maven.apache.org/maven2/org/jetbrains/kotlin/kotlin-tooling-core/1.9.0/kotlin-tooling-core-1.9.0.jar to /home/user/.gradle/.tmp/gradle_download13386981901272676604bin
Downloading https://repo.maven.apache.org/maven2/org/jetbrains/kotlin/kotlin-native-utils/1.9.0/kotlin-native-utils-1.9.0.jar to /home/user/.gradle/.tmp/gradle_download12168175010827715348bin
Downloading https://repo.maven.apache.org/maven2/org/jetbrains/kotlin/kotlin-klib-commonizer-api/1.9.0/kotlin-klib-commonizer-api-1.9.0.jar to /home/user/.gradle/.tmp/gradle_download16810455674623899151bin
Downloading https://repo.maven.apache.org/maven2/org/jetbrains/kotlin/kotlin-util-klib/1.9.0/kotlin-util-klib-1.9.0.jar to /home/user/.gradle/.tmp/gradle_download1237646380789365368bin
Downloading https://repo.maven.apache.org/maven2/org/jetbrains/kotlin/kotlin-android-extensions/1.9.0/kotlin-android-extensions-1.9.0.jar to /home/user/.gradle/.tmp/gradle_download10691655655068203991bin
Downloading https://repo.maven.apache.org/maven2/org/jetbrains/kotlin/kotlin-build-tools-api/1.9.0/kotlin-build-tools-api-1.9.0.jar to /home/user/.gradle/.tmp/gradle_download2717989205829787949bin
Downloading https://repo.maven.apache.org/maven2/org/jetbrains/kotlin/kotlin-compiler-runner/1.9.0/kotlin-compiler-runner-1.9.0.jar to /home/user/.gradle/.tmp/gradle_download8025053309283023891bin
Downloading https://repo.maven.apache.org/maven2/org/jetbrains/kotlin/kotlin-scripting-compiler-impl-embeddable/1.9.0/kotlin-scripting-compiler-impl-embeddable-1.9.0.jar to /home/user/.gradle/.tmp/gradle_download11635642250126831461bin
Downloading https://repo.maven.apache.org/maven2/org/jetbrains/kotlin/kotlin-scripting-compiler-embeddable/1.9.0/kotlin-scripting-compiler-embeddable-1.9.0.jar to /home/user/.gradle/.tmp/gradle_download946534124035251066bin
Downloading https://repo.maven.apache.org/maven2/org/jetbrains/kotlin/kotlin-compiler-embeddable/1.9.0/kotlin-compiler-embeddable-1.9.0.jar to /home/user/.gradle/.tmp/gradle_download14499904196268768539bin
Downloading https://dl.google.com/dl/android/maven2/com/android/tools/build/apkzlib/4.2.2/apkzlib-4.2.2.jar to /home/user/.gradle/.tmp/gradle_download216504969171947094bin
Downloading https://repo.maven.apache.org/maven2/com/google/jimfs/jimfs/1.1/jimfs-1.1.jar to /home/user/.gradle/.tmp/gradle_download13518737216023202940bin
Downloading https://repo.maven.apache.org/maven2/com/google/guava/guava/28.1-jre/guava-28.1-jre.jar to /home/user/.gradle/.tmp/gradle_download16335335942764955576bin
Downloading https://repo.maven.apache.org/maven2/org/checkerframework/checker-qual/2.8.1/checker-qual-2.8.1.jar to /home/user/.gradle/.tmp/gradle_download15433465567767197197bin
Downloading https://dl.google.com/dl/android/maven2/com/android/signflinger/4.2.2/signflinger-4.2.2.jar to /home/user/.gradle/.tmp/gradle_download7454791002438630515bin
Downloading https://dl.google.com/dl/android/maven2/com/android/zipflinger/4.2.2/zipflinger-4.2.2.jar to /home/user/.gradle/.tmp/gradle_download13648247281254634121bin
Downloading https://dl.google.com/dl/android/maven2/com/android/tools/build/apksig/4.2.2/apksig-4.2.2.jar to /home/user/.gradle/.tmp/gradle_download3377477096383154096bin
Downloading https://repo.maven.apache.org/maven2/com/squareup/javawriter/2.5.0/javawriter-2.5.0.jar to /home/user/.gradle/.tmp/gradle_download9139570502242324381bin
Downloading https://repo.maven.apache.org/maven2/org/bouncycastle/bcpkix-jdk15on/1.56/bcpkix-jdk15on-1.56.jar to /home/user/.gradle/.tmp/gradle_download4776825704863148149bin
Downloading https://repo.maven.apache.org/maven2/org/bouncycastle/bcprov-jdk15on/1.56/bcprov-jdk15on-1.56.jar to /home/user/.gradle/.tmp/gradle_download8012617313588332604bin
Downloading https://repo.maven.apache.org/maven2/com/google/dagger/dagger/2.28.3/dagger-2.28.3.jar to /home/user/.gradle/.tmp/gradle_download4112594217409169308bin
Downloading https://repo.maven.apache.org/maven2/javax/inject/javax.inject/1/javax.inject-1.jar to /home/user/.gradle/.tmp/gradle_download7993279566928763579bin
Downloading https://repo.maven.apache.org/maven2/it/unimi/dsi/fastutil/8.4.0/fastutil-8.4.0.jar to /home/user/.gradle/.tmp/gradle_download17196722947610680898bin
Downloading https://repo.maven.apache.org/maven2/com/googlecode/json-simple/json-simple/1.1/json-simple-1.1.jar to /home/user/.gradle/.tmp/gradle_download8712890629178772554bin
Downloading https://dl.google.com/dl/android/maven2/com/android/tools/annotations/27.2.2/annotations-27.2.2.jar to /home/user/.gradle/.tmp/gradle_download16109203788760301643bin
Downloading https://repo.maven.apache.org/maven2/org/apache/httpcomponents/httpmime/4.5.6/httpmime-4.5.6.jar to /home/user/.gradle/.tmp/gradle_download6399309113184161485bin
Downloading https://repo.maven.apache.org/maven2/org/apache/httpcomponents/httpclient/4.5.6/httpclient-4.5.6.jar to /home/user/.gradle/.tmp/gradle_download11199266048947932040bin
Downloading https://repo.maven.apache.org/maven2/org/apache/httpcomponents/httpcore/4.4.10/httpcore-4.4.10.jar to /home/user/.gradle/.tmp/gradle_download3616643542722743555bin
Downloading https://repo.maven.apache.org/maven2/org/jetbrains/kotlin/kotlin-reflect/1.4.31/kotlin-reflect-1.4.31.jar to /home/user/.gradle/.tmp/gradle_download2469468593968853826bin
Downloading https://dl.google.com/dl/android/maven2/androidx/databinding/databinding-common/4.2.2/databinding-common-4.2.2.jar to /home/user/.gradle/.tmp/gradle_download16903508315027868441bin
Downloading https://dl.google.com/dl/android/maven2/com/android/databinding/baseLibrary/4.2.2/baseLibrary-4.2.2.jar to /home/user/.gradle/.tmp/gradle_download15016652657765560531bin
Downloading https://repo.maven.apache.org/maven2/org/antlr/antlr4/4.5.3/antlr4-4.5.3.jar to /home/user/.gradle/.tmp/gradle_download5490085787102376361bin
Downloading https://repo.maven.apache.org/maven2/commons-io/commons-io/2.4/commons-io-2.4.jar to /home/user/.gradle/.tmp/gradle_download15556618437976329331bin
Downloading https://repo.maven.apache.org/maven2/com/googlecode/juniversalchardet/juniversalchardet/1.0.3/juniversalchardet-1.0.3.jar to /home/user/.gradle/.tmp/gradle_download4553463602716426683bin
Downloading https://repo.maven.apache.org/maven2/com/google/code/gson/gson/2.8.6/gson-2.8.6.jar to /home/user/.gradle/.tmp/gradle_download3455110628604996768bin
Downloading https://repo.maven.apache.org/maven2/org/glassfish/jaxb/jaxb-runtime/2.3.2/jaxb-runtime-2.3.2.jar to /home/user/.gradle/.tmp/gradle_download11610958271636432810bin
Downloading https://repo.maven.apache.org/maven2/org/jetbrains/kotlin/kotlin-stdlib-jdk7/1.4.31/kotlin-stdlib-jdk7-1.4.31.jar to /home/user/.gradle/.tmp/gradle_download14072621056858824266bin
Downloading https://repo.maven.apache.org/maven2/org/jetbrains/kotlin/kotlin-stdlib/1.4.31/kotlin-stdlib-1.4.31.jar to /home/user/.gradle/.tmp/gradle_download14588440989751158231bin
Downloading https://repo.maven.apache.org/maven2/net/sf/proguard/proguard-base/6.0.3/proguard-base-6.0.3.jar to /home/user/.gradle/.tmp/gradle_download11201205985298527914bin
Downloading https://repo.maven.apache.org/maven2/com/google/auto/value/auto-value-annotations/1.6.2/auto-value-annotations-1.6.2.jar to /home/user/.gradle/.tmp/gradle_download5733724436543887649bin
Downloading https://repo.maven.apache.org/maven2/com/google/errorprone/error_prone_annotations/2.3.2/error_prone_annotations-2.3.2.jar to /home/user/.gradle/.tmp/gradle_download2365803723600906176bin
Downloading https://repo.maven.apache.org/maven2/org/jdom/jdom2/2.0.6/jdom2-2.0.6.jar to /home/user/.gradle/.tmp/gradle_download16010163867155327229bin
Downloading https://repo.maven.apache.org/maven2/org/json/json/20180813/json-20180813.jar to /home/user/.gradle/.tmp/gradle_download1475034991532187563bin
Downloading https://repo.maven.apache.org/maven2/org/jetbrains/kotlin/kotlin-gradle-plugin-annotations/1.9.0/kotlin-gradle-plugin-annotations-1.9.0.jar to /home/user/.gradle/.tmp/gradle_download4731786304819584906bin
Downloading https://repo.maven.apache.org/maven2/org/jetbrains/kotlin/kotlin-util-io/1.9.0/kotlin-util-io-1.9.0.jar to /home/user/.gradle/.tmp/gradle_download7677903434944397085bin
Downloading https://repo.maven.apache.org/maven2/org/jetbrains/kotlin/kotlin-daemon-embeddable/1.9.0/kotlin-daemon-embeddable-1.9.0.jar to /home/user/.gradle/.tmp/gradle_download15797396713949257529bin
Downloading https://repo.maven.apache.org/maven2/org/jetbrains/intellij/deps/trove4j/1.0.20200330/trove4j-1.0.20200330.jar to /home/user/.gradle/.tmp/gradle_download15009850803250282197bin
Downloading https://repo.maven.apache.org/maven2/org/jetbrains/kotlin/kotlin-daemon-client/1.9.0/kotlin-daemon-client-1.9.0.jar to /home/user/.gradle/.tmp/gradle_download9059892717131404615bin
Downloading https://repo.maven.apache.org/maven2/org/jetbrains/kotlin/kotlin-scripting-jvm/1.9.0/kotlin-scripting-jvm-1.9.0.jar to /home/user/.gradle/.tmp/gradle_download1756387053962435804bin
Downloading https://repo.maven.apache.org/maven2/org/jetbrains/kotlinx/kotlinx-coroutines-core-jvm/1.5.0/kotlinx-coroutines-core-jvm-1.5.0.jar to /home/user/.gradle/.tmp/gradle_download9603980847544852778bin
Downloading https://repo.maven.apache.org/maven2/org/jetbrains/kotlin/kotlin-scripting-common/1.9.0/kotlin-scripting-common-1.9.0.jar to /home/user/.gradle/.tmp/gradle_download5049678099778352128bin
Downloading https://repo.maven.apache.org/maven2/org/apache/commons/commons-compress/1.12/commons-compress-1.12.jar to /home/user/.gradle/.tmp/gradle_download5380427864861956284bin
Downloading https://repo.maven.apache.org/maven2/xerces/xercesImpl/2.12.0/xercesImpl-2.12.0.jar to /home/user/.gradle/.tmp/gradle_download14867627528237070299bin
Downloading https://repo.maven.apache.org/maven2/net/sf/kxml/kxml2/2.3.0/kxml2-2.3.0.jar to /home/user/.gradle/.tmp/gradle_download8579841922855117472bin
Downloading https://repo.maven.apache.org/maven2/com/google/code/findbugs/jsr305/3.0.2/jsr305-3.0.2.jar to /home/user/.gradle/.tmp/gradle_download14157108924361343519bin
Downloading https://repo.maven.apache.org/maven2/org/jetbrains/annotations/13.0/annotations-13.0.jar to /home/user/.gradle/.tmp/gradle_download18095467892684138997bin
Downloading https://repo.maven.apache.org/maven2/com/google/guava/listenablefuture/9999.0-empty-to-avoid-conflict-with-guava/listenablefuture-9999.0-empty-to-avoid-conflict-with-guava.jar to /home/user/.gradle/.tmp/gradle_download5102092312409773845bin
Downloading https://repo.maven.apache.org/maven2/com/google/guava/failureaccess/1.0.1/failureaccess-1.0.1.jar to /home/user/.gradle/.tmp/gradle_download13160908849290427529bin
Downloading https://repo.maven.apache.org/maven2/com/google/j2objc/j2objc-annotations/1.3/j2objc-annotations-1.3.jar to /home/user/.gradle/.tmp/gradle_download16310806716631331929bin
Downloading https://repo.maven.apache.org/maven2/org/codehaus/mojo/animal-sniffer-annotations/1.18/animal-sniffer-annotations-1.18.jar to /home/user/.gradle/.tmp/gradle_download17663256651904672279bin
Downloading https://repo.maven.apache.org/maven2/commons-logging/commons-logging/1.2/commons-logging-1.2.jar to /home/user/.gradle/.tmp/gradle_download17075615499024566355bin
Downloading https://repo.maven.apache.org/maven2/jakarta/xml/bind/jakarta.xml.bind-api/2.3.2/jakarta.xml.bind-api-2.3.2.jar to /home/user/.gradle/.tmp/gradle_download16136443804148448894bin
Downloading https://repo.maven.apache.org/maven2/org/jvnet/staxex/stax-ex/1.8.1/stax-ex-1.8.1.jar to /home/user/.gradle/.tmp/gradle_download10254841762110361013bin
Downloading https://repo.maven.apache.org/maven2/commons-codec/commons-codec/1.10/commons-codec-1.10.jar to /home/user/.gradle/.tmp/gradle_download10572045225464106398bin
Downloading https://repo.maven.apache.org/maven2/org/glassfish/jaxb/txw2/2.3.2/txw2-2.3.2.jar to /home/user/.gradle/.tmp/gradle_download14946862156618065444bin
Downloading https://repo.maven.apache.org/maven2/com/sun/istack/istack-commons-runtime/3.0.8/istack-commons-runtime-3.0.8.jar to /home/user/.gradle/.tmp/gradle_download2427138820716057206bin
Downloading https://repo.maven.apache.org/maven2/com/sun/xml/fastinfoset/FastInfoset/1.2.16/FastInfoset-1.2.16.jar to /home/user/.gradle/.tmp/gradle_download10479490579447655691bin
Downloading https://repo.maven.apache.org/maven2/jakarta/activation/jakarta.activation-api/1.2.1/jakarta.activation-api-1.2.1.jar to /home/user/.gradle/.tmp/gradle_download1065779550005576932bin
Downloading https://repo.maven.apache.org/maven2/net/java/dev/jna/jna-platform/5.6.0/jna-platform-5.6.0.jar to /home/user/.gradle/.tmp/gradle_download802206784253691606bin
Downloading https://repo.maven.apache.org/maven2/org/jetbrains/kotlin/kotlin-stdlib-common/1.4.31/kotlin-stdlib-common-1.4.31.jar to /home/user/.gradle/.tmp/gradle_download16466833616976871240bin
Downloading https://repo.maven.apache.org/maven2/net/java/dev/jna/jna/5.6.0/jna-5.6.0.jar to /home/user/.gradle/.tmp/gradle_download1257735882385325133bin
Downloading https://repo.maven.apache.org/maven2/com/sun/activation/javax.activation/1.2.0/javax.activation-1.2.0.jar to /home/user/.gradle/.tmp/gradle_download18091867006532492253bin
Downloading https://repo.maven.apache.org/maven2/xml-apis/xml-apis/1.4.01/xml-apis-1.4.01.jar to /home/user/.gradle/.tmp/gradle_download11358927682976373493bin
Compiling build file '/home/user/LatLongShareAndroid2Ubuntu/build.gradle' using BuildScriptTransformer.

> Configure project :app
Evaluating project ':app' using build file '/home/user/LatLongShareAndroid2Ubuntu/app/build.gradle'.
Compiling build file '/home/user/LatLongShareAndroid2Ubuntu/app/build.gradle' using SubsetScriptTransformer.
WARNING:: The option setting 'android.aapt2FromMavenOverride=$ANDROID_HOME/build-tools/33.0.3/aapt2' is experimental.
Using Kotlin Gradle Plugin gradle81 variant
Compiling build file '/home/user/LatLongShareAndroid2Ubuntu/app/build.gradle' using BuildScriptTransformer.
All projects evaluated.
Task name matched 'assembleDebug'
Selected primary task 'assembleDebug' from project :
Warning: Mapping new ns http://schemas.android.com/repository/android/common/02 to old ns http://schemas.android.com/repository/android/common/01
Warning: Mapping new ns http://schemas.android.com/repository/android/generic/02 to old ns http://schemas.android.com/repository/android/generic/01
Warning: Mapping new ns http://schemas.android.com/sdk/android/repo/addon2/02 to old ns http://schemas.android.com/sdk/android/repo/addon2/01
Warning: Mapping new ns http://schemas.android.com/sdk/android/repo/addon2/03 to old ns http://schemas.android.com/sdk/android/repo/addon2/01
Warning: Mapping new ns http://schemas.android.com/sdk/android/repo/repository2/02 to old ns http://schemas.android.com/sdk/android/repo/repository2/01
Warning: Mapping new ns http://schemas.android.com/sdk/android/repo/repository2/03 to old ns http://schemas.android.com/sdk/android/repo/repository2/01
Warning: Mapping new ns http://schemas.android.com/sdk/android/repo/sys-img2/03 to old ns http://schemas.android.com/sdk/android/repo/sys-img2/01
Warning: Mapping new ns http://schemas.android.com/sdk/android/repo/sys-img2/02 to old ns http://schemas.android.com/sdk/android/repo/sys-img2/01
Warning: Mapping new ns http://schemas.android.com/repository/android/common/02 to old ns http://schemas.android.com/repository/android/common/01
Warning: Mapping new ns http://schemas.android.com/repository/android/generic/02 to old ns http://schemas.android.com/repository/android/generic/01
Warning: Mapping new ns http://schemas.android.com/sdk/android/repo/addon2/02 to old ns http://schemas.android.com/sdk/android/repo/addon2/01
Warning: Mapping new ns http://schemas.android.com/sdk/android/repo/addon2/03 to old ns http://schemas.android.com/sdk/android/repo/addon2/01
Warning: Mapping new ns http://schemas.android.com/sdk/android/repo/repository2/02 to old ns http://schemas.android.com/sdk/android/repo/repository2/01
Warning: Mapping new ns http://schemas.android.com/sdk/android/repo/repository2/03 to old ns http://schemas.android.com/sdk/android/repo/repository2/01
Warning: Mapping new ns http://schemas.android.com/sdk/android/repo/sys-img2/03 to old ns http://schemas.android.com/sdk/android/repo/sys-img2/01
Warning: Mapping new ns http://schemas.android.com/sdk/android/repo/sys-img2/02 to old ns http://schemas.android.com/sdk/android/repo/sys-img2/01
Warning: unexpected element (uri:"", local:"extension-level"). Expected elements are <{}codename>,<{}layoutlib>,<{}api-level>
Warning: unexpected element (uri:"", local:"base-extension"). Expected elements are <{}codename>,<{}layoutlib>,<{}api-level>
Parsing /home/user/Android/Sdk/build-tools/33.0.3/package.xml
Mapping new ns http://schemas.android.com/repository/android/common/02 to old ns http://schemas.android.com/repository/android/common/01
Mapping new ns http://schemas.android.com/repository/android/generic/02 to old ns http://schemas.android.com/repository/android/generic/01
Mapping new ns http://schemas.android.com/sdk/android/repo/addon2/02 to old ns http://schemas.android.com/sdk/android/repo/addon2/01
Mapping new ns http://schemas.android.com/sdk/android/repo/addon2/03 to old ns http://schemas.android.com/sdk/android/repo/addon2/01
Mapping new ns http://schemas.android.com/sdk/android/repo/repository2/02 to old ns http://schemas.android.com/sdk/android/repo/repository2/01
Mapping new ns http://schemas.android.com/sdk/android/repo/repository2/03 to old ns http://schemas.android.com/sdk/android/repo/repository2/01
Mapping new ns http://schemas.android.com/sdk/android/repo/sys-img2/03 to old ns http://schemas.android.com/sdk/android/repo/sys-img2/01
Mapping new ns http://schemas.android.com/sdk/android/repo/sys-img2/02 to old ns http://schemas.android.com/sdk/android/repo/sys-img2/01
Parsing legacy package: /home/user/Android/Sdk/cmdline-tools/1.0
Parsing legacy package: /home/user/Android/Sdk/cmdline-tools/latest
Parsing /home/user/Android/Sdk/platform-tools/package.xml
Mapping new ns http://schemas.android.com/repository/android/common/02 to old ns http://schemas.android.com/repository/android/common/01
Mapping new ns http://schemas.android.com/repository/android/generic/02 to old ns http://schemas.android.com/repository/android/generic/01
Mapping new ns http://schemas.android.com/sdk/android/repo/addon2/02 to old ns http://schemas.android.com/sdk/android/repo/addon2/01
Mapping new ns http://schemas.android.com/sdk/android/repo/addon2/03 to old ns http://schemas.android.com/sdk/android/repo/addon2/01
Mapping new ns http://schemas.android.com/sdk/android/repo/repository2/02 to old ns http://schemas.android.com/sdk/android/repo/repository2/01
Mapping new ns http://schemas.android.com/sdk/android/repo/repository2/03 to old ns http://schemas.android.com/sdk/android/repo/repository2/01
Mapping new ns http://schemas.android.com/sdk/android/repo/sys-img2/03 to old ns http://schemas.android.com/sdk/android/repo/sys-img2/01
Mapping new ns http://schemas.android.com/sdk/android/repo/sys-img2/02 to old ns http://schemas.android.com/sdk/android/repo/sys-img2/01
Parsing /home/user/Android/Sdk/platforms/android-33/package.xml
Mapping new ns http://schemas.android.com/repository/android/common/02 to old ns http://schemas.android.com/repository/android/common/01
Mapping new ns http://schemas.android.com/repository/android/generic/02 to old ns http://schemas.android.com/repository/android/generic/01
Mapping new ns http://schemas.android.com/sdk/android/repo/addon2/02 to old ns http://schemas.android.com/sdk/android/repo/addon2/01
Mapping new ns http://schemas.android.com/sdk/android/repo/addon2/03 to old ns http://schemas.android.com/sdk/android/repo/addon2/01
Mapping new ns http://schemas.android.com/sdk/android/repo/repository2/02 to old ns http://schemas.android.com/sdk/android/repo/repository2/01
Mapping new ns http://schemas.android.com/sdk/android/repo/repository2/03 to old ns http://schemas.android.com/sdk/android/repo/repository2/01
Mapping new ns http://schemas.android.com/sdk/android/repo/sys-img2/03 to old ns http://schemas.android.com/sdk/android/repo/sys-img2/01
Mapping new ns http://schemas.android.com/sdk/android/repo/sys-img2/02 to old ns http://schemas.android.com/sdk/android/repo/sys-img2/01
unexpected element (uri:"", local:"extension-level"). Expected elements are <{}codename>,<{}layoutlib>,<{}api-level>
unexpected element (uri:"", local:"base-extension"). Expected elements are <{}codename>,<{}layoutlib>,<{}api-level>
Build-tool 33.0.3 is missing DX at /home/user/Android/Sdk/build-tools/33.0.3/dx

FAILURE: Build failed with an exception.

* What went wrong:
Could not determine the dependencies of task ':app:compileDebugJavaWithJavac'.
> Installed Build Tools revision 33.0.3 is corrupted. Remove and install again using the SDK Manager.

* Try:
> Run with --debug option to get more log output.
> Run with --scan to get full insights.
> Get more help at https://help.gradle.org.

* Exception is:
org.gradle.api.internal.tasks.TaskDependencyResolveException: Could not determine the dependencies of task ':app:compileDebugJavaWithJavac'.
	at org.gradle.api.internal.tasks.CachingTaskDependencyResolveContext.getDependencies(CachingTaskDependencyResolveContext.java:68)
	at org.gradle.execution.plan.TaskDependencyResolver.resolveDependenciesFor(TaskDependencyResolver.java:49)
	at org.gradle.execution.plan.LocalTaskNode.getDependencies(LocalTaskNode.java:148)
	at org.gradle.execution.plan.LocalTaskNode.resolveDependencies(LocalTaskNode.java:122)
	at org.gradle.execution.plan.DefaultExecutionPlan.discoverNodeRelationships(DefaultExecutionPlan.java:184)
	at org.gradle.execution.plan.DefaultExecutionPlan.doAddEntryNodes(DefaultExecutionPlan.java:156)
	at org.gradle.execution.plan.DefaultExecutionPlan.addEntryTasks(DefaultExecutionPlan.java:131)
	at org.gradle.execution.plan.DefaultExecutionPlan.addEntryTasks(DefaultExecutionPlan.java:123)
	at org.gradle.execution.TaskNameResolvingBuildTaskScheduler.scheduleRequestedTasks(TaskNameResolvingBuildTaskScheduler.java:54)
	at org.gradle.execution.DefaultTasksBuildTaskScheduler.scheduleRequestedTasks(DefaultTasksBuildTaskScheduler.java:72)
	at org.gradle.initialization.DefaultTaskExecutionPreparer.lambda$scheduleRequestedTasks$0(DefaultTaskExecutionPreparer.java:46)
	at org.gradle.internal.Factories$1.create(Factories.java:31)
	at org.gradle.internal.work.DefaultWorkerLeaseService.withReplacedLocks(DefaultWorkerLeaseService.java:360)
	at org.gradle.api.internal.project.DefaultProjectStateRegistry$DefaultBuildProjectRegistry.withMutableStateOfAllProjects(DefaultProjectStateRegistry.java:239)
	at org.gradle.api.internal.project.DefaultProjectStateRegistry$DefaultBuildProjectRegistry.withMutableStateOfAllProjects(DefaultProjectStateRegistry.java:232)
	at org.gradle.initialization.DefaultTaskExecutionPreparer.scheduleRequestedTasks(DefaultTaskExecutionPreparer.java:45)
	at org.gradle.initialization.VintageBuildModelController.lambda$scheduleRequestedTasks$0(VintageBuildModelController.java:76)
	at org.gradle.internal.model.StateTransitionController.lambda$inState$1(StateTransitionController.java:99)
	at org.gradle.internal.model.StateTransitionController.lambda$inState$2(StateTransitionController.java:114)
	at org.gradle.internal.work.DefaultSynchronizer.withLock(DefaultSynchronizer.java:44)
	at org.gradle.internal.model.StateTransitionController.inState(StateTransitionController.java:110)
	at org.gradle.internal.model.StateTransitionController.inState(StateTransitionController.java:98)
	at org.gradle.initialization.VintageBuildModelController.scheduleRequestedTasks(VintageBuildModelController.java:76)
	at org.gradle.internal.build.DefaultBuildLifecycleController$DefaultWorkGraphBuilder.addRequestedTasks(DefaultBuildLifecycleController.java:404)
	at org.gradle.internal.buildtree.DefaultBuildTreeWorkPreparer.lambda$scheduleRequestedTasks$0(DefaultBuildTreeWorkPreparer.java:41)
	at org.gradle.internal.build.DefaultBuildLifecycleController.lambda$populateWorkGraph$7(DefaultBuildLifecycleController.java:189)
	at org.gradle.internal.build.DefaultBuildWorkPreparer.populateWorkGraph(DefaultBuildWorkPreparer.java:42)
	at org.gradle.internal.build.BuildOperationFiringBuildWorkPreparer$PopulateWorkGraph.populateTaskGraph(BuildOperationFiringBuildWorkPreparer.java:106)
	at org.gradle.internal.build.BuildOperationFiringBuildWorkPreparer$PopulateWorkGraph.run(BuildOperationFiringBuildWorkPreparer.java:92)
	at org.gradle.internal.operations.DefaultBuildOperationRunner$1.execute(DefaultBuildOperationRunner.java:29)
	at org.gradle.internal.operations.DefaultBuildOperationRunner$1.execute(DefaultBuildOperationRunner.java:26)
	at org.gradle.internal.operations.DefaultBuildOperationRunner$2.execute(DefaultBuildOperationRunner.java:66)
	at org.gradle.internal.operations.DefaultBuildOperationRunner$2.execute(DefaultBuildOperationRunner.java:59)
	at org.gradle.internal.operations.DefaultBuildOperationRunner.execute(DefaultBuildOperationRunner.java:157)
	at org.gradle.internal.operations.DefaultBuildOperationRunner.execute(DefaultBuildOperationRunner.java:59)
	at org.gradle.internal.operations.DefaultBuildOperationRunner.run(DefaultBuildOperationRunner.java:47)
	at org.gradle.internal.operations.DefaultBuildOperationExecutor.run(DefaultBuildOperationExecutor.java:73)
	at org.gradle.internal.build.BuildOperationFiringBuildWorkPreparer.populateWorkGraph(BuildOperationFiringBuildWorkPreparer.java:67)
	at org.gradle.internal.build.DefaultBuildLifecycleController.lambda$populateWorkGraph$8(DefaultBuildLifecycleController.java:189)
	at org.gradle.internal.model.StateTransitionController.lambda$inState$1(StateTransitionController.java:99)
	at org.gradle.internal.model.StateTransitionController.lambda$inState$2(StateTransitionController.java:114)
	at org.gradle.internal.work.DefaultSynchronizer.withLock(DefaultSynchronizer.java:44)
	at org.gradle.internal.model.StateTransitionController.inState(StateTransitionController.java:110)
	at org.gradle.internal.model.StateTransitionController.inState(StateTransitionController.java:98)
	at org.gradle.internal.build.DefaultBuildLifecycleController.populateWorkGraph(DefaultBuildLifecycleController.java:189)
	at org.gradle.internal.build.DefaultBuildWorkGraphController$DefaultBuildWorkGraph.populateWorkGraph(DefaultBuildWorkGraphController.java:169)
	at org.gradle.composite.internal.DefaultBuildController.populateWorkGraph(DefaultBuildController.java:76)
	at org.gradle.composite.internal.DefaultIncludedBuildTaskGraph$DefaultBuildTreeWorkGraphBuilder.withWorkGraph(DefaultIncludedBuildTaskGraph.java:153)
	at org.gradle.internal.buildtree.DefaultBuildTreeWorkPreparer.lambda$scheduleRequestedTasks$1(DefaultBuildTreeWorkPreparer.java:41)
	at org.gradle.composite.internal.DefaultIncludedBuildTaskGraph$DefaultBuildTreeWorkGraph$1.run(DefaultIncludedBuildTaskGraph.java:209)
	at org.gradle.internal.operations.DefaultBuildOperationRunner$1.execute(DefaultBuildOperationRunner.java:29)
	at org.gradle.internal.operations.DefaultBuildOperationRunner$1.execute(DefaultBuildOperationRunner.java:26)
	at org.gradle.internal.operations.DefaultBuildOperationRunner$2.execute(DefaultBuildOperationRunner.java:66)
	at org.gradle.internal.operations.DefaultBuildOperationRunner$2.execute(DefaultBuildOperationRunner.java:59)
	at org.gradle.internal.operations.DefaultBuildOperationRunner.execute(DefaultBuildOperationRunner.java:157)
	at org.gradle.internal.operations.DefaultBuildOperationRunner.execute(DefaultBuildOperationRunner.java:59)
	at org.gradle.internal.operations.DefaultBuildOperationRunner.run(DefaultBuildOperationRunner.java:47)
	at org.gradle.internal.operations.DefaultBuildOperationExecutor.run(DefaultBuildOperationExecutor.java:73)
	at org.gradle.composite.internal.DefaultIncludedBuildTaskGraph$DefaultBuildTreeWorkGraph.scheduleWork(DefaultIncludedBuildTaskGraph.java:204)
	at org.gradle.internal.buildtree.DefaultBuildTreeWorkPreparer.scheduleRequestedTasks(DefaultBuildTreeWorkPreparer.java:37)
	at org.gradle.configurationcache.VintageBuildTreeWorkController$scheduleAndRunRequestedTasks$1.apply(VintageBuildTreeWorkController.kt:36)
	at org.gradle.configurationcache.VintageBuildTreeWorkController$scheduleAndRunRequestedTasks$1.apply(VintageBuildTreeWorkController.kt:35)
	at org.gradle.composite.internal.DefaultIncludedBuildTaskGraph.withNewWorkGraph(DefaultIncludedBuildTaskGraph.java:112)
	at org.gradle.configurationcache.VintageBuildTreeWorkController.scheduleAndRunRequestedTasks(VintageBuildTreeWorkController.kt:35)
	at org.gradle.internal.buildtree.DefaultBuildTreeLifecycleController.lambda$scheduleAndRunTasks$1(DefaultBuildTreeLifecycleController.java:68)
	at org.gradle.internal.buildtree.DefaultBuildTreeLifecycleController.lambda$runBuild$4(DefaultBuildTreeLifecycleController.java:98)
	at org.gradle.internal.model.StateTransitionController.lambda$transition$6(StateTransitionController.java:169)
	at org.gradle.internal.model.StateTransitionController.doTransition(StateTransitionController.java:266)
	at org.gradle.internal.model.StateTransitionController.lambda$transition$7(StateTransitionController.java:169)
	at org.gradle.internal.work.DefaultSynchronizer.withLock(DefaultSynchronizer.java:44)
	at org.gradle.internal.model.StateTransitionController.transition(StateTransitionController.java:169)
	at org.gradle.internal.buildtree.DefaultBuildTreeLifecycleController.runBuild(DefaultBuildTreeLifecycleController.java:95)
	at org.gradle.internal.buildtree.DefaultBuildTreeLifecycleController.scheduleAndRunTasks(DefaultBuildTreeLifecycleController.java:68)
	at org.gradle.internal.buildtree.DefaultBuildTreeLifecycleController.scheduleAndRunTasks(DefaultBuildTreeLifecycleController.java:63)
	at org.gradle.tooling.internal.provider.ExecuteBuildActionRunner.run(ExecuteBuildActionRunner.java:31)
	at org.gradle.launcher.exec.ChainingBuildActionRunner.run(ChainingBuildActionRunner.java:35)
	at org.gradle.internal.buildtree.ProblemReportingBuildActionRunner.run(ProblemReportingBuildActionRunner.java:49)
	at org.gradle.launcher.exec.BuildOutcomeReportingBuildActionRunner.run(BuildOutcomeReportingBuildActionRunner.java:65)
	at org.gradle.tooling.internal.provider.FileSystemWatchingBuildActionRunner.run(FileSystemWatchingBuildActionRunner.java:140)
	at org.gradle.launcher.exec.BuildCompletionNotifyingBuildActionRunner.run(BuildCompletionNotifyingBuildActionRunner.java:41)
	at org.gradle.launcher.exec.RootBuildLifecycleBuildActionExecutor.lambda$execute$0(RootBuildLifecycleBuildActionExecutor.java:40)
	at org.gradle.composite.internal.DefaultRootBuildState.run(DefaultRootBuildState.java:123)
	at org.gradle.launcher.exec.RootBuildLifecycleBuildActionExecutor.execute(RootBuildLifecycleBuildActionExecutor.java:40)
	at org.gradle.internal.buildtree.InitDeprecationLoggingActionExecutor.execute(InitDeprecationLoggingActionExecutor.java:62)
	at org.gradle.internal.buildtree.InitProblems.execute(InitProblems.java:38)
	at org.gradle.internal.buildtree.DefaultBuildTreeContext.execute(DefaultBuildTreeContext.java:40)
	at org.gradle.launcher.exec.BuildTreeLifecycleBuildActionExecutor.lambda$execute$0(BuildTreeLifecycleBuildActionExecutor.java:65)
	at org.gradle.internal.buildtree.BuildTreeState.run(BuildTreeState.java:58)
	at org.gradle.launcher.exec.BuildTreeLifecycleBuildActionExecutor.execute(BuildTreeLifecycleBuildActionExecutor.java:65)
	at org.gradle.launcher.exec.RunAsBuildOperationBuildActionExecutor$3.call(RunAsBuildOperationBuildActionExecutor.java:61)
	at org.gradle.launcher.exec.RunAsBuildOperationBuildActionExecutor$3.call(RunAsBuildOperationBuildActionExecutor.java:57)
	at org.gradle.internal.operations.DefaultBuildOperationRunner$CallableBuildOperationWorker.execute(DefaultBuildOperationRunner.java:204)
	at org.gradle.internal.operations.DefaultBuildOperationRunner$CallableBuildOperationWorker.execute(DefaultBuildOperationRunner.java:199)
	at org.gradle.internal.operations.DefaultBuildOperationRunner$2.execute(DefaultBuildOperationRunner.java:66)
	at org.gradle.internal.operations.DefaultBuildOperationRunner$2.execute(DefaultBuildOperationRunner.java:59)
	at org.gradle.internal.operations.DefaultBuildOperationRunner.execute(DefaultBuildOperationRunner.java:157)
	at org.gradle.internal.operations.DefaultBuildOperationRunner.execute(DefaultBuildOperationRunner.java:59)
	at org.gradle.internal.operations.DefaultBuildOperationRunner.call(DefaultBuildOperationRunner.java:53)
	at org.gradle.internal.operations.DefaultBuildOperationExecutor.call(DefaultBuildOperationExecutor.java:78)
	at org.gradle.launcher.exec.RunAsBuildOperationBuildActionExecutor.execute(RunAsBuildOperationBuildActionExecutor.java:57)
	at org.gradle.launcher.exec.RunAsWorkerThreadBuildActionExecutor.lambda$execute$0(RunAsWorkerThreadBuildActionExecutor.java:36)
	at org.gradle.internal.work.DefaultWorkerLeaseService.withLocks(DefaultWorkerLeaseService.java:264)
	at org.gradle.internal.work.DefaultWorkerLeaseService.runAsWorkerThread(DefaultWorkerLeaseService.java:128)
	at org.gradle.launcher.exec.RunAsWorkerThreadBuildActionExecutor.execute(RunAsWorkerThreadBuildActionExecutor.java:36)
	at org.gradle.tooling.internal.provider.continuous.ContinuousBuildActionExecutor.execute(ContinuousBuildActionExecutor.java:110)
	at org.gradle.tooling.internal.provider.SubscribableBuildActionExecutor.execute(SubscribableBuildActionExecutor.java:64)
	at org.gradle.internal.session.DefaultBuildSessionContext.execute(DefaultBuildSessionContext.java:46)
	at org.gradle.tooling.internal.provider.BuildSessionLifecycleBuildActionExecuter$ActionImpl.apply(BuildSessionLifecycleBuildActionExecuter.java:92)
	at org.gradle.tooling.internal.provider.BuildSessionLifecycleBuildActionExecuter$ActionImpl.apply(BuildSessionLifecycleBuildActionExecuter.java:80)
	at org.gradle.internal.session.BuildSessionState.run(BuildSessionState.java:69)
	at org.gradle.tooling.internal.provider.BuildSessionLifecycleBuildActionExecuter.execute(BuildSessionLifecycleBuildActionExecuter.java:62)
	at org.gradle.tooling.internal.provider.BuildSessionLifecycleBuildActionExecuter.execute(BuildSessionLifecycleBuildActionExecuter.java:41)
	at org.gradle.tooling.internal.provider.StartParamsValidatingActionExecuter.execute(StartParamsValidatingActionExecuter.java:64)
	at org.gradle.tooling.internal.provider.StartParamsValidatingActionExecuter.execute(StartParamsValidatingActionExecuter.java:32)
	at org.gradle.tooling.internal.provider.SessionFailureReportingActionExecuter.execute(SessionFailureReportingActionExecuter.java:51)
	at org.gradle.tooling.internal.provider.SessionFailureReportingActionExecuter.execute(SessionFailureReportingActionExecuter.java:39)
	at org.gradle.tooling.internal.provider.SetupLoggingActionExecuter.execute(SetupLoggingActionExecuter.java:47)
	at org.gradle.tooling.internal.provider.SetupLoggingActionExecuter.execute(SetupLoggingActionExecuter.java:31)
	at org.gradle.launcher.daemon.server.exec.ExecuteBuild.doBuild(ExecuteBuild.java:65)
	at org.gradle.launcher.daemon.server.exec.BuildCommandOnly.execute(BuildCommandOnly.java:37)
	at org.gradle.launcher.daemon.server.api.DaemonCommandExecution.proceed(DaemonCommandExecution.java:104)
	at org.gradle.launcher.daemon.server.exec.WatchForDisconnection.execute(WatchForDisconnection.java:39)
	at org.gradle.launcher.daemon.server.api.DaemonCommandExecution.proceed(DaemonCommandExecution.java:104)
	at org.gradle.launcher.daemon.server.exec.ResetDeprecationLogger.execute(ResetDeprecationLogger.java:29)
	at org.gradle.launcher.daemon.server.api.DaemonCommandExecution.proceed(DaemonCommandExecution.java:104)
	at org.gradle.launcher.daemon.server.exec.RequestStopIfSingleUsedDaemon.execute(RequestStopIfSingleUsedDaemon.java:35)
	at org.gradle.launcher.daemon.server.api.DaemonCommandExecution.proceed(DaemonCommandExecution.java:104)
	at org.gradle.launcher.daemon.server.exec.ForwardClientInput$2.create(ForwardClientInput.java:78)
	at org.gradle.launcher.daemon.server.exec.ForwardClientInput$2.create(ForwardClientInput.java:75)
	at org.gradle.util.internal.Swapper.swap(Swapper.java:38)
	at org.gradle.launcher.daemon.server.exec.ForwardClientInput.execute(ForwardClientInput.java:75)
	at org.gradle.launcher.daemon.server.api.DaemonCommandExecution.proceed(DaemonCommandExecution.java:104)
	at org.gradle.launcher.daemon.server.exec.LogAndCheckHealth.execute(LogAndCheckHealth.java:64)
	at org.gradle.launcher.daemon.server.api.DaemonCommandExecution.proceed(DaemonCommandExecution.java:104)
	at org.gradle.launcher.daemon.server.exec.LogToClient.doBuild(LogToClient.java:63)
	at org.gradle.launcher.daemon.server.exec.BuildCommandOnly.execute(BuildCommandOnly.java:37)
	at org.gradle.launcher.daemon.server.api.DaemonCommandExecution.proceed(DaemonCommandExecution.java:104)
	at org.gradle.launcher.daemon.server.exec.EstablishBuildEnvironment.doBuild(EstablishBuildEnvironment.java:84)
	at org.gradle.launcher.daemon.server.exec.BuildCommandOnly.execute(BuildCommandOnly.java:37)
	at org.gradle.launcher.daemon.server.api.DaemonCommandExecution.proceed(DaemonCommandExecution.java:104)
	at org.gradle.launcher.daemon.server.exec.StartBuildOrRespondWithBusy$1.run(StartBuildOrRespondWithBusy.java:52)
	at org.gradle.launcher.daemon.server.DaemonStateCoordinator$1.run(DaemonStateCoordinator.java:297)
	at org.gradle.internal.concurrent.ExecutorPolicy$CatchAndRecordFailures.onExecute(ExecutorPolicy.java:64)
	at org.gradle.internal.concurrent.AbstractManagedExecutor$1.run(AbstractManagedExecutor.java:47)
Caused by: com.android.builder.errors.EvalIssueException: Installed Build Tools revision 33.0.3 is corrupted. Remove and install again using the SDK Manager.
	at com.android.builder.errors.IssueReporter.reportError(IssueReporter.kt:122)
	at com.android.build.gradle.internal.SdkHandler.initTarget(SdkHandler.java:133)
	at com.android.build.gradle.internal.SdkFullLoadingStrategy.init(SdkFullLoadingStrategy.kt:50)
	at com.android.build.gradle.internal.SdkFullLoadingStrategy.getTargetBootClasspath(SdkFullLoadingStrategy.kt:71)
	at com.android.build.gradle.internal.SdkLoadingStrategy.getTargetBootClasspath(SdkLoadingStrategy.kt:35)
	at com.android.build.gradle.internal.SdkComponentsBuildService$VersionedSdkLoader$targetBootClasspathProvider$1.call(SdkComponents.kt:156)
	at com.android.build.gradle.internal.SdkComponentsBuildService$VersionedSdkLoader$targetBootClasspathProvider$1.call(SdkComponents.kt:116)
	at org.gradle.api.internal.provider.DefaultProvider.calculateOwnValue(DefaultProvider.java:72)
	at org.gradle.api.internal.provider.AbstractMinimalProvider.calculateValue(AbstractMinimalProvider.java:115)
	at org.gradle.api.internal.provider.FlatMapProvider.calculateOwnValue(FlatMapProvider.java:50)
	at org.gradle.api.internal.provider.AbstractMinimalProvider.calculateValue(AbstractMinimalProvider.java:115)
	at org.gradle.api.internal.provider.TransformBackedProvider.calculateOwnValue(TransformBackedProvider.java:82)
	at org.gradle.api.internal.provider.AbstractMinimalProvider.calculateOwnPresentValue(AbstractMinimalProvider.java:80)
	at org.gradle.api.internal.provider.AbstractMinimalProvider.get(AbstractMinimalProvider.java:100)
	at com.android.build.gradle.internal.scope.GlobalScope.lambda$getBootClasspath$6(GlobalScope.java:337)
	at org.gradle.api.internal.provider.DefaultProvider.calculateOwnValue(DefaultProvider.java:72)
	at org.gradle.api.internal.provider.AbstractMinimalProvider.calculateOwnPresentValue(AbstractMinimalProvider.java:80)
	at org.gradle.api.internal.provider.AbstractMinimalProvider.get(AbstractMinimalProvider.java:100)
	at org.gradle.api.internal.provider.ProviderResolutionStrategy$2.resolve(ProviderResolutionStrategy.java:33)
	at org.gradle.api.internal.file.collections.ProviderBackedFileCollection.visitDependencies(ProviderBackedFileCollection.java:57)
	at org.gradle.api.internal.tasks.CachingTaskDependencyResolveContext$TaskGraphImpl.getNodeValues(CachingTaskDependencyResolveContext.java:103)
	at org.gradle.internal.graph.CachingDirectedGraphWalker$GraphWithEmptyEdges.getNodeValues(CachingDirectedGraphWalker.java:213)
	at org.gradle.internal.graph.CachingDirectedGraphWalker.doSearch(CachingDirectedGraphWalker.java:121)
	at org.gradle.internal.graph.CachingDirectedGraphWalker.findValues(CachingDirectedGraphWalker.java:73)
	at org.gradle.api.internal.tasks.CachingTaskDependencyResolveContext.getDependencies(CachingTaskDependencyResolveContext.java:66)
	... 143 more
Caused by: java.lang.IllegalStateException: Installed Build Tools revision 33.0.3 is corrupted. Remove and install again using the SDK Manager.
	at com.android.builder.sdk.DefaultSdkLoader.getTargetInfo(DefaultSdkLoader.java:183)
	at com.android.build.gradle.internal.SdkHandler.initTarget(SdkHandler.java:113)
	... 166 more


Deprecated Gradle features were used in this build, making it incompatible with Gradle 9.0.

You can use '--warning-mode all' to show the individual deprecation warnings and determine if they come from your own scripts or plugins.

For more on this, please refer to https://docs.gradle.org/8.4/userguide/command_line_interface.html#sec:command_line_warnings in the Gradle documentation.

BUILD FAILED in 1m 56s
Some of the file system contents retained in the virtual file system are on file systems that Gradle doesn't support watching. The relevant state was discarded to ensure changes to these locations are properly detected. You can override this by explicitly enabling file system watching.
