Initialized native services in: /home/user/.gradle/native
Initialized jansi services in: /home/user/.gradle/native
Received JVM installation metadata from '/usr/lib/jvm/java-17-openjdk-arm64': {JAVA_HOME=/usr/lib/jvm/java-17-openjdk-arm64, JAVA_VERSION=17.0.17, JAVA_VENDOR=Ubuntu, RUNTIME_NAME=OpenJDK Runtime Environment, RUNTIME_VERSION=17.0.17+10-Ubuntu-125.10, VM_NAME=OpenJDK 64-Bit Server VM, VM_VERSION=17.0.17+10-Ubuntu-125.10, VM_VENDOR=Ubuntu, OS_ARCH=aarch64}
The client will now receive all logging from the daemon (pid: 11327). The daemon log file: /home/user/.gradle/daemon/8.4/daemon-11327.out.log
Starting 11th build in daemon [uptime: 2 hrs 21 mins 54.912 secs, performance: 99%, GC rate: 0.00/s, heap usage: 0% of 2 GiB]
Using 8 worker leases.
Not watching /home/user/LatLongShareAndroid2Ubuntu since the file system is not supported
Watching the file system is configured to be enabled if available
File system watching is active
Invalidating in-memory cache of /home/user/LatLongShareAndroid2Ubuntu/.gradle/8.4/checksums/md5-checksums.bin
Invalidating in-memory cache of /home/user/LatLongShareAndroid2Ubuntu/.gradle/8.4/checksums/sha1-checksums.bin
Invalidating in-memory cache of /home/user/LatLongShareAndroid2Ubuntu/.gradle/8.4/checksums/sha256-checksums.bin
Invalidating in-memory cache of /home/user/LatLongShareAndroid2Ubuntu/.gradle/8.4/checksums/sha512-checksums.bin
Invalidating in-memory cache of /home/user/LatLongShareAndroid2Ubuntu/.gradle/8.4/fileHashes/fileHashes.bin
Invalidating in-memory cache of /home/user/.gradle/caches/8.4/md-supplier/md-supplier.bin
Invalidating in-memory cache of /home/user/.gradle/caches/8.4/md-rule/md-rule.bin
Invalidating in-memory cache of /home/user/LatLongShareAndroid2Ubuntu/.gradle/8.4/fileHashes/resourceHashesCache.bin
Starting Build
Settings evaluated using settings file '/home/user/LatLongShareAndroid2Ubuntu/settings.gradle'.
Invalidating in-memory cache of /home/user/LatLongShareAndroid2Ubuntu/.gradle/8.4/dependencies-accessors/executionHistory.bin
Projects loaded. Root project using build file '/home/user/LatLongShareAndroid2Ubuntu/build.gradle'.
Included projects: [root project 'LatLongShareAndroid2Ubuntu', project ':app']

> Configure project :
Evaluating root project 'LatLongShareAndroid2Ubuntu' using build file '/home/user/LatLongShareAndroid2Ubuntu/build.gradle'.
Invalidating in-memory cache of /home/user/LatLongShareAndroid2Ubuntu/.gradle/buildOutputCleanup/outputFiles.bin
Downloading https://repo.maven.apache.org/maven2/org/jetbrains/kotlin/kotlin-gradle-plugin/1.9.0/kotlin-gradle-plugin-1.9.0.pom to /home/user/.gradle/.tmp/gradle_download3083012591120809370bin
Downloading https://dl.google.com/dl/android/maven2/com/android/tools/build/gradle/7.3.1/gradle-7.3.1.pom to /home/user/.gradle/.tmp/gradle_download4220788411619650393bin
Downloading https://repo.maven.apache.org/maven2/org/jetbrains/kotlin/kotlin-gradle-plugins-bom/1.9.0/kotlin-gradle-plugins-bom-1.9.0.pom to /home/user/.gradle/.tmp/gradle_download2806147782633029308bin
Downloading https://dl.google.com/dl/android/maven2/com/android/tools/build/gradle/7.3.1/gradle-7.3.1.module to /home/user/.gradle/.tmp/gradle_download4227778214964618902bin
Downloading https://repo.maven.apache.org/maven2/org/jetbrains/kotlin/kotlin-gradle-plugins-bom/1.9.0/kotlin-gradle-plugins-bom-1.9.0.module to /home/user/.gradle/.tmp/gradle_download17959566959109191399bin
Downloading https://repo.maven.apache.org/maven2/org/jetbrains/kotlin/kotlin-gradle-plugin/1.9.0/kotlin-gradle-plugin-1.9.0.module to /home/user/.gradle/.tmp/gradle_download17052946146175086697bin
Downloading https://dl.google.com/dl/android/maven2/com/android/tools/sdk-common/30.3.1/sdk-common-30.3.1.pom to /home/user/.gradle/.tmp/gradle_download11923373180492812386bin
Downloading https://dl.google.com/dl/android/maven2/com/android/tools/sdklib/30.3.1/sdklib-30.3.1.pom to /home/user/.gradle/.tmp/gradle_download9544975772152676234bin
Downloading https://dl.google.com/dl/android/maven2/com/android/tools/analytics-library/crash/30.3.1/crash-30.3.1.pom to /home/user/.gradle/.tmp/gradle_download4304529010510667583bin
Downloading https://dl.google.com/dl/android/maven2/com/android/tools/lint/lint-model/30.3.1/lint-model-30.3.1.pom to /home/user/.gradle/.tmp/gradle_download2206909323283905651bin
Downloading https://dl.google.com/dl/android/maven2/com/android/tools/build/aapt2-proto/7.3.1-8691043/aapt2-proto-7.3.1-8691043.pom to /home/user/.gradle/.tmp/gradle_download15074729812581161210bin
Downloading https://dl.google.com/dl/android/maven2/com/android/tools/repository/30.3.1/repository-30.3.1.pom to /home/user/.gradle/.tmp/gradle_download5538863940091439195bin
Downloading https://dl.google.com/dl/android/maven2/com/android/tools/build/aaptcompiler/7.3.1/aaptcompiler-7.3.1.pom to /home/user/.gradle/.tmp/gradle_download12468398271012141864bin
Downloading https://dl.google.com/dl/android/maven2/com/android/tools/analytics-library/shared/30.3.1/shared-30.3.1.pom to /home/user/.gradle/.tmp/gradle_download3472334355519400930bin
Downloading https://dl.google.com/dl/android/maven2/com/android/tools/ddms/ddmlib/30.3.1/ddmlib-30.3.1.pom to /home/user/.gradle/.tmp/gradle_download1117126953662497759bin
Downloading https://dl.google.com/dl/android/maven2/com/android/tools/lint/lint-typedef-remover/30.3.1/lint-typedef-remover-30.3.1.pom to /home/user/.gradle/.tmp/gradle_download13921858951528674400bin
Downloading https://dl.google.com/dl/android/maven2/androidx/databinding/databinding-compiler-common/7.3.1/databinding-compiler-common-7.3.1.pom to /home/user/.gradle/.tmp/gradle_download16146470062769633647bin
Downloading https://dl.google.com/dl/android/maven2/com/android/tools/build/aapt2-proto/7.3.1-8691043/aapt2-proto-7.3.1-8691043.module to /home/user/.gradle/.tmp/gradle_download16003535128030461379bin
Downloading https://dl.google.com/dl/android/maven2/com/android/tools/build/aaptcompiler/7.3.1/aaptcompiler-7.3.1.module to /home/user/.gradle/.tmp/gradle_download5956617365579905464bin
Downloading https://dl.google.com/dl/android/maven2/androidx/databinding/databinding-common/7.3.1/databinding-common-7.3.1.pom to /home/user/.gradle/.tmp/gradle_download4052887993272356797bin
Downloading https://dl.google.com/dl/android/maven2/com/android/tools/build/builder-test-api/7.3.1/builder-test-api-7.3.1.pom to /home/user/.gradle/.tmp/gradle_download15650463118857366275bin
Downloading https://dl.google.com/dl/android/maven2/com/android/databinding/baseLibrary/7.3.1/baseLibrary-7.3.1.pom to /home/user/.gradle/.tmp/gradle_download1629872027889409575bin
Downloading https://dl.google.com/dl/android/maven2/com/android/tools/layoutlib/layoutlib-api/30.3.1/layoutlib-api-30.3.1.pom to /home/user/.gradle/.tmp/gradle_download3936803819438767726bin
Downloading https://dl.google.com/dl/android/maven2/com/android/tools/utp/android-device-provider-gradle-proto/30.3.1/android-device-provider-gradle-proto-30.3.1.pom to /home/user/.gradle/.tmp/gradle_download10785540250981886269bin
Downloading https://dl.google.com/dl/android/maven2/com/android/tools/utp/android-device-provider-ddmlib-proto/30.3.1/android-device-provider-ddmlib-proto-30.3.1.pom to /home/user/.gradle/.tmp/gradle_download15726288020378253654bin
Downloading https://dl.google.com/dl/android/maven2/com/android/tools/utp/android-test-plugin-host-coverage-proto/30.3.1/android-test-plugin-host-coverage-proto-30.3.1.pom to /home/user/.gradle/.tmp/gradle_download2971454053983336086bin
Downloading https://dl.google.com/dl/android/maven2/com/android/tools/utp/android-test-plugin-host-additional-test-output-proto/30.3.1/android-test-plugin-host-additional-test-output-proto-30.3.1.pom to /home/user/.gradle/.tmp/gradle_download13422344594397828716bin
Downloading https://dl.google.com/dl/android/maven2/com/android/tools/utp/android-test-plugin-host-retention-proto/30.3.1/android-test-plugin-host-retention-proto-30.3.1.pom to /home/user/.gradle/.tmp/gradle_download13572435625328555821bin
Downloading https://repo.maven.apache.org/maven2/org/jetbrains/kotlin/kotlin-stdlib-jdk8/1.5.31/kotlin-stdlib-jdk8-1.5.31.pom to /home/user/.gradle/.tmp/gradle_download6480271742327211bin
Downloading https://dl.google.com/dl/android/maven2/com/android/tools/build/builder-test-api/7.3.1/builder-test-api-7.3.1.module to /home/user/.gradle/.tmp/gradle_download121222883436421086bin
Downloading https://dl.google.com/dl/android/maven2/com/android/tools/build/transform-api/2.0.0-deprecated-use-gradle-api/transform-api-2.0.0-deprecated-use-gradle-api.pom to /home/user/.gradle/.tmp/gradle_download14100245287168982522bin
Downloading https://dl.google.com/dl/android/maven2/com/android/tools/utp/android-test-plugin-result-listener-gradle-proto/30.3.1/android-test-plugin-result-listener-gradle-proto-30.3.1.pom to /home/user/.gradle/.tmp/gradle_download4381563366852184274bin
Downloading https://repo.maven.apache.org/maven2/org/ow2/asm/asm-analysis/9.1/asm-analysis-9.1.pom to /home/user/.gradle/.tmp/gradle_download10820037756478044bin
Downloading https://repo.maven.apache.org/maven2/commons-io/commons-io/2.4/commons-io-2.4.pom to /home/user/.gradle/.tmp/gradle_download12064740183117047147bin
Downloading https://repo.maven.apache.org/maven2/org/ow2/asm/asm/9.1/asm-9.1.pom to /home/user/.gradle/.tmp/gradle_download9279150881477651166bin
Downloading https://repo.maven.apache.org/maven2/org/apache/httpcomponents/httpmime/4.5.6/httpmime-4.5.6.pom to /home/user/.gradle/.tmp/gradle_download11373852529490273267bin
Downloading https://repo.maven.apache.org/maven2/org/ow2/asm/asm-commons/9.1/asm-commons-9.1.pom to /home/user/.gradle/.tmp/gradle_download11298837594944646327bin
Downloading https://repo.maven.apache.org/maven2/org/bouncycastle/bcpkix-jdk15on/1.67/bcpkix-jdk15on-1.67.pom to /home/user/.gradle/.tmp/gradle_download12710466258914163261bin
Downloading https://repo.maven.apache.org/maven2/org/glassfish/jaxb/jaxb-runtime/2.3.2/jaxb-runtime-2.3.2.pom to /home/user/.gradle/.tmp/gradle_download1305072679193980271bin
Downloading https://repo.maven.apache.org/maven2/org/ow2/asm/asm-util/9.1/asm-util-9.1.pom to /home/user/.gradle/.tmp/gradle_download8340939720091638103bin
Downloading https://repo.maven.apache.org/maven2/org/apache/commons/commons-parent/25/commons-parent-25.pom to /home/user/.gradle/.tmp/gradle_download2727821892556414156bin
Downloading https://repo.maven.apache.org/maven2/org/apache/httpcomponents/httpcomponents-client/4.5.6/httpcomponents-client-4.5.6.pom to /home/user/.gradle/.tmp/gradle_download15505552294236598246bin
Downloading https://repo.maven.apache.org/maven2/org/ow2/ow2/1.5/ow2-1.5.pom to /home/user/.gradle/.tmp/gradle_download6013270430541209739bin
Downloading https://repo.maven.apache.org/maven2/com/sun/xml/bind/mvn/jaxb-runtime-parent/2.3.2/jaxb-runtime-parent-2.3.2.pom to /home/user/.gradle/.tmp/gradle_download7868115390555862871bin
Downloading https://repo.maven.apache.org/maven2/org/apache/apache/9/apache-9.pom to /home/user/.gradle/.tmp/gradle_download17795212598039805853bin
Downloading https://repo.maven.apache.org/maven2/net/sf/jopt-simple/jopt-simple/4.9/jopt-simple-4.9.pom to /home/user/.gradle/.tmp/gradle_download4708662564419650532bin
Downloading https://repo.maven.apache.org/maven2/org/apache/httpcomponents/httpcomponents-parent/10/httpcomponents-parent-10.pom to /home/user/.gradle/.tmp/gradle_download11679143726642827565bin
Downloading https://dl.google.com/dl/android/maven2/com/android/tools/build/bundletool/1.9.0/bundletool-1.9.0.pom to /home/user/.gradle/.tmp/gradle_download10172340095045980123bin
Downloading https://dl.google.com/dl/android/maven2/com/android/tools/build/jetifier/jetifier-processor/1.0.0-beta10/jetifier-processor-1.0.0-beta10.pom to /home/user/.gradle/.tmp/gradle_download2408492380577183891bin
Downloading https://repo.maven.apache.org/maven2/com/sun/xml/bind/mvn/jaxb-parent/2.3.2/jaxb-parent-2.3.2.pom to /home/user/.gradle/.tmp/gradle_download17746559390757703175bin
Downloading https://repo.maven.apache.org/maven2/org/apache/apache/18/apache-18.pom to /home/user/.gradle/.tmp/gradle_download15163569784306569359bin
Downloading https://dl.google.com/dl/android/maven2/com/android/tools/build/jetifier/jetifier-core/1.0.0-beta10/jetifier-core-1.0.0-beta10.pom to /home/user/.gradle/.tmp/gradle_download10737923942602331268bin
Downloading https://repo.maven.apache.org/maven2/com/squareup/javapoet/1.10.0/javapoet-1.10.0.pom to /home/user/.gradle/.tmp/gradle_download1691842873611667260bin
Downloading https://repo.maven.apache.org/maven2/org/sonatype/oss/oss-parent/7/oss-parent-7.pom to /home/user/.gradle/.tmp/gradle_download16930578338814221895bin
Downloading https://dl.google.com/dl/android/maven2/com/android/tools/build/jetifier/jetifier-processor/1.0.0-beta10/jetifier-processor-1.0.0-beta10.module to /home/user/.gradle/.tmp/gradle_download14660546183288458903bin
Downloading https://dl.google.com/dl/android/maven2/com/android/tools/build/jetifier/jetifier-core/1.0.0-beta10/jetifier-core-1.0.0-beta10.module to /home/user/.gradle/.tmp/gradle_download4168060159346148536bin
Downloading https://repo.maven.apache.org/maven2/com/google/code/gson/gson/2.8.6/gson-2.8.6.pom to /home/user/.gradle/.tmp/gradle_download820109513411213880bin
Downloading https://repo.maven.apache.org/maven2/com/google/protobuf/protobuf-java-util/3.17.2/protobuf-java-util-3.17.2.pom to /home/user/.gradle/.tmp/gradle_download3015092737598652637bin
Downloading https://repo.maven.apache.org/maven2/com/google/protobuf/protobuf-java/3.17.2/protobuf-java-3.17.2.pom to /home/user/.gradle/.tmp/gradle_download10340365238701722800bin
Downloading https://repo.maven.apache.org/maven2/io/grpc/grpc-core/1.39.0/grpc-core-1.39.0.pom to /home/user/.gradle/.tmp/gradle_download13367916321794187203bin
Downloading https://repo.maven.apache.org/maven2/com/sun/xml/bind/jaxb-bom-ext/2.3.2/jaxb-bom-ext-2.3.2.pom to /home/user/.gradle/.tmp/gradle_download13345902884049711922bin
Downloading https://repo.maven.apache.org/maven2/io/grpc/grpc-netty/1.39.0/grpc-netty-1.39.0.pom to /home/user/.gradle/.tmp/gradle_download3283243844341535215bin
Downloading https://repo.maven.apache.org/maven2/io/grpc/grpc-protobuf/1.39.0/grpc-protobuf-1.39.0.pom to /home/user/.gradle/.tmp/gradle_download7800808218567846199bin
Downloading https://repo.maven.apache.org/maven2/com/google/protobuf/protobuf-parent/3.17.2/protobuf-parent-3.17.2.pom to /home/user/.gradle/.tmp/gradle_download13431060608171760610bin
Downloading https://repo.maven.apache.org/maven2/com/google/code/gson/gson-parent/2.8.6/gson-parent-2.8.6.pom to /home/user/.gradle/.tmp/gradle_download7214906666994632519bin
Downloading https://repo.maven.apache.org/maven2/org/glassfish/jaxb/jaxb-bom/2.3.2/jaxb-bom-2.3.2.pom to /home/user/.gradle/.tmp/gradle_download11789279168939121010bin
Downloading https://repo.maven.apache.org/maven2/io/grpc/grpc-stub/1.39.0/grpc-stub-1.39.0.pom to /home/user/.gradle/.tmp/gradle_download14958829218593553948bin
Downloading https://repo.maven.apache.org/maven2/com/google/protobuf/protobuf-bom/3.17.2/protobuf-bom-3.17.2.pom to /home/user/.gradle/.tmp/gradle_download18044780393863832119bin
Downloading https://repo.maven.apache.org/maven2/com/google/crypto/tink/tink/1.3.0-rc2/tink-1.3.0-rc2.pom to /home/user/.gradle/.tmp/gradle_download18329770597124869381bin
Downloading https://dl.google.com/dl/android/maven2/com/google/testing/platform/core-proto/0.0.8-alpha07/core-proto-0.0.8-alpha07.pom to /home/user/.gradle/.tmp/gradle_download7016296939143896476bin
Downloading https://repo.maven.apache.org/maven2/com/google/flatbuffers/flatbuffers-java/1.12.0/flatbuffers-java-1.12.0.pom to /home/user/.gradle/.tmp/gradle_download3628415984786819539bin
Downloading https://repo.maven.apache.org/maven2/org/eclipse/ee4j/project/1.0.5/project-1.0.5.pom to /home/user/.gradle/.tmp/gradle_download14226587495728873498bin
Downloading https://dl.google.com/dl/android/maven2/com/android/tools/build/builder/7.3.1/builder-7.3.1.pom to /home/user/.gradle/.tmp/gradle_download8908949119668288641bin
Downloading https://repo.maven.apache.org/maven2/org/tensorflow/tensorflow-lite-metadata/0.1.0-rc2/tensorflow-lite-metadata-0.1.0-rc2.pom to /home/user/.gradle/.tmp/gradle_download2693251793829914854bin
Downloading https://dl.google.com/dl/android/maven2/com/android/tools/build/builder-model/7.3.1/builder-model-7.3.1.pom to /home/user/.gradle/.tmp/gradle_download7232206078222369904bin
Downloading https://dl.google.com/dl/android/maven2/com/android/tools/build/gradle-api/7.3.1/gradle-api-7.3.1.pom to /home/user/.gradle/.tmp/gradle_download16468345622495791779bin
Downloading https://dl.google.com/dl/android/maven2/com/android/tools/build/builder/7.3.1/builder-7.3.1.module to /home/user/.gradle/.tmp/gradle_download3547616291219276161bin
Downloading https://dl.google.com/dl/android/maven2/com/android/tools/build/builder-model/7.3.1/builder-model-7.3.1.module to /home/user/.gradle/.tmp/gradle_download8970249728776711714bin
Downloading https://dl.google.com/dl/android/maven2/com/android/tools/build/gradle-api/7.3.1/gradle-api-7.3.1.module to /home/user/.gradle/.tmp/gradle_download1408049550109681090bin
Downloading https://repo.maven.apache.org/maven2/org/jetbrains/kotlin/kotlin-gradle-plugin-idea-proto/1.9.0/kotlin-gradle-plugin-idea-proto-1.9.0.pom to /home/user/.gradle/.tmp/gradle_download44183293804787199bin
Downloading https://repo.maven.apache.org/maven2/org/jetbrains/kotlin/kotlin-tooling-core/1.9.0/kotlin-tooling-core-1.9.0.pom to /home/user/.gradle/.tmp/gradle_download427142900793705679bin
Downloading https://repo.maven.apache.org/maven2/org/jetbrains/kotlin/kotlin-util-klib/1.9.0/kotlin-util-klib-1.9.0.pom to /home/user/.gradle/.tmp/gradle_download7820910426371255780bin
Downloading https://repo.maven.apache.org/maven2/org/jetbrains/kotlin/kotlin-gradle-plugin-model/1.9.0/kotlin-gradle-plugin-model-1.9.0.pom to /home/user/.gradle/.tmp/gradle_download5941454865445650404bin
Downloading https://repo.maven.apache.org/maven2/org/jetbrains/kotlin/kotlin-gradle-plugin-idea/1.9.0/kotlin-gradle-plugin-idea-1.9.0.pom to /home/user/.gradle/.tmp/gradle_download1830392471186180569bin
Downloading https://repo.maven.apache.org/maven2/org/jetbrains/kotlin/kotlin-klib-commonizer-api/1.9.0/kotlin-klib-commonizer-api-1.9.0.pom to /home/user/.gradle/.tmp/gradle_download17062209295706725303bin
Downloading https://repo.maven.apache.org/maven2/org/jetbrains/kotlin/kotlin-gradle-plugin-api/1.9.0/kotlin-gradle-plugin-api-1.9.0.pom to /home/user/.gradle/.tmp/gradle_download10451838422985369476bin
Downloading https://repo.maven.apache.org/maven2/org/jetbrains/kotlin/kotlin-gradle-plugin-idea/1.9.0/kotlin-gradle-plugin-idea-1.9.0.module to /home/user/.gradle/.tmp/gradle_download7720583043962685455bin
Downloading https://repo.maven.apache.org/maven2/org/jetbrains/kotlin/kotlin-gradle-plugin-model/1.9.0/kotlin-gradle-plugin-model-1.9.0.module to /home/user/.gradle/.tmp/gradle_download10425954089694242785bin
Downloading https://repo.maven.apache.org/maven2/org/jetbrains/kotlin/kotlin-android-extensions/1.9.0/kotlin-android-extensions-1.9.0.pom to /home/user/.gradle/.tmp/gradle_download3840232543561951436bin
Downloading https://repo.maven.apache.org/maven2/org/jetbrains/kotlin/kotlin-compiler-embeddable/1.9.0/kotlin-compiler-embeddable-1.9.0.pom to /home/user/.gradle/.tmp/gradle_download11957669858996574485bin
Downloading https://repo.maven.apache.org/maven2/org/jetbrains/kotlin/kotlin-project-model/1.9.0/kotlin-project-model-1.9.0.pom to /home/user/.gradle/.tmp/gradle_download17419347258782395328bin
Downloading https://repo.maven.apache.org/maven2/org/jetbrains/kotlin/kotlin-build-tools-api/1.9.0/kotlin-build-tools-api-1.9.0.pom to /home/user/.gradle/.tmp/gradle_download8530133744552136084bin
Downloading https://repo.maven.apache.org/maven2/org/jetbrains/kotlin/kotlin-gradle-plugin-api/1.9.0/kotlin-gradle-plugin-api-1.9.0.module to /home/user/.gradle/.tmp/gradle_download4198760388150908151bin
Downloading https://repo.maven.apache.org/maven2/org/jetbrains/kotlin/kotlin-compiler-runner/1.9.0/kotlin-compiler-runner-1.9.0.pom to /home/user/.gradle/.tmp/gradle_download8429958140707853952bin
Downloading https://repo.maven.apache.org/maven2/org/jetbrains/kotlin/kotlin-scripting-compiler-embeddable/1.9.0/kotlin-scripting-compiler-embeddable-1.9.0.pom to /home/user/.gradle/.tmp/gradle_download3291453322255643316bin
Downloading https://repo.maven.apache.org/maven2/org/jetbrains/kotlin/kotlin-scripting-compiler-impl-embeddable/1.9.0/kotlin-scripting-compiler-impl-embeddable-1.9.0.pom to /home/user/.gradle/.tmp/gradle_download18089146761856766313bin
Downloading https://repo.maven.apache.org/maven2/javax/inject/javax.inject/1/javax.inject-1.pom to /home/user/.gradle/.tmp/gradle_download17743478396494891112bin
Downloading https://repo.maven.apache.org/maven2/com/google/guava/guava/30.1-jre/guava-30.1-jre.pom to /home/user/.gradle/.tmp/gradle_download6094962388309850463bin
Downloading https://repo.maven.apache.org/maven2/xerces/xercesImpl/2.12.0/xercesImpl-2.12.0.pom to /home/user/.gradle/.tmp/gradle_download1823639069614401222bin
Downloading https://repo.maven.apache.org/maven2/org/jetbrains/kotlin/kotlin-reflect/1.5.31/kotlin-reflect-1.5.31.pom to /home/user/.gradle/.tmp/gradle_download12599326816832238460bin
Downloading https://repo.maven.apache.org/maven2/org/bouncycastle/bcprov-jdk15on/1.67/bcprov-jdk15on-1.67.pom to /home/user/.gradle/.tmp/gradle_download10580548127150128807bin
Downloading https://repo.maven.apache.org/maven2/org/jetbrains/intellij/deps/trove4j/1.0.20181211/trove4j-1.0.20181211.pom to /home/user/.gradle/.tmp/gradle_download16654830992020803095bin
Downloading https://repo.maven.apache.org/maven2/net/sf/kxml/kxml2/2.3.0/kxml2-2.3.0.pom to /home/user/.gradle/.tmp/gradle_download13141434158744161903bin
Downloading https://dl.google.com/dl/android/maven2/com/android/tools/common/30.3.1/common-30.3.1.pom to /home/user/.gradle/.tmp/gradle_download4499664417291450605bin
Downloading https://repo.maven.apache.org/maven2/com/google/guava/guava-parent/30.1-jre/guava-parent-30.1-jre.pom to /home/user/.gradle/.tmp/gradle_download5762519836327706406bin
Downloading https://repo.maven.apache.org/maven2/org/apache/commons/commons-compress/1.20/commons-compress-1.20.pom to /home/user/.gradle/.tmp/gradle_download7289196764223386980bin
Downloading https://repo.maven.apache.org/maven2/org/apache/httpcomponents/httpcore/4.4.13/httpcore-4.4.13.pom to /home/user/.gradle/.tmp/gradle_download3810142074519390422bin
Downloading https://dl.google.com/dl/android/maven2/com/android/tools/dvlib/30.3.1/dvlib-30.3.1.pom to /home/user/.gradle/.tmp/gradle_download10401436787282826782bin
Downloading https://repo.maven.apache.org/maven2/org/apache/commons/commons-parent/48/commons-parent-48.pom to /home/user/.gradle/.tmp/gradle_download929393038734138733bin
Downloading https://repo.maven.apache.org/maven2/org/apache/httpcomponents/httpcomponents-core/4.4.13/httpcomponents-core-4.4.13.pom to /home/user/.gradle/.tmp/gradle_download14578097989158614797bin
Downloading https://repo.maven.apache.org/maven2/org/apache/httpcomponents/httpcomponents-parent/11/httpcomponents-parent-11.pom to /home/user/.gradle/.tmp/gradle_download12906949077078641324bin
Downloading https://repo.maven.apache.org/maven2/org/apache/apache/21/apache-21.pom to /home/user/.gradle/.tmp/gradle_download1279252913767313442bin
Downloading https://repo.maven.apache.org/maven2/com/google/jimfs/jimfs/1.1/jimfs-1.1.pom to /home/user/.gradle/.tmp/gradle_download12277059670022702827bin
Downloading https://repo.maven.apache.org/maven2/com/sun/activation/javax.activation/1.2.0/javax.activation-1.2.0.pom to /home/user/.gradle/.tmp/gradle_download11256051905495243878bin
Downloading https://repo.maven.apache.org/maven2/com/google/jimfs/jimfs-parent/1.1/jimfs-parent-1.1.pom to /home/user/.gradle/.tmp/gradle_download3576451031426669771bin
Downloading https://repo.maven.apache.org/maven2/com/sun/activation/all/1.2.0/all-1.2.0.pom to /home/user/.gradle/.tmp/gradle_download14719425443675761386bin
Downloading https://repo.maven.apache.org/maven2/net/java/jvnet-parent/1/jvnet-parent-1.pom to /home/user/.gradle/.tmp/gradle_download3274832082866900735bin
Downloading https://repo.maven.apache.org/maven2/org/apache/httpcomponents/httpclient/4.5.13/httpclient-4.5.13.pom to /home/user/.gradle/.tmp/gradle_download1670826540129380866bin
Downloading https://repo.maven.apache.org/maven2/org/apache/httpcomponents/httpcomponents-client/4.5.13/httpcomponents-client-4.5.13.pom to /home/user/.gradle/.tmp/gradle_download17374747859724370890bin
Downloading https://dl.google.com/dl/android/maven2/com/android/tools/annotations/30.3.1/annotations-30.3.1.pom to /home/user/.gradle/.tmp/gradle_download15976135860752571478bin
Downloading https://repo.maven.apache.org/maven2/net/java/dev/jna/jna-platform/5.6.0/jna-platform-5.6.0.pom to /home/user/.gradle/.tmp/gradle_download3497167208068110709bin
Downloading https://dl.google.com/dl/android/maven2/com/android/tools/analytics-library/protos/30.3.1/protos-30.3.1.pom to /home/user/.gradle/.tmp/gradle_download17665001202299683059bin
Downloading https://repo.maven.apache.org/maven2/com/googlecode/juniversalchardet/juniversalchardet/1.0.3/juniversalchardet-1.0.3.pom to /home/user/.gradle/.tmp/gradle_download7053091470537928521bin
Downloading https://repo.maven.apache.org/maven2/org/jetbrains/annotations/13.0/annotations-13.0.pom to /home/user/.gradle/.tmp/gradle_download685030456875173206bin
Downloading https://repo.maven.apache.org/maven2/javax/annotation/javax.annotation-api/1.3.2/javax.annotation-api-1.3.2.pom to /home/user/.gradle/.tmp/gradle_download6311150381669985030bin
Downloading https://repo.maven.apache.org/maven2/net/java/jvnet-parent/3/jvnet-parent-3.pom to /home/user/.gradle/.tmp/gradle_download3007743974397590700bin
Downloading https://repo.maven.apache.org/maven2/org/jetbrains/kotlin/kotlin-stdlib-jdk7/1.5.31/kotlin-stdlib-jdk7-1.5.31.pom to /home/user/.gradle/.tmp/gradle_download4094165222427483512bin
Downloading https://repo.maven.apache.org/maven2/org/jetbrains/kotlin/kotlin-stdlib/1.5.31/kotlin-stdlib-1.5.31.pom to /home/user/.gradle/.tmp/gradle_download6350110130623053208bin
Downloading https://repo.maven.apache.org/maven2/org/ow2/asm/asm-tree/9.1/asm-tree-9.1.pom to /home/user/.gradle/.tmp/gradle_download4209051427728053579bin
Downloading https://repo.maven.apache.org/maven2/org/glassfish/jaxb/txw2/2.3.2/txw2-2.3.2.pom to /home/user/.gradle/.tmp/gradle_download2141808732433863658bin
Downloading https://repo.maven.apache.org/maven2/com/sun/istack/istack-commons-runtime/3.0.8/istack-commons-runtime-3.0.8.pom to /home/user/.gradle/.tmp/gradle_download2143553605443745338bin
Downloading https://repo.maven.apache.org/maven2/jakarta/xml/bind/jakarta.xml.bind-api/2.3.2/jakarta.xml.bind-api-2.3.2.pom to /home/user/.gradle/.tmp/gradle_download8103324288425868344bin
Downloading https://repo.maven.apache.org/maven2/com/sun/xml/fastinfoset/FastInfoset/1.2.16/FastInfoset-1.2.16.pom to /home/user/.gradle/.tmp/gradle_download11750799875616841146bin
Downloading https://repo.maven.apache.org/maven2/jakarta/activation/jakarta.activation-api/1.2.1/jakarta.activation-api-1.2.1.pom to /home/user/.gradle/.tmp/gradle_download5717823240687185571bin
Downloading https://repo.maven.apache.org/maven2/org/jvnet/staxex/stax-ex/1.8.1/stax-ex-1.8.1.pom to /home/user/.gradle/.tmp/gradle_download5874958831941422103bin
Downloading https://repo.maven.apache.org/maven2/com/sun/xml/bind/mvn/jaxb-txw-parent/2.3.2/jaxb-txw-parent-2.3.2.pom to /home/user/.gradle/.tmp/gradle_download14841311391196606400bin
Downloading https://repo.maven.apache.org/maven2/com/sun/xml/fastinfoset/fastinfoset-project/1.2.16/fastinfoset-project-1.2.16.pom to /home/user/.gradle/.tmp/gradle_download10170754406948345183bin
Downloading https://repo.maven.apache.org/maven2/com/sun/activation/all/1.2.1/all-1.2.1.pom to /home/user/.gradle/.tmp/gradle_download17506115328869430239bin
Downloading https://repo.maven.apache.org/maven2/jakarta/xml/bind/jakarta.xml.bind-api-parent/2.3.2/jakarta.xml.bind-api-parent-2.3.2.pom to /home/user/.gradle/.tmp/gradle_download365678442857018719bin
Downloading https://repo.maven.apache.org/maven2/com/sun/istack/istack-commons/3.0.8/istack-commons-3.0.8.pom to /home/user/.gradle/.tmp/gradle_download14117486950798246351bin
Downloading https://repo.maven.apache.org/maven2/org/eclipse/ee4j/project/1.0.2/project-1.0.2.pom to /home/user/.gradle/.tmp/gradle_download8320832598796720771bin
Downloading https://repo.maven.apache.org/maven2/com/google/dagger/dagger/2.28.3/dagger-2.28.3.pom to /home/user/.gradle/.tmp/gradle_download6911889784328099454bin
Downloading https://repo.maven.apache.org/maven2/org/slf4j/slf4j-api/1.7.30/slf4j-api-1.7.30.pom to /home/user/.gradle/.tmp/gradle_download8846288276511315503bin
Downloading https://repo.maven.apache.org/maven2/org/bitbucket/b_c/jose4j/0.7.0/jose4j-0.7.0.pom to /home/user/.gradle/.tmp/gradle_download18036491885566762695bin
Downloading https://repo.maven.apache.org/maven2/com/google/errorprone/error_prone_annotations/2.3.1/error_prone_annotations-2.3.1.pom to /home/user/.gradle/.tmp/gradle_download11954833516249645146bin
Downloading https://repo.maven.apache.org/maven2/com/google/auto/value/auto-value-annotations/1.6.2/auto-value-annotations-1.6.2.pom to /home/user/.gradle/.tmp/gradle_download12342666216133673527bin
Downloading https://repo.maven.apache.org/maven2/com/google/errorprone/error_prone_parent/2.3.1/error_prone_parent-2.3.1.pom to /home/user/.gradle/.tmp/gradle_download11502170743493098257bin
Downloading https://repo.maven.apache.org/maven2/com/google/auto/value/auto-value-parent/1.6.2/auto-value-parent-1.6.2.pom to /home/user/.gradle/.tmp/gradle_download13822618756700700962bin
Downloading https://repo.maven.apache.org/maven2/org/slf4j/slf4j-parent/1.7.30/slf4j-parent-1.7.30.pom to /home/user/.gradle/.tmp/gradle_download3455021728434561901bin
Downloading https://repo.maven.apache.org/maven2/com/google/auto/auto-parent/6/auto-parent-6.pom to /home/user/.gradle/.tmp/gradle_download9783489526991608070bin
Downloading https://repo.maven.apache.org/maven2/org/jdom/jdom2/2.0.6/jdom2-2.0.6.pom to /home/user/.gradle/.tmp/gradle_download5687783044380806428bin
Downloading https://repo.maven.apache.org/maven2/com/google/errorprone/error_prone_annotations/2.3.4/error_prone_annotations-2.3.4.pom to /home/user/.gradle/.tmp/gradle_download12435871586617766329bin
Downloading https://repo.maven.apache.org/maven2/com/google/errorprone/error_prone_parent/2.3.4/error_prone_parent-2.3.4.pom to /home/user/.gradle/.tmp/gradle_download9465443955086629789bin
Downloading https://repo.maven.apache.org/maven2/com/google/errorprone/error_prone_annotations/2.4.0/error_prone_annotations-2.4.0.pom to /home/user/.gradle/.tmp/gradle_download8204284648473728458bin
Downloading https://repo.maven.apache.org/maven2/com/google/errorprone/error_prone_parent/2.4.0/error_prone_parent-2.4.0.pom to /home/user/.gradle/.tmp/gradle_download6023229783488129407bin
Downloading https://repo.maven.apache.org/maven2/com/google/android/annotations/4.1.1.4/annotations-4.1.1.4.pom to /home/user/.gradle/.tmp/gradle_download10137247899147032958bin
Downloading https://repo.maven.apache.org/maven2/io/grpc/grpc-api/1.39.0/grpc-api-1.39.0.pom to /home/user/.gradle/.tmp/gradle_download16168730400123086844bin
Downloading https://repo.maven.apache.org/maven2/io/perfmark/perfmark-api/0.23.0/perfmark-api-0.23.0.pom to /home/user/.gradle/.tmp/gradle_download11985000321392763004bin
Downloading https://repo.maven.apache.org/maven2/org/codehaus/mojo/animal-sniffer-annotations/1.19/animal-sniffer-annotations-1.19.pom to /home/user/.gradle/.tmp/gradle_download15222689543317175340bin
Downloading https://repo.maven.apache.org/maven2/io/perfmark/perfmark-api/0.23.0/perfmark-api-0.23.0.module to /home/user/.gradle/.tmp/gradle_download18321487247652450535bin
Downloading https://repo.maven.apache.org/maven2/org/codehaus/mojo/animal-sniffer-parent/1.19/animal-sniffer-parent-1.19.pom to /home/user/.gradle/.tmp/gradle_download1154756587986957052bin
Downloading https://repo.maven.apache.org/maven2/org/codehaus/mojo/mojo-parent/50/mojo-parent-50.pom to /home/user/.gradle/.tmp/gradle_download3896163483931499849bin
Downloading https://repo.maven.apache.org/maven2/io/netty/netty-codec-http2/4.1.52.Final/netty-codec-http2-4.1.52.Final.pom to /home/user/.gradle/.tmp/gradle_download9850917137812820301bin
Downloading https://repo.maven.apache.org/maven2/io/netty/netty-handler-proxy/4.1.52.Final/netty-handler-proxy-4.1.52.Final.pom to /home/user/.gradle/.tmp/gradle_download71603918504907342bin
Downloading https://repo.maven.apache.org/maven2/io/netty/netty-parent/4.1.52.Final/netty-parent-4.1.52.Final.pom to /home/user/.gradle/.tmp/gradle_download835047963632344888bin
Downloading https://repo.maven.apache.org/maven2/org/sonatype/oss/oss-parent/9/oss-parent-9.pom to /home/user/.gradle/.tmp/gradle_download10376126472768052135bin
Downloading https://repo.maven.apache.org/maven2/io/grpc/grpc-protobuf-lite/1.39.0/grpc-protobuf-lite-1.39.0.pom to /home/user/.gradle/.tmp/gradle_download4536904481442561611bin
Downloading https://repo.maven.apache.org/maven2/com/google/api/grpc/proto-google-common-protos/2.0.1/proto-google-common-protos-2.0.1.pom to /home/user/.gradle/.tmp/gradle_download6334207209515417797bin
Downloading https://repo.maven.apache.org/maven2/com/google/code/findbugs/jsr305/3.0.2/jsr305-3.0.2.pom to /home/user/.gradle/.tmp/gradle_download5625177520777405256bin
Downloading https://repo.maven.apache.org/maven2/org/json/json/20180813/json-20180813.pom to /home/user/.gradle/.tmp/gradle_download3083115022236822334bin
Downloading https://repo.maven.apache.org/maven2/org/checkerframework/checker-qual/2.5.8/checker-qual-2.5.8.pom to /home/user/.gradle/.tmp/gradle_download6450651039737765506bin
Downloading https://repo.maven.apache.org/maven2/com/googlecode/json-simple/json-simple/1.1/json-simple-1.1.pom to /home/user/.gradle/.tmp/gradle_download3226954245717056284bin
Downloading https://repo.maven.apache.org/maven2/it/unimi/dsi/fastutil/8.4.0/fastutil-8.4.0.pom to /home/user/.gradle/.tmp/gradle_download16155448249746959271bin
Downloading https://repo.maven.apache.org/maven2/commons-codec/commons-codec/1.10/commons-codec-1.10.pom to /home/user/.gradle/.tmp/gradle_download10786899754397461455bin
Downloading https://dl.google.com/dl/android/maven2/com/android/zipflinger/7.3.1/zipflinger-7.3.1.pom to /home/user/.gradle/.tmp/gradle_download3871068207210869526bin
Downloading https://dl.google.com/dl/android/maven2/com/android/tools/build/manifest-merger/30.3.1/manifest-merger-30.3.1.pom to /home/user/.gradle/.tmp/gradle_download6733202844106366436bin
Downloading https://dl.google.com/dl/android/maven2/com/android/tools/build/apksig/7.3.1/apksig-7.3.1.pom to /home/user/.gradle/.tmp/gradle_download7308848077665800785bin
Downloading https://dl.google.com/dl/android/maven2/com/android/tools/analytics-library/tracker/30.3.1/tracker-30.3.1.pom to /home/user/.gradle/.tmp/gradle_download3704249594974825992bin
Downloading https://dl.google.com/dl/android/maven2/com/android/signflinger/7.3.1/signflinger-7.3.1.pom to /home/user/.gradle/.tmp/gradle_download17599175811163979666bin
Downloading https://dl.google.com/dl/android/maven2/com/android/tools/build/apkzlib/7.3.1/apkzlib-7.3.1.pom to /home/user/.gradle/.tmp/gradle_download5354056973030270678bin
Downloading https://repo.maven.apache.org/maven2/org/apache/commons/commons-parent/35/commons-parent-35.pom to /home/user/.gradle/.tmp/gradle_download4899072831076214060bin
Downloading https://repo.maven.apache.org/maven2/com/squareup/javawriter/2.5.0/javawriter-2.5.0.pom to /home/user/.gradle/.tmp/gradle_download17373434390471705132bin
Downloading https://dl.google.com/dl/android/maven2/com/android/tools/build/manifest-merger/30.3.1/manifest-merger-30.3.1.module to /home/user/.gradle/.tmp/gradle_download527610054684008935bin
Downloading https://repo.maven.apache.org/maven2/org/apache/apache/15/apache-15.pom to /home/user/.gradle/.tmp/gradle_download4102955066816475286bin
Downloading https://repo.maven.apache.org/maven2/org/jetbrains/kotlin/kotlin-gradle-plugin-annotations/1.9.0/kotlin-gradle-plugin-annotations-1.9.0.pom to /home/user/.gradle/.tmp/gradle_download16409616111478632725bin
Downloading https://repo.maven.apache.org/maven2/org/jetbrains/kotlin/kotlin-native-utils/1.9.0/kotlin-native-utils-1.9.0.pom to /home/user/.gradle/.tmp/gradle_download614733437531245036bin
Downloading https://repo.maven.apache.org/maven2/org/jetbrains/kotlin/kotlin-util-io/1.9.0/kotlin-util-io-1.9.0.pom to /home/user/.gradle/.tmp/gradle_download17447480447216496253bin
Downloading https://repo.maven.apache.org/maven2/org/jetbrains/intellij/deps/trove4j/1.0.20200330/trove4j-1.0.20200330.pom to /home/user/.gradle/.tmp/gradle_download7220361137247294409bin
Downloading https://repo.maven.apache.org/maven2/org/jetbrains/kotlin/kotlin-daemon-embeddable/1.9.0/kotlin-daemon-embeddable-1.9.0.pom to /home/user/.gradle/.tmp/gradle_download13278850264250225328bin
Downloading https://repo.maven.apache.org/maven2/org/jetbrains/kotlinx/kotlinx-coroutines-core-jvm/1.5.0/kotlinx-coroutines-core-jvm-1.5.0.pom to /home/user/.gradle/.tmp/gradle_download10330706902382678637bin
Downloading https://repo.maven.apache.org/maven2/org/jetbrains/kotlin/kotlin-daemon-client/1.9.0/kotlin-daemon-client-1.9.0.pom to /home/user/.gradle/.tmp/gradle_download9515470442282410315bin
Downloading https://repo.maven.apache.org/maven2/org/jetbrains/kotlinx/kotlinx-coroutines-core-jvm/1.5.0/kotlinx-coroutines-core-jvm-1.5.0.module to /home/user/.gradle/.tmp/gradle_download7061769743412880439bin
Downloading https://repo.maven.apache.org/maven2/org/jetbrains/kotlin/kotlin-scripting-jvm/1.9.0/kotlin-scripting-jvm-1.9.0.pom to /home/user/.gradle/.tmp/gradle_download9234047241179378880bin
Downloading https://repo.maven.apache.org/maven2/org/jetbrains/kotlin/kotlin-scripting-common/1.9.0/kotlin-scripting-common-1.9.0.pom to /home/user/.gradle/.tmp/gradle_download9473634078408681692bin
Downloading https://repo.maven.apache.org/maven2/org/checkerframework/checker-qual/3.5.0/checker-qual-3.5.0.pom to /home/user/.gradle/.tmp/gradle_download16725255589446406546bin
Downloading https://repo.maven.apache.org/maven2/com/google/guava/failureaccess/1.0.1/failureaccess-1.0.1.pom to /home/user/.gradle/.tmp/gradle_download4673972131402892226bin
Downloading https://repo.maven.apache.org/maven2/com/google/j2objc/j2objc-annotations/1.3/j2objc-annotations-1.3.pom to /home/user/.gradle/.tmp/gradle_download5150029056478115036bin
Downloading https://repo.maven.apache.org/maven2/com/google/guava/listenablefuture/9999.0-empty-to-avoid-conflict-with-guava/listenablefuture-9999.0-empty-to-avoid-conflict-with-guava.pom to /home/user/.gradle/.tmp/gradle_download7771793112477787050bin
Downloading https://repo.maven.apache.org/maven2/com/google/guava/guava-parent/26.0-android/guava-parent-26.0-android.pom to /home/user/.gradle/.tmp/gradle_download1532753958587317055bin
Downloading https://repo.maven.apache.org/maven2/xml-apis/xml-apis/1.4.01/xml-apis-1.4.01.pom to /home/user/.gradle/.tmp/gradle_download12178214659730867528bin
Downloading https://repo.maven.apache.org/maven2/commons-codec/commons-codec/1.11/commons-codec-1.11.pom to /home/user/.gradle/.tmp/gradle_download13387529138088617628bin
Downloading https://repo.maven.apache.org/maven2/org/apache/commons/commons-parent/42/commons-parent-42.pom to /home/user/.gradle/.tmp/gradle_download8208219635254358812bin
Downloading https://repo.maven.apache.org/maven2/commons-logging/commons-logging/1.2/commons-logging-1.2.pom to /home/user/.gradle/.tmp/gradle_download7920568702341305309bin
Downloading https://repo.maven.apache.org/maven2/org/apache/commons/commons-parent/34/commons-parent-34.pom to /home/user/.gradle/.tmp/gradle_download10530369696288272507bin
Downloading https://repo.maven.apache.org/maven2/org/apache/apache/13/apache-13.pom to /home/user/.gradle/.tmp/gradle_download14669022156290963962bin
Downloading https://repo.maven.apache.org/maven2/net/java/dev/jna/jna/5.6.0/jna-5.6.0.pom to /home/user/.gradle/.tmp/gradle_download16279183704025513833bin
Downloading https://repo.maven.apache.org/maven2/org/jetbrains/kotlin/kotlin-stdlib-common/1.5.31/kotlin-stdlib-common-1.5.31.pom to /home/user/.gradle/.tmp/gradle_download11656638590265286053bin
Downloading https://repo.maven.apache.org/maven2/io/grpc/grpc-context/1.39.0/grpc-context-1.39.0.pom to /home/user/.gradle/.tmp/gradle_download11251162949964161649bin
Downloading https://repo.maven.apache.org/maven2/io/netty/netty-codec/4.1.52.Final/netty-codec-4.1.52.Final.pom to /home/user/.gradle/.tmp/gradle_download2282864935085972046bin
Downloading https://repo.maven.apache.org/maven2/io/netty/netty-codec-http/4.1.52.Final/netty-codec-http-4.1.52.Final.pom to /home/user/.gradle/.tmp/gradle_download15405121859152259911bin
Downloading https://repo.maven.apache.org/maven2/io/netty/netty-transport/4.1.52.Final/netty-transport-4.1.52.Final.pom to /home/user/.gradle/.tmp/gradle_download4066903783138834879bin
Downloading https://repo.maven.apache.org/maven2/io/netty/netty-common/4.1.52.Final/netty-common-4.1.52.Final.pom to /home/user/.gradle/.tmp/gradle_download12235383425678928439bin
Downloading https://repo.maven.apache.org/maven2/io/netty/netty-handler/4.1.52.Final/netty-handler-4.1.52.Final.pom to /home/user/.gradle/.tmp/gradle_download10365321713276076286bin
Downloading https://repo.maven.apache.org/maven2/io/netty/netty-buffer/4.1.52.Final/netty-buffer-4.1.52.Final.pom to /home/user/.gradle/.tmp/gradle_download4693521746257244904bin
Downloading https://repo.maven.apache.org/maven2/io/netty/netty-codec-socks/4.1.52.Final/netty-codec-socks-4.1.52.Final.pom to /home/user/.gradle/.tmp/gradle_download14719298603664808161bin
Downloading https://repo.maven.apache.org/maven2/io/netty/netty-resolver/4.1.52.Final/netty-resolver-4.1.52.Final.pom to /home/user/.gradle/.tmp/gradle_download11832478597234008748bin
Downloading https://repo.maven.apache.org/maven2/org/jetbrains/kotlin/kotlin-gradle-plugin-model/1.9.0/kotlin-gradle-plugin-model-1.9.0.jar to /home/user/.gradle/.tmp/gradle_download12515317618336658154bin
Downloading https://repo.maven.apache.org/maven2/org/jetbrains/kotlin/kotlin-gradle-plugin-api/1.9.0/kotlin-gradle-plugin-api-1.9.0.jar to /home/user/.gradle/.tmp/gradle_download11525738976878847304bin
Downloading https://repo.maven.apache.org/maven2/org/jetbrains/kotlin/kotlin-gradle-plugin-api/1.9.0/kotlin-gradle-plugin-api-1.9.0-gradle81.jar to /home/user/.gradle/.tmp/gradle_download1134126213917693027bin
Downloading https://dl.google.com/dl/android/maven2/com/android/tools/build/gradle/7.3.1/gradle-7.3.1.jar to /home/user/.gradle/.tmp/gradle_download3642831509095051785bin
Downloading https://dl.google.com/dl/android/maven2/com/android/tools/build/builder/7.3.1/builder-7.3.1.jar to /home/user/.gradle/.tmp/gradle_download11943408630840878183bin
Downloading https://repo.maven.apache.org/maven2/org/jetbrains/kotlin/kotlin-gradle-plugin/1.9.0/kotlin-gradle-plugin-1.9.0-gradle81.jar to /home/user/.gradle/.tmp/gradle_download16426421539812682021bin
Downloading https://dl.google.com/dl/android/maven2/com/android/tools/build/manifest-merger/30.3.1/manifest-merger-30.3.1.jar to /home/user/.gradle/.tmp/gradle_download7186692730148928074bin
Downloading https://dl.google.com/dl/android/maven2/com/android/tools/lint/lint-model/30.3.1/lint-model-30.3.1.jar to /home/user/.gradle/.tmp/gradle_download7294437887540922875bin
Downloading https://dl.google.com/dl/android/maven2/com/android/tools/sdk-common/30.3.1/sdk-common-30.3.1.jar to /home/user/.gradle/.tmp/gradle_download7034579265342666180bin
Downloading https://dl.google.com/dl/android/maven2/com/android/tools/sdklib/30.3.1/sdklib-30.3.1.jar to /home/user/.gradle/.tmp/gradle_download18202808026316991386bin
Downloading https://dl.google.com/dl/android/maven2/com/android/tools/repository/30.3.1/repository-30.3.1.jar to /home/user/.gradle/.tmp/gradle_download3926970007030016414bin
Downloading https://dl.google.com/dl/android/maven2/com/android/tools/build/gradle-api/7.3.1/gradle-api-7.3.1.jar to /home/user/.gradle/.tmp/gradle_download7692584015524187363bin
Downloading https://dl.google.com/dl/android/maven2/com/android/tools/build/builder-test-api/7.3.1/builder-test-api-7.3.1.jar to /home/user/.gradle/.tmp/gradle_download4142779091362208973bin
Downloading https://dl.google.com/dl/android/maven2/com/android/tools/ddms/ddmlib/30.3.1/ddmlib-30.3.1.jar to /home/user/.gradle/.tmp/gradle_download14345303058887486861bin
Downloading https://dl.google.com/dl/android/maven2/com/android/tools/build/aaptcompiler/7.3.1/aaptcompiler-7.3.1.jar to /home/user/.gradle/.tmp/gradle_download12336860182905615063bin
Downloading https://dl.google.com/dl/android/maven2/com/android/tools/build/bundletool/1.9.0/bundletool-1.9.0.jar to /home/user/.gradle/.tmp/gradle_download16138701111479609115bin
Downloading https://dl.google.com/dl/android/maven2/com/android/tools/build/aapt2-proto/7.3.1-8691043/aapt2-proto-7.3.1-8691043.jar to /home/user/.gradle/.tmp/gradle_download13303299197564359075bin
Downloading https://dl.google.com/dl/android/maven2/com/android/tools/analytics-library/crash/30.3.1/crash-30.3.1.jar to /home/user/.gradle/.tmp/gradle_download3941235232700769763bin
Downloading https://dl.google.com/dl/android/maven2/com/android/tools/analytics-library/tracker/30.3.1/tracker-30.3.1.jar to /home/user/.gradle/.tmp/gradle_download465488162525452941bin
Downloading https://dl.google.com/dl/android/maven2/com/android/tools/analytics-library/shared/30.3.1/shared-30.3.1.jar to /home/user/.gradle/.tmp/gradle_download595144539040383619bin
Downloading https://dl.google.com/dl/android/maven2/com/android/tools/lint/lint-typedef-remover/30.3.1/lint-typedef-remover-30.3.1.jar to /home/user/.gradle/.tmp/gradle_download17783134661577520550bin
Downloading https://dl.google.com/dl/android/maven2/androidx/databinding/databinding-compiler-common/7.3.1/databinding-compiler-common-7.3.1.jar to /home/user/.gradle/.tmp/gradle_download10644567834921251374bin
Downloading https://dl.google.com/dl/android/maven2/androidx/databinding/databinding-common/7.3.1/databinding-common-7.3.1.jar to /home/user/.gradle/.tmp/gradle_download18291075932814873190bin
Downloading https://dl.google.com/dl/android/maven2/com/android/databinding/baseLibrary/7.3.1/baseLibrary-7.3.1.jar to /home/user/.gradle/.tmp/gradle_download9807838914196040770bin
Downloading https://dl.google.com/dl/android/maven2/com/android/tools/layoutlib/layoutlib-api/30.3.1/layoutlib-api-30.3.1.jar to /home/user/.gradle/.tmp/gradle_download13828823047084222139bin
Downloading https://dl.google.com/dl/android/maven2/com/android/tools/utp/android-device-provider-ddmlib-proto/30.3.1/android-device-provider-ddmlib-proto-30.3.1.jar to /home/user/.gradle/.tmp/gradle_download8458241706616025403bin
Downloading https://dl.google.com/dl/android/maven2/com/android/tools/utp/android-test-plugin-host-additional-test-output-proto/30.3.1/android-test-plugin-host-additional-test-output-proto-30.3.1.jar to /home/user/.gradle/.tmp/gradle_download4074909850878230360bin
Downloading https://dl.google.com/dl/android/maven2/com/android/tools/utp/android-device-provider-gradle-proto/30.3.1/android-device-provider-gradle-proto-30.3.1.jar to /home/user/.gradle/.tmp/gradle_download14984934200754208021bin
Downloading https://dl.google.com/dl/android/maven2/com/android/tools/utp/android-test-plugin-host-coverage-proto/30.3.1/android-test-plugin-host-coverage-proto-30.3.1.jar to /home/user/.gradle/.tmp/gradle_download9278067530863367514bin
Downloading https://dl.google.com/dl/android/maven2/com/android/tools/utp/android-test-plugin-host-retention-proto/30.3.1/android-test-plugin-host-retention-proto-30.3.1.jar to /home/user/.gradle/.tmp/gradle_download15208751233455570182bin
Downloading https://dl.google.com/dl/android/maven2/com/android/tools/utp/android-test-plugin-result-listener-gradle-proto/30.3.1/android-test-plugin-result-listener-gradle-proto-30.3.1.jar to /home/user/.gradle/.tmp/gradle_download11135637539831974967bin
Downloading https://dl.google.com/dl/android/maven2/com/android/tools/build/builder-model/7.3.1/builder-model-7.3.1.jar to /home/user/.gradle/.tmp/gradle_download17154592744205321800bin
Downloading https://repo.maven.apache.org/maven2/org/jetbrains/kotlin/kotlin-stdlib-jdk8/1.5.31/kotlin-stdlib-jdk8-1.5.31.jar to /home/user/.gradle/.tmp/gradle_download8622252794692658776bin
Downloading https://dl.google.com/dl/android/maven2/com/android/tools/common/30.3.1/common-30.3.1.jar to /home/user/.gradle/.tmp/gradle_download7106690085640847645bin
Downloading https://dl.google.com/dl/android/maven2/com/android/tools/dvlib/30.3.1/dvlib-30.3.1.jar to /home/user/.gradle/.tmp/gradle_download12646645015262430769bin
Downloading https://repo.maven.apache.org/maven2/commons-io/commons-io/2.4/commons-io-2.4.jar to /home/user/.gradle/.tmp/gradle_download10948578297716631282bin
Downloading https://repo.maven.apache.org/maven2/org/apache/httpcomponents/httpmime/4.5.6/httpmime-4.5.6.jar to /home/user/.gradle/.tmp/gradle_download9493909495846132137bin
Downloading https://dl.google.com/dl/android/maven2/com/android/tools/build/transform-api/2.0.0-deprecated-use-gradle-api/transform-api-2.0.0-deprecated-use-gradle-api.jar to /home/user/.gradle/.tmp/gradle_download17805694713973143457bin
Downloading https://repo.maven.apache.org/maven2/org/ow2/asm/asm-util/9.1/asm-util-9.1.jar to /home/user/.gradle/.tmp/gradle_download3532395435446098570bin
Downloading https://repo.maven.apache.org/maven2/org/ow2/asm/asm-analysis/9.1/asm-analysis-9.1.jar to /home/user/.gradle/.tmp/gradle_download5082310362132133487bin
Downloading https://repo.maven.apache.org/maven2/org/ow2/asm/asm-commons/9.1/asm-commons-9.1.jar to /home/user/.gradle/.tmp/gradle_download1212867349402992235bin
Downloading https://repo.maven.apache.org/maven2/org/ow2/asm/asm-tree/9.1/asm-tree-9.1.jar to /home/user/.gradle/.tmp/gradle_download5089952541793242776bin
Downloading https://dl.google.com/dl/android/maven2/com/android/tools/build/jetifier/jetifier-processor/1.0.0-beta10/jetifier-processor-1.0.0-beta10.jar to /home/user/.gradle/.tmp/gradle_download1362464351556485049bin
Downloading https://repo.maven.apache.org/maven2/org/ow2/asm/asm/9.1/asm-9.1.jar to /home/user/.gradle/.tmp/gradle_download8172572445152411006bin
Downloading https://repo.maven.apache.org/maven2/org/bouncycastle/bcpkix-jdk15on/1.67/bcpkix-jdk15on-1.67.jar to /home/user/.gradle/.tmp/gradle_download6932278909194381878bin
Downloading https://dl.google.com/dl/android/maven2/com/android/tools/build/apkzlib/7.3.1/apkzlib-7.3.1.jar to /home/user/.gradle/.tmp/gradle_download7368939917638862224bin
Downloading https://repo.maven.apache.org/maven2/net/sf/jopt-simple/jopt-simple/4.9/jopt-simple-4.9.jar to /home/user/.gradle/.tmp/gradle_download16348906286209804481bin
Downloading https://repo.maven.apache.org/maven2/org/glassfish/jaxb/jaxb-runtime/2.3.2/jaxb-runtime-2.3.2.jar to /home/user/.gradle/.tmp/gradle_download9822274755139378564bin
Downloading https://dl.google.com/dl/android/maven2/com/android/tools/build/jetifier/jetifier-core/1.0.0-beta10/jetifier-core-1.0.0-beta10.jar to /home/user/.gradle/.tmp/gradle_download235571922795201650bin
Downloading https://repo.maven.apache.org/maven2/com/squareup/javapoet/1.10.0/javapoet-1.10.0.jar to /home/user/.gradle/.tmp/gradle_download14675164341479697164bin
Downloading https://repo.maven.apache.org/maven2/com/google/crypto/tink/tink/1.3.0-rc2/tink-1.3.0-rc2.jar to /home/user/.gradle/.tmp/gradle_download16175236800637559917bin
Downloading https://repo.maven.apache.org/maven2/com/google/protobuf/protobuf-java-util/3.17.2/protobuf-java-util-3.17.2.jar to /home/user/.gradle/.tmp/gradle_download3211326129820529787bin
Downloading https://repo.maven.apache.org/maven2/io/grpc/grpc-protobuf/1.39.0/grpc-protobuf-1.39.0.jar to /home/user/.gradle/.tmp/gradle_download5332542803308896957bin
Downloading https://repo.maven.apache.org/maven2/com/google/api/grpc/proto-google-common-protos/2.0.1/proto-google-common-protos-2.0.1.jar to /home/user/.gradle/.tmp/gradle_download5293365173290749123bin
Downloading https://dl.google.com/dl/android/maven2/com/android/tools/analytics-library/protos/30.3.1/protos-30.3.1.jar to /home/user/.gradle/.tmp/gradle_download11280163005438010676bin
Downloading https://repo.maven.apache.org/maven2/com/google/protobuf/protobuf-java/3.17.2/protobuf-java-3.17.2.jar to /home/user/.gradle/.tmp/gradle_download16600259672484583040bin
Downloading https://repo.maven.apache.org/maven2/io/grpc/grpc-core/1.39.0/grpc-core-1.39.0.jar to /home/user/.gradle/.tmp/gradle_download12738811611220370146bin
Downloading https://repo.maven.apache.org/maven2/io/grpc/grpc-netty/1.39.0/grpc-netty-1.39.0.jar to /home/user/.gradle/.tmp/gradle_download1726898957364636550bin
Downloading https://repo.maven.apache.org/maven2/com/google/code/gson/gson/2.8.6/gson-2.8.6.jar to /home/user/.gradle/.tmp/gradle_download8694337451118590492bin
Downloading https://repo.maven.apache.org/maven2/io/grpc/grpc-stub/1.39.0/grpc-stub-1.39.0.jar to /home/user/.gradle/.tmp/gradle_download12017981298106182285bin
Downloading https://dl.google.com/dl/android/maven2/com/google/testing/platform/core-proto/0.0.8-alpha07/core-proto-0.0.8-alpha07.jar to /home/user/.gradle/.tmp/gradle_download18259516126523171387bin
Downloading https://repo.maven.apache.org/maven2/org/tensorflow/tensorflow-lite-metadata/0.1.0-rc2/tensorflow-lite-metadata-0.1.0-rc2.jar to /home/user/.gradle/.tmp/gradle_download8989600624427388400bin
Downloading https://repo.maven.apache.org/maven2/com/google/flatbuffers/flatbuffers-java/1.12.0/flatbuffers-java-1.12.0.jar to /home/user/.gradle/.tmp/gradle_download4502241594312776943bin
Downloading https://repo.maven.apache.org/maven2/org/jetbrains/kotlin/kotlin-gradle-plugin-idea-proto/1.9.0/kotlin-gradle-plugin-idea-proto-1.9.0.jar to /home/user/.gradle/.tmp/gradle_download3675524796215775192bin
Downloading https://repo.maven.apache.org/maven2/org/jetbrains/kotlin/kotlin-gradle-plugin-idea/1.9.0/kotlin-gradle-plugin-idea-1.9.0.jar to /home/user/.gradle/.tmp/gradle_download13866829831630759151bin
Downloading https://repo.maven.apache.org/maven2/org/jetbrains/kotlin/kotlin-project-model/1.9.0/kotlin-project-model-1.9.0.jar to /home/user/.gradle/.tmp/gradle_download7383479325566072339bin
Downloading https://repo.maven.apache.org/maven2/org/jetbrains/kotlin/kotlin-tooling-core/1.9.0/kotlin-tooling-core-1.9.0.jar to /home/user/.gradle/.tmp/gradle_download5214754310726955943bin
Downloading https://repo.maven.apache.org/maven2/org/jetbrains/kotlin/kotlin-klib-commonizer-api/1.9.0/kotlin-klib-commonizer-api-1.9.0.jar to /home/user/.gradle/.tmp/gradle_download11631220174327024775bin
Downloading https://repo.maven.apache.org/maven2/org/jetbrains/kotlin/kotlin-util-klib/1.9.0/kotlin-util-klib-1.9.0.jar to /home/user/.gradle/.tmp/gradle_download1233806876088287386bin
Downloading https://repo.maven.apache.org/maven2/org/jetbrains/kotlin/kotlin-native-utils/1.9.0/kotlin-native-utils-1.9.0.jar to /home/user/.gradle/.tmp/gradle_download2498275111542397997bin
Downloading https://repo.maven.apache.org/maven2/org/jetbrains/kotlin/kotlin-build-tools-api/1.9.0/kotlin-build-tools-api-1.9.0.jar to /home/user/.gradle/.tmp/gradle_download7952195806043600609bin
Downloading https://repo.maven.apache.org/maven2/org/jetbrains/kotlin/kotlin-android-extensions/1.9.0/kotlin-android-extensions-1.9.0.jar to /home/user/.gradle/.tmp/gradle_download1168255730988252919bin
Downloading https://repo.maven.apache.org/maven2/org/jetbrains/kotlin/kotlin-compiler-embeddable/1.9.0/kotlin-compiler-embeddable-1.9.0.jar to /home/user/.gradle/.tmp/gradle_download11856999869709540527bin
Downloading https://repo.maven.apache.org/maven2/org/jetbrains/kotlin/kotlin-compiler-runner/1.9.0/kotlin-compiler-runner-1.9.0.jar to /home/user/.gradle/.tmp/gradle_download10667143063975999380bin
Downloading https://repo.maven.apache.org/maven2/org/jetbrains/kotlin/kotlin-scripting-compiler-embeddable/1.9.0/kotlin-scripting-compiler-embeddable-1.9.0.jar to /home/user/.gradle/.tmp/gradle_download11037918769630553381bin
Downloading https://repo.maven.apache.org/maven2/org/jetbrains/kotlin/kotlin-scripting-compiler-impl-embeddable/1.9.0/kotlin-scripting-compiler-impl-embeddable-1.9.0.jar to /home/user/.gradle/.tmp/gradle_download10658287491917947068bin
Downloading https://repo.maven.apache.org/maven2/com/google/jimfs/jimfs/1.1/jimfs-1.1.jar to /home/user/.gradle/.tmp/gradle_download15289689816910020762bin
Downloading https://repo.maven.apache.org/maven2/io/grpc/grpc-protobuf-lite/1.39.0/grpc-protobuf-lite-1.39.0.jar to /home/user/.gradle/.tmp/gradle_download10018189472835402397bin
Downloading https://repo.maven.apache.org/maven2/io/grpc/grpc-api/1.39.0/grpc-api-1.39.0.jar to /home/user/.gradle/.tmp/gradle_download13770900710515836724bin
Downloading https://repo.maven.apache.org/maven2/com/google/dagger/dagger/2.28.3/dagger-2.28.3.jar to /home/user/.gradle/.tmp/gradle_download6560017324589615902bin
Downloading https://repo.maven.apache.org/maven2/com/google/guava/guava/30.1-jre/guava-30.1-jre.jar to /home/user/.gradle/.tmp/gradle_download8880889285631299603bin
Downloading https://repo.maven.apache.org/maven2/javax/inject/javax.inject/1/javax.inject-1.jar to /home/user/.gradle/.tmp/gradle_download17225736850223550567bin
Downloading https://repo.maven.apache.org/maven2/net/sf/kxml/kxml2/2.3.0/kxml2-2.3.0.jar to /home/user/.gradle/.tmp/gradle_download9535859386970124824bin
Downloading https://repo.maven.apache.org/maven2/org/bouncycastle/bcprov-jdk15on/1.67/bcprov-jdk15on-1.67.jar to /home/user/.gradle/.tmp/gradle_download8403306037841582176bin
Downloading https://repo.maven.apache.org/maven2/org/jetbrains/kotlin/kotlin-reflect/1.5.31/kotlin-reflect-1.5.31.jar to /home/user/.gradle/.tmp/gradle_download17858659621169622818bin
Downloading https://repo.maven.apache.org/maven2/xerces/xercesImpl/2.12.0/xercesImpl-2.12.0.jar to /home/user/.gradle/.tmp/gradle_download8782846687720106071bin
Downloading https://repo.maven.apache.org/maven2/org/jetbrains/intellij/deps/trove4j/1.0.20200330/trove4j-1.0.20200330.jar to /home/user/.gradle/.tmp/gradle_download15888308763035036681bin
Downloading https://repo.maven.apache.org/maven2/org/apache/commons/commons-compress/1.20/commons-compress-1.20.jar to /home/user/.gradle/.tmp/gradle_download17705254866390973435bin
Downloading https://repo.maven.apache.org/maven2/org/apache/httpcomponents/httpclient/4.5.13/httpclient-4.5.13.jar to /home/user/.gradle/.tmp/gradle_download16286053793071674037bin
Downloading https://repo.maven.apache.org/maven2/org/apache/httpcomponents/httpcore/4.4.13/httpcore-4.4.13.jar to /home/user/.gradle/.tmp/gradle_download8748751343290490936bin
Downloading https://repo.maven.apache.org/maven2/com/sun/activation/javax.activation/1.2.0/javax.activation-1.2.0.jar to /home/user/.gradle/.tmp/gradle_download5413658651377499993bin
Downloading https://dl.google.com/dl/android/maven2/com/android/signflinger/7.3.1/signflinger-7.3.1.jar to /home/user/.gradle/.tmp/gradle_download9240412877579539105bin
Downloading https://dl.google.com/dl/android/maven2/com/android/zipflinger/7.3.1/zipflinger-7.3.1.jar to /home/user/.gradle/.tmp/gradle_download18035117585327275402bin
Downloading https://repo.maven.apache.org/maven2/net/java/dev/jna/jna-platform/5.6.0/jna-platform-5.6.0.jar to /home/user/.gradle/.tmp/gradle_download1951038421620704890bin
Downloading https://dl.google.com/dl/android/maven2/com/android/tools/annotations/30.3.1/annotations-30.3.1.jar to /home/user/.gradle/.tmp/gradle_download16555872074929495631bin
Downloading https://repo.maven.apache.org/maven2/com/googlecode/juniversalchardet/juniversalchardet/1.0.3/juniversalchardet-1.0.3.jar to /home/user/.gradle/.tmp/gradle_download16445908618049765658bin
Downloading https://repo.maven.apache.org/maven2/org/jetbrains/kotlin/kotlin-stdlib/1.5.31/kotlin-stdlib-1.5.31.jar to /home/user/.gradle/.tmp/gradle_download8521121492253744835bin
Downloading https://repo.maven.apache.org/maven2/org/jetbrains/kotlin/kotlin-stdlib-jdk7/1.5.31/kotlin-stdlib-jdk7-1.5.31.jar to /home/user/.gradle/.tmp/gradle_download9695636788347945221bin
Downloading https://repo.maven.apache.org/maven2/org/jetbrains/annotations/13.0/annotations-13.0.jar to /home/user/.gradle/.tmp/gradle_download1855019967928614287bin
Downloading https://repo.maven.apache.org/maven2/javax/annotation/javax.annotation-api/1.3.2/javax.annotation-api-1.3.2.jar to /home/user/.gradle/.tmp/gradle_download12756477725187656552bin
Downloading https://repo.maven.apache.org/maven2/org/jvnet/staxex/stax-ex/1.8.1/stax-ex-1.8.1.jar to /home/user/.gradle/.tmp/gradle_download8582126152792033005bin
Downloading https://repo.maven.apache.org/maven2/jakarta/xml/bind/jakarta.xml.bind-api/2.3.2/jakarta.xml.bind-api-2.3.2.jar to /home/user/.gradle/.tmp/gradle_download6989985130069176087bin
Downloading https://repo.maven.apache.org/maven2/org/glassfish/jaxb/txw2/2.3.2/txw2-2.3.2.jar to /home/user/.gradle/.tmp/gradle_download14108988522435707989bin
Downloading https://repo.maven.apache.org/maven2/com/sun/istack/istack-commons-runtime/3.0.8/istack-commons-runtime-3.0.8.jar to /home/user/.gradle/.tmp/gradle_download16205677825809036873bin
Downloading https://repo.maven.apache.org/maven2/com/sun/xml/fastinfoset/FastInfoset/1.2.16/FastInfoset-1.2.16.jar to /home/user/.gradle/.tmp/gradle_download13887720413600443384bin
Downloading https://repo.maven.apache.org/maven2/jakarta/activation/jakarta.activation-api/1.2.1/jakarta.activation-api-1.2.1.jar to /home/user/.gradle/.tmp/gradle_download9757993783061107498bin
Downloading https://repo.maven.apache.org/maven2/com/google/auto/value/auto-value-annotations/1.6.2/auto-value-annotations-1.6.2.jar to /home/user/.gradle/.tmp/gradle_download8268203559894805527bin
Downloading https://repo.maven.apache.org/maven2/com/google/errorprone/error_prone_annotations/2.4.0/error_prone_annotations-2.4.0.jar to /home/user/.gradle/.tmp/gradle_download674415862507399560bin
Downloading https://repo.maven.apache.org/maven2/org/bitbucket/b_c/jose4j/0.7.0/jose4j-0.7.0.jar to /home/user/.gradle/.tmp/gradle_download2245744520402626783bin
Downloading https://repo.maven.apache.org/maven2/org/slf4j/slf4j-api/1.7.30/slf4j-api-1.7.30.jar to /home/user/.gradle/.tmp/gradle_download3163272550889185396bin
Downloading https://repo.maven.apache.org/maven2/org/jdom/jdom2/2.0.6/jdom2-2.0.6.jar to /home/user/.gradle/.tmp/gradle_download12801668097724152796bin
Downloading https://repo.maven.apache.org/maven2/org/codehaus/mojo/animal-sniffer-annotations/1.19/animal-sniffer-annotations-1.19.jar to /home/user/.gradle/.tmp/gradle_download4096696706671449657bin
Downloading https://repo.maven.apache.org/maven2/com/google/android/annotations/4.1.1.4/annotations-4.1.1.4.jar to /home/user/.gradle/.tmp/gradle_download7237660134080112683bin
Downloading https://repo.maven.apache.org/maven2/io/perfmark/perfmark-api/0.23.0/perfmark-api-0.23.0.jar to /home/user/.gradle/.tmp/gradle_download14971202808428855408bin
Downloading https://repo.maven.apache.org/maven2/io/netty/netty-handler-proxy/4.1.52.Final/netty-handler-proxy-4.1.52.Final.jar to /home/user/.gradle/.tmp/gradle_download7364140581003171506bin
Downloading https://repo.maven.apache.org/maven2/io/netty/netty-codec-http2/4.1.52.Final/netty-codec-http2-4.1.52.Final.jar to /home/user/.gradle/.tmp/gradle_download1982154908618817622bin
Downloading https://repo.maven.apache.org/maven2/com/google/code/findbugs/jsr305/3.0.2/jsr305-3.0.2.jar to /home/user/.gradle/.tmp/gradle_download14420739822122800037bin
Downloading https://repo.maven.apache.org/maven2/org/json/json/20180813/json-20180813.jar to /home/user/.gradle/.tmp/gradle_download283813581961305660bin
Downloading https://repo.maven.apache.org/maven2/org/checkerframework/checker-qual/3.5.0/checker-qual-3.5.0.jar to /home/user/.gradle/.tmp/gradle_download9963383258723264161bin
Downloading https://repo.maven.apache.org/maven2/commons-codec/commons-codec/1.11/commons-codec-1.11.jar to /home/user/.gradle/.tmp/gradle_download6708394548273448950bin
Downloading https://repo.maven.apache.org/maven2/it/unimi/dsi/fastutil/8.4.0/fastutil-8.4.0.jar to /home/user/.gradle/.tmp/gradle_download403776430186994388bin
Downloading https://repo.maven.apache.org/maven2/com/googlecode/json-simple/json-simple/1.1/json-simple-1.1.jar to /home/user/.gradle/.tmp/gradle_download12360079735011803710bin
Downloading https://dl.google.com/dl/android/maven2/com/android/tools/build/apksig/7.3.1/apksig-7.3.1.jar to /home/user/.gradle/.tmp/gradle_download7376974535116247267bin
Downloading https://repo.maven.apache.org/maven2/org/jetbrains/kotlin/kotlin-util-io/1.9.0/kotlin-util-io-1.9.0.jar to /home/user/.gradle/.tmp/gradle_download5730385139619485562bin
Downloading https://repo.maven.apache.org/maven2/org/jetbrains/kotlin/kotlin-gradle-plugin-annotations/1.9.0/kotlin-gradle-plugin-annotations-1.9.0.jar to /home/user/.gradle/.tmp/gradle_download9784533618163077110bin
Downloading https://repo.maven.apache.org/maven2/com/squareup/javawriter/2.5.0/javawriter-2.5.0.jar to /home/user/.gradle/.tmp/gradle_download7754739787418483086bin
Downloading https://repo.maven.apache.org/maven2/org/jetbrains/kotlin/kotlin-daemon-embeddable/1.9.0/kotlin-daemon-embeddable-1.9.0.jar to /home/user/.gradle/.tmp/gradle_download16616820299511069362bin
Downloading https://repo.maven.apache.org/maven2/org/jetbrains/kotlinx/kotlinx-coroutines-core-jvm/1.5.0/kotlinx-coroutines-core-jvm-1.5.0.jar to /home/user/.gradle/.tmp/gradle_download15681465087574315758bin
Downloading https://repo.maven.apache.org/maven2/org/jetbrains/kotlin/kotlin-daemon-client/1.9.0/kotlin-daemon-client-1.9.0.jar to /home/user/.gradle/.tmp/gradle_download16932920044009300798bin
Downloading https://repo.maven.apache.org/maven2/org/jetbrains/kotlin/kotlin-scripting-jvm/1.9.0/kotlin-scripting-jvm-1.9.0.jar to /home/user/.gradle/.tmp/gradle_download2623590645798167593bin
Downloading https://repo.maven.apache.org/maven2/org/jetbrains/kotlin/kotlin-scripting-common/1.9.0/kotlin-scripting-common-1.9.0.jar to /home/user/.gradle/.tmp/gradle_download16156918465655473385bin
Downloading https://repo.maven.apache.org/maven2/com/google/guava/failureaccess/1.0.1/failureaccess-1.0.1.jar to /home/user/.gradle/.tmp/gradle_download14523257340995422271bin
Downloading https://repo.maven.apache.org/maven2/com/google/guava/listenablefuture/9999.0-empty-to-avoid-conflict-with-guava/listenablefuture-9999.0-empty-to-avoid-conflict-with-guava.jar to /home/user/.gradle/.tmp/gradle_download10602086996108807204bin
Downloading https://repo.maven.apache.org/maven2/com/google/j2objc/j2objc-annotations/1.3/j2objc-annotations-1.3.jar to /home/user/.gradle/.tmp/gradle_download11117516148730666802bin
Downloading https://repo.maven.apache.org/maven2/xml-apis/xml-apis/1.4.01/xml-apis-1.4.01.jar to /home/user/.gradle/.tmp/gradle_download4979561930891157555bin
Downloading https://repo.maven.apache.org/maven2/commons-logging/commons-logging/1.2/commons-logging-1.2.jar to /home/user/.gradle/.tmp/gradle_download8665602857415621324bin
Downloading https://repo.maven.apache.org/maven2/net/java/dev/jna/jna/5.6.0/jna-5.6.0.jar to /home/user/.gradle/.tmp/gradle_download8108426241721487912bin
Downloading https://repo.maven.apache.org/maven2/org/jetbrains/kotlin/kotlin-stdlib-common/1.5.31/kotlin-stdlib-common-1.5.31.jar to /home/user/.gradle/.tmp/gradle_download9075786197732281066bin
Downloading https://repo.maven.apache.org/maven2/io/grpc/grpc-context/1.39.0/grpc-context-1.39.0.jar to /home/user/.gradle/.tmp/gradle_download1538670546963752310bin
Downloading https://repo.maven.apache.org/maven2/io/netty/netty-codec-http/4.1.52.Final/netty-codec-http-4.1.52.Final.jar to /home/user/.gradle/.tmp/gradle_download525927972548671202bin
Downloading https://repo.maven.apache.org/maven2/io/netty/netty-handler/4.1.52.Final/netty-handler-4.1.52.Final.jar to /home/user/.gradle/.tmp/gradle_download13666418473838258952bin
Downloading https://repo.maven.apache.org/maven2/io/netty/netty-codec-socks/4.1.52.Final/netty-codec-socks-4.1.52.Final.jar to /home/user/.gradle/.tmp/gradle_download15048922508788558111bin
Downloading https://repo.maven.apache.org/maven2/io/netty/netty-codec/4.1.52.Final/netty-codec-4.1.52.Final.jar to /home/user/.gradle/.tmp/gradle_download10976324614986677550bin
Downloading https://repo.maven.apache.org/maven2/io/netty/netty-transport/4.1.52.Final/netty-transport-4.1.52.Final.jar to /home/user/.gradle/.tmp/gradle_download5353552784248308624bin
Downloading https://repo.maven.apache.org/maven2/io/netty/netty-buffer/4.1.52.Final/netty-buffer-4.1.52.Final.jar to /home/user/.gradle/.tmp/gradle_download13013970406794507905bin
Downloading https://repo.maven.apache.org/maven2/io/netty/netty-resolver/4.1.52.Final/netty-resolver-4.1.52.Final.jar to /home/user/.gradle/.tmp/gradle_download5206099469226762980bin
Downloading https://repo.maven.apache.org/maven2/io/netty/netty-common/4.1.52.Final/netty-common-4.1.52.Final.jar to /home/user/.gradle/.tmp/gradle_download4211142618915510744bin

> Configure project :app
Evaluating project ':app' using build file '/home/user/LatLongShareAndroid2Ubuntu/app/build.gradle'.
Compiling build file '/home/user/LatLongShareAndroid2Ubuntu/app/build.gradle' using SubsetScriptTransformer.
WARNING:The option 'android.enableD8' is deprecated.
The current default is 'true'.
It was removed in version 7.0 of the Android Gradle plugin.
For more details, see https://d.android.com/r/studio-ui/d8-overview.html.
WARNING:The option 'android.enableR8' is deprecated.
It was removed in version 7.0 of the Android Gradle plugin.
Please remove it from `gradle.properties`.
WARNING:The option setting 'android.aapt2FromMavenOverride=$ANDROID_HOME/build-tools/33.0.0/aapt2' is experimental.
Using Kotlin Gradle Plugin gradle81 variant
Compiling build file '/home/user/LatLongShareAndroid2Ubuntu/app/build.gradle' using BuildScriptTransformer.
All projects evaluated.
Task name matched 'assembleDebug'
Selected primary task 'assembleDebug' from project :
Parsing /home/user/Android/Sdk/build-tools/33.0.0/package.xml
Observed package id 'build-tools;33.0.1' in inconsistent location '/home/user/Android/Sdk/build-tools/33.0.0' (Expected '/home/user/Android/Sdk/build-tools/33.0.1')
Parsing legacy package: /home/user/Android/Sdk/cmdline-tools/1.0
Parsing legacy package: /home/user/Android/Sdk/cmdline-tools/latest
Parsing /home/user/Android/Sdk/platform-tools/package.xml
Parsing /home/user/Android/Sdk/platforms/android-33/package.xml

FAILURE: Build failed with an exception.

* What went wrong:
Could not determine the dependencies of task ':app:compileDebugJavaWithJavac'.
> Failed to find Build Tools revision 33.0.0

* Try:
> Run with --debug option to get more log output.
> Run with --scan to get full insights.
> Get more help at https://help.gradle.org.

* Exception is:
org.gradle.api.internal.tasks.TaskDependencyResolveException: Could not determine the dependencies of task ':app:compileDebugJavaWithJavac'.
	at org.gradle.api.internal.tasks.CachingTaskDependencyResolveContext.getDependencies(CachingTaskDependencyResolveContext.java:68)
	at org.gradle.execution.plan.TaskDependencyResolver.resolveDependenciesFor(TaskDependencyResolver.java:49)
	at org.gradle.execution.plan.LocalTaskNode.getDependencies(LocalTaskNode.java:148)
	at org.gradle.execution.plan.LocalTaskNode.resolveDependencies(LocalTaskNode.java:122)
	at org.gradle.execution.plan.DefaultExecutionPlan.discoverNodeRelationships(DefaultExecutionPlan.java:184)
	at org.gradle.execution.plan.DefaultExecutionPlan.doAddEntryNodes(DefaultExecutionPlan.java:156)
	at org.gradle.execution.plan.DefaultExecutionPlan.addEntryTasks(DefaultExecutionPlan.java:131)
	at org.gradle.execution.plan.DefaultExecutionPlan.addEntryTasks(DefaultExecutionPlan.java:123)
	at org.gradle.execution.TaskNameResolvingBuildTaskScheduler.scheduleRequestedTasks(TaskNameResolvingBuildTaskScheduler.java:54)
	at org.gradle.execution.DefaultTasksBuildTaskScheduler.scheduleRequestedTasks(DefaultTasksBuildTaskScheduler.java:72)
	at org.gradle.initialization.DefaultTaskExecutionPreparer.lambda$scheduleRequestedTasks$0(DefaultTaskExecutionPreparer.java:46)
	at org.gradle.internal.Factories$1.create(Factories.java:31)
	at org.gradle.internal.work.DefaultWorkerLeaseService.withReplacedLocks(DefaultWorkerLeaseService.java:360)
	at org.gradle.api.internal.project.DefaultProjectStateRegistry$DefaultBuildProjectRegistry.withMutableStateOfAllProjects(DefaultProjectStateRegistry.java:239)
	at org.gradle.api.internal.project.DefaultProjectStateRegistry$DefaultBuildProjectRegistry.withMutableStateOfAllProjects(DefaultProjectStateRegistry.java:232)
	at org.gradle.initialization.DefaultTaskExecutionPreparer.scheduleRequestedTasks(DefaultTaskExecutionPreparer.java:45)
	at org.gradle.initialization.VintageBuildModelController.lambda$scheduleRequestedTasks$0(VintageBuildModelController.java:76)
	at org.gradle.internal.model.StateTransitionController.lambda$inState$1(StateTransitionController.java:99)
	at org.gradle.internal.model.StateTransitionController.lambda$inState$2(StateTransitionController.java:114)
	at org.gradle.internal.work.DefaultSynchronizer.withLock(DefaultSynchronizer.java:44)
	at org.gradle.internal.model.StateTransitionController.inState(StateTransitionController.java:110)
	at org.gradle.internal.model.StateTransitionController.inState(StateTransitionController.java:98)
	at org.gradle.initialization.VintageBuildModelController.scheduleRequestedTasks(VintageBuildModelController.java:76)
	at org.gradle.internal.build.DefaultBuildLifecycleController$DefaultWorkGraphBuilder.addRequestedTasks(DefaultBuildLifecycleController.java:404)
	at org.gradle.internal.buildtree.DefaultBuildTreeWorkPreparer.lambda$scheduleRequestedTasks$0(DefaultBuildTreeWorkPreparer.java:41)
	at org.gradle.internal.build.DefaultBuildLifecycleController.lambda$populateWorkGraph$7(DefaultBuildLifecycleController.java:189)
	at org.gradle.internal.build.DefaultBuildWorkPreparer.populateWorkGraph(DefaultBuildWorkPreparer.java:42)
	at org.gradle.internal.build.BuildOperationFiringBuildWorkPreparer$PopulateWorkGraph.populateTaskGraph(BuildOperationFiringBuildWorkPreparer.java:106)
	at org.gradle.internal.build.BuildOperationFiringBuildWorkPreparer$PopulateWorkGraph.run(BuildOperationFiringBuildWorkPreparer.java:92)
	at org.gradle.internal.operations.DefaultBuildOperationRunner$1.execute(DefaultBuildOperationRunner.java:29)
	at org.gradle.internal.operations.DefaultBuildOperationRunner$1.execute(DefaultBuildOperationRunner.java:26)
	at org.gradle.internal.operations.DefaultBuildOperationRunner$2.execute(DefaultBuildOperationRunner.java:66)
	at org.gradle.internal.operations.DefaultBuildOperationRunner$2.execute(DefaultBuildOperationRunner.java:59)
	at org.gradle.internal.operations.DefaultBuildOperationRunner.execute(DefaultBuildOperationRunner.java:157)
	at org.gradle.internal.operations.DefaultBuildOperationRunner.execute(DefaultBuildOperationRunner.java:59)
	at org.gradle.internal.operations.DefaultBuildOperationRunner.run(DefaultBuildOperationRunner.java:47)
	at org.gradle.internal.operations.DefaultBuildOperationExecutor.run(DefaultBuildOperationExecutor.java:73)
	at org.gradle.internal.build.BuildOperationFiringBuildWorkPreparer.populateWorkGraph(BuildOperationFiringBuildWorkPreparer.java:67)
	at org.gradle.internal.build.DefaultBuildLifecycleController.lambda$populateWorkGraph$8(DefaultBuildLifecycleController.java:189)
	at org.gradle.internal.model.StateTransitionController.lambda$inState$1(StateTransitionController.java:99)
	at org.gradle.internal.model.StateTransitionController.lambda$inState$2(StateTransitionController.java:114)
	at org.gradle.internal.work.DefaultSynchronizer.withLock(DefaultSynchronizer.java:44)
	at org.gradle.internal.model.StateTransitionController.inState(StateTransitionController.java:110)
	at org.gradle.internal.model.StateTransitionController.inState(StateTransitionController.java:98)
	at org.gradle.internal.build.DefaultBuildLifecycleController.populateWorkGraph(DefaultBuildLifecycleController.java:189)
	at org.gradle.internal.build.DefaultBuildWorkGraphController$DefaultBuildWorkGraph.populateWorkGraph(DefaultBuildWorkGraphController.java:169)
	at org.gradle.composite.internal.DefaultBuildController.populateWorkGraph(DefaultBuildController.java:76)
	at org.gradle.composite.internal.DefaultIncludedBuildTaskGraph$DefaultBuildTreeWorkGraphBuilder.withWorkGraph(DefaultIncludedBuildTaskGraph.java:153)
	at org.gradle.internal.buildtree.DefaultBuildTreeWorkPreparer.lambda$scheduleRequestedTasks$1(DefaultBuildTreeWorkPreparer.java:41)
	at org.gradle.composite.internal.DefaultIncludedBuildTaskGraph$DefaultBuildTreeWorkGraph$1.run(DefaultIncludedBuildTaskGraph.java:209)
	at org.gradle.internal.operations.DefaultBuildOperationRunner$1.execute(DefaultBuildOperationRunner.java:29)
	at org.gradle.internal.operations.DefaultBuildOperationRunner$1.execute(DefaultBuildOperationRunner.java:26)
	at org.gradle.internal.operations.DefaultBuildOperationRunner$2.execute(DefaultBuildOperationRunner.java:66)
	at org.gradle.internal.operations.DefaultBuildOperationRunner$2.execute(DefaultBuildOperationRunner.java:59)
	at org.gradle.internal.operations.DefaultBuildOperationRunner.execute(DefaultBuildOperationRunner.java:157)
	at org.gradle.internal.operations.DefaultBuildOperationRunner.execute(DefaultBuildOperationRunner.java:59)
	at org.gradle.internal.operations.DefaultBuildOperationRunner.run(DefaultBuildOperationRunner.java:47)
	at org.gradle.internal.operations.DefaultBuildOperationExecutor.run(DefaultBuildOperationExecutor.java:73)
	at org.gradle.composite.internal.DefaultIncludedBuildTaskGraph$DefaultBuildTreeWorkGraph.scheduleWork(DefaultIncludedBuildTaskGraph.java:204)
	at org.gradle.internal.buildtree.DefaultBuildTreeWorkPreparer.scheduleRequestedTasks(DefaultBuildTreeWorkPreparer.java:37)
	at org.gradle.configurationcache.VintageBuildTreeWorkController$scheduleAndRunRequestedTasks$1.apply(VintageBuildTreeWorkController.kt:36)
	at org.gradle.configurationcache.VintageBuildTreeWorkController$scheduleAndRunRequestedTasks$1.apply(VintageBuildTreeWorkController.kt:35)
	at org.gradle.composite.internal.DefaultIncludedBuildTaskGraph.withNewWorkGraph(DefaultIncludedBuildTaskGraph.java:112)
	at org.gradle.configurationcache.VintageBuildTreeWorkController.scheduleAndRunRequestedTasks(VintageBuildTreeWorkController.kt:35)
	at org.gradle.internal.buildtree.DefaultBuildTreeLifecycleController.lambda$scheduleAndRunTasks$1(DefaultBuildTreeLifecycleController.java:68)
	at org.gradle.internal.buildtree.DefaultBuildTreeLifecycleController.lambda$runBuild$4(DefaultBuildTreeLifecycleController.java:98)
	at org.gradle.internal.model.StateTransitionController.lambda$transition$6(StateTransitionController.java:169)
	at org.gradle.internal.model.StateTransitionController.doTransition(StateTransitionController.java:266)
	at org.gradle.internal.model.StateTransitionController.lambda$transition$7(StateTransitionController.java:169)
	at org.gradle.internal.work.DefaultSynchronizer.withLock(DefaultSynchronizer.java:44)
	at org.gradle.internal.model.StateTransitionController.transition(StateTransitionController.java:169)
	at org.gradle.internal.buildtree.DefaultBuildTreeLifecycleController.runBuild(DefaultBuildTreeLifecycleController.java:95)
	at org.gradle.internal.buildtree.DefaultBuildTreeLifecycleController.scheduleAndRunTasks(DefaultBuildTreeLifecycleController.java:68)
	at org.gradle.internal.buildtree.DefaultBuildTreeLifecycleController.scheduleAndRunTasks(DefaultBuildTreeLifecycleController.java:63)
	at org.gradle.tooling.internal.provider.ExecuteBuildActionRunner.run(ExecuteBuildActionRunner.java:31)
	at org.gradle.launcher.exec.ChainingBuildActionRunner.run(ChainingBuildActionRunner.java:35)
	at org.gradle.internal.buildtree.ProblemReportingBuildActionRunner.run(ProblemReportingBuildActionRunner.java:49)
	at org.gradle.launcher.exec.BuildOutcomeReportingBuildActionRunner.run(BuildOutcomeReportingBuildActionRunner.java:65)
	at org.gradle.tooling.internal.provider.FileSystemWatchingBuildActionRunner.run(FileSystemWatchingBuildActionRunner.java:140)
	at org.gradle.launcher.exec.BuildCompletionNotifyingBuildActionRunner.run(BuildCompletionNotifyingBuildActionRunner.java:41)
	at org.gradle.launcher.exec.RootBuildLifecycleBuildActionExecutor.lambda$execute$0(RootBuildLifecycleBuildActionExecutor.java:40)
	at org.gradle.composite.internal.DefaultRootBuildState.run(DefaultRootBuildState.java:123)
	at org.gradle.launcher.exec.RootBuildLifecycleBuildActionExecutor.execute(RootBuildLifecycleBuildActionExecutor.java:40)
	at org.gradle.internal.buildtree.InitDeprecationLoggingActionExecutor.execute(InitDeprecationLoggingActionExecutor.java:62)
	at org.gradle.internal.buildtree.InitProblems.execute(InitProblems.java:38)
	at org.gradle.internal.buildtree.DefaultBuildTreeContext.execute(DefaultBuildTreeContext.java:40)
	at org.gradle.launcher.exec.BuildTreeLifecycleBuildActionExecutor.lambda$execute$0(BuildTreeLifecycleBuildActionExecutor.java:65)
	at org.gradle.internal.buildtree.BuildTreeState.run(BuildTreeState.java:58)
	at org.gradle.launcher.exec.BuildTreeLifecycleBuildActionExecutor.execute(BuildTreeLifecycleBuildActionExecutor.java:65)
	at org.gradle.launcher.exec.RunAsBuildOperationBuildActionExecutor$3.call(RunAsBuildOperationBuildActionExecutor.java:61)
	at org.gradle.launcher.exec.RunAsBuildOperationBuildActionExecutor$3.call(RunAsBuildOperationBuildActionExecutor.java:57)
	at org.gradle.internal.operations.DefaultBuildOperationRunner$CallableBuildOperationWorker.execute(DefaultBuildOperationRunner.java:204)
	at org.gradle.internal.operations.DefaultBuildOperationRunner$CallableBuildOperationWorker.execute(DefaultBuildOperationRunner.java:199)
	at org.gradle.internal.operations.DefaultBuildOperationRunner$2.execute(DefaultBuildOperationRunner.java:66)
	at org.gradle.internal.operations.DefaultBuildOperationRunner$2.execute(DefaultBuildOperationRunner.java:59)
	at org.gradle.internal.operations.DefaultBuildOperationRunner.execute(DefaultBuildOperationRunner.java:157)
	at org.gradle.internal.operations.DefaultBuildOperationRunner.execute(DefaultBuildOperationRunner.java:59)
	at org.gradle.internal.operations.DefaultBuildOperationRunner.call(DefaultBuildOperationRunner.java:53)
	at org.gradle.internal.operations.DefaultBuildOperationExecutor.call(DefaultBuildOperationExecutor.java:78)
	at org.gradle.launcher.exec.RunAsBuildOperationBuildActionExecutor.execute(RunAsBuildOperationBuildActionExecutor.java:57)
	at org.gradle.launcher.exec.RunAsWorkerThreadBuildActionExecutor.lambda$execute$0(RunAsWorkerThreadBuildActionExecutor.java:36)
	at org.gradle.internal.work.DefaultWorkerLeaseService.withLocks(DefaultWorkerLeaseService.java:264)
	at org.gradle.internal.work.DefaultWorkerLeaseService.runAsWorkerThread(DefaultWorkerLeaseService.java:128)
	at org.gradle.launcher.exec.RunAsWorkerThreadBuildActionExecutor.execute(RunAsWorkerThreadBuildActionExecutor.java:36)
	at org.gradle.tooling.internal.provider.continuous.ContinuousBuildActionExecutor.execute(ContinuousBuildActionExecutor.java:110)
	at org.gradle.tooling.internal.provider.SubscribableBuildActionExecutor.execute(SubscribableBuildActionExecutor.java:64)
	at org.gradle.internal.session.DefaultBuildSessionContext.execute(DefaultBuildSessionContext.java:46)
	at org.gradle.tooling.internal.provider.BuildSessionLifecycleBuildActionExecuter$ActionImpl.apply(BuildSessionLifecycleBuildActionExecuter.java:92)
	at org.gradle.tooling.internal.provider.BuildSessionLifecycleBuildActionExecuter$ActionImpl.apply(BuildSessionLifecycleBuildActionExecuter.java:80)
	at org.gradle.internal.session.BuildSessionState.run(BuildSessionState.java:69)
	at org.gradle.tooling.internal.provider.BuildSessionLifecycleBuildActionExecuter.execute(BuildSessionLifecycleBuildActionExecuter.java:62)
	at org.gradle.tooling.internal.provider.BuildSessionLifecycleBuildActionExecuter.execute(BuildSessionLifecycleBuildActionExecuter.java:41)
	at org.gradle.tooling.internal.provider.StartParamsValidatingActionExecuter.execute(StartParamsValidatingActionExecuter.java:64)
	at org.gradle.tooling.internal.provider.StartParamsValidatingActionExecuter.execute(StartParamsValidatingActionExecuter.java:32)
	at org.gradle.tooling.internal.provider.SessionFailureReportingActionExecuter.execute(SessionFailureReportingActionExecuter.java:51)
	at org.gradle.tooling.internal.provider.SessionFailureReportingActionExecuter.execute(SessionFailureReportingActionExecuter.java:39)
	at org.gradle.tooling.internal.provider.SetupLoggingActionExecuter.execute(SetupLoggingActionExecuter.java:47)
	at org.gradle.tooling.internal.provider.SetupLoggingActionExecuter.execute(SetupLoggingActionExecuter.java:31)
	at org.gradle.launcher.daemon.server.exec.ExecuteBuild.doBuild(ExecuteBuild.java:65)
	at org.gradle.launcher.daemon.server.exec.BuildCommandOnly.execute(BuildCommandOnly.java:37)
	at org.gradle.launcher.daemon.server.api.DaemonCommandExecution.proceed(DaemonCommandExecution.java:104)
	at org.gradle.launcher.daemon.server.exec.WatchForDisconnection.execute(WatchForDisconnection.java:39)
	at org.gradle.launcher.daemon.server.api.DaemonCommandExecution.proceed(DaemonCommandExecution.java:104)
	at org.gradle.launcher.daemon.server.exec.ResetDeprecationLogger.execute(ResetDeprecationLogger.java:29)
	at org.gradle.launcher.daemon.server.api.DaemonCommandExecution.proceed(DaemonCommandExecution.java:104)
	at org.gradle.launcher.daemon.server.exec.RequestStopIfSingleUsedDaemon.execute(RequestStopIfSingleUsedDaemon.java:35)
	at org.gradle.launcher.daemon.server.api.DaemonCommandExecution.proceed(DaemonCommandExecution.java:104)
	at org.gradle.launcher.daemon.server.exec.ForwardClientInput$2.create(ForwardClientInput.java:78)
	at org.gradle.launcher.daemon.server.exec.ForwardClientInput$2.create(ForwardClientInput.java:75)
	at org.gradle.util.internal.Swapper.swap(Swapper.java:38)
	at org.gradle.launcher.daemon.server.exec.ForwardClientInput.execute(ForwardClientInput.java:75)
	at org.gradle.launcher.daemon.server.api.DaemonCommandExecution.proceed(DaemonCommandExecution.java:104)
	at org.gradle.launcher.daemon.server.exec.LogAndCheckHealth.execute(LogAndCheckHealth.java:64)
	at org.gradle.launcher.daemon.server.api.DaemonCommandExecution.proceed(DaemonCommandExecution.java:104)
	at org.gradle.launcher.daemon.server.exec.LogToClient.doBuild(LogToClient.java:63)
	at org.gradle.launcher.daemon.server.exec.BuildCommandOnly.execute(BuildCommandOnly.java:37)
	at org.gradle.launcher.daemon.server.api.DaemonCommandExecution.proceed(DaemonCommandExecution.java:104)
	at org.gradle.launcher.daemon.server.exec.EstablishBuildEnvironment.doBuild(EstablishBuildEnvironment.java:84)
	at org.gradle.launcher.daemon.server.exec.BuildCommandOnly.execute(BuildCommandOnly.java:37)
	at org.gradle.launcher.daemon.server.api.DaemonCommandExecution.proceed(DaemonCommandExecution.java:104)
	at org.gradle.launcher.daemon.server.exec.StartBuildOrRespondWithBusy$1.run(StartBuildOrRespondWithBusy.java:52)
	at org.gradle.launcher.daemon.server.DaemonStateCoordinator$1.run(DaemonStateCoordinator.java:297)
	at org.gradle.internal.concurrent.ExecutorPolicy$CatchAndRecordFailures.onExecute(ExecutorPolicy.java:64)
	at org.gradle.internal.concurrent.AbstractManagedExecutor$1.run(AbstractManagedExecutor.java:47)
Caused by: com.android.builder.errors.EvalIssueException: Failed to find Build Tools revision 33.0.0
	at com.android.builder.errors.IssueReporter.reportError(IssueReporter.kt:125)
	at com.android.build.gradle.internal.SdkHandler.initTarget(SdkHandler.java:151)
	at com.android.build.gradle.internal.SdkFullLoadingStrategy.init(SdkFullLoadingStrategy.kt:49)
	at com.android.build.gradle.internal.SdkFullLoadingStrategy.getTargetBootClasspath(SdkFullLoadingStrategy.kt:71)
	at com.android.build.gradle.internal.SdkLoadingStrategy.getTargetBootClasspath(SdkLoadingStrategy.kt:36)
	at com.android.build.gradle.internal.SdkComponentsBuildService$VersionedSdkLoader$targetBootClasspathProvider$1.call(SdkComponents.kt:185)
	at com.android.build.gradle.internal.SdkComponentsBuildService$VersionedSdkLoader$targetBootClasspathProvider$1.call(SdkComponents.kt:184)
	at org.gradle.api.internal.provider.DefaultProvider.calculateOwnValue(DefaultProvider.java:72)
	at org.gradle.api.internal.provider.AbstractMinimalProvider.calculateValue(AbstractMinimalProvider.java:115)
	at org.gradle.api.internal.provider.FlatMapProvider.calculateOwnValue(FlatMapProvider.java:50)
	at org.gradle.api.internal.provider.AbstractMinimalProvider.calculateValue(AbstractMinimalProvider.java:115)
	at org.gradle.api.internal.provider.FlatMapProvider.backingProvider(FlatMapProvider.java:68)
	at org.gradle.api.internal.provider.FlatMapProvider.getProducer(FlatMapProvider.java:77)
	at org.gradle.api.internal.provider.Collectors$ElementsFromCollectionProvider.getProducer(Collectors.java:236)
	at org.gradle.api.internal.provider.AbstractCollectionProperty$CollectingSupplier.getProducer(AbstractCollectionProperty.java:399)
	at org.gradle.api.internal.provider.AbstractProperty.getProducer(AbstractProperty.java:187)
	at org.gradle.api.internal.provider.Collectors$ElementsFromCollectionProvider.getProducer(Collectors.java:236)
	at org.gradle.api.internal.provider.AbstractCollectionProperty$PlusCollector.getProducer(AbstractCollectionProperty.java:486)
	at org.gradle.api.internal.provider.AbstractCollectionProperty$CollectingSupplier.getProducer(AbstractCollectionProperty.java:399)
	at org.gradle.api.internal.provider.AbstractProperty.getProducer(AbstractProperty.java:187)
	at org.gradle.api.internal.file.collections.ProviderBackedFileCollection.visitDependencies(ProviderBackedFileCollection.java:51)
	at org.gradle.api.internal.tasks.CachingTaskDependencyResolveContext$TaskGraphImpl.getNodeValues(CachingTaskDependencyResolveContext.java:103)
	at org.gradle.internal.graph.CachingDirectedGraphWalker$GraphWithEmptyEdges.getNodeValues(CachingDirectedGraphWalker.java:213)
	at org.gradle.internal.graph.CachingDirectedGraphWalker.doSearch(CachingDirectedGraphWalker.java:121)
	at org.gradle.internal.graph.CachingDirectedGraphWalker.findValues(CachingDirectedGraphWalker.java:73)
	at org.gradle.api.internal.tasks.CachingTaskDependencyResolveContext.getDependencies(CachingTaskDependencyResolveContext.java:66)
	... 143 more
Caused by: java.lang.IllegalStateException: Failed to find Build Tools revision 33.0.0
	at com.android.builder.sdk.DefaultSdkLoader.getTargetInfo(DefaultSdkLoader.java:183)
	at com.android.build.gradle.internal.SdkHandler.initTarget(SdkHandler.java:131)
	... 167 more


Deprecated Gradle features were used in this build, making it incompatible with Gradle 9.0.

You can use '--warning-mode all' to show the individual deprecation warnings and determine if they come from your own scripts or plugins.

For more on this, please refer to https://docs.gradle.org/8.4/userguide/command_line_interface.html#sec:command_line_warnings in the Gradle documentation.

BUILD FAILED in 47s
Some of the file system contents retained in the virtual file system are on file systems that Gradle doesn't support watching. The relevant state was discarded to ensure changes to these locations are properly detected. You can override this by explicitly enabling file system watching.
