Initialized native services in: /home/user/.gradle/native
Initialized jansi services in: /home/user/.gradle/native
Received JVM installation metadata from '/usr/lib/jvm/java-17-openjdk-arm64': {JAVA_HOME=/usr/lib/jvm/java-17-openjdk-arm64, JAVA_VERSION=17.0.17, JAVA_VENDOR=Ubuntu, RUNTIME_NAME=OpenJDK Runtime Environment, RUNTIME_VERSION=17.0.17+10-Ubuntu-125.10, VM_NAME=OpenJDK 64-Bit Server VM, VM_VERSION=17.0.17+10-Ubuntu-125.10, VM_VENDOR=Ubuntu, OS_ARCH=aarch64}
The client will now receive all logging from the daemon (pid: 29052). The daemon log file: /home/user/.gradle/daemon/8.4/daemon-29052.out.log
Starting 2nd build in daemon [uptime: 15 mins 52.393 secs, performance: 99%, GC rate: 0.00/s, heap usage: 0% of 2 GiB]
Using 8 worker leases.
Not watching /home/user/LatLongShareAndroid2Ubuntu since the file system is not supported
Watching the file system is configured to be enabled if available
File system watching is active
Invalidating in-memory cache of /home/user/LatLongShareAndroid2Ubuntu/.gradle/8.4/checksums/md5-checksums.bin
Invalidating in-memory cache of /home/user/LatLongShareAndroid2Ubuntu/.gradle/8.4/checksums/sha1-checksums.bin
Invalidating in-memory cache of /home/user/LatLongShareAndroid2Ubuntu/.gradle/8.4/checksums/sha256-checksums.bin
Invalidating in-memory cache of /home/user/LatLongShareAndroid2Ubuntu/.gradle/8.4/checksums/sha512-checksums.bin
Invalidating in-memory cache of /home/user/LatLongShareAndroid2Ubuntu/.gradle/8.4/fileHashes/fileHashes.bin
Invalidating in-memory cache of /home/user/.gradle/caches/8.4/md-supplier/md-supplier.bin
Invalidating in-memory cache of /home/user/.gradle/caches/8.4/md-rule/md-rule.bin
Invalidating in-memory cache of /home/user/LatLongShareAndroid2Ubuntu/.gradle/8.4/fileHashes/resourceHashesCache.bin
Starting Build
Settings evaluated using settings file '/home/user/LatLongShareAndroid2Ubuntu/settings.gradle'.
Invalidating in-memory cache of /home/user/LatLongShareAndroid2Ubuntu/.gradle/8.4/dependencies-accessors/executionHistory.bin
Projects loaded. Root project using build file '/home/user/LatLongShareAndroid2Ubuntu/build.gradle'.
Included projects: [root project 'LatLongShareAndroid2Ubuntu', project ':app']

> Configure project :
Evaluating root project 'LatLongShareAndroid2Ubuntu' using build file '/home/user/LatLongShareAndroid2Ubuntu/build.gradle'.
Compiling build file '/home/user/LatLongShareAndroid2Ubuntu/build.gradle' using SubsetScriptTransformer.
Invalidating in-memory cache of /home/user/LatLongShareAndroid2Ubuntu/.gradle/buildOutputCleanup/outputFiles.bin
Downloading https://repo.maven.apache.org/maven2/org/jetbrains/kotlin/kotlin-gradle-plugin/1.9.0/kotlin-gradle-plugin-1.9.0.pom to /home/user/.gradle/.tmp/gradle_download15968623023225820537bin
Downloading https://dl.google.com/dl/android/maven2/com/android/tools/build/gradle/8.1.0/gradle-8.1.0.pom to /home/user/.gradle/.tmp/gradle_download229651677566956835bin
Downloading https://repo.maven.apache.org/maven2/org/jetbrains/kotlin/kotlin-gradle-plugins-bom/1.9.0/kotlin-gradle-plugins-bom-1.9.0.pom to /home/user/.gradle/.tmp/gradle_download5699403093290684279bin
Downloading https://dl.google.com/dl/android/maven2/com/android/tools/build/gradle/8.1.0/gradle-8.1.0.module to /home/user/.gradle/.tmp/gradle_download15528107059633902417bin
Downloading https://repo.maven.apache.org/maven2/org/jetbrains/kotlin/kotlin-gradle-plugins-bom/1.9.0/kotlin-gradle-plugins-bom-1.9.0.module to /home/user/.gradle/.tmp/gradle_download11635224754244922167bin
Downloading https://repo.maven.apache.org/maven2/org/jetbrains/kotlin/kotlin-gradle-plugin/1.9.0/kotlin-gradle-plugin-1.9.0.module to /home/user/.gradle/.tmp/gradle_download10172875469194613709bin
Downloading https://dl.google.com/dl/android/maven2/com/android/tools/sdklib/31.1.0/sdklib-31.1.0.pom to /home/user/.gradle/.tmp/gradle_download10708931503569089456bin
Downloading https://dl.google.com/dl/android/maven2/com/android/tools/build/gradle-settings-api/8.1.0/gradle-settings-api-8.1.0.pom to /home/user/.gradle/.tmp/gradle_download12178098326918559575bin
Downloading https://dl.google.com/dl/android/maven2/com/android/tools/ddms/ddmlib/31.1.0/ddmlib-31.1.0.pom to /home/user/.gradle/.tmp/gradle_download16687712714586655642bin
Downloading https://dl.google.com/dl/android/maven2/com/android/tools/build/aaptcompiler/8.1.0/aaptcompiler-8.1.0.pom to /home/user/.gradle/.tmp/gradle_download16951306493795396084bin
Downloading https://dl.google.com/dl/android/maven2/com/android/tools/build/aapt2-proto/8.1.0-10154469/aapt2-proto-8.1.0-10154469.pom to /home/user/.gradle/.tmp/gradle_download17839403546058010276bin
Downloading https://dl.google.com/dl/android/maven2/com/android/tools/analytics-library/crash/31.1.0/crash-31.1.0.pom to /home/user/.gradle/.tmp/gradle_download1814650968600994133bin
Downloading https://dl.google.com/dl/android/maven2/com/android/tools/repository/31.1.0/repository-31.1.0.pom to /home/user/.gradle/.tmp/gradle_download11270225469334871674bin
Downloading https://dl.google.com/dl/android/maven2/com/android/tools/sdk-common/31.1.0/sdk-common-31.1.0.pom to /home/user/.gradle/.tmp/gradle_download5637394524088538122bin
Downloading https://dl.google.com/dl/android/maven2/com/android/tools/analytics-library/shared/31.1.0/shared-31.1.0.pom to /home/user/.gradle/.tmp/gradle_download13007018684454195852bin
Downloading https://dl.google.com/dl/android/maven2/com/android/tools/build/aapt2-proto/8.1.0-10154469/aapt2-proto-8.1.0-10154469.module to /home/user/.gradle/.tmp/gradle_download16905549473590500015bin
Downloading https://dl.google.com/dl/android/maven2/com/android/tools/build/aaptcompiler/8.1.0/aaptcompiler-8.1.0.module to /home/user/.gradle/.tmp/gradle_download1137245797596789868bin
Downloading https://dl.google.com/dl/android/maven2/com/android/tools/build/gradle-settings-api/8.1.0/gradle-settings-api-8.1.0.module to /home/user/.gradle/.tmp/gradle_download11480472729198506345bin
Downloading https://dl.google.com/dl/android/maven2/com/android/tools/lint/lint-model/31.1.0/lint-model-31.1.0.pom to /home/user/.gradle/.tmp/gradle_download563035528239375137bin
Downloading https://dl.google.com/dl/android/maven2/androidx/databinding/databinding-compiler-common/8.1.0/databinding-compiler-common-8.1.0.pom to /home/user/.gradle/.tmp/gradle_download10968387659864708944bin
Downloading https://dl.google.com/dl/android/maven2/androidx/databinding/databinding-common/8.1.0/databinding-common-8.1.0.pom to /home/user/.gradle/.tmp/gradle_download5847126104755812966bin
Downloading https://dl.google.com/dl/android/maven2/com/android/tools/lint/lint-typedef-remover/31.1.0/lint-typedef-remover-31.1.0.pom to /home/user/.gradle/.tmp/gradle_download18057169242857771348bin
Downloading https://dl.google.com/dl/android/maven2/com/android/databinding/baseLibrary/8.1.0/baseLibrary-8.1.0.pom to /home/user/.gradle/.tmp/gradle_download2906142114631488189bin
Downloading https://dl.google.com/dl/android/maven2/com/android/tools/build/builder-test-api/8.1.0/builder-test-api-8.1.0.pom to /home/user/.gradle/.tmp/gradle_download11807320444955771137bin
Downloading https://dl.google.com/dl/android/maven2/com/android/tools/layoutlib/layoutlib-api/31.1.0/layoutlib-api-31.1.0.pom to /home/user/.gradle/.tmp/gradle_download11184622519512349327bin
Downloading https://dl.google.com/dl/android/maven2/com/android/tools/utp/android-device-provider-ddmlib-proto/31.1.0/android-device-provider-ddmlib-proto-31.1.0.pom to /home/user/.gradle/.tmp/gradle_download8433759832310824073bin
Downloading https://dl.google.com/dl/android/maven2/com/android/tools/utp/android-device-provider-gradle-proto/31.1.0/android-device-provider-gradle-proto-31.1.0.pom to /home/user/.gradle/.tmp/gradle_download13657264353394020164bin
Downloading https://dl.google.com/dl/android/maven2/com/android/tools/utp/android-test-plugin-host-logcat-proto/31.1.0/android-test-plugin-host-logcat-proto-31.1.0.pom to /home/user/.gradle/.tmp/gradle_download15563914504546007087bin
Downloading https://dl.google.com/dl/android/maven2/com/android/tools/utp/android-test-plugin-host-additional-test-output-proto/31.1.0/android-test-plugin-host-additional-test-output-proto-31.1.0.pom to /home/user/.gradle/.tmp/gradle_download16617293107009281016bin
Downloading https://dl.google.com/dl/android/maven2/com/android/tools/build/builder-test-api/8.1.0/builder-test-api-8.1.0.module to /home/user/.gradle/.tmp/gradle_download3534272671122471403bin
Downloading https://dl.google.com/dl/android/maven2/com/android/tools/utp/android-test-plugin-host-coverage-proto/31.1.0/android-test-plugin-host-coverage-proto-31.1.0.pom to /home/user/.gradle/.tmp/gradle_download10407967759823386408bin
Downloading https://dl.google.com/dl/android/maven2/com/android/tools/utp/android-test-plugin-host-emulator-control-proto/31.1.0/android-test-plugin-host-emulator-control-proto-31.1.0.pom to /home/user/.gradle/.tmp/gradle_download16966671781276868410bin
Downloading https://dl.google.com/dl/android/maven2/com/android/tools/utp/android-test-plugin-host-apk-installer-proto/31.1.0/android-test-plugin-host-apk-installer-proto-31.1.0.pom to /home/user/.gradle/.tmp/gradle_download17680363906460813642bin
Downloading https://dl.google.com/dl/android/maven2/com/android/tools/utp/android-test-plugin-host-retention-proto/31.1.0/android-test-plugin-host-retention-proto-31.1.0.pom to /home/user/.gradle/.tmp/gradle_download14499144247422201762bin
Downloading https://dl.google.com/dl/android/maven2/com/android/tools/utp/android-test-plugin-result-listener-gradle-proto/31.1.0/android-test-plugin-result-listener-gradle-proto-31.1.0.pom to /home/user/.gradle/.tmp/gradle_download14851953243220257023bin
Resource missing. [HTTP GET: https://dl.google.com/dl/android/maven2/org/jetbrains/kotlin/kotlin-stdlib-jdk8/1.8.20-RC2/kotlin-stdlib-jdk8-1.8.20-RC2.pom]
Downloading https://repo.maven.apache.org/maven2/org/apache/httpcomponents/httpmime/4.5.6/httpmime-4.5.6.pom to /home/user/.gradle/.tmp/gradle_download9609065805491623158bin
Downloading https://dl.google.com/dl/android/maven2/com/android/tools/build/transform-api/2.0.0-deprecated-use-gradle-api/transform-api-2.0.0-deprecated-use-gradle-api.pom to /home/user/.gradle/.tmp/gradle_download6613452939480134874bin
Downloading https://repo.maven.apache.org/maven2/org/jetbrains/kotlin/kotlin-stdlib-jdk8/1.8.20-RC2/kotlin-stdlib-jdk8-1.8.20-RC2.pom to /home/user/.gradle/.tmp/gradle_download5829896575396222135bin
Resource missing. [HTTP GET: https://dl.google.com/dl/android/maven2/org/ow2/asm/asm-commons/9.2/asm-commons-9.2.pom]
Resource missing. [HTTP GET: https://dl.google.com/dl/android/maven2/org/ow2/asm/asm-util/9.2/asm-util-9.2.pom]
Resource missing. [HTTP GET: https://dl.google.com/dl/android/maven2/org/ow2/asm/asm-analysis/9.2/asm-analysis-9.2.pom]
Downloading https://repo.maven.apache.org/maven2/commons-io/commons-io/2.4/commons-io-2.4.pom to /home/user/.gradle/.tmp/gradle_download14168974133147242530bin
Resource missing. [HTTP GET: https://dl.google.com/dl/android/maven2/org/ow2/asm/asm/9.2/asm-9.2.pom]
Downloading https://repo.maven.apache.org/maven2/org/bouncycastle/bcpkix-jdk15on/1.67/bcpkix-jdk15on-1.67.pom to /home/user/.gradle/.tmp/gradle_download8579374971354515406bin
Downloading https://repo.maven.apache.org/maven2/org/ow2/asm/asm-commons/9.2/asm-commons-9.2.pom to /home/user/.gradle/.tmp/gradle_download9381647743357865050bin
Downloading https://repo.maven.apache.org/maven2/org/ow2/asm/asm/9.2/asm-9.2.pom to /home/user/.gradle/.tmp/gradle_download17879380144571785357bin
Downloading https://repo.maven.apache.org/maven2/org/apache/httpcomponents/httpcomponents-client/4.5.6/httpcomponents-client-4.5.6.pom to /home/user/.gradle/.tmp/gradle_download9807440762444478684bin
Downloading https://repo.maven.apache.org/maven2/org/glassfish/jaxb/jaxb-runtime/2.3.2/jaxb-runtime-2.3.2.pom to /home/user/.gradle/.tmp/gradle_download17968130636697566890bin
Downloading https://repo.maven.apache.org/maven2/org/ow2/asm/asm-util/9.2/asm-util-9.2.pom to /home/user/.gradle/.tmp/gradle_download16269472811867070835bin
Downloading https://repo.maven.apache.org/maven2/org/apache/commons/commons-parent/25/commons-parent-25.pom to /home/user/.gradle/.tmp/gradle_download1906107719983199936bin
Downloading https://repo.maven.apache.org/maven2/org/ow2/asm/asm-analysis/9.2/asm-analysis-9.2.pom to /home/user/.gradle/.tmp/gradle_download11870233501625423759bin
Downloading https://repo.maven.apache.org/maven2/net/sf/jopt-simple/jopt-simple/4.9/jopt-simple-4.9.pom to /home/user/.gradle/.tmp/gradle_download15985964524526075871bin
Downloading https://repo.maven.apache.org/maven2/org/ow2/ow2/1.5/ow2-1.5.pom to /home/user/.gradle/.tmp/gradle_download2525067669762598911bin
Downloading https://repo.maven.apache.org/maven2/org/apache/apache/9/apache-9.pom to /home/user/.gradle/.tmp/gradle_download6549737731893264575bin
Downloading https://repo.maven.apache.org/maven2/org/apache/httpcomponents/httpcomponents-parent/10/httpcomponents-parent-10.pom to /home/user/.gradle/.tmp/gradle_download7582050201357765893bin
Downloading https://repo.maven.apache.org/maven2/com/sun/xml/bind/mvn/jaxb-runtime-parent/2.3.2/jaxb-runtime-parent-2.3.2.pom to /home/user/.gradle/.tmp/gradle_download14577062189648210801bin
Downloading https://repo.maven.apache.org/maven2/org/sonatype/oss/oss-parent/7/oss-parent-7.pom to /home/user/.gradle/.tmp/gradle_download11465949102998351188bin
Downloading https://repo.maven.apache.org/maven2/org/apache/apache/18/apache-18.pom to /home/user/.gradle/.tmp/gradle_download6534695345483560216bin
Downloading https://repo.maven.apache.org/maven2/com/sun/xml/bind/mvn/jaxb-parent/2.3.2/jaxb-parent-2.3.2.pom to /home/user/.gradle/.tmp/gradle_download7792964117164561178bin
Downloading https://dl.google.com/dl/android/maven2/com/android/tools/build/bundletool/1.14.0/bundletool-1.14.0.pom to /home/user/.gradle/.tmp/gradle_download13807668325849146968bin
Downloading https://dl.google.com/dl/android/maven2/com/android/tools/build/jetifier/jetifier-processor/1.0.0-beta10/jetifier-processor-1.0.0-beta10.pom to /home/user/.gradle/.tmp/gradle_download6490573075585180193bin
Downloading https://dl.google.com/dl/android/maven2/com/android/tools/build/jetifier/jetifier-core/1.0.0-beta10/jetifier-core-1.0.0-beta10.pom to /home/user/.gradle/.tmp/gradle_download8581134197771548407bin
Downloading https://repo.maven.apache.org/maven2/com/sun/xml/bind/jaxb-bom-ext/2.3.2/jaxb-bom-ext-2.3.2.pom to /home/user/.gradle/.tmp/gradle_download6481422088706799983bin
Downloading https://repo.maven.apache.org/maven2/com/squareup/javapoet/1.10.0/javapoet-1.10.0.pom to /home/user/.gradle/.tmp/gradle_download4738029164582036591bin
Resource missing. [HTTP GET: https://dl.google.com/dl/android/maven2/com/google/protobuf/protobuf-java/3.19.3/protobuf-java-3.19.3.pom]
Resource missing. [HTTP GET: https://dl.google.com/dl/android/maven2/com/google/protobuf/protobuf-java-util/3.19.3/protobuf-java-util-3.19.3.pom]
Downloading https://repo.maven.apache.org/maven2/com/google/code/gson/gson/2.8.6/gson-2.8.6.pom to /home/user/.gradle/.tmp/gradle_download16304944206176900532bin
Downloading https://repo.maven.apache.org/maven2/com/google/protobuf/protobuf-java-util/3.19.3/protobuf-java-util-3.19.3.pom to /home/user/.gradle/.tmp/gradle_download6124224310656510245bin
Downloading https://repo.maven.apache.org/maven2/com/google/protobuf/protobuf-java/3.19.3/protobuf-java-3.19.3.pom to /home/user/.gradle/.tmp/gradle_download4529397913066680329bin
Downloading https://dl.google.com/dl/android/maven2/com/android/tools/build/jetifier/jetifier-processor/1.0.0-beta10/jetifier-processor-1.0.0-beta10.module to /home/user/.gradle/.tmp/gradle_download10887244321647590121bin
Downloading https://repo.maven.apache.org/maven2/org/glassfish/jaxb/jaxb-bom/2.3.2/jaxb-bom-2.3.2.pom to /home/user/.gradle/.tmp/gradle_download15243527328796736582bin
Downloading https://dl.google.com/dl/android/maven2/com/android/tools/build/jetifier/jetifier-core/1.0.0-beta10/jetifier-core-1.0.0-beta10.module to /home/user/.gradle/.tmp/gradle_download13126435650152795389bin
Resource missing. [HTTP GET: https://dl.google.com/dl/android/maven2/io/grpc/grpc-core/1.45.1/grpc-core-1.45.1.pom]
Resource missing. [HTTP GET: https://dl.google.com/dl/android/maven2/io/grpc/grpc-netty/1.45.1/grpc-netty-1.45.1.pom]
Downloading https://repo.maven.apache.org/maven2/com/google/code/gson/gson-parent/2.8.6/gson-parent-2.8.6.pom to /home/user/.gradle/.tmp/gradle_download1319722208215083502bin
Resource missing. [HTTP GET: https://dl.google.com/dl/android/maven2/com/google/protobuf/protobuf-parent/3.19.3/protobuf-parent-3.19.3.pom]
Resource missing. [HTTP GET: https://dl.google.com/dl/android/maven2/io/grpc/grpc-protobuf/1.45.1/grpc-protobuf-1.45.1.pom]
Downloading https://repo.maven.apache.org/maven2/org/eclipse/ee4j/project/1.0.5/project-1.0.5.pom to /home/user/.gradle/.tmp/gradle_download11345027495474828126bin
Downloading https://repo.maven.apache.org/maven2/io/grpc/grpc-netty/1.45.1/grpc-netty-1.45.1.pom to /home/user/.gradle/.tmp/gradle_download532411776703731350bin
Downloading https://repo.maven.apache.org/maven2/io/grpc/grpc-core/1.45.1/grpc-core-1.45.1.pom to /home/user/.gradle/.tmp/gradle_download17221700048325219506bin
Resource missing. [HTTP GET: https://dl.google.com/dl/android/maven2/io/grpc/grpc-stub/1.45.1/grpc-stub-1.45.1.pom]
Downloading https://repo.maven.apache.org/maven2/com/google/protobuf/protobuf-parent/3.19.3/protobuf-parent-3.19.3.pom to /home/user/.gradle/.tmp/gradle_download7715216425793862934bin
Downloading https://repo.maven.apache.org/maven2/io/grpc/grpc-protobuf/1.45.1/grpc-protobuf-1.45.1.pom to /home/user/.gradle/.tmp/gradle_download4408864313079383634bin
Downloading https://repo.maven.apache.org/maven2/io/grpc/grpc-stub/1.45.1/grpc-stub-1.45.1.pom to /home/user/.gradle/.tmp/gradle_download15834294284826509532bin
Resource missing. [HTTP GET: https://dl.google.com/dl/android/maven2/com/google/crypto/tink/tink/1.7.0/tink-1.7.0.pom]
Downloading https://repo.maven.apache.org/maven2/com/google/flatbuffers/flatbuffers-java/1.12.0/flatbuffers-java-1.12.0.pom to /home/user/.gradle/.tmp/gradle_download8991880470898068119bin
Downloading https://repo.maven.apache.org/maven2/org/tensorflow/tensorflow-lite-metadata/0.1.0-rc2/tensorflow-lite-metadata-0.1.0-rc2.pom to /home/user/.gradle/.tmp/gradle_download7016547793104891049bin
Downloading https://dl.google.com/dl/android/maven2/com/google/testing/platform/core-proto/0.0.8-alpha08/core-proto-0.0.8-alpha08.pom to /home/user/.gradle/.tmp/gradle_download12606136159123535953bin
Resource missing. [HTTP GET: https://dl.google.com/dl/android/maven2/com/google/protobuf/protobuf-bom/3.19.3/protobuf-bom-3.19.3.pom]
Downloading https://repo.maven.apache.org/maven2/com/google/crypto/tink/tink/1.7.0/tink-1.7.0.pom to /home/user/.gradle/.tmp/gradle_download12743873969105319391bin
Downloading https://dl.google.com/dl/android/maven2/com/android/tools/build/builder/8.1.0/builder-8.1.0.pom to /home/user/.gradle/.tmp/gradle_download10012746233587288645bin
Downloading https://repo.maven.apache.org/maven2/com/google/protobuf/protobuf-bom/3.19.3/protobuf-bom-3.19.3.pom to /home/user/.gradle/.tmp/gradle_download2268522753413493932bin
Downloading https://dl.google.com/dl/android/maven2/com/android/tools/build/builder-model/8.1.0/builder-model-8.1.0.pom to /home/user/.gradle/.tmp/gradle_download9481005977173596420bin
Downloading https://dl.google.com/dl/android/maven2/com/android/tools/build/gradle-api/8.1.0/gradle-api-8.1.0.pom to /home/user/.gradle/.tmp/gradle_download6329121688063593134bin
Downloading https://dl.google.com/dl/android/maven2/com/android/tools/build/builder/8.1.0/builder-8.1.0.module to /home/user/.gradle/.tmp/gradle_download5770762744632485926bin
Downloading https://dl.google.com/dl/android/maven2/com/android/tools/build/builder-model/8.1.0/builder-model-8.1.0.module to /home/user/.gradle/.tmp/gradle_download11975509110615929537bin
Downloading https://dl.google.com/dl/android/maven2/com/android/tools/build/gradle-api/8.1.0/gradle-api-8.1.0.module to /home/user/.gradle/.tmp/gradle_download6386315504572324230bin
Downloading https://repo.maven.apache.org/maven2/org/jetbrains/kotlin/kotlin-gradle-plugin-model/1.9.0/kotlin-gradle-plugin-model-1.9.0.pom to /home/user/.gradle/.tmp/gradle_download9123333877292450708bin
Downloading https://repo.maven.apache.org/maven2/org/jetbrains/kotlin/kotlin-tooling-core/1.9.0/kotlin-tooling-core-1.9.0.pom to /home/user/.gradle/.tmp/gradle_download14433719074794521668bin
Downloading https://repo.maven.apache.org/maven2/org/jetbrains/kotlin/kotlin-gradle-plugin-idea-proto/1.9.0/kotlin-gradle-plugin-idea-proto-1.9.0.pom to /home/user/.gradle/.tmp/gradle_download1823048797749050632bin
Downloading https://repo.maven.apache.org/maven2/org/jetbrains/kotlin/kotlin-gradle-plugin-api/1.9.0/kotlin-gradle-plugin-api-1.9.0.pom to /home/user/.gradle/.tmp/gradle_download5212505308425070018bin
Downloading https://repo.maven.apache.org/maven2/org/jetbrains/kotlin/kotlin-gradle-plugin-idea/1.9.0/kotlin-gradle-plugin-idea-1.9.0.pom to /home/user/.gradle/.tmp/gradle_download9393788827188158437bin
Downloading https://repo.maven.apache.org/maven2/org/jetbrains/kotlin/kotlin-klib-commonizer-api/1.9.0/kotlin-klib-commonizer-api-1.9.0.pom to /home/user/.gradle/.tmp/gradle_download4869258933934985690bin
Downloading https://repo.maven.apache.org/maven2/org/jetbrains/kotlin/kotlin-util-klib/1.9.0/kotlin-util-klib-1.9.0.pom to /home/user/.gradle/.tmp/gradle_download10660684126104733235bin
Downloading https://repo.maven.apache.org/maven2/org/jetbrains/kotlin/kotlin-gradle-plugin-model/1.9.0/kotlin-gradle-plugin-model-1.9.0.module to /home/user/.gradle/.tmp/gradle_download4602537545791400890bin
Downloading https://repo.maven.apache.org/maven2/org/jetbrains/kotlin/kotlin-project-model/1.9.0/kotlin-project-model-1.9.0.pom to /home/user/.gradle/.tmp/gradle_download102656309001398256bin
Downloading https://repo.maven.apache.org/maven2/org/jetbrains/kotlin/kotlin-gradle-plugin-idea/1.9.0/kotlin-gradle-plugin-idea-1.9.0.module to /home/user/.gradle/.tmp/gradle_download5167394972301865246bin
Downloading https://repo.maven.apache.org/maven2/org/jetbrains/kotlin/kotlin-build-tools-api/1.9.0/kotlin-build-tools-api-1.9.0.pom to /home/user/.gradle/.tmp/gradle_download475603954908405702bin
Downloading https://repo.maven.apache.org/maven2/org/jetbrains/kotlin/kotlin-gradle-plugin-api/1.9.0/kotlin-gradle-plugin-api-1.9.0.module to /home/user/.gradle/.tmp/gradle_download4801839060693084733bin
Downloading https://repo.maven.apache.org/maven2/org/jetbrains/kotlin/kotlin-compiler-embeddable/1.9.0/kotlin-compiler-embeddable-1.9.0.pom to /home/user/.gradle/.tmp/gradle_download17712080515179105984bin
Downloading https://repo.maven.apache.org/maven2/org/jetbrains/kotlin/kotlin-compiler-runner/1.9.0/kotlin-compiler-runner-1.9.0.pom to /home/user/.gradle/.tmp/gradle_download11465923214067274bin
Downloading https://repo.maven.apache.org/maven2/org/jetbrains/kotlin/kotlin-android-extensions/1.9.0/kotlin-android-extensions-1.9.0.pom to /home/user/.gradle/.tmp/gradle_download12771294106467550716bin
Downloading https://repo.maven.apache.org/maven2/org/jetbrains/kotlin/kotlin-scripting-compiler-embeddable/1.9.0/kotlin-scripting-compiler-embeddable-1.9.0.pom to /home/user/.gradle/.tmp/gradle_download8594014438434326164bin
Downloading https://repo.maven.apache.org/maven2/org/jetbrains/kotlin/kotlin-scripting-compiler-impl-embeddable/1.9.0/kotlin-scripting-compiler-impl-embeddable-1.9.0.pom to /home/user/.gradle/.tmp/gradle_download4640065593688964671bin
Resource missing. [HTTP GET: https://dl.google.com/dl/android/maven2/com/google/code/gson/gson/2.8.9/gson-2.8.9.pom]
Downloading https://repo.maven.apache.org/maven2/com/google/code/gson/gson/2.8.9/gson-2.8.9.pom to /home/user/.gradle/.tmp/gradle_download13168620342601402687bin
Resource missing. [HTTP GET: https://dl.google.com/dl/android/maven2/com/google/code/gson/gson-parent/2.8.9/gson-parent-2.8.9.pom]
Downloading https://repo.maven.apache.org/maven2/com/google/code/gson/gson-parent/2.8.9/gson-parent-2.8.9.pom to /home/user/.gradle/.tmp/gradle_download4741080713951410668bin
Downloading https://repo.maven.apache.org/maven2/javax/inject/javax.inject/1/javax.inject-1.pom to /home/user/.gradle/.tmp/gradle_download6223683374576669954bin
Downloading https://repo.maven.apache.org/maven2/net/sf/kxml/kxml2/2.3.0/kxml2-2.3.0.pom to /home/user/.gradle/.tmp/gradle_download16185186909414630037bin
Downloading https://repo.maven.apache.org/maven2/org/bouncycastle/bcprov-jdk15on/1.67/bcprov-jdk15on-1.67.pom to /home/user/.gradle/.tmp/gradle_download12069551241785074729bin
Resource missing. [HTTP GET: https://dl.google.com/dl/android/maven2/org/jetbrains/kotlin/kotlin-reflect/1.8.20-RC2/kotlin-reflect-1.8.20-RC2.pom]
Downloading https://repo.maven.apache.org/maven2/xerces/xercesImpl/2.12.0/xercesImpl-2.12.0.pom to /home/user/.gradle/.tmp/gradle_download1772659666900526635bin
Downloading https://repo.maven.apache.org/maven2/org/jetbrains/intellij/deps/trove4j/1.0.20200330/trove4j-1.0.20200330.pom to /home/user/.gradle/.tmp/gradle_download16916813026208592750bin
Resource missing. [HTTP GET: https://dl.google.com/dl/android/maven2/com/google/guava/guava/31.1-jre/guava-31.1-jre.pom]
Downloading https://dl.google.com/dl/android/maven2/com/android/tools/common/31.1.0/common-31.1.0.pom to /home/user/.gradle/.tmp/gradle_download3233509866028560276bin
Downloading https://repo.maven.apache.org/maven2/org/jetbrains/kotlin/kotlin-reflect/1.8.20-RC2/kotlin-reflect-1.8.20-RC2.pom to /home/user/.gradle/.tmp/gradle_download17983824442420426351bin
Downloading https://repo.maven.apache.org/maven2/com/google/guava/guava/31.1-jre/guava-31.1-jre.pom to /home/user/.gradle/.tmp/gradle_download3320562512587037671bin
Resource missing. [HTTP GET: https://dl.google.com/dl/android/maven2/com/google/guava/guava-parent/31.1-jre/guava-parent-31.1-jre.pom]
Downloading https://repo.maven.apache.org/maven2/com/google/guava/guava-parent/31.1-jre/guava-parent-31.1-jre.pom to /home/user/.gradle/.tmp/gradle_download347804440181221382bin
Resource missing. [HTTP GET: https://dl.google.com/dl/android/maven2/org/apache/httpcomponents/httpcore/4.4.15/httpcore-4.4.15.pom]
Resource missing. [HTTP GET: https://dl.google.com/dl/android/maven2/org/apache/commons/commons-compress/1.21/commons-compress-1.21.pom]
Downloading https://dl.google.com/dl/android/maven2/com/android/tools/dvlib/31.1.0/dvlib-31.1.0.pom to /home/user/.gradle/.tmp/gradle_download14061795139061450820bin
Downloading https://repo.maven.apache.org/maven2/org/apache/httpcomponents/httpcore/4.4.15/httpcore-4.4.15.pom to /home/user/.gradle/.tmp/gradle_download903238125974704630bin
Downloading https://repo.maven.apache.org/maven2/org/apache/commons/commons-compress/1.21/commons-compress-1.21.pom to /home/user/.gradle/.tmp/gradle_download8890753269607683154bin
Resource missing. [HTTP GET: https://dl.google.com/dl/android/maven2/org/apache/httpcomponents/httpcomponents-core/4.4.15/httpcomponents-core-4.4.15.pom]
Resource missing. [HTTP GET: https://dl.google.com/dl/android/maven2/org/apache/commons/commons-parent/52/commons-parent-52.pom]
Downloading https://repo.maven.apache.org/maven2/org/apache/httpcomponents/httpcomponents-core/4.4.15/httpcomponents-core-4.4.15.pom to /home/user/.gradle/.tmp/gradle_download3982121544205208595bin
Downloading https://repo.maven.apache.org/maven2/org/apache/commons/commons-parent/52/commons-parent-52.pom to /home/user/.gradle/.tmp/gradle_download5436838474731154418bin
Downloading https://repo.maven.apache.org/maven2/org/apache/httpcomponents/httpcomponents-parent/11/httpcomponents-parent-11.pom to /home/user/.gradle/.tmp/gradle_download1599566695614967093bin
Resource missing. [HTTP GET: https://dl.google.com/dl/android/maven2/org/apache/apache/23/apache-23.pom]
Downloading https://repo.maven.apache.org/maven2/org/apache/apache/23/apache-23.pom to /home/user/.gradle/.tmp/gradle_download9199375977641090786bin
Downloading https://repo.maven.apache.org/maven2/org/apache/apache/21/apache-21.pom to /home/user/.gradle/.tmp/gradle_download6614807306779965699bin
Downloading https://repo.maven.apache.org/maven2/com/sun/activation/javax.activation/1.2.0/javax.activation-1.2.0.pom to /home/user/.gradle/.tmp/gradle_download12981615144078919323bin
Downloading https://repo.maven.apache.org/maven2/com/google/jimfs/jimfs/1.1/jimfs-1.1.pom to /home/user/.gradle/.tmp/gradle_download13283773846948170373bin
Downloading https://repo.maven.apache.org/maven2/com/sun/activation/all/1.2.0/all-1.2.0.pom to /home/user/.gradle/.tmp/gradle_download10294846881239933234bin
Downloading https://repo.maven.apache.org/maven2/com/google/jimfs/jimfs-parent/1.1/jimfs-parent-1.1.pom to /home/user/.gradle/.tmp/gradle_download16518537035339829040bin
Downloading https://repo.maven.apache.org/maven2/net/java/jvnet-parent/1/jvnet-parent-1.pom to /home/user/.gradle/.tmp/gradle_download13952856949724269047bin
Downloading https://repo.maven.apache.org/maven2/org/jetbrains/annotations/13.0/annotations-13.0.pom to /home/user/.gradle/.tmp/gradle_download1421120024839108277bin
Downloading https://repo.maven.apache.org/maven2/org/apache/httpcomponents/httpclient/4.5.13/httpclient-4.5.13.pom to /home/user/.gradle/.tmp/gradle_download3746193957717946284bin
Downloading https://dl.google.com/dl/android/maven2/com/android/tools/annotations/31.1.0/annotations-31.1.0.pom to /home/user/.gradle/.tmp/gradle_download2986258233070810766bin
Downloading https://repo.maven.apache.org/maven2/org/apache/httpcomponents/httpcomponents-client/4.5.13/httpcomponents-client-4.5.13.pom to /home/user/.gradle/.tmp/gradle_download6963657095390189484bin
Downloading https://repo.maven.apache.org/maven2/net/java/dev/jna/jna-platform/5.6.0/jna-platform-5.6.0.pom to /home/user/.gradle/.tmp/gradle_download1899333329243647338bin
Downloading https://dl.google.com/dl/android/maven2/com/android/tools/analytics-library/protos/31.1.0/protos-31.1.0.pom to /home/user/.gradle/.tmp/gradle_download4904184470603045960bin
Downloading https://repo.maven.apache.org/maven2/com/googlecode/juniversalchardet/juniversalchardet/1.0.3/juniversalchardet-1.0.3.pom to /home/user/.gradle/.tmp/gradle_download9186503745784330062bin
Downloading https://repo.maven.apache.org/maven2/javax/annotation/javax.annotation-api/1.3.2/javax.annotation-api-1.3.2.pom to /home/user/.gradle/.tmp/gradle_download14868754821598128336bin
Downloading https://repo.maven.apache.org/maven2/net/java/jvnet-parent/3/jvnet-parent-3.pom to /home/user/.gradle/.tmp/gradle_download3698399680509063015bin
Resource missing. [HTTP GET: https://dl.google.com/dl/android/maven2/org/jetbrains/kotlin/kotlin-stdlib-jdk7/1.8.20-RC2/kotlin-stdlib-jdk7-1.8.20-RC2.pom]
Resource missing. [HTTP GET: https://dl.google.com/dl/android/maven2/org/jetbrains/kotlin/kotlin-stdlib/1.8.20-RC2/kotlin-stdlib-1.8.20-RC2.pom]
Downloading https://repo.maven.apache.org/maven2/org/jetbrains/kotlin/kotlin-stdlib/1.8.20-RC2/kotlin-stdlib-1.8.20-RC2.pom to /home/user/.gradle/.tmp/gradle_download3478507419493350117bin
Downloading https://repo.maven.apache.org/maven2/org/jetbrains/kotlin/kotlin-stdlib-jdk7/1.8.20-RC2/kotlin-stdlib-jdk7-1.8.20-RC2.pom to /home/user/.gradle/.tmp/gradle_download11193039194266127314bin
Resource missing. [HTTP GET: https://dl.google.com/dl/android/maven2/org/ow2/asm/asm-tree/9.2/asm-tree-9.2.pom]
Downloading https://repo.maven.apache.org/maven2/org/ow2/asm/asm-tree/9.2/asm-tree-9.2.pom to /home/user/.gradle/.tmp/gradle_download17273469279961502444bin
Downloading https://repo.maven.apache.org/maven2/com/sun/istack/istack-commons-runtime/3.0.8/istack-commons-runtime-3.0.8.pom to /home/user/.gradle/.tmp/gradle_download13874018935067344bin
Downloading https://repo.maven.apache.org/maven2/org/glassfish/jaxb/txw2/2.3.2/txw2-2.3.2.pom to /home/user/.gradle/.tmp/gradle_download5120740827400723090bin
Downloading https://repo.maven.apache.org/maven2/jakarta/activation/jakarta.activation-api/1.2.1/jakarta.activation-api-1.2.1.pom to /home/user/.gradle/.tmp/gradle_download4976277999278649087bin
Downloading https://repo.maven.apache.org/maven2/com/sun/xml/fastinfoset/FastInfoset/1.2.16/FastInfoset-1.2.16.pom to /home/user/.gradle/.tmp/gradle_download14575553589715276376bin
Downloading https://repo.maven.apache.org/maven2/org/jvnet/staxex/stax-ex/1.8.1/stax-ex-1.8.1.pom to /home/user/.gradle/.tmp/gradle_download4109046335923886363bin
Downloading https://repo.maven.apache.org/maven2/jakarta/xml/bind/jakarta.xml.bind-api/2.3.2/jakarta.xml.bind-api-2.3.2.pom to /home/user/.gradle/.tmp/gradle_download2751345516723070446bin
Downloading https://repo.maven.apache.org/maven2/com/sun/activation/all/1.2.1/all-1.2.1.pom to /home/user/.gradle/.tmp/gradle_download9383957920362854039bin
Downloading https://repo.maven.apache.org/maven2/com/sun/istack/istack-commons/3.0.8/istack-commons-3.0.8.pom to /home/user/.gradle/.tmp/gradle_download2989561755597532061bin
Downloading https://repo.maven.apache.org/maven2/com/sun/xml/bind/mvn/jaxb-txw-parent/2.3.2/jaxb-txw-parent-2.3.2.pom to /home/user/.gradle/.tmp/gradle_download18311600478542237884bin
Downloading https://repo.maven.apache.org/maven2/jakarta/xml/bind/jakarta.xml.bind-api-parent/2.3.2/jakarta.xml.bind-api-parent-2.3.2.pom to /home/user/.gradle/.tmp/gradle_download7397704729201359637bin
Downloading https://repo.maven.apache.org/maven2/com/sun/xml/fastinfoset/fastinfoset-project/1.2.16/fastinfoset-project-1.2.16.pom to /home/user/.gradle/.tmp/gradle_download1463667296554905982bin
Downloading https://repo.maven.apache.org/maven2/org/eclipse/ee4j/project/1.0.2/project-1.0.2.pom to /home/user/.gradle/.tmp/gradle_download125029438971020863bin
Downloading https://repo.maven.apache.org/maven2/org/slf4j/slf4j-api/1.7.30/slf4j-api-1.7.30.pom to /home/user/.gradle/.tmp/gradle_download7767568338487724517bin
Downloading https://repo.maven.apache.org/maven2/org/bitbucket/b_c/jose4j/0.7.0/jose4j-0.7.0.pom to /home/user/.gradle/.tmp/gradle_download15306948515782051125bin
Downloading https://repo.maven.apache.org/maven2/com/google/errorprone/error_prone_annotations/2.3.1/error_prone_annotations-2.3.1.pom to /home/user/.gradle/.tmp/gradle_download829804990682020144bin
Downloading https://repo.maven.apache.org/maven2/com/google/dagger/dagger/2.28.3/dagger-2.28.3.pom to /home/user/.gradle/.tmp/gradle_download12973026217375621905bin
Downloading https://repo.maven.apache.org/maven2/com/google/auto/value/auto-value-annotations/1.6.2/auto-value-annotations-1.6.2.pom to /home/user/.gradle/.tmp/gradle_download15556143716506789685bin
Downloading https://repo.maven.apache.org/maven2/org/slf4j/slf4j-parent/1.7.30/slf4j-parent-1.7.30.pom to /home/user/.gradle/.tmp/gradle_download8419938042138350842bin
Downloading https://repo.maven.apache.org/maven2/com/google/errorprone/error_prone_parent/2.3.1/error_prone_parent-2.3.1.pom to /home/user/.gradle/.tmp/gradle_download10670766740723772065bin
Downloading https://repo.maven.apache.org/maven2/com/google/auto/value/auto-value-parent/1.6.2/auto-value-parent-1.6.2.pom to /home/user/.gradle/.tmp/gradle_download17575588968871891018bin
Downloading https://repo.maven.apache.org/maven2/com/google/auto/auto-parent/6/auto-parent-6.pom to /home/user/.gradle/.tmp/gradle_download15148120319812416043bin
Downloading https://repo.maven.apache.org/maven2/org/jdom/jdom2/2.0.6/jdom2-2.0.6.pom to /home/user/.gradle/.tmp/gradle_download5270691955692352794bin
Resource missing. [HTTP GET: https://dl.google.com/dl/android/maven2/com/google/errorprone/error_prone_annotations/2.5.1/error_prone_annotations-2.5.1.pom]
Downloading https://repo.maven.apache.org/maven2/com/google/errorprone/error_prone_annotations/2.5.1/error_prone_annotations-2.5.1.pom to /home/user/.gradle/.tmp/gradle_download4149901322517721942bin
Resource missing. [HTTP GET: https://dl.google.com/dl/android/maven2/com/google/errorprone/error_prone_parent/2.5.1/error_prone_parent-2.5.1.pom]
Downloading https://repo.maven.apache.org/maven2/com/google/errorprone/error_prone_parent/2.5.1/error_prone_parent-2.5.1.pom to /home/user/.gradle/.tmp/gradle_download11379080912837570440bin
Downloading https://repo.maven.apache.org/maven2/com/google/code/findbugs/jsr305/3.0.2/jsr305-3.0.2.pom to /home/user/.gradle/.tmp/gradle_download18437149072568452116bin
Downloading https://repo.maven.apache.org/maven2/com/google/j2objc/j2objc-annotations/1.3/j2objc-annotations-1.3.pom to /home/user/.gradle/.tmp/gradle_download18083339634812994002bin
Resource missing. [HTTP GET: https://dl.google.com/dl/android/maven2/com/google/errorprone/error_prone_annotations/2.10.0/error_prone_annotations-2.10.0.pom]
Downloading https://repo.maven.apache.org/maven2/com/google/errorprone/error_prone_annotations/2.10.0/error_prone_annotations-2.10.0.pom to /home/user/.gradle/.tmp/gradle_download16622418726069713140bin
Resource missing. [HTTP GET: https://dl.google.com/dl/android/maven2/com/google/errorprone/error_prone_parent/2.10.0/error_prone_parent-2.10.0.pom]
Downloading https://repo.maven.apache.org/maven2/com/google/errorprone/error_prone_parent/2.10.0/error_prone_parent-2.10.0.pom to /home/user/.gradle/.tmp/gradle_download13478982747985501136bin
Downloading https://repo.maven.apache.org/maven2/org/codehaus/mojo/animal-sniffer-annotations/1.19/animal-sniffer-annotations-1.19.pom to /home/user/.gradle/.tmp/gradle_download17029266694159861644bin
Downloading https://repo.maven.apache.org/maven2/io/perfmark/perfmark-api/0.23.0/perfmark-api-0.23.0.pom to /home/user/.gradle/.tmp/gradle_download5987666390812812503bin
Resource missing. [HTTP GET: https://dl.google.com/dl/android/maven2/io/grpc/grpc-api/1.45.1/grpc-api-1.45.1.pom]
Downloading https://repo.maven.apache.org/maven2/com/google/android/annotations/4.1.1.4/annotations-4.1.1.4.pom to /home/user/.gradle/.tmp/gradle_download5301524522768525518bin
Downloading https://repo.maven.apache.org/maven2/org/codehaus/mojo/animal-sniffer-parent/1.19/animal-sniffer-parent-1.19.pom to /home/user/.gradle/.tmp/gradle_download2520122041801026397bin
Downloading https://repo.maven.apache.org/maven2/io/grpc/grpc-api/1.45.1/grpc-api-1.45.1.pom to /home/user/.gradle/.tmp/gradle_download15804010208471433608bin
Downloading https://repo.maven.apache.org/maven2/io/perfmark/perfmark-api/0.23.0/perfmark-api-0.23.0.module to /home/user/.gradle/.tmp/gradle_download5589371694641099719bin
Downloading https://repo.maven.apache.org/maven2/org/codehaus/mojo/mojo-parent/50/mojo-parent-50.pom to /home/user/.gradle/.tmp/gradle_download5567059712261574731bin
Resource missing. [HTTP GET: https://dl.google.com/dl/android/maven2/io/netty/netty-handler-proxy/4.1.72.Final/netty-handler-proxy-4.1.72.Final.pom]
Resource missing. [HTTP GET: https://dl.google.com/dl/android/maven2/io/netty/netty-codec-http2/4.1.72.Final/netty-codec-http2-4.1.72.Final.pom]
Downloading https://repo.maven.apache.org/maven2/io/netty/netty-codec-http2/4.1.72.Final/netty-codec-http2-4.1.72.Final.pom to /home/user/.gradle/.tmp/gradle_download7417086422964926341bin
Downloading https://repo.maven.apache.org/maven2/io/netty/netty-handler-proxy/4.1.72.Final/netty-handler-proxy-4.1.72.Final.pom to /home/user/.gradle/.tmp/gradle_download1518209710006833864bin
Resource missing. [HTTP GET: https://dl.google.com/dl/android/maven2/io/netty/netty-parent/4.1.72.Final/netty-parent-4.1.72.Final.pom]
Downloading https://repo.maven.apache.org/maven2/io/netty/netty-parent/4.1.72.Final/netty-parent-4.1.72.Final.pom to /home/user/.gradle/.tmp/gradle_download13797442915427225512bin
Downloading https://repo.maven.apache.org/maven2/org/sonatype/oss/oss-parent/9/oss-parent-9.pom to /home/user/.gradle/.tmp/gradle_download1602708423719197566bin
Downloading https://repo.maven.apache.org/maven2/com/google/api/grpc/proto-google-common-protos/2.0.1/proto-google-common-protos-2.0.1.pom to /home/user/.gradle/.tmp/gradle_download11492090730550448317bin
Resource missing. [HTTP GET: https://dl.google.com/dl/android/maven2/io/grpc/grpc-protobuf-lite/1.45.1/grpc-protobuf-lite-1.45.1.pom]
Downloading https://repo.maven.apache.org/maven2/io/grpc/grpc-protobuf-lite/1.45.1/grpc-protobuf-lite-1.45.1.pom to /home/user/.gradle/.tmp/gradle_download918043681994711562bin
Downloading https://repo.maven.apache.org/maven2/org/checkerframework/checker-qual/2.5.8/checker-qual-2.5.8.pom to /home/user/.gradle/.tmp/gradle_download4058856154888932286bin
Downloading https://repo.maven.apache.org/maven2/commons-codec/commons-codec/1.10/commons-codec-1.10.pom to /home/user/.gradle/.tmp/gradle_download482651521958932801bin
Downloading https://dl.google.com/dl/android/maven2/com/android/tools/build/apkzlib/8.1.0/apkzlib-8.1.0.pom to /home/user/.gradle/.tmp/gradle_download16514672386319121875bin
Downloading https://dl.google.com/dl/android/maven2/com/android/tools/build/apksig/8.1.0/apksig-8.1.0.pom to /home/user/.gradle/.tmp/gradle_download4223713677664731893bin
Downloading https://dl.google.com/dl/android/maven2/com/android/zipflinger/8.1.0/zipflinger-8.1.0.pom to /home/user/.gradle/.tmp/gradle_download9826791422523216310bin
Downloading https://dl.google.com/dl/android/maven2/com/android/tools/build/manifest-merger/31.1.0/manifest-merger-31.1.0.pom to /home/user/.gradle/.tmp/gradle_download3462437174945988435bin
Downloading https://repo.maven.apache.org/maven2/com/squareup/javawriter/2.5.0/javawriter-2.5.0.pom to /home/user/.gradle/.tmp/gradle_download17359435554302246998bin
Downloading https://dl.google.com/dl/android/maven2/com/android/signflinger/8.1.0/signflinger-8.1.0.pom to /home/user/.gradle/.tmp/gradle_download10918080224227285268bin
Downloading https://dl.google.com/dl/android/maven2/com/android/tools/analytics-library/tracker/31.1.0/tracker-31.1.0.pom to /home/user/.gradle/.tmp/gradle_download329569707361238436bin
Downloading https://repo.maven.apache.org/maven2/org/apache/commons/commons-parent/35/commons-parent-35.pom to /home/user/.gradle/.tmp/gradle_download13326120081792927586bin
Downloading https://dl.google.com/dl/android/maven2/com/android/tools/build/manifest-merger/31.1.0/manifest-merger-31.1.0.module to /home/user/.gradle/.tmp/gradle_download17413792483428145479bin
Downloading https://repo.maven.apache.org/maven2/org/apache/apache/15/apache-15.pom to /home/user/.gradle/.tmp/gradle_download14227912021099600712bin
Downloading https://repo.maven.apache.org/maven2/org/jetbrains/kotlin/kotlin-native-utils/1.9.0/kotlin-native-utils-1.9.0.pom to /home/user/.gradle/.tmp/gradle_download9356917899826075693bin
Downloading https://repo.maven.apache.org/maven2/org/jetbrains/kotlin/kotlin-gradle-plugin-annotations/1.9.0/kotlin-gradle-plugin-annotations-1.9.0.pom to /home/user/.gradle/.tmp/gradle_download15642758473226481783bin
Downloading https://repo.maven.apache.org/maven2/org/jetbrains/kotlin/kotlin-util-io/1.9.0/kotlin-util-io-1.9.0.pom to /home/user/.gradle/.tmp/gradle_download10029229644263872675bin
Downloading https://repo.maven.apache.org/maven2/org/jetbrains/kotlin/kotlin-daemon-embeddable/1.9.0/kotlin-daemon-embeddable-1.9.0.pom to /home/user/.gradle/.tmp/gradle_download9605768458129458373bin
Downloading https://repo.maven.apache.org/maven2/org/jetbrains/kotlinx/kotlinx-coroutines-core-jvm/1.5.0/kotlinx-coroutines-core-jvm-1.5.0.pom to /home/user/.gradle/.tmp/gradle_download17914457727787890404bin
Downloading https://repo.maven.apache.org/maven2/org/jetbrains/kotlin/kotlin-daemon-client/1.9.0/kotlin-daemon-client-1.9.0.pom to /home/user/.gradle/.tmp/gradle_download17162884133354541730bin
Downloading https://repo.maven.apache.org/maven2/org/jetbrains/kotlinx/kotlinx-coroutines-core-jvm/1.5.0/kotlinx-coroutines-core-jvm-1.5.0.module to /home/user/.gradle/.tmp/gradle_download18114035931465648567bin
Downloading https://repo.maven.apache.org/maven2/org/jetbrains/kotlin/kotlin-scripting-common/1.9.0/kotlin-scripting-common-1.9.0.pom to /home/user/.gradle/.tmp/gradle_download6814711465104484602bin
Downloading https://repo.maven.apache.org/maven2/org/jetbrains/kotlin/kotlin-scripting-jvm/1.9.0/kotlin-scripting-jvm-1.9.0.pom to /home/user/.gradle/.tmp/gradle_download7512112635597209270bin
Resource missing. [HTTP GET: https://dl.google.com/dl/android/maven2/org/checkerframework/checker-qual/3.12.0/checker-qual-3.12.0.pom]
Downloading https://repo.maven.apache.org/maven2/org/checkerframework/checker-qual/3.12.0/checker-qual-3.12.0.pom to /home/user/.gradle/.tmp/gradle_download13087853735632736386bin
Downloading https://repo.maven.apache.org/maven2/org/checkerframework/checker-qual/3.12.0/checker-qual-3.12.0.module to /home/user/.gradle/.tmp/gradle_download11642368607338429678bin
Resource missing. [HTTP GET: https://dl.google.com/dl/android/maven2/com/google/errorprone/error_prone_annotations/2.11.0/error_prone_annotations-2.11.0.pom]
Downloading https://repo.maven.apache.org/maven2/com/google/errorprone/error_prone_annotations/2.11.0/error_prone_annotations-2.11.0.pom to /home/user/.gradle/.tmp/gradle_download14828367426715829077bin
Resource missing. [HTTP GET: https://dl.google.com/dl/android/maven2/com/google/errorprone/error_prone_parent/2.11.0/error_prone_parent-2.11.0.pom]
Downloading https://repo.maven.apache.org/maven2/com/google/errorprone/error_prone_parent/2.11.0/error_prone_parent-2.11.0.pom to /home/user/.gradle/.tmp/gradle_download11123126728992328314bin
Downloading https://repo.maven.apache.org/maven2/com/google/guava/listenablefuture/9999.0-empty-to-avoid-conflict-with-guava/listenablefuture-9999.0-empty-to-avoid-conflict-with-guava.pom to /home/user/.gradle/.tmp/gradle_download5517406165085400678bin
Downloading https://repo.maven.apache.org/maven2/com/google/guava/failureaccess/1.0.1/failureaccess-1.0.1.pom to /home/user/.gradle/.tmp/gradle_download308723436247809118bin
Downloading https://repo.maven.apache.org/maven2/com/google/guava/guava-parent/26.0-android/guava-parent-26.0-android.pom to /home/user/.gradle/.tmp/gradle_download10780738583218747152bin
Downloading https://repo.maven.apache.org/maven2/xml-apis/xml-apis/1.4.01/xml-apis-1.4.01.pom to /home/user/.gradle/.tmp/gradle_download3430028582475543921bin
Downloading https://repo.maven.apache.org/maven2/commons-codec/commons-codec/1.11/commons-codec-1.11.pom to /home/user/.gradle/.tmp/gradle_download10032187625402958707bin
Downloading https://repo.maven.apache.org/maven2/org/apache/commons/commons-parent/42/commons-parent-42.pom to /home/user/.gradle/.tmp/gradle_download16564120466332091665bin
Downloading https://repo.maven.apache.org/maven2/commons-logging/commons-logging/1.2/commons-logging-1.2.pom to /home/user/.gradle/.tmp/gradle_download18077288528541609936bin
Downloading https://repo.maven.apache.org/maven2/org/apache/commons/commons-parent/34/commons-parent-34.pom to /home/user/.gradle/.tmp/gradle_download17552859481715757360bin
Downloading https://repo.maven.apache.org/maven2/org/apache/apache/13/apache-13.pom to /home/user/.gradle/.tmp/gradle_download11937837835430299650bin
Downloading https://repo.maven.apache.org/maven2/net/java/dev/jna/jna/5.6.0/jna-5.6.0.pom to /home/user/.gradle/.tmp/gradle_download12398331891881483125bin
Resource missing. [HTTP GET: https://dl.google.com/dl/android/maven2/org/jetbrains/kotlin/kotlin-stdlib-common/1.8.20-RC2/kotlin-stdlib-common-1.8.20-RC2.pom]
Downloading https://repo.maven.apache.org/maven2/org/jetbrains/kotlin/kotlin-stdlib-common/1.8.20-RC2/kotlin-stdlib-common-1.8.20-RC2.pom to /home/user/.gradle/.tmp/gradle_download6536306146851359547bin
Resource missing. [HTTP GET: https://dl.google.com/dl/android/maven2/io/grpc/grpc-context/1.45.1/grpc-context-1.45.1.pom]
Downloading https://repo.maven.apache.org/maven2/io/grpc/grpc-context/1.45.1/grpc-context-1.45.1.pom to /home/user/.gradle/.tmp/gradle_download15221976299779462708bin
Resource missing. [HTTP GET: https://dl.google.com/dl/android/maven2/io/netty/netty-common/4.1.72.Final/netty-common-4.1.72.Final.pom]
Resource missing. [HTTP GET: https://dl.google.com/dl/android/maven2/io/netty/netty-codec-http/4.1.72.Final/netty-codec-http-4.1.72.Final.pom]
Resource missing. [HTTP GET: https://dl.google.com/dl/android/maven2/io/netty/netty-codec/4.1.72.Final/netty-codec-4.1.72.Final.pom]
Resource missing. [HTTP GET: https://dl.google.com/dl/android/maven2/io/netty/netty-handler/4.1.72.Final/netty-handler-4.1.72.Final.pom]
Resource missing. [HTTP GET: https://dl.google.com/dl/android/maven2/io/netty/netty-transport/4.1.72.Final/netty-transport-4.1.72.Final.pom]
Resource missing. [HTTP GET: https://dl.google.com/dl/android/maven2/io/netty/netty-buffer/4.1.72.Final/netty-buffer-4.1.72.Final.pom]
Downloading https://repo.maven.apache.org/maven2/io/netty/netty-common/4.1.72.Final/netty-common-4.1.72.Final.pom to /home/user/.gradle/.tmp/gradle_download502732069809638389bin
Downloading https://repo.maven.apache.org/maven2/io/netty/netty-codec/4.1.72.Final/netty-codec-4.1.72.Final.pom to /home/user/.gradle/.tmp/gradle_download5570704306932836717bin
Downloading https://repo.maven.apache.org/maven2/io/netty/netty-handler/4.1.72.Final/netty-handler-4.1.72.Final.pom to /home/user/.gradle/.tmp/gradle_download18348219830280196205bin
Downloading https://repo.maven.apache.org/maven2/io/netty/netty-codec-http/4.1.72.Final/netty-codec-http-4.1.72.Final.pom to /home/user/.gradle/.tmp/gradle_download9363465474300285147bin
Downloading https://repo.maven.apache.org/maven2/io/netty/netty-buffer/4.1.72.Final/netty-buffer-4.1.72.Final.pom to /home/user/.gradle/.tmp/gradle_download7729397886272525276bin
Downloading https://repo.maven.apache.org/maven2/io/netty/netty-transport/4.1.72.Final/netty-transport-4.1.72.Final.pom to /home/user/.gradle/.tmp/gradle_download10021687417153058499bin
Resource missing. [HTTP GET: https://dl.google.com/dl/android/maven2/io/netty/netty-codec-socks/4.1.72.Final/netty-codec-socks-4.1.72.Final.pom]
Downloading https://repo.maven.apache.org/maven2/io/netty/netty-codec-socks/4.1.72.Final/netty-codec-socks-4.1.72.Final.pom to /home/user/.gradle/.tmp/gradle_download15987617208640886048bin
Resource missing. [HTTP GET: https://dl.google.com/dl/android/maven2/io/netty/netty-resolver/4.1.72.Final/netty-resolver-4.1.72.Final.pom]
Downloading https://repo.maven.apache.org/maven2/io/netty/netty-resolver/4.1.72.Final/netty-resolver-4.1.72.Final.pom to /home/user/.gradle/.tmp/gradle_download10342062751301076024bin
Resource missing. [HTTP GET: https://dl.google.com/dl/android/maven2/io/netty/netty-tcnative-classes/2.0.46.Final/netty-tcnative-classes-2.0.46.Final.pom]
Downloading https://repo.maven.apache.org/maven2/io/netty/netty-tcnative-classes/2.0.46.Final/netty-tcnative-classes-2.0.46.Final.pom to /home/user/.gradle/.tmp/gradle_download14987669039497812072bin
Resource missing. [HTTP GET: https://dl.google.com/dl/android/maven2/io/netty/netty-tcnative-parent/2.0.46.Final/netty-tcnative-parent-2.0.46.Final.pom]
Downloading https://repo.maven.apache.org/maven2/io/netty/netty-tcnative-parent/2.0.46.Final/netty-tcnative-parent-2.0.46.Final.pom to /home/user/.gradle/.tmp/gradle_download2589549291591687623bin
Downloading https://repo.maven.apache.org/maven2/org/jetbrains/kotlin/kotlin-gradle-plugin-api/1.9.0/kotlin-gradle-plugin-api-1.9.0-gradle81.jar to /home/user/.gradle/.tmp/gradle_download5042095636724975199bin
Downloading https://repo.maven.apache.org/maven2/org/jetbrains/kotlin/kotlin-gradle-plugin/1.9.0/kotlin-gradle-plugin-1.9.0-gradle81.jar to /home/user/.gradle/.tmp/gradle_download5628826605363227172bin
Downloading https://dl.google.com/dl/android/maven2/com/android/tools/build/gradle/8.1.0/gradle-8.1.0.jar to /home/user/.gradle/.tmp/gradle_download686449898395761526bin
Downloading https://repo.maven.apache.org/maven2/org/jetbrains/kotlin/kotlin-gradle-plugin-api/1.9.0/kotlin-gradle-plugin-api-1.9.0.jar to /home/user/.gradle/.tmp/gradle_download13652799524501795262bin
Downloading https://repo.maven.apache.org/maven2/org/jetbrains/kotlin/kotlin-gradle-plugin-model/1.9.0/kotlin-gradle-plugin-model-1.9.0.jar to /home/user/.gradle/.tmp/gradle_download1712472096287839205bin
Downloading https://dl.google.com/dl/android/maven2/com/android/tools/lint/lint-model/31.1.0/lint-model-31.1.0.jar to /home/user/.gradle/.tmp/gradle_download7530510653245813937bin
Downloading https://dl.google.com/dl/android/maven2/com/android/tools/build/builder/8.1.0/builder-8.1.0.jar to /home/user/.gradle/.tmp/gradle_download17659576867002273506bin
Downloading https://dl.google.com/dl/android/maven2/com/android/tools/build/gradle-settings-api/8.1.0/gradle-settings-api-8.1.0.jar to /home/user/.gradle/.tmp/gradle_download1743440576820184210bin
Downloading https://dl.google.com/dl/android/maven2/com/android/tools/sdk-common/31.1.0/sdk-common-31.1.0.jar to /home/user/.gradle/.tmp/gradle_download1822588185257276244bin
Downloading https://dl.google.com/dl/android/maven2/com/android/tools/sdklib/31.1.0/sdklib-31.1.0.jar to /home/user/.gradle/.tmp/gradle_download8041864695482994995bin
Downloading https://dl.google.com/dl/android/maven2/com/android/tools/build/manifest-merger/31.1.0/manifest-merger-31.1.0.jar to /home/user/.gradle/.tmp/gradle_download376203640294381574bin
Downloading https://dl.google.com/dl/android/maven2/com/android/tools/repository/31.1.0/repository-31.1.0.jar to /home/user/.gradle/.tmp/gradle_download9464745687632533092bin
Downloading https://dl.google.com/dl/android/maven2/com/android/tools/build/gradle-api/8.1.0/gradle-api-8.1.0.jar to /home/user/.gradle/.tmp/gradle_download11908190631195803144bin
Downloading https://dl.google.com/dl/android/maven2/com/android/tools/build/builder-test-api/8.1.0/builder-test-api-8.1.0.jar to /home/user/.gradle/.tmp/gradle_download7060154840656012272bin
Downloading https://dl.google.com/dl/android/maven2/com/android/tools/ddms/ddmlib/31.1.0/ddmlib-31.1.0.jar to /home/user/.gradle/.tmp/gradle_download3783480198912201291bin
Downloading https://dl.google.com/dl/android/maven2/com/android/tools/build/aaptcompiler/8.1.0/aaptcompiler-8.1.0.jar to /home/user/.gradle/.tmp/gradle_download14945427751334828197bin
Downloading https://dl.google.com/dl/android/maven2/com/android/tools/build/bundletool/1.14.0/bundletool-1.14.0.jar to /home/user/.gradle/.tmp/gradle_download12143689853822830569bin
Downloading https://dl.google.com/dl/android/maven2/com/android/tools/build/aapt2-proto/8.1.0-10154469/aapt2-proto-8.1.0-10154469.jar to /home/user/.gradle/.tmp/gradle_download3077719282216495224bin
Downloading https://dl.google.com/dl/android/maven2/com/android/tools/analytics-library/crash/31.1.0/crash-31.1.0.jar to /home/user/.gradle/.tmp/gradle_download4275456342789279278bin
Downloading https://dl.google.com/dl/android/maven2/com/android/tools/analytics-library/shared/31.1.0/shared-31.1.0.jar to /home/user/.gradle/.tmp/gradle_download14891942017090963334bin
Downloading https://dl.google.com/dl/android/maven2/com/android/tools/lint/lint-typedef-remover/31.1.0/lint-typedef-remover-31.1.0.jar to /home/user/.gradle/.tmp/gradle_download6454469965204515666bin
Downloading https://dl.google.com/dl/android/maven2/com/android/tools/analytics-library/tracker/31.1.0/tracker-31.1.0.jar to /home/user/.gradle/.tmp/gradle_download12306992565686874222bin
Downloading https://dl.google.com/dl/android/maven2/androidx/databinding/databinding-compiler-common/8.1.0/databinding-compiler-common-8.1.0.jar to /home/user/.gradle/.tmp/gradle_download5344309795255807717bin
Downloading https://dl.google.com/dl/android/maven2/androidx/databinding/databinding-common/8.1.0/databinding-common-8.1.0.jar to /home/user/.gradle/.tmp/gradle_download6591143082440092637bin
Downloading https://dl.google.com/dl/android/maven2/com/android/databinding/baseLibrary/8.1.0/baseLibrary-8.1.0.jar to /home/user/.gradle/.tmp/gradle_download11418393516633041325bin
Downloading https://dl.google.com/dl/android/maven2/com/android/tools/layoutlib/layoutlib-api/31.1.0/layoutlib-api-31.1.0.jar to /home/user/.gradle/.tmp/gradle_download7836938360347949838bin
Downloading https://dl.google.com/dl/android/maven2/com/android/tools/utp/android-device-provider-ddmlib-proto/31.1.0/android-device-provider-ddmlib-proto-31.1.0.jar to /home/user/.gradle/.tmp/gradle_download3873667606551409975bin
Downloading https://dl.google.com/dl/android/maven2/com/android/tools/utp/android-device-provider-gradle-proto/31.1.0/android-device-provider-gradle-proto-31.1.0.jar to /home/user/.gradle/.tmp/gradle_download12521618584121850407bin
Downloading https://dl.google.com/dl/android/maven2/com/android/tools/utp/android-test-plugin-host-additional-test-output-proto/31.1.0/android-test-plugin-host-additional-test-output-proto-31.1.0.jar to /home/user/.gradle/.tmp/gradle_download8651267420611052278bin
Downloading https://dl.google.com/dl/android/maven2/com/android/tools/utp/android-test-plugin-host-emulator-control-proto/31.1.0/android-test-plugin-host-emulator-control-proto-31.1.0.jar to /home/user/.gradle/.tmp/gradle_download13920109888985953914bin
Downloading https://dl.google.com/dl/android/maven2/com/android/tools/utp/android-test-plugin-host-coverage-proto/31.1.0/android-test-plugin-host-coverage-proto-31.1.0.jar to /home/user/.gradle/.tmp/gradle_download9073055479896953019bin
Downloading https://dl.google.com/dl/android/maven2/com/android/tools/utp/android-test-plugin-host-logcat-proto/31.1.0/android-test-plugin-host-logcat-proto-31.1.0.jar to /home/user/.gradle/.tmp/gradle_download12703136778688374055bin
Downloading https://dl.google.com/dl/android/maven2/com/android/tools/utp/android-test-plugin-host-retention-proto/31.1.0/android-test-plugin-host-retention-proto-31.1.0.jar to /home/user/.gradle/.tmp/gradle_download4886723186418026243bin
Downloading https://dl.google.com/dl/android/maven2/com/android/tools/utp/android-test-plugin-host-apk-installer-proto/31.1.0/android-test-plugin-host-apk-installer-proto-31.1.0.jar to /home/user/.gradle/.tmp/gradle_download17399415274244484764bin
Downloading https://dl.google.com/dl/android/maven2/com/android/tools/build/builder-model/8.1.0/builder-model-8.1.0.jar to /home/user/.gradle/.tmp/gradle_download10471810888489432382bin
Downloading https://dl.google.com/dl/android/maven2/com/android/tools/dvlib/31.1.0/dvlib-31.1.0.jar to /home/user/.gradle/.tmp/gradle_download17958772106484335912bin
Downloading https://dl.google.com/dl/android/maven2/com/android/tools/common/31.1.0/common-31.1.0.jar to /home/user/.gradle/.tmp/gradle_download13505495381068449103bin
Downloading https://repo.maven.apache.org/maven2/org/jetbrains/kotlin/kotlin-stdlib-jdk8/1.8.20-RC2/kotlin-stdlib-jdk8-1.8.20-RC2.jar to /home/user/.gradle/.tmp/gradle_download16103415317271018815bin
Downloading https://repo.maven.apache.org/maven2/org/apache/httpcomponents/httpmime/4.5.6/httpmime-4.5.6.jar to /home/user/.gradle/.tmp/gradle_download10853928979164815935bin
Downloading https://dl.google.com/dl/android/maven2/com/android/tools/build/transform-api/2.0.0-deprecated-use-gradle-api/transform-api-2.0.0-deprecated-use-gradle-api.jar to /home/user/.gradle/.tmp/gradle_download14517345706691872491bin
Downloading https://dl.google.com/dl/android/maven2/com/android/tools/utp/android-test-plugin-result-listener-gradle-proto/31.1.0/android-test-plugin-result-listener-gradle-proto-31.1.0.jar to /home/user/.gradle/.tmp/gradle_download12400387530561553078bin
Downloading https://repo.maven.apache.org/maven2/commons-io/commons-io/2.4/commons-io-2.4.jar to /home/user/.gradle/.tmp/gradle_download12165356540649239575bin
Downloading https://repo.maven.apache.org/maven2/org/ow2/asm/asm-util/9.2/asm-util-9.2.jar to /home/user/.gradle/.tmp/gradle_download18006391822286607856bin
Downloading https://dl.google.com/dl/android/maven2/com/android/tools/build/jetifier/jetifier-processor/1.0.0-beta10/jetifier-processor-1.0.0-beta10.jar to /home/user/.gradle/.tmp/gradle_download4519252520752261257bin
Downloading https://repo.maven.apache.org/maven2/org/ow2/asm/asm-analysis/9.2/asm-analysis-9.2.jar to /home/user/.gradle/.tmp/gradle_download13575218738049626284bin
Downloading https://repo.maven.apache.org/maven2/org/ow2/asm/asm-commons/9.2/asm-commons-9.2.jar to /home/user/.gradle/.tmp/gradle_download13249404670504537241bin
Downloading https://repo.maven.apache.org/maven2/org/ow2/asm/asm-tree/9.2/asm-tree-9.2.jar to /home/user/.gradle/.tmp/gradle_download9204689760332418569bin
Downloading https://repo.maven.apache.org/maven2/org/ow2/asm/asm/9.2/asm-9.2.jar to /home/user/.gradle/.tmp/gradle_download5059618753923483978bin
Downloading https://dl.google.com/dl/android/maven2/com/android/tools/build/apkzlib/8.1.0/apkzlib-8.1.0.jar to /home/user/.gradle/.tmp/gradle_download15940726993117457312bin
Downloading https://repo.maven.apache.org/maven2/org/bouncycastle/bcpkix-jdk15on/1.67/bcpkix-jdk15on-1.67.jar to /home/user/.gradle/.tmp/gradle_download3252162021860367045bin
Downloading https://repo.maven.apache.org/maven2/net/sf/jopt-simple/jopt-simple/4.9/jopt-simple-4.9.jar to /home/user/.gradle/.tmp/gradle_download4389684196902495949bin
Downloading https://repo.maven.apache.org/maven2/org/glassfish/jaxb/jaxb-runtime/2.3.2/jaxb-runtime-2.3.2.jar to /home/user/.gradle/.tmp/gradle_download8502860114002356796bin
Downloading https://dl.google.com/dl/android/maven2/com/android/tools/build/jetifier/jetifier-core/1.0.0-beta10/jetifier-core-1.0.0-beta10.jar to /home/user/.gradle/.tmp/gradle_download18235207685325396385bin
Downloading https://repo.maven.apache.org/maven2/com/squareup/javapoet/1.10.0/javapoet-1.10.0.jar to /home/user/.gradle/.tmp/gradle_download17478276249936587511bin
Downloading https://repo.maven.apache.org/maven2/com/google/protobuf/protobuf-java-util/3.19.3/protobuf-java-util-3.19.3.jar to /home/user/.gradle/.tmp/gradle_download12112136936133459816bin
Downloading https://repo.maven.apache.org/maven2/com/google/crypto/tink/tink/1.7.0/tink-1.7.0.jar to /home/user/.gradle/.tmp/gradle_download15553547157658406442bin
Downloading https://repo.maven.apache.org/maven2/io/grpc/grpc-protobuf/1.45.1/grpc-protobuf-1.45.1.jar to /home/user/.gradle/.tmp/gradle_download15457104445415482310bin
Downloading https://dl.google.com/dl/android/maven2/com/android/tools/analytics-library/protos/31.1.0/protos-31.1.0.jar to /home/user/.gradle/.tmp/gradle_download5667166745002457967bin
Downloading https://repo.maven.apache.org/maven2/com/google/api/grpc/proto-google-common-protos/2.0.1/proto-google-common-protos-2.0.1.jar to /home/user/.gradle/.tmp/gradle_download1627090385841272195bin
Downloading https://repo.maven.apache.org/maven2/io/grpc/grpc-netty/1.45.1/grpc-netty-1.45.1.jar to /home/user/.gradle/.tmp/gradle_download6498720224167172194bin
Downloading https://repo.maven.apache.org/maven2/com/google/protobuf/protobuf-java/3.19.3/protobuf-java-3.19.3.jar to /home/user/.gradle/.tmp/gradle_download152155483957660147bin
Downloading https://repo.maven.apache.org/maven2/io/grpc/grpc-core/1.45.1/grpc-core-1.45.1.jar to /home/user/.gradle/.tmp/gradle_download6827251526477983793bin
Downloading https://repo.maven.apache.org/maven2/com/google/code/gson/gson/2.8.9/gson-2.8.9.jar to /home/user/.gradle/.tmp/gradle_download3498823892776921081bin
Downloading https://repo.maven.apache.org/maven2/io/grpc/grpc-stub/1.45.1/grpc-stub-1.45.1.jar to /home/user/.gradle/.tmp/gradle_download3957128743163651757bin
Downloading https://dl.google.com/dl/android/maven2/com/google/testing/platform/core-proto/0.0.8-alpha08/core-proto-0.0.8-alpha08.jar to /home/user/.gradle/.tmp/gradle_download7326857673868124721bin
Downloading https://repo.maven.apache.org/maven2/org/tensorflow/tensorflow-lite-metadata/0.1.0-rc2/tensorflow-lite-metadata-0.1.0-rc2.jar to /home/user/.gradle/.tmp/gradle_download176295931925974237bin
Downloading https://repo.maven.apache.org/maven2/com/google/flatbuffers/flatbuffers-java/1.12.0/flatbuffers-java-1.12.0.jar to /home/user/.gradle/.tmp/gradle_download12865215588834224249bin
Downloading https://repo.maven.apache.org/maven2/org/jetbrains/kotlin/kotlin-gradle-plugin-idea-proto/1.9.0/kotlin-gradle-plugin-idea-proto-1.9.0.jar to /home/user/.gradle/.tmp/gradle_download1652153041244585220bin
Downloading https://repo.maven.apache.org/maven2/org/jetbrains/kotlin/kotlin-gradle-plugin-idea/1.9.0/kotlin-gradle-plugin-idea-1.9.0.jar to /home/user/.gradle/.tmp/gradle_download1622621940155147126bin
Downloading https://repo.maven.apache.org/maven2/org/jetbrains/kotlin/kotlin-project-model/1.9.0/kotlin-project-model-1.9.0.jar to /home/user/.gradle/.tmp/gradle_download1560780494125932941bin
Downloading https://repo.maven.apache.org/maven2/org/jetbrains/kotlin/kotlin-tooling-core/1.9.0/kotlin-tooling-core-1.9.0.jar to /home/user/.gradle/.tmp/gradle_download9200385967037281379bin
Downloading https://repo.maven.apache.org/maven2/org/jetbrains/kotlin/kotlin-native-utils/1.9.0/kotlin-native-utils-1.9.0.jar to /home/user/.gradle/.tmp/gradle_download16195512629047718091bin
Downloading https://repo.maven.apache.org/maven2/org/jetbrains/kotlin/kotlin-klib-commonizer-api/1.9.0/kotlin-klib-commonizer-api-1.9.0.jar to /home/user/.gradle/.tmp/gradle_download1617864167982611285bin
Downloading https://repo.maven.apache.org/maven2/org/jetbrains/kotlin/kotlin-build-tools-api/1.9.0/kotlin-build-tools-api-1.9.0.jar to /home/user/.gradle/.tmp/gradle_download9681790810533389611bin
Downloading https://repo.maven.apache.org/maven2/org/jetbrains/kotlin/kotlin-util-klib/1.9.0/kotlin-util-klib-1.9.0.jar to /home/user/.gradle/.tmp/gradle_download4064846529883475992bin
Downloading https://repo.maven.apache.org/maven2/org/jetbrains/kotlin/kotlin-android-extensions/1.9.0/kotlin-android-extensions-1.9.0.jar to /home/user/.gradle/.tmp/gradle_download10301379277251176071bin
Downloading https://repo.maven.apache.org/maven2/org/jetbrains/kotlin/kotlin-compiler-runner/1.9.0/kotlin-compiler-runner-1.9.0.jar to /home/user/.gradle/.tmp/gradle_download16363206492768111258bin
Downloading https://repo.maven.apache.org/maven2/org/jetbrains/kotlin/kotlin-compiler-embeddable/1.9.0/kotlin-compiler-embeddable-1.9.0.jar to /home/user/.gradle/.tmp/gradle_download3131818976095797825bin
Downloading https://repo.maven.apache.org/maven2/org/jetbrains/kotlin/kotlin-scripting-compiler-embeddable/1.9.0/kotlin-scripting-compiler-embeddable-1.9.0.jar to /home/user/.gradle/.tmp/gradle_download6173890187475561156bin
Downloading https://repo.maven.apache.org/maven2/org/jetbrains/kotlin/kotlin-scripting-compiler-impl-embeddable/1.9.0/kotlin-scripting-compiler-impl-embeddable-1.9.0.jar to /home/user/.gradle/.tmp/gradle_download847640166255078007bin
Downloading https://repo.maven.apache.org/maven2/com/google/jimfs/jimfs/1.1/jimfs-1.1.jar to /home/user/.gradle/.tmp/gradle_download8911941090185644665bin
Downloading https://repo.maven.apache.org/maven2/io/grpc/grpc-protobuf-lite/1.45.1/grpc-protobuf-lite-1.45.1.jar to /home/user/.gradle/.tmp/gradle_download8628567161435411996bin
Downloading https://repo.maven.apache.org/maven2/io/grpc/grpc-api/1.45.1/grpc-api-1.45.1.jar to /home/user/.gradle/.tmp/gradle_download8498332849952732413bin
Downloading https://repo.maven.apache.org/maven2/com/google/guava/guava/31.1-jre/guava-31.1-jre.jar to /home/user/.gradle/.tmp/gradle_download18250130945901403859bin
Downloading https://repo.maven.apache.org/maven2/com/google/dagger/dagger/2.28.3/dagger-2.28.3.jar to /home/user/.gradle/.tmp/gradle_download1414186923027574938bin
Downloading https://repo.maven.apache.org/maven2/javax/inject/javax.inject/1/javax.inject-1.jar to /home/user/.gradle/.tmp/gradle_download11833532312194717195bin
Downloading https://repo.maven.apache.org/maven2/net/sf/kxml/kxml2/2.3.0/kxml2-2.3.0.jar to /home/user/.gradle/.tmp/gradle_download10131836899306910159bin
Downloading https://repo.maven.apache.org/maven2/org/bouncycastle/bcprov-jdk15on/1.67/bcprov-jdk15on-1.67.jar to /home/user/.gradle/.tmp/gradle_download2319131111278466333bin
Downloading https://repo.maven.apache.org/maven2/org/jetbrains/intellij/deps/trove4j/1.0.20200330/trove4j-1.0.20200330.jar to /home/user/.gradle/.tmp/gradle_download4486642932911926778bin
Downloading https://repo.maven.apache.org/maven2/org/jetbrains/kotlin/kotlin-reflect/1.8.20-RC2/kotlin-reflect-1.8.20-RC2.jar to /home/user/.gradle/.tmp/gradle_download6076934853618209333bin
Downloading https://repo.maven.apache.org/maven2/xerces/xercesImpl/2.12.0/xercesImpl-2.12.0.jar to /home/user/.gradle/.tmp/gradle_download16408330621587466550bin
Downloading https://repo.maven.apache.org/maven2/org/apache/commons/commons-compress/1.21/commons-compress-1.21.jar to /home/user/.gradle/.tmp/gradle_download12516141807990998939bin
Downloading https://repo.maven.apache.org/maven2/org/apache/httpcomponents/httpclient/4.5.13/httpclient-4.5.13.jar to /home/user/.gradle/.tmp/gradle_download10321081923262342589bin
Downloading https://repo.maven.apache.org/maven2/org/apache/httpcomponents/httpcore/4.4.15/httpcore-4.4.15.jar to /home/user/.gradle/.tmp/gradle_download10617758135514295617bin
Downloading https://repo.maven.apache.org/maven2/com/sun/activation/javax.activation/1.2.0/javax.activation-1.2.0.jar to /home/user/.gradle/.tmp/gradle_download4528575770300395963bin
Downloading https://repo.maven.apache.org/maven2/org/jetbrains/kotlin/kotlin-stdlib-jdk7/1.8.20-RC2/kotlin-stdlib-jdk7-1.8.20-RC2.jar to /home/user/.gradle/.tmp/gradle_download7695877205413476762bin
Downloading https://repo.maven.apache.org/maven2/org/jetbrains/kotlin/kotlin-stdlib/1.8.20-RC2/kotlin-stdlib-1.8.20-RC2.jar to /home/user/.gradle/.tmp/gradle_download6017746063860510376bin
Downloading https://repo.maven.apache.org/maven2/org/jetbrains/annotations/13.0/annotations-13.0.jar to /home/user/.gradle/.tmp/gradle_download727834052902978196bin
Downloading https://dl.google.com/dl/android/maven2/com/android/zipflinger/8.1.0/zipflinger-8.1.0.jar to /home/user/.gradle/.tmp/gradle_download8848005942261596825bin
Downloading https://dl.google.com/dl/android/maven2/com/android/signflinger/8.1.0/signflinger-8.1.0.jar to /home/user/.gradle/.tmp/gradle_download8703629312722415425bin
Downloading https://dl.google.com/dl/android/maven2/com/android/tools/annotations/31.1.0/annotations-31.1.0.jar to /home/user/.gradle/.tmp/gradle_download2888125674609649312bin
Downloading https://repo.maven.apache.org/maven2/com/googlecode/juniversalchardet/juniversalchardet/1.0.3/juniversalchardet-1.0.3.jar to /home/user/.gradle/.tmp/gradle_download4138010563399814045bin
Downloading https://repo.maven.apache.org/maven2/net/java/dev/jna/jna-platform/5.6.0/jna-platform-5.6.0.jar to /home/user/.gradle/.tmp/gradle_download7127354540098259322bin
Downloading https://repo.maven.apache.org/maven2/javax/annotation/javax.annotation-api/1.3.2/javax.annotation-api-1.3.2.jar to /home/user/.gradle/.tmp/gradle_download13551223787410518257bin
Downloading https://repo.maven.apache.org/maven2/org/jvnet/staxex/stax-ex/1.8.1/stax-ex-1.8.1.jar to /home/user/.gradle/.tmp/gradle_download5470585241031732583bin
Downloading https://repo.maven.apache.org/maven2/org/glassfish/jaxb/txw2/2.3.2/txw2-2.3.2.jar to /home/user/.gradle/.tmp/gradle_download10174979262297685168bin
Downloading https://repo.maven.apache.org/maven2/com/sun/istack/istack-commons-runtime/3.0.8/istack-commons-runtime-3.0.8.jar to /home/user/.gradle/.tmp/gradle_download15264396974966794532bin
Downloading https://repo.maven.apache.org/maven2/jakarta/xml/bind/jakarta.xml.bind-api/2.3.2/jakarta.xml.bind-api-2.3.2.jar to /home/user/.gradle/.tmp/gradle_download5651981414779950504bin
Downloading https://repo.maven.apache.org/maven2/com/sun/xml/fastinfoset/FastInfoset/1.2.16/FastInfoset-1.2.16.jar to /home/user/.gradle/.tmp/gradle_download11646413417044553752bin
Downloading https://repo.maven.apache.org/maven2/jakarta/activation/jakarta.activation-api/1.2.1/jakarta.activation-api-1.2.1.jar to /home/user/.gradle/.tmp/gradle_download398960877055179121bin
Downloading https://repo.maven.apache.org/maven2/com/google/auto/value/auto-value-annotations/1.6.2/auto-value-annotations-1.6.2.jar to /home/user/.gradle/.tmp/gradle_download11698679472046587459bin
Downloading https://repo.maven.apache.org/maven2/com/google/errorprone/error_prone_annotations/2.11.0/error_prone_annotations-2.11.0.jar to /home/user/.gradle/.tmp/gradle_download2989922543700553707bin
Downloading https://repo.maven.apache.org/maven2/org/bitbucket/b_c/jose4j/0.7.0/jose4j-0.7.0.jar to /home/user/.gradle/.tmp/gradle_download12473354657771649270bin
Downloading https://repo.maven.apache.org/maven2/org/slf4j/slf4j-api/1.7.30/slf4j-api-1.7.30.jar to /home/user/.gradle/.tmp/gradle_download13000737826986446708bin
Downloading https://repo.maven.apache.org/maven2/com/google/j2objc/j2objc-annotations/1.3/j2objc-annotations-1.3.jar to /home/user/.gradle/.tmp/gradle_download4792489355352741990bin
Downloading https://repo.maven.apache.org/maven2/org/jdom/jdom2/2.0.6/jdom2-2.0.6.jar to /home/user/.gradle/.tmp/gradle_download17378614376125722151bin
Downloading https://repo.maven.apache.org/maven2/com/google/code/findbugs/jsr305/3.0.2/jsr305-3.0.2.jar to /home/user/.gradle/.tmp/gradle_download4071068836463723685bin
Downloading https://repo.maven.apache.org/maven2/com/google/android/annotations/4.1.1.4/annotations-4.1.1.4.jar to /home/user/.gradle/.tmp/gradle_download12655622759399577099bin
Downloading https://repo.maven.apache.org/maven2/io/perfmark/perfmark-api/0.23.0/perfmark-api-0.23.0.jar to /home/user/.gradle/.tmp/gradle_download1299720955626954450bin
Downloading https://repo.maven.apache.org/maven2/io/netty/netty-codec-http2/4.1.72.Final/netty-codec-http2-4.1.72.Final.jar to /home/user/.gradle/.tmp/gradle_download12744247612044433309bin
Downloading https://repo.maven.apache.org/maven2/org/codehaus/mojo/animal-sniffer-annotations/1.19/animal-sniffer-annotations-1.19.jar to /home/user/.gradle/.tmp/gradle_download3608492233614220063bin
Downloading https://repo.maven.apache.org/maven2/io/netty/netty-handler-proxy/4.1.72.Final/netty-handler-proxy-4.1.72.Final.jar to /home/user/.gradle/.tmp/gradle_download6504693267338086371bin
Downloading https://repo.maven.apache.org/maven2/org/checkerframework/checker-qual/3.12.0/checker-qual-3.12.0.jar to /home/user/.gradle/.tmp/gradle_download10358816698730561409bin
Downloading https://repo.maven.apache.org/maven2/commons-codec/commons-codec/1.11/commons-codec-1.11.jar to /home/user/.gradle/.tmp/gradle_download11270531063056306355bin
Downloading https://repo.maven.apache.org/maven2/com/squareup/javawriter/2.5.0/javawriter-2.5.0.jar to /home/user/.gradle/.tmp/gradle_download16974360995808528772bin
Downloading https://dl.google.com/dl/android/maven2/com/android/tools/build/apksig/8.1.0/apksig-8.1.0.jar to /home/user/.gradle/.tmp/gradle_download3308097551447122233bin
Downloading https://repo.maven.apache.org/maven2/org/jetbrains/kotlin/kotlin-gradle-plugin-annotations/1.9.0/kotlin-gradle-plugin-annotations-1.9.0.jar to /home/user/.gradle/.tmp/gradle_download11881353254878140331bin
Downloading https://repo.maven.apache.org/maven2/org/jetbrains/kotlin/kotlin-util-io/1.9.0/kotlin-util-io-1.9.0.jar to /home/user/.gradle/.tmp/gradle_download17102690772739036008bin
Downloading https://repo.maven.apache.org/maven2/org/jetbrains/kotlin/kotlin-daemon-embeddable/1.9.0/kotlin-daemon-embeddable-1.9.0.jar to /home/user/.gradle/.tmp/gradle_download8804687027109327026bin
Downloading https://repo.maven.apache.org/maven2/org/jetbrains/kotlin/kotlin-daemon-client/1.9.0/kotlin-daemon-client-1.9.0.jar to /home/user/.gradle/.tmp/gradle_download14057770244637582388bin
Downloading https://repo.maven.apache.org/maven2/org/jetbrains/kotlinx/kotlinx-coroutines-core-jvm/1.5.0/kotlinx-coroutines-core-jvm-1.5.0.jar to /home/user/.gradle/.tmp/gradle_download18433616018729570468bin
Downloading https://repo.maven.apache.org/maven2/org/jetbrains/kotlin/kotlin-scripting-jvm/1.9.0/kotlin-scripting-jvm-1.9.0.jar to /home/user/.gradle/.tmp/gradle_download17071321371167277049bin
Downloading https://repo.maven.apache.org/maven2/org/jetbrains/kotlin/kotlin-scripting-common/1.9.0/kotlin-scripting-common-1.9.0.jar to /home/user/.gradle/.tmp/gradle_download12276104730127537968bin
Downloading https://repo.maven.apache.org/maven2/com/google/guava/failureaccess/1.0.1/failureaccess-1.0.1.jar to /home/user/.gradle/.tmp/gradle_download14553180816564610428bin
Downloading https://repo.maven.apache.org/maven2/com/google/guava/listenablefuture/9999.0-empty-to-avoid-conflict-with-guava/listenablefuture-9999.0-empty-to-avoid-conflict-with-guava.jar to /home/user/.gradle/.tmp/gradle_download199962710202612778bin
Downloading https://repo.maven.apache.org/maven2/commons-logging/commons-logging/1.2/commons-logging-1.2.jar to /home/user/.gradle/.tmp/gradle_download8063855604861152988bin
Downloading https://repo.maven.apache.org/maven2/net/java/dev/jna/jna/5.6.0/jna-5.6.0.jar to /home/user/.gradle/.tmp/gradle_download2650386514426198092bin
Downloading https://repo.maven.apache.org/maven2/xml-apis/xml-apis/1.4.01/xml-apis-1.4.01.jar to /home/user/.gradle/.tmp/gradle_download8689945069041082837bin
Downloading https://repo.maven.apache.org/maven2/org/jetbrains/kotlin/kotlin-stdlib-common/1.8.20-RC2/kotlin-stdlib-common-1.8.20-RC2.jar to /home/user/.gradle/.tmp/gradle_download12995158083273993730bin
Downloading https://repo.maven.apache.org/maven2/io/grpc/grpc-context/1.45.1/grpc-context-1.45.1.jar to /home/user/.gradle/.tmp/gradle_download8434805068382599623bin
Downloading https://repo.maven.apache.org/maven2/io/netty/netty-codec-http/4.1.72.Final/netty-codec-http-4.1.72.Final.jar to /home/user/.gradle/.tmp/gradle_download3425419634434722735bin
Downloading https://repo.maven.apache.org/maven2/io/netty/netty-handler/4.1.72.Final/netty-handler-4.1.72.Final.jar to /home/user/.gradle/.tmp/gradle_download8203106549470565536bin
Downloading https://repo.maven.apache.org/maven2/io/netty/netty-codec-socks/4.1.72.Final/netty-codec-socks-4.1.72.Final.jar to /home/user/.gradle/.tmp/gradle_download8171291229332166485bin
Downloading https://repo.maven.apache.org/maven2/io/netty/netty-codec/4.1.72.Final/netty-codec-4.1.72.Final.jar to /home/user/.gradle/.tmp/gradle_download18370672010886166395bin
Downloading https://repo.maven.apache.org/maven2/io/netty/netty-transport/4.1.72.Final/netty-transport-4.1.72.Final.jar to /home/user/.gradle/.tmp/gradle_download406138821272685916bin
Downloading https://repo.maven.apache.org/maven2/io/netty/netty-common/4.1.72.Final/netty-common-4.1.72.Final.jar to /home/user/.gradle/.tmp/gradle_download8359203866995755513bin
Downloading https://repo.maven.apache.org/maven2/io/netty/netty-buffer/4.1.72.Final/netty-buffer-4.1.72.Final.jar to /home/user/.gradle/.tmp/gradle_download14513732375131081236bin
Downloading https://repo.maven.apache.org/maven2/io/netty/netty-resolver/4.1.72.Final/netty-resolver-4.1.72.Final.jar to /home/user/.gradle/.tmp/gradle_download6948467644809521377bin
Downloading https://repo.maven.apache.org/maven2/io/netty/netty-tcnative-classes/2.0.46.Final/netty-tcnative-classes-2.0.46.Final.jar to /home/user/.gradle/.tmp/gradle_download6156792226273649858bin
Compiling build file '/home/user/LatLongShareAndroid2Ubuntu/build.gradle' using BuildScriptTransformer.

> Configure project :app
Evaluating project ':app' using build file '/home/user/LatLongShareAndroid2Ubuntu/app/build.gradle'.
WARNING: The option 'android.enableD8' is deprecated.
The current default is 'true'.
It was removed in version 7.0 of the Android Gradle plugin.
For more details, see https://d.android.com/r/studio-ui/d8-overview.html.
WARNING: The option 'android.enableR8' is deprecated.
It was removed in version 7.0 of the Android Gradle plugin.
Please remove it from `gradle.properties`.
WARNING: The option setting 'android.aapt2FromMavenOverride=$ANDROID_HOME/aarch64/build-tools/aapt2' is experimental.
Using default execution profile
Using Kotlin Gradle Plugin gradle81 variant
Compiling build file '/home/user/LatLongShareAndroid2Ubuntu/app/build.gradle' using BuildScriptTransformer.
All projects evaluated.
Task name matched 'assembleDebug'
Selected primary task 'assembleDebug' from project :
WARNING: The specified Android SDK Build Tools version (33.0.0) is ignored, as it is below the minimum supported version (33.0.1) for Android Gradle Plugin 8.1.0.
Android SDK Build Tools 33.0.1 will be used.
To suppress this warning, remove "buildToolsVersion '33.0.0'" from your build.gradle file, as each version of the Android Gradle Plugin now has a default version of the build tools.
WARNING: The specified Android SDK Build Tools version (33.0.0) is ignored, as it is below the minimum supported version (33.0.1) for Android Gradle Plugin 8.1.0.
Android SDK Build Tools 33.0.1 will be used.
To suppress this warning, remove "buildToolsVersion '33.0.0'" from your build.gradle file, as each version of the Android Gradle Plugin now has a default version of the build tools.
Parsing /home/user/Android/Sdk/build-tools/33.0.0/package.xml
Parsing legacy package: /home/user/Android/Sdk/cmdline-tools/1.0
Parsing legacy package: /home/user/Android/Sdk/cmdline-tools/latest
Parsing /home/user/Android/Sdk/platform-tools/package.xml
Parsing /home/user/Android/Sdk/platforms/android-33/package.xml

FAILURE: Build failed with an exception.

* What went wrong:
Could not determine the dependencies of task ':app:compileDebugJavaWithJavac'.
> Failed to find Build Tools revision 33.0.1

* Try:
> Run with --debug option to get more log output.
> Run with --scan to get full insights.
> Get more help at https://help.gradle.org.

* Exception is:
org.gradle.api.internal.tasks.TaskDependencyResolveException: Could not determine the dependencies of task ':app:compileDebugJavaWithJavac'.
	at org.gradle.api.internal.tasks.CachingTaskDependencyResolveContext.getDependencies(CachingTaskDependencyResolveContext.java:68)
	at org.gradle.execution.plan.TaskDependencyResolver.resolveDependenciesFor(TaskDependencyResolver.java:49)
	at org.gradle.execution.plan.LocalTaskNode.getDependencies(LocalTaskNode.java:148)
	at org.gradle.execution.plan.LocalTaskNode.resolveDependencies(LocalTaskNode.java:122)
	at org.gradle.execution.plan.DefaultExecutionPlan.discoverNodeRelationships(DefaultExecutionPlan.java:184)
	at org.gradle.execution.plan.DefaultExecutionPlan.doAddEntryNodes(DefaultExecutionPlan.java:156)
	at org.gradle.execution.plan.DefaultExecutionPlan.addEntryTasks(DefaultExecutionPlan.java:131)
	at org.gradle.execution.plan.DefaultExecutionPlan.addEntryTasks(DefaultExecutionPlan.java:123)
	at org.gradle.execution.TaskNameResolvingBuildTaskScheduler.scheduleRequestedTasks(TaskNameResolvingBuildTaskScheduler.java:54)
	at org.gradle.execution.DefaultTasksBuildTaskScheduler.scheduleRequestedTasks(DefaultTasksBuildTaskScheduler.java:72)
	at org.gradle.initialization.DefaultTaskExecutionPreparer.lambda$scheduleRequestedTasks$0(DefaultTaskExecutionPreparer.java:46)
	at org.gradle.internal.Factories$1.create(Factories.java:31)
	at org.gradle.internal.work.DefaultWorkerLeaseService.withReplacedLocks(DefaultWorkerLeaseService.java:360)
	at org.gradle.api.internal.project.DefaultProjectStateRegistry$DefaultBuildProjectRegistry.withMutableStateOfAllProjects(DefaultProjectStateRegistry.java:239)
	at org.gradle.api.internal.project.DefaultProjectStateRegistry$DefaultBuildProjectRegistry.withMutableStateOfAllProjects(DefaultProjectStateRegistry.java:232)
	at org.gradle.initialization.DefaultTaskExecutionPreparer.scheduleRequestedTasks(DefaultTaskExecutionPreparer.java:45)
	at org.gradle.initialization.VintageBuildModelController.lambda$scheduleRequestedTasks$0(VintageBuildModelController.java:76)
	at org.gradle.internal.model.StateTransitionController.lambda$inState$1(StateTransitionController.java:99)
	at org.gradle.internal.model.StateTransitionController.lambda$inState$2(StateTransitionController.java:114)
	at org.gradle.internal.work.DefaultSynchronizer.withLock(DefaultSynchronizer.java:44)
	at org.gradle.internal.model.StateTransitionController.inState(StateTransitionController.java:110)
	at org.gradle.internal.model.StateTransitionController.inState(StateTransitionController.java:98)
	at org.gradle.initialization.VintageBuildModelController.scheduleRequestedTasks(VintageBuildModelController.java:76)
	at org.gradle.internal.build.DefaultBuildLifecycleController$DefaultWorkGraphBuilder.addRequestedTasks(DefaultBuildLifecycleController.java:404)
	at org.gradle.internal.buildtree.DefaultBuildTreeWorkPreparer.lambda$scheduleRequestedTasks$0(DefaultBuildTreeWorkPreparer.java:41)
	at org.gradle.internal.build.DefaultBuildLifecycleController.lambda$populateWorkGraph$7(DefaultBuildLifecycleController.java:189)
	at org.gradle.internal.build.DefaultBuildWorkPreparer.populateWorkGraph(DefaultBuildWorkPreparer.java:42)
	at org.gradle.internal.build.BuildOperationFiringBuildWorkPreparer$PopulateWorkGraph.populateTaskGraph(BuildOperationFiringBuildWorkPreparer.java:106)
	at org.gradle.internal.build.BuildOperationFiringBuildWorkPreparer$PopulateWorkGraph.run(BuildOperationFiringBuildWorkPreparer.java:92)
	at org.gradle.internal.operations.DefaultBuildOperationRunner$1.execute(DefaultBuildOperationRunner.java:29)
	at org.gradle.internal.operations.DefaultBuildOperationRunner$1.execute(DefaultBuildOperationRunner.java:26)
	at org.gradle.internal.operations.DefaultBuildOperationRunner$2.execute(DefaultBuildOperationRunner.java:66)
	at org.gradle.internal.operations.DefaultBuildOperationRunner$2.execute(DefaultBuildOperationRunner.java:59)
	at org.gradle.internal.operations.DefaultBuildOperationRunner.execute(DefaultBuildOperationRunner.java:157)
	at org.gradle.internal.operations.DefaultBuildOperationRunner.execute(DefaultBuildOperationRunner.java:59)
	at org.gradle.internal.operations.DefaultBuildOperationRunner.run(DefaultBuildOperationRunner.java:47)
	at org.gradle.internal.operations.DefaultBuildOperationExecutor.run(DefaultBuildOperationExecutor.java:73)
	at org.gradle.internal.build.BuildOperationFiringBuildWorkPreparer.populateWorkGraph(BuildOperationFiringBuildWorkPreparer.java:67)
	at org.gradle.internal.build.DefaultBuildLifecycleController.lambda$populateWorkGraph$8(DefaultBuildLifecycleController.java:189)
	at org.gradle.internal.model.StateTransitionController.lambda$inState$1(StateTransitionController.java:99)
	at org.gradle.internal.model.StateTransitionController.lambda$inState$2(StateTransitionController.java:114)
	at org.gradle.internal.work.DefaultSynchronizer.withLock(DefaultSynchronizer.java:44)
	at org.gradle.internal.model.StateTransitionController.inState(StateTransitionController.java:110)
	at org.gradle.internal.model.StateTransitionController.inState(StateTransitionController.java:98)
	at org.gradle.internal.build.DefaultBuildLifecycleController.populateWorkGraph(DefaultBuildLifecycleController.java:189)
	at org.gradle.internal.build.DefaultBuildWorkGraphController$DefaultBuildWorkGraph.populateWorkGraph(DefaultBuildWorkGraphController.java:169)
	at org.gradle.composite.internal.DefaultBuildController.populateWorkGraph(DefaultBuildController.java:76)
	at org.gradle.composite.internal.DefaultIncludedBuildTaskGraph$DefaultBuildTreeWorkGraphBuilder.withWorkGraph(DefaultIncludedBuildTaskGraph.java:153)
	at org.gradle.internal.buildtree.DefaultBuildTreeWorkPreparer.lambda$scheduleRequestedTasks$1(DefaultBuildTreeWorkPreparer.java:41)
	at org.gradle.composite.internal.DefaultIncludedBuildTaskGraph$DefaultBuildTreeWorkGraph$1.run(DefaultIncludedBuildTaskGraph.java:209)
	at org.gradle.internal.operations.DefaultBuildOperationRunner$1.execute(DefaultBuildOperationRunner.java:29)
	at org.gradle.internal.operations.DefaultBuildOperationRunner$1.execute(DefaultBuildOperationRunner.java:26)
	at org.gradle.internal.operations.DefaultBuildOperationRunner$2.execute(DefaultBuildOperationRunner.java:66)
	at org.gradle.internal.operations.DefaultBuildOperationRunner$2.execute(DefaultBuildOperationRunner.java:59)
	at org.gradle.internal.operations.DefaultBuildOperationRunner.execute(DefaultBuildOperationRunner.java:157)
	at org.gradle.internal.operations.DefaultBuildOperationRunner.execute(DefaultBuildOperationRunner.java:59)
	at org.gradle.internal.operations.DefaultBuildOperationRunner.run(DefaultBuildOperationRunner.java:47)
	at org.gradle.internal.operations.DefaultBuildOperationExecutor.run(DefaultBuildOperationExecutor.java:73)
	at org.gradle.composite.internal.DefaultIncludedBuildTaskGraph$DefaultBuildTreeWorkGraph.scheduleWork(DefaultIncludedBuildTaskGraph.java:204)
	at org.gradle.internal.buildtree.DefaultBuildTreeWorkPreparer.scheduleRequestedTasks(DefaultBuildTreeWorkPreparer.java:37)
	at org.gradle.configurationcache.VintageBuildTreeWorkController$scheduleAndRunRequestedTasks$1.apply(VintageBuildTreeWorkController.kt:36)
	at org.gradle.configurationcache.VintageBuildTreeWorkController$scheduleAndRunRequestedTasks$1.apply(VintageBuildTreeWorkController.kt:35)
	at org.gradle.composite.internal.DefaultIncludedBuildTaskGraph.withNewWorkGraph(DefaultIncludedBuildTaskGraph.java:112)
	at org.gradle.configurationcache.VintageBuildTreeWorkController.scheduleAndRunRequestedTasks(VintageBuildTreeWorkController.kt:35)
	at org.gradle.internal.buildtree.DefaultBuildTreeLifecycleController.lambda$scheduleAndRunTasks$1(DefaultBuildTreeLifecycleController.java:68)
	at org.gradle.internal.buildtree.DefaultBuildTreeLifecycleController.lambda$runBuild$4(DefaultBuildTreeLifecycleController.java:98)
	at org.gradle.internal.model.StateTransitionController.lambda$transition$6(StateTransitionController.java:169)
	at org.gradle.internal.model.StateTransitionController.doTransition(StateTransitionController.java:266)
	at org.gradle.internal.model.StateTransitionController.lambda$transition$7(StateTransitionController.java:169)
	at org.gradle.internal.work.DefaultSynchronizer.withLock(DefaultSynchronizer.java:44)
	at org.gradle.internal.model.StateTransitionController.transition(StateTransitionController.java:169)
	at org.gradle.internal.buildtree.DefaultBuildTreeLifecycleController.runBuild(DefaultBuildTreeLifecycleController.java:95)
	at org.gradle.internal.buildtree.DefaultBuildTreeLifecycleController.scheduleAndRunTasks(DefaultBuildTreeLifecycleController.java:68)
	at org.gradle.internal.buildtree.DefaultBuildTreeLifecycleController.scheduleAndRunTasks(DefaultBuildTreeLifecycleController.java:63)
	at org.gradle.tooling.internal.provider.ExecuteBuildActionRunner.run(ExecuteBuildActionRunner.java:31)
	at org.gradle.launcher.exec.ChainingBuildActionRunner.run(ChainingBuildActionRunner.java:35)
	at org.gradle.internal.buildtree.ProblemReportingBuildActionRunner.run(ProblemReportingBuildActionRunner.java:49)
	at org.gradle.launcher.exec.BuildOutcomeReportingBuildActionRunner.run(BuildOutcomeReportingBuildActionRunner.java:65)
	at org.gradle.tooling.internal.provider.FileSystemWatchingBuildActionRunner.run(FileSystemWatchingBuildActionRunner.java:140)
	at org.gradle.launcher.exec.BuildCompletionNotifyingBuildActionRunner.run(BuildCompletionNotifyingBuildActionRunner.java:41)
	at org.gradle.launcher.exec.RootBuildLifecycleBuildActionExecutor.lambda$execute$0(RootBuildLifecycleBuildActionExecutor.java:40)
	at org.gradle.composite.internal.DefaultRootBuildState.run(DefaultRootBuildState.java:123)
	at org.gradle.launcher.exec.RootBuildLifecycleBuildActionExecutor.execute(RootBuildLifecycleBuildActionExecutor.java:40)
	at org.gradle.internal.buildtree.InitDeprecationLoggingActionExecutor.execute(InitDeprecationLoggingActionExecutor.java:62)
	at org.gradle.internal.buildtree.InitProblems.execute(InitProblems.java:38)
	at org.gradle.internal.buildtree.DefaultBuildTreeContext.execute(DefaultBuildTreeContext.java:40)
	at org.gradle.launcher.exec.BuildTreeLifecycleBuildActionExecutor.lambda$execute$0(BuildTreeLifecycleBuildActionExecutor.java:65)
	at org.gradle.internal.buildtree.BuildTreeState.run(BuildTreeState.java:58)
	at org.gradle.launcher.exec.BuildTreeLifecycleBuildActionExecutor.execute(BuildTreeLifecycleBuildActionExecutor.java:65)
	at org.gradle.launcher.exec.RunAsBuildOperationBuildActionExecutor$3.call(RunAsBuildOperationBuildActionExecutor.java:61)
	at org.gradle.launcher.exec.RunAsBuildOperationBuildActionExecutor$3.call(RunAsBuildOperationBuildActionExecutor.java:57)
	at org.gradle.internal.operations.DefaultBuildOperationRunner$CallableBuildOperationWorker.execute(DefaultBuildOperationRunner.java:204)
	at org.gradle.internal.operations.DefaultBuildOperationRunner$CallableBuildOperationWorker.execute(DefaultBuildOperationRunner.java:199)
	at org.gradle.internal.operations.DefaultBuildOperationRunner$2.execute(DefaultBuildOperationRunner.java:66)
	at org.gradle.internal.operations.DefaultBuildOperationRunner$2.execute(DefaultBuildOperationRunner.java:59)
	at org.gradle.internal.operations.DefaultBuildOperationRunner.execute(DefaultBuildOperationRunner.java:157)
	at org.gradle.internal.operations.DefaultBuildOperationRunner.execute(DefaultBuildOperationRunner.java:59)
	at org.gradle.internal.operations.DefaultBuildOperationRunner.call(DefaultBuildOperationRunner.java:53)
	at org.gradle.internal.operations.DefaultBuildOperationExecutor.call(DefaultBuildOperationExecutor.java:78)
	at org.gradle.launcher.exec.RunAsBuildOperationBuildActionExecutor.execute(RunAsBuildOperationBuildActionExecutor.java:57)
	at org.gradle.launcher.exec.RunAsWorkerThreadBuildActionExecutor.lambda$execute$0(RunAsWorkerThreadBuildActionExecutor.java:36)
	at org.gradle.internal.work.DefaultWorkerLeaseService.withLocks(DefaultWorkerLeaseService.java:264)
	at org.gradle.internal.work.DefaultWorkerLeaseService.runAsWorkerThread(DefaultWorkerLeaseService.java:128)
	at org.gradle.launcher.exec.RunAsWorkerThreadBuildActionExecutor.execute(RunAsWorkerThreadBuildActionExecutor.java:36)
	at org.gradle.tooling.internal.provider.continuous.ContinuousBuildActionExecutor.execute(ContinuousBuildActionExecutor.java:110)
	at org.gradle.tooling.internal.provider.SubscribableBuildActionExecutor.execute(SubscribableBuildActionExecutor.java:64)
	at org.gradle.internal.session.DefaultBuildSessionContext.execute(DefaultBuildSessionContext.java:46)
	at org.gradle.tooling.internal.provider.BuildSessionLifecycleBuildActionExecuter$ActionImpl.apply(BuildSessionLifecycleBuildActionExecuter.java:92)
	at org.gradle.tooling.internal.provider.BuildSessionLifecycleBuildActionExecuter$ActionImpl.apply(BuildSessionLifecycleBuildActionExecuter.java:80)
	at org.gradle.internal.session.BuildSessionState.run(BuildSessionState.java:69)
	at org.gradle.tooling.internal.provider.BuildSessionLifecycleBuildActionExecuter.execute(BuildSessionLifecycleBuildActionExecuter.java:62)
	at org.gradle.tooling.internal.provider.BuildSessionLifecycleBuildActionExecuter.execute(BuildSessionLifecycleBuildActionExecuter.java:41)
	at org.gradle.tooling.internal.provider.StartParamsValidatingActionExecuter.execute(StartParamsValidatingActionExecuter.java:64)
	at org.gradle.tooling.internal.provider.StartParamsValidatingActionExecuter.execute(StartParamsValidatingActionExecuter.java:32)
	at org.gradle.tooling.internal.provider.SessionFailureReportingActionExecuter.execute(SessionFailureReportingActionExecuter.java:51)
	at org.gradle.tooling.internal.provider.SessionFailureReportingActionExecuter.execute(SessionFailureReportingActionExecuter.java:39)
	at org.gradle.tooling.internal.provider.SetupLoggingActionExecuter.execute(SetupLoggingActionExecuter.java:47)
	at org.gradle.tooling.internal.provider.SetupLoggingActionExecuter.execute(SetupLoggingActionExecuter.java:31)
	at org.gradle.launcher.daemon.server.exec.ExecuteBuild.doBuild(ExecuteBuild.java:65)
	at org.gradle.launcher.daemon.server.exec.BuildCommandOnly.execute(BuildCommandOnly.java:37)
	at org.gradle.launcher.daemon.server.api.DaemonCommandExecution.proceed(DaemonCommandExecution.java:104)
	at org.gradle.launcher.daemon.server.exec.WatchForDisconnection.execute(WatchForDisconnection.java:39)
	at org.gradle.launcher.daemon.server.api.DaemonCommandExecution.proceed(DaemonCommandExecution.java:104)
	at org.gradle.launcher.daemon.server.exec.ResetDeprecationLogger.execute(ResetDeprecationLogger.java:29)
	at org.gradle.launcher.daemon.server.api.DaemonCommandExecution.proceed(DaemonCommandExecution.java:104)
	at org.gradle.launcher.daemon.server.exec.RequestStopIfSingleUsedDaemon.execute(RequestStopIfSingleUsedDaemon.java:35)
	at org.gradle.launcher.daemon.server.api.DaemonCommandExecution.proceed(DaemonCommandExecution.java:104)
	at org.gradle.launcher.daemon.server.exec.ForwardClientInput$2.create(ForwardClientInput.java:78)
	at org.gradle.launcher.daemon.server.exec.ForwardClientInput$2.create(ForwardClientInput.java:75)
	at org.gradle.util.internal.Swapper.swap(Swapper.java:38)
	at org.gradle.launcher.daemon.server.exec.ForwardClientInput.execute(ForwardClientInput.java:75)
	at org.gradle.launcher.daemon.server.api.DaemonCommandExecution.proceed(DaemonCommandExecution.java:104)
	at org.gradle.launcher.daemon.server.exec.LogAndCheckHealth.execute(LogAndCheckHealth.java:64)
	at org.gradle.launcher.daemon.server.api.DaemonCommandExecution.proceed(DaemonCommandExecution.java:104)
	at org.gradle.launcher.daemon.server.exec.LogToClient.doBuild(LogToClient.java:63)
	at org.gradle.launcher.daemon.server.exec.BuildCommandOnly.execute(BuildCommandOnly.java:37)
	at org.gradle.launcher.daemon.server.api.DaemonCommandExecution.proceed(DaemonCommandExecution.java:104)
	at org.gradle.launcher.daemon.server.exec.EstablishBuildEnvironment.doBuild(EstablishBuildEnvironment.java:84)
	at org.gradle.launcher.daemon.server.exec.BuildCommandOnly.execute(BuildCommandOnly.java:37)
	at org.gradle.launcher.daemon.server.api.DaemonCommandExecution.proceed(DaemonCommandExecution.java:104)
	at org.gradle.launcher.daemon.server.exec.StartBuildOrRespondWithBusy$1.run(StartBuildOrRespondWithBusy.java:52)
	at org.gradle.launcher.daemon.server.DaemonStateCoordinator$1.run(DaemonStateCoordinator.java:297)
	at org.gradle.internal.concurrent.ExecutorPolicy$CatchAndRecordFailures.onExecute(ExecutorPolicy.java:64)
	at org.gradle.internal.concurrent.AbstractManagedExecutor$1.run(AbstractManagedExecutor.java:47)
Caused by: com.android.builder.errors.EvalIssueException: Failed to find Build Tools revision 33.0.1
	at com.android.builder.errors.IssueReporter.reportError(IssueReporter.kt:129)
	at com.android.build.gradle.internal.SdkHandler.initTarget(SdkHandler.java:151)
	at com.android.build.gradle.internal.SdkFullLoadingStrategy.init(SdkFullLoadingStrategy.kt:49)
	at com.android.build.gradle.internal.SdkFullLoadingStrategy.getTargetBootClasspath(SdkFullLoadingStrategy.kt:71)
	at com.android.build.gradle.internal.SdkLoadingStrategy.getTargetBootClasspath(SdkLoadingStrategy.kt:36)
	at com.android.build.gradle.internal.SdkComponentsBuildService$VersionedSdkLoader$targetBootClasspathProvider$1.call(SdkComponents.kt:192)
	at com.android.build.gradle.internal.SdkComponentsBuildService$VersionedSdkLoader$targetBootClasspathProvider$1.call(SdkComponents.kt:191)
	at org.gradle.api.internal.provider.DefaultProvider.calculateOwnValue(DefaultProvider.java:72)
	at org.gradle.api.internal.provider.AbstractMinimalProvider.calculateValue(AbstractMinimalProvider.java:115)
	at org.gradle.api.internal.provider.FlatMapProvider.calculateOwnValue(FlatMapProvider.java:50)
	at org.gradle.api.internal.provider.AbstractMinimalProvider.calculateValue(AbstractMinimalProvider.java:115)
	at org.gradle.api.internal.provider.FlatMapProvider.backingProvider(FlatMapProvider.java:68)
	at org.gradle.api.internal.provider.FlatMapProvider.getProducer(FlatMapProvider.java:77)
	at org.gradle.api.internal.provider.Collectors$ElementsFromCollectionProvider.getProducer(Collectors.java:236)
	at org.gradle.api.internal.provider.AbstractCollectionProperty$CollectingSupplier.getProducer(AbstractCollectionProperty.java:399)
	at org.gradle.api.internal.provider.AbstractProperty.getProducer(AbstractProperty.java:187)
	at org.gradle.api.internal.provider.Collectors$ElementsFromCollectionProvider.getProducer(Collectors.java:236)
	at org.gradle.api.internal.provider.AbstractCollectionProperty$PlusCollector.getProducer(AbstractCollectionProperty.java:486)
	at org.gradle.api.internal.provider.AbstractCollectionProperty$CollectingSupplier.getProducer(AbstractCollectionProperty.java:399)
	at org.gradle.api.internal.provider.AbstractProperty.getProducer(AbstractProperty.java:187)
	at org.gradle.api.internal.file.collections.ProviderBackedFileCollection.visitDependencies(ProviderBackedFileCollection.java:51)
	at org.gradle.api.internal.tasks.CachingTaskDependencyResolveContext$TaskGraphImpl.getNodeValues(CachingTaskDependencyResolveContext.java:103)
	at org.gradle.internal.graph.CachingDirectedGraphWalker$GraphWithEmptyEdges.getNodeValues(CachingDirectedGraphWalker.java:213)
	at org.gradle.internal.graph.CachingDirectedGraphWalker.doSearch(CachingDirectedGraphWalker.java:121)
	at org.gradle.internal.graph.CachingDirectedGraphWalker.findValues(CachingDirectedGraphWalker.java:73)
	at org.gradle.api.internal.tasks.CachingTaskDependencyResolveContext.getDependencies(CachingTaskDependencyResolveContext.java:66)
	... 143 more
Caused by: java.lang.IllegalStateException: Failed to find Build Tools revision 33.0.1
	at com.android.builder.sdk.DefaultSdkLoader.getTargetInfo(DefaultSdkLoader.java:183)
	at com.android.build.gradle.internal.SdkHandler.initTarget(SdkHandler.java:131)
	... 167 more


BUILD FAILED in 1m
Some of the file system contents retained in the virtual file system are on file systems that Gradle doesn't support watching. The relevant state was discarded to ensure changes to these locations are properly detected. You can override this by explicitly enabling file system watching.
