To honour the JVM settings for this build a single-use Daemon process will be forked. For more on this, please refer to https://docs.gradle.org/8.4/userguide/gradle_daemon.html#sec:disabling_the_daemon in the Gradle documentation.
Daemon will be stopped at the end of the build 
> Task :app:preBuild UP-TO-DATE
> Task :app:preDebugBuild UP-TO-DATE
> Task :app:mergeDebugNativeDebugMetadata NO-SOURCE
> Task :app:compileDebugAidl NO-SOURCE
> Task :app:compileDebugRenderscript NO-SOURCE
> Task :app:generateDebugBuildConfig
> Task :app:generateDebugResValues
> Task :app:checkDebugAarMetadata
> Task :app:mapDebugSourceSetPaths
> Task :app:generateDebugResources
> Task :app:createDebugCompatibleScreenManifests
> Task :app:extractDeepLinksDebug
> Task :app:processDebugMainManifest
> Task :app:mergeDebugResources
> Task :app:processDebugManifest
> Task :app:javaPreCompileDebug
> Task :app:mergeDebugShaders
> Task :app:compileDebugShaders NO-SOURCE
> Task :app:generateDebugAssets UP-TO-DATE
> Task :app:mergeDebugAssets
> Task :app:compressDebugAssets
> Task :app:processDebugJavaRes NO-SOURCE
> Task :app:checkDebugDuplicateClasses
> Task :app:desugarDebugFileDependencies
> Task :app:processDebugManifestForPackage
> Task :app:mergeExtDexDebug
> Task :app:mergeDebugJniLibFolders
> Task :app:mergeLibDexDebug
> Task :app:mergeDebugNativeLibs NO-SOURCE
> Task :app:stripDebugDebugSymbols NO-SOURCE
> Task :app:validateSigningDebug
> Task :app:writeDebugAppMetadata
> Task :app:writeDebugSigningConfigVersions
> Task :app:processDebugResources FAILED

FAILURE: Build failed with an exception.

* What went wrong:
Execution failed for task ':app:processDebugResources'.
> Could not resolve all files for configuration ':app:debugRuntimeClasspath'.
   > Failed to transform appcompat-1.6.1.aar (androidx.appcompat:appcompat:1.6.1) to match attributes {artifactType=android-compiled-dependencies-resources, org.gradle.category=library, org.gradle.dependency.bundling=external, org.gradle.libraryelements=aar, org.gradle.status=release, org.gradle.usage=java-runtime}.
      > Execution failed for AarResourcesCompilerTransform: /home/user/.gradle/caches/transforms-3/da5e3121990745939c8366ae59f058bc/transformed/appcompat-1.6.1.
         > AAPT2 aapt2-7.4.2-8841542-linux Daemon #1: Daemon startup failed
           This should not happen under normal circumstances, please file an issue if it does.
   > Failed to transform play-services-base-18.1.0.aar (com.google.android.gms:play-services-base:18.1.0) to match attributes {artifactType=android-compiled-dependencies-resources, org.gradle.status=release}.
      > Execution failed for AarResourcesCompilerTransform: /home/user/.gradle/caches/transforms-3/15f162f4584df584c8bb9537f0e0b100/transformed/jetified-play-services-base-18.1.0.
         > AAPT2 aapt2-7.4.2-8841542-linux Daemon #0: Daemon startup failed
           This should not happen under normal circumstances, please file an issue if it does.
   > Failed to transform core-1.10.1.aar (androidx.core:core:1.10.1) to match attributes {artifactType=android-compiled-dependencies-resources, org.gradle.category=library, org.gradle.dependency.bundling=external, org.gradle.libraryelements=aar, org.gradle.status=release, org.gradle.usage=java-runtime}.
      > Execution failed for AarResourcesCompilerTransform: /home/user/.gradle/caches/transforms-3/e601f72ee44cf3cfc852685b49ab8d39/transformed/core-1.10.1.
         > AAPT2 aapt2-7.4.2-8841542-linux Daemon #2: Daemon startup failed
           This should not happen under normal circumstances, please file an issue if it does.
   > Failed to transform core-1.10.1.aar (androidx.core:core:1.10.1) to match attributes {artifactType=android-compiled-dependencies-resources, org.gradle.status=release}.
      > Execution failed for AarResourcesCompilerTransform: /home/user/.gradle/caches/transforms-3/e601f72ee44cf3cfc852685b49ab8d39/transformed/core-1.10.1.
         > AAPT2 aapt2-7.4.2-8841542-linux Daemon #2: Daemon startup failed
           This should not happen under normal circumstances, please file an issue if it does.
   > Failed to transform core-1.10.1.aar (androidx.core:core:1.10.1) to match attributes {artifactType=android-compiled-dependencies-resources, org.gradle.status=release}.
      > Execution failed for AarResourcesCompilerTransform: /home/user/.gradle/caches/transforms-3/e601f72ee44cf3cfc852685b49ab8d39/transformed/core-1.10.1.
         > AAPT2 aapt2-7.4.2-8841542-linux Daemon #2: Daemon startup failed
           This should not happen under normal circumstances, please file an issue if it does.
   > Failed to transform core-1.10.1.aar (androidx.core:core:1.10.1) to match attributes {artifactType=android-compiled-dependencies-resources, org.gradle.status=release}.
      > Execution failed for AarResourcesCompilerTransform: /home/user/.gradle/caches/transforms-3/e601f72ee44cf3cfc852685b49ab8d39/transformed/core-1.10.1.
         > AAPT2 aapt2-7.4.2-8841542-linux Daemon #2: Daemon startup failed
           This should not happen under normal circumstances, please file an issue if it does.
   > Failed to transform core-1.10.1.aar (androidx.core:core:1.10.1) to match attributes {artifactType=android-compiled-dependencies-resources, org.gradle.status=release}.
      > Execution failed for AarResourcesCompilerTransform: /home/user/.gradle/caches/transforms-3/e601f72ee44cf3cfc852685b49ab8d39/transformed/core-1.10.1.
         > AAPT2 aapt2-7.4.2-8841542-linux Daemon #2: Daemon startup failed
           This should not happen under normal circumstances, please file an issue if it does.
   > Failed to transform core-1.10.1.aar (androidx.core:core:1.10.1) to match attributes {artifactType=android-compiled-dependencies-resources, org.gradle.status=release}.
      > Execution failed for AarResourcesCompilerTransform: /home/user/.gradle/caches/transforms-3/e601f72ee44cf3cfc852685b49ab8d39/transformed/core-1.10.1.
         > AAPT2 aapt2-7.4.2-8841542-linux Daemon #2: Daemon startup failed
           This should not happen under normal circumstances, please file an issue if it does.
   > Failed to transform core-1.10.1.aar (androidx.core:core:1.10.1) to match attributes {artifactType=android-compiled-dependencies-resources, org.gradle.status=release}.
      > Execution failed for AarResourcesCompilerTransform: /home/user/.gradle/caches/transforms-3/e601f72ee44cf3cfc852685b49ab8d39/transformed/core-1.10.1.
         > AAPT2 aapt2-7.4.2-8841542-linux Daemon #2: Daemon startup failed
           This should not happen under normal circumstances, please file an issue if it does.
   > Failed to transform core-1.10.1.aar (androidx.core:core:1.10.1) to match attributes {artifactType=android-compiled-dependencies-resources, org.gradle.status=release}.
      > Execution failed for AarResourcesCompilerTransform: /home/user/.gradle/caches/transforms-3/e601f72ee44cf3cfc852685b49ab8d39/transformed/core-1.10.1.
         > AAPT2 aapt2-7.4.2-8841542-linux Daemon #2: Daemon startup failed
           This should not happen under normal circumstances, please file an issue if it does.
   > Failed to transform core-1.10.1.aar (androidx.core:core:1.10.1) to match attributes {artifactType=android-compiled-dependencies-resources, org.gradle.status=release}.
      > Execution failed for AarResourcesCompilerTransform: /home/user/.gradle/caches/transforms-3/e601f72ee44cf3cfc852685b49ab8d39/transformed/core-1.10.1.
         > AAPT2 aapt2-7.4.2-8841542-linux Daemon #2: Daemon startup failed
           This should not happen under normal circumstances, please file an issue if it does.
   > Failed to transform core-1.10.1.aar (androidx.core:core:1.10.1) to match attributes {artifactType=android-compiled-dependencies-resources, org.gradle.status=release}.
      > Execution failed for AarResourcesCompilerTransform: /home/user/.gradle/caches/transforms-3/e601f72ee44cf3cfc852685b49ab8d39/transformed/core-1.10.1.
         > AAPT2 aapt2-7.4.2-8841542-linux Daemon #2: Daemon startup failed
           This should not happen under normal circumstances, please file an issue if it does.
   > Failed to transform core-1.10.1.aar (androidx.core:core:1.10.1) to match attributes {artifactType=android-compiled-dependencies-resources, org.gradle.status=release}.
      > Execution failed for AarResourcesCompilerTransform: /home/user/.gradle/caches/transforms-3/e601f72ee44cf3cfc852685b49ab8d39/transformed/core-1.10.1.
         > AAPT2 aapt2-7.4.2-8841542-linux Daemon #2: Daemon startup failed
           This should not happen under normal circumstances, please file an issue if it does.
   > Failed to transform core-1.10.1.aar (androidx.core:core:1.10.1) to match attributes {artifactType=android-compiled-dependencies-resources, org.gradle.status=release}.
      > Execution failed for AarResourcesCompilerTransform: /home/user/.gradle/caches/transforms-3/e601f72ee44cf3cfc852685b49ab8d39/transformed/core-1.10.1.
         > AAPT2 aapt2-7.4.2-8841542-linux Daemon #2: Daemon startup failed
           This should not happen under normal circumstances, please file an issue if it does.
   > Failed to transform core-1.10.1.aar (androidx.core:core:1.10.1) to match attributes {artifactType=android-compiled-dependencies-resources, org.gradle.status=release}.
      > Execution failed for AarResourcesCompilerTransform: /home/user/.gradle/caches/transforms-3/e601f72ee44cf3cfc852685b49ab8d39/transformed/core-1.10.1.
         > AAPT2 aapt2-7.4.2-8841542-linux Daemon #2: Daemon startup failed
           This should not happen under normal circumstances, please file an issue if it does.
   > Failed to transform core-1.10.1.aar (androidx.core:core:1.10.1) to match attributes {artifactType=android-compiled-dependencies-resources, org.gradle.status=release}.
      > Execution failed for AarResourcesCompilerTransform: /home/user/.gradle/caches/transforms-3/e601f72ee44cf3cfc852685b49ab8d39/transformed/core-1.10.1.
         > AAPT2 aapt2-7.4.2-8841542-linux Daemon #2: Daemon startup failed
           This should not happen under normal circumstances, please file an issue if it does.

* Try:
> Run with --stacktrace option to get the stack trace.
> Run with --info or --debug option to get more log output.
> Run with --scan to get full insights.
> Get more help at https://help.gradle.org.

Deprecated Gradle features were used in this build, making it incompatible with Gradle 9.0.

You can use '--warning-mode all' to show the individual deprecation warnings and determine if they come from your own scripts or plugins.

For more on this, please refer to https://docs.gradle.org/8.4/userguide/command_line_interface.html#sec:command_line_warnings in the Gradle documentation.

BUILD FAILED in 4m 5s
23 actionable tasks: 23 executed
